[==========] Running 6 tests from 1 test suite.
[----------] Global test environment set-up.
[----------] 6 tests from SecureKeyedJoinTest
[ RUN      ] SecureKeyedJoinTest.test_tpch_q3_customer_orders
Received storage flag of row
Connecting to 129.105.61.184 on ports 43442, 65458 as 2
connected
Connected!
Operator #-1 SecureSqlInput ran for 2405.94 ms,  gate count: 1586588 output cardinality: 979, row width=98
Operator #-1 SecureSqlInput ran for 16.954 ms,  gate count: 17732 output cardinality: 99, row width=15
Operator #-1 KeyedJoin ran for 859.867 ms,  gate count: 3101472 output cardinality: 979, row width=112
[       OK ] SecureKeyedJoinTest.test_tpch_q3_customer_orders (5765 ms)
[ RUN      ] SecureKeyedJoinTest.test_tpch_q3_customer_orders_no_bit_packing
Received storage flag of row
Connecting to 129.105.61.184 on ports 43443, 65458 as 2
connected
Connected!
Operator #-1 SecureSqlInput ran for 840.789 ms,  gate count: 2339868 output cardinality: 979, row width=161
Operator #-1 SecureSqlInput ran for 14.628 ms,  gate count: 30888 output cardinality: 99, row width=33
Operator #-1 KeyedJoin ran for 3400.01 ms,  gate count: 12502808 output cardinality: 979, row width=193
[       OK ] SecureKeyedJoinTest.test_tpch_q3_customer_orders_no_bit_packing (4658 ms)
[ RUN      ] SecureKeyedJoinTest.test_tpch_q3_lineitem_orders
Received storage flag of row
Connecting to 129.105.61.184 on ports 43444, 65458 as 2
connected
Connected!
Operator #-1 SecureSqlInput ran for 2908.94 ms,  gate count: 122376 output cardinality: 979, row width=98
Operator #-1 SecureSqlInput ran for 453.597 ms,  gate count: 122452 output cardinality: 3950, row width=56
Operator #-1 KeyedJoin ran for 130611 ms,  gate count: 479514200 output cardinality: 3950, row width=153
Operator #-1 Sort ran for 3.134 ms,  gate count: 0 output cardinality: 82, row width=232
[       OK ] SecureKeyedJoinTest.test_tpch_q3_lineitem_orders (145849 ms)
[ RUN      ] SecureKeyedJoinTest.test_tpch_q3_lineitem_orders_no_bit_packing
Received storage flag of row
Connecting to 129.105.61.184 on ports 43445, 65458 as 2
connected
Connected!
Operator #-1 SecureSqlInput ran for 222.929 ms,  gate count: 0 output cardinality: 979, row width=161
Operator #-1 SecureSqlInput ran for 69.562 ms,  gate count: 0 output cardinality: 3950, row width=65
Operator #-1 KeyedJoin ran for 270569 ms,  gate count: 993831852 output cardinality: 3950, row width=225
Operator #-1 Sort ran for 6.683 ms,  gate count: 0 output cardinality: 82, row width=232
[       OK ] SecureKeyedJoinTest.test_tpch_q3_lineitem_orders_no_bit_packing (271991 ms)
[ RUN      ] SecureKeyedJoinTest.test_tpch_q3_lineitem_orders_customer
Received storage flag of row
Connecting to 129.105.61.184 on ports 43446, 65458 as 2
connected
Connected!
Operator #-1 SecureSqlInput ran for 652.928 ms,  gate count: 122452 output cardinality: 3950, row width=56
Operator #-1 SecureSqlInput ran for 332.987 ms,  gate count: 122376 output cardinality: 979, row width=98
Operator #-1 SecureSqlInput ran for 10.43 ms,  gate count: 3068 output cardinality: 99, row width=15
Operator #-1 KeyedJoin ran for 1160.64 ms,  gate count: 3101472 output cardinality: 979, row width=112
Operator #-1 KeyedJoin ran for 147959 ms,  gate count: 533652900 output cardinality: 3950, row width=167
Operator #-1 Sort ran for 0.134 ms,  gate count: 0 output cardinality: 8, row width=264
[       OK ] SecureKeyedJoinTest.test_tpch_q3_lineitem_orders_customer (150947 ms)
[ RUN      ] SecureKeyedJoinTest.test_tpch_q3_lineitem_orders_customer_no_bit_packing
Received storage flag of row
Connecting to 129.105.61.184 on ports 43447, 65458 as 2
connected
Connected!
Operator #-1 SecureSqlInput ran for 260.137 ms,  gate count: 0 output cardinality: 3950, row width=65
Operator #-1 SecureSqlInput ran for 39.82 ms,  gate count: 0 output cardinality: 979, row width=161
Operator #-1 SecureSqlInput ran for 11.778 ms,  gate count: 0 output cardinality: 99, row width=33
Operator #-1 KeyedJoin ran for 3415.03 ms,  gate count: 12502812 output cardinality: 979, row width=193
Operator #-1 KeyedJoin ran for 304495 ms,  gate count: 1117577448 output cardinality: 3950, row width=257
Operator #-1 Sort ran for 0.06 ms,  gate count: 0 output cardinality: 8, row width=264
[       OK ] SecureKeyedJoinTest.test_tpch_q3_lineitem_orders_customer_no_bit_packing (308998 ms)
[----------] 6 tests from SecureKeyedJoinTest (888210 ms total)

[----------] Global test environment tear-down
[==========] 6 tests from 1 test suite ran. (888210 ms total)
[  PASSED  ] 6 tests.
