[==========] Running 6 tests from 1 test suite.
[----------] Global test environment set-up.
[----------] 6 tests from SecureKeyedJoinTest
[ RUN      ] SecureKeyedJoinTest.test_tpch_q3_customer_orders
Received storage flag of row
Connecting to 127.0.0.1 on ports 43442, 65458 as 1
connected
Connected!
Operator #-1 SecureSqlInput ran for 719.47 ms,  gate count: 1586588 output cardinality: 979, row width=98
Operator #-1 SecureSqlInput ran for 42.07 ms,  gate count: 17732 output cardinality: 99, row width=15
Operator #-1 KeyedJoin ran for 838.84 ms,  gate count: 3101472 output cardinality: 979, row width=112
[       OK ] SecureKeyedJoinTest.test_tpch_q3_customer_orders (6568 ms)
[ RUN      ] SecureKeyedJoinTest.test_tpch_q3_customer_orders_no_bit_packing
Received storage flag of row
Connecting to 127.0.0.1 on ports 43443, 65458 as 1
connected
Connected!
Operator #-1 SecureSqlInput ran for 673.285 ms,  gate count: 2339868 output cardinality: 979, row width=161
Operator #-1 SecureSqlInput ran for 26.45 ms,  gate count: 30888 output cardinality: 99, row width=33
Operator #-1 KeyedJoin ran for 3385.66 ms,  gate count: 12502808 output cardinality: 979, row width=193
[       OK ] SecureKeyedJoinTest.test_tpch_q3_customer_orders_no_bit_packing (4659 ms)
[ RUN      ] SecureKeyedJoinTest.test_tpch_q3_lineitem_orders
Received storage flag of row
Connecting to 127.0.0.1 on ports 43444, 65458 as 1
connected
Connected!
Operator #-1 SecureSqlInput ran for 304.23 ms,  gate count: 122376 output cardinality: 979, row width=98
Operator #-1 SecureSqlInput ran for 453.599 ms,  gate count: 122452 output cardinality: 3950, row width=56
Operator #-1 KeyedJoin ran for 130585 ms,  gate count: 479514200 output cardinality: 3950, row width=153
Operator #-1 Sort ran for 7.535 ms,  gate count: 0 output cardinality: 82, row width=232
[       OK ] SecureKeyedJoinTest.test_tpch_q3_lineitem_orders (145857 ms)
[ RUN      ] SecureKeyedJoinTest.test_tpch_q3_lineitem_orders_no_bit_packing
Received storage flag of row
Connecting to 127.0.0.1 on ports 43445, 65458 as 1
connected
Connected!
Operator #-1 SecureSqlInput ran for 39.684 ms,  gate count: 0 output cardinality: 979, row width=161
Operator #-1 SecureSqlInput ran for 74.393 ms,  gate count: 0 output cardinality: 3950, row width=65
Operator #-1 KeyedJoin ran for 270527 ms,  gate count: 993831852 output cardinality: 3950, row width=225
Operator #-1 Sort ran for 7.138 ms,  gate count: 0 output cardinality: 82, row width=232
[       OK ] SecureKeyedJoinTest.test_tpch_q3_lineitem_orders_no_bit_packing (271991 ms)
[ RUN      ] SecureKeyedJoinTest.test_tpch_q3_lineitem_orders_customer
Received storage flag of row
Connecting to 127.0.0.1 on ports 43446, 65458 as 1
connected
Connected!
Operator #-1 SecureSqlInput ran for 448.522 ms,  gate count: 122452 output cardinality: 3950, row width=56
Operator #-1 SecureSqlInput ran for 332.983 ms,  gate count: 122376 output cardinality: 979, row width=98
Operator #-1 SecureSqlInput ran for 10.429 ms,  gate count: 3068 output cardinality: 99, row width=15
Operator #-1 KeyedJoin ran for 1137.38 ms,  gate count: 3101472 output cardinality: 979, row width=112
Operator #-1 KeyedJoin ran for 147951 ms,  gate count: 533652900 output cardinality: 3950, row width=167
Operator #-1 Sort ran for 0.144 ms,  gate count: 0 output cardinality: 8, row width=264
[       OK ] SecureKeyedJoinTest.test_tpch_q3_lineitem_orders_customer (150937 ms)
[ RUN      ] SecureKeyedJoinTest.test_tpch_q3_lineitem_orders_customer_no_bit_packing
Received storage flag of row
Connecting to 127.0.0.1 on ports 43447, 65458 as 1
connected
Connected!
Operator #-1 SecureSqlInput ran for 67.538 ms,  gate count: 0 output cardinality: 3950, row width=65
Operator #-1 SecureSqlInput ran for 42.918 ms,  gate count: 0 output cardinality: 979, row width=161
Operator #-1 SecureSqlInput ran for 1.054 ms,  gate count: 0 output cardinality: 99, row width=33
Operator #-1 KeyedJoin ran for 3392.71 ms,  gate count: 12502812 output cardinality: 979, row width=193
Operator #-1 KeyedJoin ran for 304486 ms,  gate count: 1117577448 output cardinality: 3950, row width=257
Operator #-1 Sort ran for 0.139 ms,  gate count: 0 output cardinality: 8, row width=264
[       OK ] SecureKeyedJoinTest.test_tpch_q3_lineitem_orders_customer_no_bit_packing (309000 ms)
[----------] 6 tests from SecureKeyedJoinTest (889016 ms total)

[----------] Global test environment tear-down
[==========] 6 tests from 1 test suite ran. (889016 ms total)
[  PASSED  ] 6 tests.
