[==========] Running 6 tests from 1 test suite.
[----------] Global test environment set-up.
[----------] 6 tests from ZkBaselineTest
[ RUN      ] ZkBaselineTest.tpch_q1_baseline
connected
connected
connected
connected
ZkTest::SetUp() complete
DB name: tpch_empty
Predicted gate count: 2409586528
Observed gate count: 2320547543
Runtime: 337250.596000
[       OK ] ZkBaselineTest.tpch_q1_baseline (341056 ms)
[ RUN      ] ZkBaselineTest.tpch_q3_baseline
connected
connected
connected
connected
ZkTest::SetUp() complete
DB name: tpch_empty
Predicted gate count: 16199293290
Observed gate count: 16609582853
Runtime: 2406315.909000
[       OK ] ZkBaselineTest.tpch_q3_baseline (2408243 ms)
[ RUN      ] ZkBaselineTest.tpch_q5_baseline
connected
connected
connected
connected
ZkTest::SetUp() complete
DB name: tpch_empty
Predicted gate count: 51551303336
Observed gate count: 45465030577
Runtime: 6475299.154000
[       OK ] ZkBaselineTest.tpch_q5_baseline (6477513 ms)
[ RUN      ] ZkBaselineTest.tpch_q8_baseline
connected
connected
connected
connected
ZkTest::SetUp() complete
DB name: tpch_empty
Predicted gate count: 14274862768
Observed gate count: 14146263751
Runtime: 2081616.450000
[       OK ] ZkBaselineTest.tpch_q8_baseline (2084440 ms)
[ RUN      ] ZkBaselineTest.tpch_q9_baseline
connected
connected
connected
connected
ZkTest::SetUp() complete
DB name: tpch_empty
Predicted gate count: 156281259592
Observed gate count: 155900504184
Runtime: 21532412.535000
[       OK ] ZkBaselineTest.tpch_q9_baseline (21535004 ms)
[ RUN      ] ZkBaselineTest.tpch_q18_baseline
connected
connected
connected
connected
ZkTest::SetUp() complete
DB name: tpch_empty
Predicted gate count: 48025277221
Observed gate count: 48438782734
Runtime: 7870438.356000
[       OK ] ZkBaselineTest.tpch_q18_baseline (7873259 ms)
[----------] 6 tests from ZkBaselineTest (40719517 ms total)

[----------] Global test environment tear-down
[==========] 6 tests from 1 test suite ran. (40719517 ms total)
[  PASSED  ] 6 tests.
