Note: Google Test filter = *.test_tpch_q3_customer_orders
[==========] Running 1 test from 1 test suite.
[----------] Global test environment set-up.
[----------] 1 test from OMPCBlockNestedLoopJoinTest
[ RUN      ] OMPCBlockNestedLoopJoinTest.test_tpch_q3_customer_orders
Connecting on ports 54340, 65450 as 1
party 1 connected to TP
GB connected to 2
GB connected to 3
party 1 connected to TP
GB connected to 2
GB connected to 3
initializing cot
setup finished! takes 1956.98ms to finish setup
Memory usage of backend setup: [Linux]Peak resident set size: 1410727936 bytes, current memory size: 1366306816 bytes.
1410727936
EMP mode: outsourced, storage mode: packed wires
Code version: df59803bdf255b7bd8a995b22ee10d7befa5cb5e
GFlags: --flagfile=	--ctrl_port=65450	--cutoff=5	--empty_db=tpch_empty	--filter=*.test_tpch_q3_customer_orders	--input_party=10086	--input_size=s	--page_cnt=50	--party=1	--port=43443	--storage=wire_packed	--unioned_db=tpch_unioned_150	--unpacked_page_size_bits=2048	--validation=false	--wire_path=wires	--log_level=2	--logfile=	

After setup: [Linux]Peak resident set size: 1410727936 bytes, current memory size: 1372467200 bytes.
1410727936
Operator #-1 StoredTableScan ran for 316.506000 ms, gate count: 0 output cardinality: 750, row width=161
Operator #-1 StoredTableScan ran for 0.754000 ms, gate count: 0 output cardinality: 150, row width=33
extension finished! takes 2030.72ms to extend lpn
Operator #-1 BlockNestedLoopJoin ran for 9248.970000 ms, gate count: 7537500 output cardinality: 750, row width=193
querying time: 9.56634s
[Linux]Peak resident set size: 1721614336 bytes, current memory size: 1721614336 bytes.
party 1 send 1536 bytes to party 2
party 1 send 1536 bytes to party 3
party 1 send 8928 bytes to TP 
total AND gate: 7537500
total pack call: 3
total unpack call: 30
total packed wire: 6144
total unpacked wire: 61440
[       OK ] OMPCBlockNestedLoopJoinTest.test_tpch_q3_customer_orders (11690 ms)
[----------] 1 test from OMPCBlockNestedLoopJoinTest (11690 ms total)

[----------] Global test environment tear-down
[==========] 1 test from 1 test suite ran. (11690 ms total)
[  PASSED  ] 1 test.
Buffer pool requests: 1012680 hit rate: 1012650/1012680: 0.99997, pack calls: 0 unpack calls: 30 pinned pages: 0

