Note: Google Test filter = *.test_tpch_q3_customer_orders
[==========] Running 1 test from 1 test suite.
[----------] Global test environment set-up.
[----------] 1 test from OMPCBlockNestedLoopJoinTest
[ RUN      ] OMPCBlockNestedLoopJoinTest.test_tpch_q3_customer_orders
Connecting on ports 6424, 5134 as 10086
TP connected to 1
TP connected to 2
TP connected to 3
TP connected to 1
TP connected to 2
TP connected to 3
initializing cot
setup finished! takes 632.963ms to finish setup
Memory usage of backend setup: [Linux]Peak resident set size: 67895296 bytes, current memory size: 30666752 bytes.
67895296
EMP mode: outsourced, storage mode: column store
Code version: 3004e111012358914487c401197c86a5bc28341a
GFlags: --flagfile=	--ctrl_port=65450	--cutoff=5	--empty_db=tpch_empty	--filter=*.test_tpch_q3_customer_orders	--input_party=10086	--input_size=l	--page_cnt=50	--party=10086	--port=43443	--storage=column	--unioned_db=tpch_unioned_150	--unpacked_page_size_bits=2048	--validation=false	--wire_path=wires	--log_level=2	--logfile=	

After setup: [Linux]Peak resident set size: 67895296 bytes, current memory size: 50589696 bytes.
67895296
Operator #-1 StoredTableScan ran for 25.073000 ms, gate count: 0 output cardinality: 1500, row width=161
Operator #-1 StoredTableScan ran for 0.770000 ms, gate count: 0 output cardinality: 150, row width=33
extension finished! takes 72.04ms to extend lpn
extension finished! takes 69.565ms to extend lpn
extension finished! takes 69.769ms to extend lpn
Operator #-1 BlockNestedLoopJoin ran for 4013.346000 ms, gate count: 15075000 output cardinality: 1500, row width=193
querying time: 4.03969s
[Linux]Peak resident set size: 155668480 bytes, current memory size: 155668480 bytes.
TP send 15595828 bytes to party 1
TP send 15595795 bytes to party 2
TP send 15595795 bytes to party 3
total AND gate: 15075000
total pack call: 0
total unpack call: 0
total packed wire: 0
total unpacked wire: 0
[       OK ] OMPCBlockNestedLoopJoinTest.test_tpch_q3_customer_orders (4712 ms)
[----------] 1 test from OMPCBlockNestedLoopJoinTest (4712 ms total)

[----------] Global test environment tear-down
[==========] 1 test from 1 test suite ran. (4712 ms total)
[  PASSED  ] 1 test.
Buffer pool requests: 2025360 hit rate: 2025306/2025360: 0.999973, pack calls: 0 unpack calls: 0 pinned pages: 0

