Note: Google Test filter = *.test_tpch_q3_customer_orders
[==========] Running 1 test from 1 test suite.
[----------] Global test environment set-up.
[----------] 1 test from OMPCBlockNestedLoopJoinTest
[ RUN      ] OMPCBlockNestedLoopJoinTest.test_tpch_q3_customer_orders
Connecting on ports 6424, 5134 as 1
party 1 connected to TP
GB connected to 2
GB connected to 3
party 1 connected to TP
GB connected to 2
GB connected to 3
initializing cot
setup finished! takes 1223.21ms to finish setup
Memory usage of backend setup: [Linux]Peak resident set size: 1410596864 bytes, current memory size: 1366220800 bytes.
1410596864
EMP mode: outsourced, storage mode: column store
Code version: 3004e111012358914487c401197c86a5bc28341a
GFlags: --flagfile=	--ctrl_port=65450	--cutoff=5	--empty_db=tpch_empty	--filter=*.test_tpch_q3_customer_orders	--input_party=10086	--input_size=s	--page_cnt=50	--party=1	--port=43443	--storage=column	--unioned_db=tpch_unioned_150	--unpacked_page_size_bits=2048	--validation=false	--wire_path=wires	--log_level=2	--logfile=	

After setup: [Linux]Peak resident set size: 1410596864 bytes, current memory size: 1372381184 bytes.
1410596864
Operator #-1 StoredTableScan ran for 71.256000 ms, gate count: 0 output cardinality: 750, row width=161
Operator #-1 StoredTableScan ran for 3.055000 ms, gate count: 0 output cardinality: 150, row width=33
extension finished! takes 958.703ms to extend lpn
Operator #-1 BlockNestedLoopJoin ran for 5957.620000 ms, gate count: 7537500 output cardinality: 750, row width=193
querying time: 6.03458s
[Linux]Peak resident set size: 1744879616 bytes, current memory size: 1744879616 bytes.
party 1 send 37545 bytes to party 2
party 1 send 37545 bytes to party 3
party 1 send 0 bytes to TP 
total AND gate: 7537500
total pack call: 0
total unpack call: 0
total packed wire: 0
total unpacked wire: 0
[       OK ] OMPCBlockNestedLoopJoinTest.test_tpch_q3_customer_orders (12381 ms)
[----------] 1 test from OMPCBlockNestedLoopJoinTest (12381 ms total)

[----------] Global test environment tear-down
[==========] 1 test from 1 test suite ran. (12381 ms total)
[  PASSED  ] 1 test.
Buffer pool requests: 1012680 hit rate: 1012650/1012680: 0.99997, pack calls: 0 unpack calls: 0 pinned pages: 0

