Note: Google Test filter = *.test_tpch_q3_customer_orders
[==========] Running 1 test from 1 test suite.
[----------] Global test environment set-up.
[----------] 1 test from OMPCBlockNestedLoopJoinTest
[ RUN      ] OMPCBlockNestedLoopJoinTest.test_tpch_q3_customer_orders
Connecting on ports 6424, 5134 as 2
party 2 connected to TP
party 2 connected to GB
party 2 connected to TP
party 2 connected to GB
initializing cot
setup finished! takes 1210.06ms to finish setup
Memory usage of backend setup: [Linux]Peak resident set size: 1408237568 bytes, current memory size: 1363881984 bytes.
1408237568
EMP mode: outsourced, storage mode: column store
Code version: 3004e111012358914487c401197c86a5bc28341a
GFlags: --flagfile=	--ctrl_port=65450	--cutoff=5	--empty_db=tpch_empty	--filter=*.test_tpch_q3_customer_orders	--input_party=10086	--input_size=s	--page_cnt=50	--party=2	--port=43443	--storage=column	--unioned_db=tpch_unioned_150	--unpacked_page_size_bits=2048	--validation=false	--wire_path=wires	--log_level=2	--logfile=	

After setup: [Linux]Peak resident set size: 1408237568 bytes, current memory size: 1370173440 bytes.
1408237568
Operator #-1 StoredTableScan ran for 61.584000 ms, gate count: 0 output cardinality: 750, row width=161
Operator #-1 StoredTableScan ran for 3.114000 ms, gate count: 0 output cardinality: 150, row width=33
extension finished! takes 964.655ms to extend lpn
Operator #-1 BlockNestedLoopJoin ran for 5928.889000 ms, gate count: 7537500 output cardinality: 750, row width=193
querying time: 5.99702s
[Linux]Peak resident set size: 1742475264 bytes, current memory size: 1742475264 bytes.
party 2 send 1452002400 bytes to party 1
party 2 send 0 bytes to TP 
total AND gate: 7537500
total pack call: 0
total unpack call: 0
total packed wire: 0
total unpacked wire: 0
[       OK ] OMPCBlockNestedLoopJoinTest.test_tpch_q3_customer_orders (10740 ms)
[----------] 1 test from OMPCBlockNestedLoopJoinTest (10740 ms total)

[----------] Global test environment tear-down
[==========] 1 test from 1 test suite ran. (10740 ms total)
[  PASSED  ] 1 test.
Buffer pool requests: 1012680 hit rate: 1012650/1012680: 0.99997, pack calls: 0 unpack calls: 0 pinned pages: 0

