[==========] Running 6 tests from 1 test suite.
[----------] Global test environment set-up.
[----------] 6 tests from CostOptimizedTest
[ RUN      ] CostOptimizedTest.cost_optimized_tpch_q1
Connecting to 126.137.1.10 on ports 7654, 65482 as 2
connected
EMP mode: sh2pc, storage mode: column store
Code version: aaab8b1c36f961a50172caf92085acacb0670290
GFlags: --flagfile=	--alice_db=tpch_alice_3000	--alice_host=126.137.1.10	--bob_db=tpch_bob_3000	--ctrl_port=65483	--cutoff=100	--filter=*	--party=2	--port=7655	--storage=column	--unioned_db=tpch_unioned_3000	--validation=true	--log_level=2	--logfile=	

[Linux]Peak resident set size: 16646144 bytes, current memory size: 16646144 bytes.
Original Tree : 
#4: Sort<Bit> ({<0, ASC> , <1, ASC> }) : (#0 shared-varchar(1) l_returnflag, #1 shared-varchar(1) l_linestatus, #2 shared-float sum_qty, #3 shared-float sum_base_price, #4 shared-float sum_disc_price, #5 shared-float sum_charge, #6 shared-float avg_qty, #7 shared-float avg_price, #8 shared-float avg_disc, #9 shared-int64 count_order) order by: {<0, ASC> , <1, ASC> }, cost est: 4545, output card: 6
    #3: Project<Bit> ((<0, P$0(8) shared-varchar>, <1, P$1(8) shared-varchar>, <2, $2 + $15 shared-float>, <3, $3 + $16 shared-float>, <4, $4 + $17 shared-float>, <5, $5 + $18 shared-float>, <6, ($6 + $19) / ($7 + $20) shared-float>, <7, ($8 + $21) / ($9 + $22) shared-float>, <8, ($10 + $23) / ($11 + $24) shared-float>, <9, $12 + $25 shared-int64>)) : (#0 shared-varchar(1) l_returnflag, #1 shared-varchar(1) l_linestatus, #2 shared-float sum_qty, #3 shared-float sum_base_price, #4 shared-float sum_disc_price, #5 shared-float sum_charge, #6 shared-float avg_qty, #7 shared-float avg_price, #8 shared-float avg_disc, #9 shared-int64 count_order) order by: {<0, ASC> , <1, ASC> }, cost est: 163596, output card: 6
        #2: MergeJoin<Bit> (no-op) : (#0 shared-varchar(1) l_returnflag, #1 shared-varchar(1) l_linestatus, #2 shared-float sum_qty, #3 shared-float sum_base_price, #4 shared-float sum_disc_price, #5 shared-float sum_charge, #6 shared-float avg_qty_sum, #7 shared-float avg_qty_cnt, #8 shared-float avg_price_sum, #9 shared-float avg_price_cnt, #10 shared-float avg_discount_sum, #11 shared-float avg_discount_cnt, #12 shared-int64 cnt, #13 shared-varchar(1) l_returnflag, #14 shared-varchar(1) l_linestatus, #15 shared-float sum_qty, #16 shared-float sum_base_price, #17 shared-float sum_disc_price, #18 shared-float sum_charge, #19 shared-float avg_qty_sum, #20 shared-float avg_qty_cnt, #21 shared-float avg_price_sum, #22 shared-float avg_price_cnt, #23 shared-float avg_discount_sum, #24 shared-float avg_discount_cnt, #25 shared-int64 cnt) order by: {<0, ASC> , <1, ASC> }, cost est: 18, output card: 6
            #0: SecureSqlInput<Bit> ("WITH output_domain AS (
    SELECT  *
    FROM (VALUES('R'::char(1), 'F'::char(1)), ('A', 'F'), ('N', 'F'), ('R', 'O'), ('A', 'O'), ('N', 'O')) AS li(l_returnflag, l_linestatus)
    ORDER BY l_returnflag, l_linestatus),
     partial_aggs AS (
         SELECT l_returnflag, l_linestatus, SUM(l_quantity) sum_qty, SUM(l_extendedprice) sum_base_price,
                SUM(l_extendedprice*(1-l_discount)) sum_disc_price, SUM(l_extendedprice*(1-l_discount)*(1+l_tax)) sum_charge,
                SUM(l_quantity) avg_qty_sum, COUNT(l_quantity)::FLOAT4 avg_qty_cnt,
                 SUM(l_extendedprice) avg_price_sum, COUNT(l_extendedprice)::FLOAT4 avg_price_cnt,
                 SUM(l_discount) avg_discount_sum, COUNT(l_discount)::FLOAT4 avg_discount_cnt, COUNT(*) cnt
         FROM lineitem
         WHERE l_shipdate  <= date '1998-08-03'
         GROUP BY l_returnflag, l_linestatus
         ORDER BY l_returnflag, l_linestatus)
SELECT o.l_returnflag, o.l_linestatus, COALESCE(sum_qty, 0) sum_qty, COALESCE(sum_base_price, 0) sum_base_price, COALESCE(sum_disc_price, 0) sum_disc_price, COALESCE(sum_charge, 0) sum_charge, COALESCE(avg_qty_sum, 0) avg_qty_sum, COALESCE(avg_qty_cnt, 0) avg_qty_cnt,  COALESCE(avg_price_sum, 0) avg_price_sum, COALESCE(avg_price_cnt, 0) avg_price_cnt,  COALESCE(avg_discount_sum, 0) avg_discount_sum, COALESCE(avg_discount_cnt, 0) avg_discount_cnt,  COALESCE(cnt, 0)::BIGINT cnt, CASE WHEN p.l_returnflag IS NULL THEN true ELSE false END AS dummy_tag
FROM output_domain o LEFT JOIN partial_aggs p ON o.l_returnflag = p.l_returnflag AND o.l_linestatus = p.l_linestatus
ORDER BY o.l_returnflag, o.l_linestatus", tuple_count=6) : (#0 shared-varchar(1) l_returnflag, #1 shared-varchar(1) l_linestatus, #2 shared-float sum_qty, #3 shared-float sum_base_price, #4 shared-float sum_disc_price, #5 shared-float sum_charge, #6 shared-float avg_qty_sum, #7 shared-float avg_qty_cnt, #8 shared-float avg_price_sum, #9 shared-float avg_price_cnt, #10 shared-float avg_discount_sum, #11 shared-float avg_discount_cnt, #12 shared-int64 cnt) order by: {<0, ASC> , <1, ASC> }, cost est: 0, output card: 6
            #1: SecureSqlInput<Bit> ("WITH output_domain AS (
    SELECT  *
    FROM (VALUES('R'::char(1), 'F'::char(1)), ('A', 'F'), ('N', 'F'), ('R', 'O'), ('A', 'O'), ('N', 'O')) AS li(l_returnflag, l_linestatus)
    ORDER BY l_returnflag, l_linestatus),
     partial_aggs AS (
         SELECT l_returnflag, l_linestatus, SUM(l_quantity) sum_qty, SUM(l_extendedprice) sum_base_price,
                SUM(l_extendedprice*(1-l_discount)) sum_disc_price, SUM(l_extendedprice*(1-l_discount)*(1+l_tax)) sum_charge,
                SUM(l_quantity) avg_qty_sum, COUNT(l_quantity)::FLOAT4 avg_qty_cnt,
                 SUM(l_extendedprice) avg_price_sum, COUNT(l_extendedprice)::FLOAT4 avg_price_cnt,
                 SUM(l_discount) avg_discount_sum, COUNT(l_discount)::FLOAT4 avg_discount_cnt, COUNT(*) cnt
         FROM lineitem
         WHERE l_shipdate  <= date '1998-08-03'
         GROUP BY l_returnflag, l_linestatus
         ORDER BY l_returnflag, l_linestatus)
SELECT o.l_returnflag, o.l_linestatus, COALESCE(sum_qty, 0) sum_qty, COALESCE(sum_base_price, 0) sum_base_price, COALESCE(sum_disc_price, 0) sum_disc_price, COALESCE(sum_charge, 0) sum_charge, COALESCE(avg_qty_sum, 0) avg_qty_sum, COALESCE(avg_qty_cnt, 0) avg_qty_cnt,  COALESCE(avg_price_sum, 0) avg_price_sum, COALESCE(avg_price_cnt, 0) avg_price_cnt,  COALESCE(avg_discount_sum, 0) avg_discount_sum, COALESCE(avg_discount_cnt, 0) avg_discount_cnt,  COALESCE(cnt, 0)::BIGINT cnt, CASE WHEN p.l_returnflag IS NULL THEN true ELSE false END AS dummy_tag
FROM output_domain o LEFT JOIN partial_aggs p ON o.l_returnflag = p.l_returnflag AND o.l_linestatus = p.l_linestatus
ORDER BY o.l_returnflag, o.l_linestatus", tuple_count=6) : (#0 shared-varchar(1) l_returnflag, #1 shared-varchar(1) l_linestatus, #2 shared-float sum_qty, #3 shared-float sum_base_price, #4 shared-float sum_disc_price, #5 shared-float sum_charge, #6 shared-float avg_qty_sum, #7 shared-float avg_qty_cnt, #8 shared-float avg_price_sum, #9 shared-float avg_price_cnt, #10 shared-float avg_discount_sum, #11 shared-float avg_discount_cnt, #12 shared-int64 cnt) order by: {<0, ASC> , <1, ASC> }, cost est: 0, output card: 6

Total Plans : 1
Cost Optimized Plan : 
#3: Project<Bit> ((<0, P$0(8) shared-varchar>, <1, P$1(8) shared-varchar>, <2, $2 + $15 shared-float>, <3, $3 + $16 shared-float>, <4, $4 + $17 shared-float>, <5, $5 + $18 shared-float>, <6, ($6 + $19) / ($7 + $20) shared-float>, <7, ($8 + $21) / ($9 + $22) shared-float>, <8, ($10 + $23) / ($11 + $24) shared-float>, <9, $12 + $25 shared-int64>)) : (#0 shared-varchar(1) l_returnflag, #1 shared-varchar(1) l_linestatus, #2 shared-float anonymous, #3 shared-float anonymous, #4 shared-float anonymous, #5 shared-float anonymous, #6 shared-float anonymous, #7 shared-float anonymous, #8 shared-float anonymous, #9 shared-int64 anonymous) order by: {<0, ASC> , <1, ASC> }, cost est: 163596, output card: 6
    #2: MergeJoin<Bit> (no-op) : (#0 shared-varchar(1) l_returnflag, #1 shared-varchar(1) l_linestatus, #2 shared-float sum_qty, #3 shared-float sum_base_price, #4 shared-float sum_disc_price, #5 shared-float sum_charge, #6 shared-float avg_qty_sum, #7 shared-float avg_qty_cnt, #8 shared-float avg_price_sum, #9 shared-float avg_price_cnt, #10 shared-float avg_discount_sum, #11 shared-float avg_discount_cnt, #12 shared-int64 cnt, #13 shared-varchar(1) l_returnflag, #14 shared-varchar(1) l_linestatus, #15 shared-float sum_qty, #16 shared-float sum_base_price, #17 shared-float sum_disc_price, #18 shared-float sum_charge, #19 shared-float avg_qty_sum, #20 shared-float avg_qty_cnt, #21 shared-float avg_price_sum, #22 shared-float avg_price_cnt, #23 shared-float avg_discount_sum, #24 shared-float avg_discount_cnt, #25 shared-int64 cnt) order by: {<0, ASC> , <1, ASC> }, cost est: 18, output card: 6
        #0: SecureSqlInput<Bit> ("WITH output_domain AS (
    SELECT  *
    FROM (VALUES('R'::char(1), 'F'::char(1)), ('A', 'F'), ('N', 'F'), ('R', 'O'), ('A', 'O'), ('N', 'O')) AS li(l_returnflag, l_linestatus)
    ORDER BY l_returnflag, l_linestatus),
     partial_aggs AS (
         SELECT l_returnflag, l_linestatus, SUM(l_quantity) sum_qty, SUM(l_extendedprice) sum_base_price,
                SUM(l_extendedprice*(1-l_discount)) sum_disc_price, SUM(l_extendedprice*(1-l_discount)*(1+l_tax)) sum_charge,
                SUM(l_quantity) avg_qty_sum, COUNT(l_quantity)::FLOAT4 avg_qty_cnt,
                 SUM(l_extendedprice) avg_price_sum, COUNT(l_extendedprice)::FLOAT4 avg_price_cnt,
                 SUM(l_discount) avg_discount_sum, COUNT(l_discount)::FLOAT4 avg_discount_cnt, COUNT(*) cnt
         FROM lineitem
         WHERE l_shipdate  <= date '1998-08-03'
         GROUP BY l_returnflag, l_linestatus
         ORDER BY l_returnflag, l_linestatus)
SELECT o.l_returnflag, o.l_linestatus, COALESCE(sum_qty, 0) sum_qty, COALESCE(sum_base_price, 0) sum_base_price, COALESCE(sum_disc_price, 0) sum_disc_price, COALESCE(sum_charge, 0) sum_charge, COALESCE(avg_qty_sum, 0) avg_qty_sum, COALESCE(avg_qty_cnt, 0) avg_qty_cnt,  COALESCE(avg_price_sum, 0) avg_price_sum, COALESCE(avg_price_cnt, 0) avg_price_cnt,  COALESCE(avg_discount_sum, 0) avg_discount_sum, COALESCE(avg_discount_cnt, 0) avg_discount_cnt,  COALESCE(cnt, 0)::BIGINT cnt, CASE WHEN p.l_returnflag IS NULL THEN true ELSE false END AS dummy_tag
FROM output_domain o LEFT JOIN partial_aggs p ON o.l_returnflag = p.l_returnflag AND o.l_linestatus = p.l_linestatus
ORDER BY o.l_returnflag, o.l_linestatus", tuple_count=6) : (#0 shared-varchar(1) l_returnflag, #1 shared-varchar(1) l_linestatus, #2 shared-float sum_qty, #3 shared-float sum_base_price, #4 shared-float sum_disc_price, #5 shared-float sum_charge, #6 shared-float avg_qty_sum, #7 shared-float avg_qty_cnt, #8 shared-float avg_price_sum, #9 shared-float avg_price_cnt, #10 shared-float avg_discount_sum, #11 shared-float avg_discount_cnt, #12 shared-int64 cnt) order by: {<0, ASC> , <1, ASC> }, cost est: 0, output card: 6
        #1: SecureSqlInput<Bit> ("WITH output_domain AS (
    SELECT  *
    FROM (VALUES('R'::char(1), 'F'::char(1)), ('A', 'F'), ('N', 'F'), ('R', 'O'), ('A', 'O'), ('N', 'O')) AS li(l_returnflag, l_linestatus)
    ORDER BY l_returnflag, l_linestatus),
     partial_aggs AS (
         SELECT l_returnflag, l_linestatus, SUM(l_quantity) sum_qty, SUM(l_extendedprice) sum_base_price,
                SUM(l_extendedprice*(1-l_discount)) sum_disc_price, SUM(l_extendedprice*(1-l_discount)*(1+l_tax)) sum_charge,
                SUM(l_quantity) avg_qty_sum, COUNT(l_quantity)::FLOAT4 avg_qty_cnt,
                 SUM(l_extendedprice) avg_price_sum, COUNT(l_extendedprice)::FLOAT4 avg_price_cnt,
                 SUM(l_discount) avg_discount_sum, COUNT(l_discount)::FLOAT4 avg_discount_cnt, COUNT(*) cnt
         FROM lineitem
         WHERE l_shipdate  <= date '1998-08-03'
         GROUP BY l_returnflag, l_linestatus
         ORDER BY l_returnflag, l_linestatus)
SELECT o.l_returnflag, o.l_linestatus, COALESCE(sum_qty, 0) sum_qty, COALESCE(sum_base_price, 0) sum_base_price, COALESCE(sum_disc_price, 0) sum_disc_price, COALESCE(sum_charge, 0) sum_charge, COALESCE(avg_qty_sum, 0) avg_qty_sum, COALESCE(avg_qty_cnt, 0) avg_qty_cnt,  COALESCE(avg_price_sum, 0) avg_price_sum, COALESCE(avg_price_cnt, 0) avg_price_cnt,  COALESCE(avg_discount_sum, 0) avg_discount_sum, COALESCE(avg_discount_cnt, 0) avg_discount_cnt,  COALESCE(cnt, 0)::BIGINT cnt, CASE WHEN p.l_returnflag IS NULL THEN true ELSE false END AS dummy_tag
FROM output_domain o LEFT JOIN partial_aggs p ON o.l_returnflag = p.l_returnflag AND o.l_linestatus = p.l_linestatus
ORDER BY o.l_returnflag, o.l_linestatus", tuple_count=6) : (#0 shared-varchar(1) l_returnflag, #1 shared-varchar(1) l_linestatus, #2 shared-float sum_qty, #3 shared-float sum_base_price, #4 shared-float sum_disc_price, #5 shared-float sum_charge, #6 shared-float avg_qty_sum, #7 shared-float avg_qty_cnt, #8 shared-float avg_price_sum, #9 shared-float avg_price_cnt, #10 shared-float avg_discount_sum, #11 shared-float avg_discount_cnt, #12 shared-int64 cnt) order by: {<0, ASC> , <1, ASC> }, cost est: 0, output card: 6

Cost Optimization Time : 0.000342 sec
Operator #0 SecureSqlInput ran for 0.225000 ms, gate count: 0 output cardinality: 6, row width=401
Operator #1 SecureSqlInput ran for 0.199000 ms, gate count: 0 output cardinality: 6, row width=401
Operator #2 MergeJoin ran for 3.950000 ms, gate count: 12 output cardinality: 6, row width=801
Operator #3 Project ran for 8.967000 ms, gate count: 128100 output cardinality: 6, row width=305
Runtime: 0.377776 sec, CPU Time: 0.011653 sec, CPU clock ticks: 11653, CPU clock ticks per second: 1000000
End-to-end estimated gates: 163614. observed gates: 128112 gates, relative error (%)=27.7117
[Linux]Peak resident set size: 18219008 bytes, current memory size: 18219008 bytes.
Initial Memory: 16646144 bytes, Peak Memory After Execution: 18219008 bytes, Memory Usage: 1572864 bytes
Bandwidth: 6665.33 Bps
[       OK ] CostOptimizedTest.cost_optimized_tpch_q1 (3905 ms)
[ RUN      ] CostOptimizedTest.cost_optimized_tpch_q3
Connecting to 126.137.1.10 on ports 7655, 65483 as 2
connected
EMP mode: sh2pc, storage mode: column store
Code version: aaab8b1c36f961a50172caf92085acacb0670290
GFlags: --flagfile=	--alice_db=tpch_alice_3000	--alice_host=126.137.1.10	--bob_db=tpch_bob_3000	--ctrl_port=65484	--cutoff=100	--filter=*	--party=2	--port=7656	--storage=column	--unioned_db=tpch_unioned_3000	--validation=true	--log_level=2	--logfile=	

[Linux]Peak resident set size: 18219008 bytes, current memory size: 18124800 bytes.
Operator (2). smj cost : 800106756, nlj cost : 2880000000, join type : keyed-sort-merge-join
Operator (5). smj cost : 4754538356, nlj cost : 374396880000, join type : keyed-sort-merge-join
Operator (7). sma cost : 149998750, nla cost : 9257244855650, agg type : sort-merge-aggregate
Original Tree : 
#9: Project<Bit> ((<0, P$0(20) shared-int32>, <1, P$3(32) shared-float>, <2, P$1(28) shared-int64>, <3, P$2(32) shared-int32>)) : (#0 shared-int32(20) orders.o_orderkey, #1 shared-float revenue, #2 shared-int64(28) orders.o_orderdate, #3 shared-int32 orders.o_shippriority) order by: {<-1, ASC> , <1, DESC> , <2, ASC> }, cost est: 0, output card: 10
    #8: Sort<Bit> ({<-1, ASC> , <3, DESC> , <1, ASC> }) : (#0 shared-int32(20) orders.o_orderkey, #1 shared-int64(28) orders.o_orderdate, #2 shared-int32 orders.o_shippriority, #3 shared-float revenue) order by: {<-1, ASC> , <3, DESC> , <1, ASC> }, cost est: 6568, output card: 10
        #7: SortMergeAggregate<Bit> (group-by: (0, 1, 2) aggs: (SUM($3) revenue)) : (#0 shared-int32(20) orders.o_orderkey, #1 shared-int64(28) orders.o_orderdate, #2 shared-int32 orders.o_shippriority, #3 shared-float revenue) order by: {<0, ASC> }, cost est: 149998750, output card: 60175
            #-1: Sort<Bit> ({<0, ASC> , <1, ASC> , <2, ASC> }) : (#0 shared-int32(20) orders.o_orderkey, #1 shared-int64(28) orders.o_orderdate, #2 shared-int32 orders.o_shippriority, #3 shared-float revenue) order by: {<0, ASC> , <1, ASC> , <2, ASC> }, cost est: 1827435008, output card: 119999
                #6: Project<Bit> ((<0, P$0(20) shared-int32>, <1, P$1(28) shared-int64>, <2, P$2(32) shared-int32>, <3, P$4(32) shared-float>)) : (#0 shared-int32(20) orders.o_orderkey, #1 shared-int64(28) orders.o_orderdate, #2 shared-int32 orders.o_shippriority, #3 shared-float revenue) order by: {<-1, ASC> , <0, ASC> }, cost est: 0, output card: 119999
                    #5: SortMergeJoin<Bit> (P$0(20) == P$3(20)) : (#0 shared-int32(20) orders.o_orderkey, #1 shared-int64(28) orders.o_orderdate, #2 shared-int32 orders.o_shippriority, #3 shared-int32(20) lineitem.l_orderkey, #4 shared-float revenue) order by: {<-1, ASC> , <0, ASC> , <3, ASC> }, cost est: 4754538356, output card: 119999
                        #3: Project<Bit> ((<0, P$0(20) shared-int32>, <1, P$2(28) shared-int64>, <2, P$3(32) shared-int32>)) : (#0 shared-int32(20) orders.o_orderkey, #1 shared-int64(28) orders.o_orderdate, #2 shared-int32 orders.o_shippriority) order by: {<-1, ASC> }, cost est: 0, output card: 30000
                            #2: SortMergeJoin<Bit> (P$1(14) == P$4(14)) : (#0 shared-int32(20) orders.o_orderkey, #1 shared-int32(14) orders.o_custkey, #2 shared-int64(28) orders.o_orderdate, #3 shared-int32 orders.o_shippriority, #4 shared-int32(14) customer.c_custkey) order by: {<-1, ASC> , <1, ASC> , <4, ASC> }, cost est: 800106756, output card: 30000
                                #0: SecureSqlInput<Bit> ("SELECT o_orderkey, o_custkey, o_orderdate, o_shippriority, NOT o_orderdate < DATE '1995-03-25' AS dummy_tag FROM orders ORDER BY o_orderkey, o_orderdate, o_shippriority", tuple_count=30000) : (#0 shared-int32(20) orders.o_orderkey, #1 shared-int32(14) orders.o_custkey, #2 shared-int64(28) orders.o_orderdate, #3 shared-int32 orders.o_shippriority) order by: {<0, ASC> }, cost est: 26324620, output card: 30000
                                #1: SecureSqlInput<Bit> ("SELECT c_custkey, NOT c_mktsegment = 'HOUSEHOLD' AS dummy_tag FROM customer ORDER BY c_custkey", tuple_count=3000) : (#0 shared-int32(14) customer.c_custkey) order by: {<0, ASC> }, cost est: 554432, output card: 3000
                        #4: SecureSqlInput<Bit> ("SELECT l_orderkey, l_extendedprice * (1 - l_discount) AS revenue, NOT l_shipdate > DATE '1995-03-25' AS dummy_tag FROM lineitem ORDER BY l_orderkey", tuple_count=119999) : (#0 shared-int32(20) lineitem.l_orderkey, #1 shared-float revenue) order by: {<0, ASC> }, cost est: 76938676, output card: 119999

Total Plans : 96
Cost Optimized Plan : 
#9: Project<Bit> ((<0, P$0(20) shared-int32>, <1, P$3(32) shared-float>, <2, P$1(28) shared-int64>, <3, P$2(32) shared-int32>)) : (#0 shared-int32(20) orders.o_orderkey, #1 shared-float revenue, #2 shared-int64(28) orders.o_orderdate, #3 shared-int32 orders.o_shippriority) order by: {<-1, ASC> , <1, DESC> , <2, ASC> }, cost est: 0, output card: 10
    #8: Sort<Bit> ({<-1, ASC> , <3, DESC> , <1, ASC> }) : (#0 shared-int32(20) orders.o_orderkey, #1 shared-int64(28) orders.o_orderdate, #2 shared-int32 orders.o_shippriority, #3 shared-float revenue) order by: {<-1, ASC> , <3, DESC> , <1, ASC> }, cost est: 6568, output card: 10
        #7: SortMergeAggregate<Bit> (group-by: (0, 1, 2) aggs: (SUM($3) revenue)) : (#0 shared-int32(20) orders.o_orderkey, #1 shared-int64(28) orders.o_orderdate, #2 shared-int32 orders.o_shippriority, #3 shared-float revenue) order by: {<0, ASC> }, cost est: 149998750, output card: 60175
            #-1: Sort<Bit> ({<0, ASC> }) : (#0 shared-int32(20) orders.o_orderkey, #1 shared-int64(28) orders.o_orderdate, #2 shared-int32 orders.o_shippriority, #3 shared-float revenue) order by: {<0, ASC> }, cost est: 1230352256, output card: 119999
                #6: Project<Bit> ((<0, P$0(20) shared-int32>, <1, P$1(28) shared-int64>, <2, P$2(32) shared-int32>, <3, P$4(32) shared-float>)) : (#0 shared-int32(20) orders.o_orderkey, #1 shared-int64(28) orders.o_orderdate, #2 shared-int32 orders.o_shippriority, #3 shared-float revenue) order by: {<-1, ASC> , <0, ASC> }, cost est: 0, output card: 119999
                    #5: SortMergeJoin<Bit> (P$0(20) == P$3(20)) : (#0 shared-int32(20) orders.o_orderkey, #1 shared-int64(28) orders.o_orderdate, #2 shared-int32 orders.o_shippriority, #3 shared-int32(20) lineitem.l_orderkey, #4 shared-float revenue) order by: {<-1, ASC> , <0, ASC> , <3, ASC> }, cost est: 3428383988, output card: 119999
                        #-1: Sort<Bit> ({<0, ASC> }) : (#0 shared-int32(20) orders.o_orderkey, #1 shared-int64(28) orders.o_orderdate, #2 shared-int32 orders.o_shippriority) order by: {<0, ASC> }, cost est: 184133920, output card: 30000
                            #3: Project<Bit> ((<0, P$0(20) shared-int32>, <1, P$2(28) shared-int64>, <2, P$3(32) shared-int32>)) : (#0 shared-int32(20) orders.o_orderkey, #1 shared-int64(28) orders.o_orderdate, #2 shared-int32 orders.o_shippriority) order by: {<-1, ASC> }, cost est: 0, output card: 30000
                                #2: SortMergeJoin<Bit> (P$1(14) == P$4(14)) : (#0 shared-int32(20) orders.o_orderkey, #1 shared-int32(14) orders.o_custkey, #2 shared-int64(28) orders.o_orderdate, #3 shared-int32 orders.o_shippriority, #4 shared-int32(14) customer.c_custkey) order by: {<-1, ASC> , <1, ASC> , <4, ASC> }, cost est: 569360274, output card: 30000
                                    #0: SecureSqlInput<Bit> ("SELECT * FROM (SELECT o_orderkey, o_custkey, o_orderdate, o_shippriority, NOT o_orderdate < DATE '1995-03-25' AS dummy_tag FROM orders ORDER BY o_orderkey, o_orderdate, o_shippriority) to_sort ORDER BY (2)  ASC ", tuple_count=30000) : (#0 shared-int32(20) orders.o_orderkey, #1 shared-int32(14) orders.o_custkey, #2 shared-int64(28) orders.o_orderdate, #3 shared-int32 orders.o_shippriority) order by: {<1, ASC> }, cost est: 24986080, output card: 30000
                                    #1: SecureSqlInput<Bit> ("SELECT c_custkey, NOT c_mktsegment = 'HOUSEHOLD' AS dummy_tag FROM customer ORDER BY c_custkey", tuple_count=3000) : (#0 shared-int32(14) customer.c_custkey) order by: {<0, ASC> }, cost est: 554432, output card: 3000
                        #4: SecureSqlInput<Bit> ("SELECT l_orderkey, l_extendedprice * (1 - l_discount) AS revenue, NOT l_shipdate > DATE '1995-03-25' AS dummy_tag FROM lineitem ORDER BY l_orderkey", tuple_count=119999) : (#0 shared-int32(20) lineitem.l_orderkey, #1 shared-float revenue) order by: {<0, ASC> }, cost est: 76938676, output card: 119999

Cost Optimization Time : 0.067677 sec
Operator #0 SecureSqlInput ran for 2308.197000 ms, gate count: 24145440 output cardinality: 30000, row width=95
Operator #1 SecureSqlInput ran for 64.083000 ms, gate count: 504840 output cardinality: 3000, row width=15
Operator #2 SortMergeJoin ran for 55575.964000 ms, gate count: 718851384 output cardinality: 30000, row width=109
Operator #3 Project ran for 10.563000 ms, gate count: 0 output cardinality: 30000, row width=81
Operator #-1 Sort ran for 13966.670000 ms, gate count: 176158080 output cardinality: 30000, row width=81
Operator #4 SecureSqlInput ran for 7769.232000 ms, gate count: 73852296 output cardinality: 119999, row width=53
Operator #5 SortMergeJoin ran for 296791.682000 ms, gate count: 4590216204 output cardinality: 119999, row width=133
Operator #6 Project ran for 207.504000 ms, gate count: 0 output cardinality: 119999, row width=113
Operator #-1 Sort ran for 91352.888000 ms, gate count: 1185108192 output cardinality: 119999, row width=113
Operator #7 SortMergeAggregate ran for 11250.508000 ms, gate count: 146517592 output cardinality: 119999, row width=113
Operator #8 Sort ran for 131375.050000 ms, gate count: 1571679888 output cardinality: 10, row width=113
Operator #9 Project ran for 0.031000 ms, gate count: 0 output cardinality: 10, row width=113
Runtime: 611.223 sec, CPU Time: 493.645 sec, CPU clock ticks: 4.93645e+08, CPU clock ticks per second: 1000000
End-to-end estimated gates: 5.66471e+09. observed gates: 7493521876 gates, relative error (%)=24.4052
[Linux]Peak resident set size: 1669636096 bytes, current memory size: 100290560 bytes.
Initial Memory: 18219008 bytes, Peak Memory After Execution: 1669636096 bytes, Memory Usage: 1651417088 bytes
Bandwidth: 131263 Bps
[       OK ] CostOptimizedTest.cost_optimized_tpch_q3 (611328 ms)
[ RUN      ] CostOptimizedTest.cost_optimized_tpch_q5
Connecting to 126.137.1.10 on ports 7656, 65484 as 2
connected
EMP mode: sh2pc, storage mode: column store
Code version: aaab8b1c36f961a50172caf92085acacb0670290
GFlags: --flagfile=	--alice_db=tpch_alice_3000	--alice_host=126.137.1.10	--bob_db=tpch_bob_3000	--ctrl_port=65485	--cutoff=100	--filter=*	--party=2	--port=7657	--storage=column	--unioned_db=tpch_unioned_3000	--validation=true	--log_level=2	--logfile=	

[Linux]Peak resident set size: 1669636096 bytes, current memory size: 100290560 bytes.
Operator (2). smj cost : 1854971528, nlj cost : 163558637, join type : nested-loop-join
Operator (6). smj cost : 863973706, nlj cost : 3967380000, join type : keyed-sort-merge-join
Operator (8). smj cost : 9449497842, nlj cost : 964791960000, join type : keyed-sort-merge-join
Operator (10). sma cost : 178318514, nla cost : 910792410, agg type : sort-merge-aggregate
Original Tree : 
#11: Sort<Bit> ({<1, DESC> }) : (#0 shared-varchar(25) nation.n_name, #1 shared-float revenue) order by: {<1, DESC> }, cost est: 2583, output card: 5
    #10: SortMergeAggregate<Bit> (group-by: (0) aggs: (SUM($1) revenue)) : (#0 shared-varchar(25) nation.n_name, #1 shared-float revenue) order by: {<0, ASC> }, cost est: 178318514, output card: 5
        #-1: Sort<Bit> ({<0, ASC> }) : (#0 shared-varchar(25) nation.n_name, #1 shared-float revenue) order by: {<0, ASC> }, cost est: 3944364800, output card: 119999
            #9: Project<Bit> ((<0, P$4(200) shared-varchar>, <1, P$2(32) shared-float>)) : (#0 shared-varchar(25) nation.n_name, #1 shared-float revenue) order by: {<-1, ASC> }, cost est: 0, output card: 119999
                #8: SortMergeJoin<Bit> ((P$0(5) == P$3(5)) AND (P$1(20) == P$5(20))) : (#0 shared-int32(5) supplier.s_nationkey, #1 shared-int32(20) lineitem.l_orderkey, #2 shared-float revenue, #3 shared-int32(5) customer.c_nationkey, #4 shared-varchar(25) nation.n_name, #5 shared-int32(20) orders.o_orderkey) order by: {<-1, ASC> , <0, ASC> , <3, ASC> , <1, ASC> , <5, ASC> }, cost est: 9449497842, output card: 119999
                    #3: Project<Bit> ((<0, P$1(5) shared-int32>, <1, P$2(20) shared-int32>, <2, P$4(32) shared-float>)) : (#0 shared-int32(5) supplier.s_nationkey, #1 shared-int32(20) lineitem.l_orderkey, #2 shared-float revenue) order by: {}, cost est: 0, output card: 119999
                        #2: KeyedJoin<Bit> (P$0(10) == P$3(10)) : (#0 shared-int32(10) supplier.s_suppkey, #1 shared-int32(5) supplier.s_nationkey, #2 shared-int32(20) lineitem.l_orderkey, #3 shared-int32(10) lineitem.l_suppkey, #4 shared-float revenue) order by: {<3, ASC> , <0, ASC> }, cost est: 163558637, output card: 119999
                            #0: SecureSqlInput<Bit> ("SELECT s_suppkey, s_nationkey FROM supplier JOIN nation ON s_nationkey = n_nationkey JOIN region ON n_regionkey = r_regionkey WHERE r_name = 'EUROPE' ORDER BY s_suppkey", tuple_count=47) : (#0 shared-int32(10) supplier.s_suppkey, #1 shared-int32(5) supplier.s_nationkey) order by: {<0, ASC> }, cost est: 3770, output card: 47
                            #1: SecureSqlInput<Bit> ("SELECT l_orderkey, l_suppkey, l_extendedprice * (1 - l_discount) AS revenue FROM lineitem ORDER BY l_suppkey", tuple_count=119999) : (#0 shared-int32(20) lineitem.l_orderkey, #1 shared-int32(10) lineitem.l_suppkey, #2 shared-float revenue) order by: {<1, ASC> }, cost est: 76938676, output card: 119999
                    #7: Project<Bit> ((<0, P$1(5) shared-int32>, <1, P$2(200) shared-varchar>, <2, P$3(20) shared-int32>)) : (#0 shared-int32(5) customer.c_nationkey, #1 shared-varchar(25) nation.n_name, #2 shared-int32(20) orders.o_orderkey) order by: {<-1, ASC> }, cost est: 0, output card: 30000
                        #6: SortMergeJoin<Bit> (P$0(14) == P$4(14)) : (#0 shared-int32(14) customer.c_custkey, #1 shared-int32(5) customer.c_nationkey, #2 shared-varchar(25) nation.n_name, #3 shared-int32(20) orders.o_orderkey, #4 shared-int32(14) orders.o_custkey) order by: {<-1, ASC> , <0, ASC> , <4, ASC> }, cost est: 863973706, output card: 30000
                            #4: SecureSqlInput<Bit> ("SELECT t2.c_custkey, t2.c_nationkey, t1.n_name FROM (SELECT r_regionkey, r_name FROM region WHERE r_name = 'EUROPE') AS t0 INNER JOIN (SELECT n_nationkey, n_name, n_regionkey FROM nation) AS t1 ON t0.r_regionkey = t1.n_regionkey INNER JOIN (SELECT c_custkey, c_nationkey FROM customer) AS t2 ON t1.n_nationkey = t2.c_nationkey ORDER BY t2.c_custkey ASC", tuple_count=558) : (#0 shared-int32(14) customer.c_custkey, #1 shared-int32(5) customer.c_nationkey, #2 shared-varchar(25) nation.n_name) order by: {<0, ASC> }, cost est: 603165, output card: 558
                            #5: SecureSqlInput<Bit> ("SELECT o_orderkey, o_custkey, NOT (o_orderdate >= DATE '1993-01-01' AND o_orderdate < DATE '1994-01-01') AS dummy_tag FROM orders ORDER BY o_custkey, o_orderdate", tuple_count=30000) : (#0 shared-int32(20) orders.o_orderkey, #1 shared-int32(14) orders.o_custkey) order by: {<1, ASC> }, cost est: 11600680, output card: 30000

Total Plans : 1296
Cost Optimized Plan : 
#11: Sort<Bit> ({<1, DESC> }) : (#0 shared-varchar(25) nation.n_name, #1 shared-float revenue) order by: {<1, DESC> }, cost est: 2583, output card: 5
    #10: NestedLoopAggregate<Bit> (group-by: (0) aggs: (SUM($1) revenue)) : (#0 shared-varchar(25) nation.n_name, #1 shared-float revenue) order by: {}, cost est: 910792410, output card: 5
        #9: Project<Bit> ((<0, P$4(200) shared-varchar>, <1, P$2(32) shared-float>)) : (#0 shared-varchar(25) nation.n_name, #1 shared-float revenue) order by: {<-1, ASC> }, cost est: 0, output card: 119999
            #8: SortMergeJoin<Bit> ((P$0(5) == P$3(5)) AND (P$1(20) == P$5(20))) : (#0 shared-int32(5) supplier.s_nationkey, #1 shared-int32(20) lineitem.l_orderkey, #2 shared-float revenue, #3 shared-int32(5) customer.c_nationkey, #4 shared-varchar(25) nation.n_name, #5 shared-int32(20) orders.o_orderkey) order by: {<-1, ASC> , <0, ASC> , <3, ASC> , <1, ASC> , <5, ASC> }, cost est: 6525693042, output card: 119999
                #-1: Sort<Bit> ({<0, ASC> , <1, ASC> }) : (#0 shared-int32(5) supplier.s_nationkey, #1 shared-int32(20) lineitem.l_orderkey, #2 shared-float revenue) order by: {<0, ASC> , <1, ASC> }, cost est: 805156992, output card: 119999
                    #3: Project<Bit> ((<0, P$1(5) shared-int32>, <1, P$2(20) shared-int32>, <2, P$4(32) shared-float>)) : (#0 shared-int32(5) supplier.s_nationkey, #1 shared-int32(20) lineitem.l_orderkey, #2 shared-float revenue) order by: {}, cost est: 0, output card: 119999
                        #2: KeyedJoin<Bit> (P$0(10) == P$3(10)) : (#0 shared-int32(10) supplier.s_suppkey, #1 shared-int32(5) supplier.s_nationkey, #2 shared-int32(20) lineitem.l_orderkey, #3 shared-int32(10) lineitem.l_suppkey, #4 shared-float revenue) order by: {}, cost est: 163558637, output card: 119999
                            #0: SecureSqlInput<Bit> ("SELECT s_suppkey, s_nationkey FROM supplier JOIN nation ON s_nationkey = n_nationkey JOIN region ON n_regionkey = r_regionkey WHERE r_name = 'EUROPE' ORDER BY s_suppkey", tuple_count=47) : (#0 shared-int32(10) supplier.s_suppkey, #1 shared-int32(5) supplier.s_nationkey) order by: {}, cost est: 0, output card: 47
                            #1: SecureSqlInput<Bit> ("SELECT l_orderkey, l_suppkey, l_extendedprice * (1 - l_discount) AS revenue FROM lineitem ORDER BY l_suppkey", tuple_count=119999) : (#0 shared-int32(20) lineitem.l_orderkey, #1 shared-int32(10) lineitem.l_suppkey, #2 shared-float revenue) order by: {}, cost est: 0, output card: 119999
                #-1: Sort<Bit> ({<0, ASC> , <2, ASC> }) : (#0 shared-int32(5) customer.c_nationkey, #1 shared-varchar(25) nation.n_name, #2 shared-int32(20) orders.o_orderkey) order by: {<0, ASC> , <2, ASC> }, cost est: 455023264, output card: 30000
                    #7: Project<Bit> ((<0, P$1(5) shared-int32>, <1, P$2(200) shared-varchar>, <2, P$3(20) shared-int32>)) : (#0 shared-int32(5) customer.c_nationkey, #1 shared-varchar(25) nation.n_name, #2 shared-int32(20) orders.o_orderkey) order by: {<-1, ASC> }, cost est: 0, output card: 30000
                        #6: SortMergeJoin<Bit> (P$0(14) == P$4(14)) : (#0 shared-int32(14) customer.c_custkey, #1 shared-int32(5) customer.c_nationkey, #2 shared-varchar(25) nation.n_name, #3 shared-int32(20) orders.o_orderkey, #4 shared-int32(14) orders.o_custkey) order by: {<-1, ASC> , <0, ASC> , <4, ASC> }, cost est: 863973706, output card: 30000
                            #4: SecureSqlInput<Bit> ("SELECT t2.c_custkey, t2.c_nationkey, t1.n_name FROM (SELECT r_regionkey, r_name FROM region WHERE r_name = 'EUROPE') AS t0 INNER JOIN (SELECT n_nationkey, n_name, n_regionkey FROM nation) AS t1 ON t0.r_regionkey = t1.n_regionkey INNER JOIN (SELECT c_custkey, c_nationkey FROM customer) AS t2 ON t1.n_nationkey = t2.c_nationkey ORDER BY t2.c_custkey ASC", tuple_count=558) : (#0 shared-int32(14) customer.c_custkey, #1 shared-int32(5) customer.c_nationkey, #2 shared-varchar(25) nation.n_name) order by: {<0, ASC> }, cost est: 603165, output card: 558
                            #5: SecureSqlInput<Bit> ("SELECT o_orderkey, o_custkey, NOT (o_orderdate >= DATE '1993-01-01' AND o_orderdate < DATE '1994-01-01') AS dummy_tag FROM orders ORDER BY o_custkey, o_orderdate", tuple_count=30000) : (#0 shared-int32(20) orders.o_orderkey, #1 shared-int32(14) orders.o_custkey) order by: {<1, ASC> }, cost est: 11600680, output card: 30000

Cost Optimization Time : 0.688614 sec
Operator #0 SecureSqlInput ran for 0.099000 ms, gate count: 0 output cardinality: 47, row width=16
Operator #1 SecureSqlInput ran for 398.491000 ms, gate count: 0 output cardinality: 119999, row width=63
Operator #2 KeyedJoin ran for 14937.458000 ms, gate count: 169198592 output cardinality: 119999, row width=78
Operator #3 Project ran for 104.133000 ms, gate count: 0 output cardinality: 119999, row width=58
Operator #-1 Sort ran for 66460.741000 ms, gate count: 742903644 output cardinality: 119999, row width=58
Operator #4 SecureSqlInput ran for 57.300000 ms, gate count: 580216 output cardinality: 558, row width=220
Operator #5 SecureSqlInput ran for 1162.300000 ms, gate count: 10975200 output cardinality: 30000, row width=35
Operator #6 SortMergeJoin ran for 92795.014000 ms, gate count: 2143582916 output cardinality: 30000, row width=254
Operator #7 Project ran for 99.095000 ms, gate count: 0 output cardinality: 30000, row width=226
Operator #-1 Sort ran for 35370.701000 ms, gate count: 435214080 output cardinality: 30000, row width=226
Operator #8 SortMergeJoin ran for 581394.129000 ms, gate count: 10215635996 output cardinality: 119999, row width=283
Operator #9 Project ran for 453.400000 ms, gate count: 0 output cardinality: 119999, row width=233
Operator #10 NestedLoopAggregate ran for 62579.821000 ms, gate count: 875392704 output cardinality: 5, row width=233
Operator #11 Sort ran for 0.391000 ms, gate count: 3024 output cardinality: 5, row width=233
Runtime: 856.769 sec, CPU Time: 684.377 sec, CPU clock ticks: 6.84377e+08, CPU clock ticks per second: 1000000
End-to-end estimated gates: 9.7364e+09. observed gates: 11091031724 gates, relative error (%)=12.2137
[Linux]Peak resident set size: 3998167040 bytes, current memory size: 827359232 bytes.
Initial Memory: 1669636096 bytes, Peak Memory After Execution: 3998167040 bytes, Memory Usage: 2328530944 bytes
Bandwidth: 90705.8 Bps
Failed to match on tuple count 4 vs 3
/home/vaultdb/vaultdb-core-cost-comparison/src/main/cpp/test/mpc/cost_optimized_test.cpp:130: Failure
Expected equality of these values:
  *expected
    Which is: (#0 varchar(25) nation.n_name, #1 float revenue) isEncrypted? false, order by: {<1, DESC> }
(RUSSIA                   , 133968.453125)
(ROMANIA                  , 94650.703125)
(GERMANY                  , 81080.898438)
(UNITED KINGDOM           , 39003.742188)

  *observed
    Which is: (#0 varchar(25) nation.n_name, #1 float revenue) isEncrypted? false, order by: {<1, DESC> }
(ROMANIA                  , 144446.703125)
(RUSSIA                   , 111136.632812)
(GERMANY                  , 91195.984375)

[  FAILED  ] CostOptimizedTest.cost_optimized_tpch_q5 (856857 ms)
[ RUN      ] CostOptimizedTest.cost_optimized_tpch_q8
Connecting to 126.137.1.10 on ports 7657, 65485 as 2
connected
EMP mode: sh2pc, storage mode: column store
Code version: aaab8b1c36f961a50172caf92085acacb0670290
GFlags: --flagfile=	--alice_db=tpch_alice_3000	--alice_host=126.137.1.10	--bob_db=tpch_bob_3000	--ctrl_port=65486	--cutoff=100	--filter=*	--party=2	--port=7658	--storage=column	--unioned_db=tpch_unioned_3000	--validation=true	--log_level=2	--logfile=	

[Linux]Peak resident set size: 3998167040 bytes, current memory size: 827359232 bytes.
Original Tree : 
#12: Sort<Bit> ({<0, ASC> }) : (#0 shared-int32 orders.o_year, #1 shared-float mkt_share) order by: {<0, ASC> }, cost est: 100, output card: 2
    #11: Project<Bit> ((<0, P$0(32) shared-int32>, <1, $2 / $1 shared-float>)) : (#0 shared-int32 orders.o_year, #1 shared-float mkt_share) order by: {<0, ASC> }, cost est: 7618, output card: 2
        #10: SortMergeAggregate<Bit> (group-by: (0) aggs: (SUM($1) null, SUM($2) null)) : (#0 shared-int32 orders.o_year, #1 shared-float null, #2 shared-float null) order by: {<0, ASC> }, cost est: 275997700, output card: 2
            #-1: Sort<Bit> ({<0, ASC> }) : (#0 shared-int32 orders.o_year, #1 shared-float volume, #2 shared-float selected_volume) order by: {<0, ASC> }, cost est: 1194165504, output card: 119999
                #9: Project<Bit> ((<0, P$1(32) shared-int32>, <1, P$3(32) shared-float>, <2, CASE($4, $3, SECRET FLOAT) shared-float>)) : (#0 shared-int32 orders.o_year, #1 shared-float volume, #2 shared-float selected_volume) order by: {}, cost est: 0, output card: 119999
                    #8: KeyedJoin<Bit> (P$0(20) == P$2(20)) : (#0 shared-int32(20) orders.o_orderkey, #1 shared-int32 orders.o_year, #2 shared-int32(20) lineitem.l_orderkey, #3 shared-float volume, #4 shared-bool nation_check) order by: {}, cost est: 273597720000, output card: 119999
                        #3: Project<Bit> ((<0, P$1(20) shared-int32>, <1, P$3(32) shared-int32>)) : (#0 shared-int32(20) orders.o_orderkey, #1 shared-int32 orders.o_year) order by: {}, cost est: 0, output card: 30000
                            #2: KeyedJoin<Bit> (P$0(14) == P$2(14)) : (#0 shared-int32(14) customer.c_custkey, #1 shared-int32(20) orders.o_orderkey, #2 shared-int32(14) orders.o_custkey, #3 shared-int32 orders.o_year) order by: {<2, ASC> , <0, ASC> }, cost est: 592320000, output card: 30000
                                #0: SecureSqlInput<Bit> ("SELECT c_custkey FROM customer c JOIN nation n1 ON c_nationkey = n_nationkey JOIN region ON r_regionkey = n_regionkey WHERE r_name = 'AFRICA' ORDER BY c_custkey", tuple_count=617) : (#0 shared-int32(14) customer.c_custkey) order by: {<0, ASC> }, cost est: 91488, output card: 617
                                #1: SecureSqlInput<Bit> ("SELECT o_orderkey, o_custkey, o_orderyear::INT AS o_year, NOT (o_orderdate >= date '1995-01-01' and o_orderdate < date '1996-12-31') dummy_tag FROM orders ORDER BY o_custkey", tuple_count=30000) : (#0 shared-int32(20) orders.o_orderkey, #1 shared-int32(14) orders.o_custkey, #2 shared-int32 orders.o_year) order by: {<1, ASC> }, cost est: 18739560, output card: 30000
                        #7: Project<Bit> ((<0, P$0(20) shared-int32>, <1, P$2(32) shared-float>, <2, P$4(1) shared-bool>)) : (#0 shared-int32(20) lineitem.l_orderkey, #1 shared-float volume, #2 shared-bool nation_check) order by: {}, cost est: 0, output card: 119999
                            #6: KeyedJoin<Bit> (P$1(10) == P$3(10)) : (#0 shared-int32(20) lineitem.l_orderkey, #1 shared-int32(10) lineitem.l_suppkey, #2 shared-float volume, #3 shared-int32(10) supplier.s_suppkey, #4 shared-bool nation_check) order by: {<1, ASC> , <3, ASC> }, cost est: 599995000, output card: 119999
                                #4: SecureSqlInput<Bit> ("SELECT l_orderkey, l_suppkey, l_extendedprice * (1.0 - l_discount) AS volume,        CASE            WHEN p_type = 'LARGE ANODIZED STEEL' AND p_partkey = l_partkey THEN FALSE            ELSE TRUE            END AS dummy_tag FROM lineitem LEFT JOIN part ON p_partkey = l_partkey ORDER BY l_suppkey", tuple_count=119999) : (#0 shared-int32(20) lineitem.l_orderkey, #1 shared-int32(10) lineitem.l_suppkey, #2 shared-float volume) order by: {<1, ASC> }, cost est: 76938676, output card: 119999
                                #5: SecureSqlInput<Bit> ("SELECT s_suppkey, CASE WHEN n_name = 'KENYA' THEN true ELSE false END AS nation_check FROM supplier JOIN nation ON n_nationkey = s_nationkey ORDER BY s_suppkey", tuple_count=200) : (#0 shared-int32(10) supplier.s_suppkey, #1 shared-bool nation_check) order by: {<0, ASC> }, cost est: 19100, output card: 200

Total Plans : 576
Cost Optimized Plan : 
#12: Sort<Bit> ({<0, ASC> }) : (#0 shared-int32 orders.o_year, #1 shared-float mkt_share) order by: {<0, ASC> }, cost est: 100, output card: 2
    #11: Project<Bit> ((<0, P$0(32) shared-int32>, <1, $2 / $1 shared-float>)) : (#0 shared-int32 orders.o_year, #1 shared-float anonymous) order by: {}, cost est: 7618, output card: 2
        #10: NestedLoopAggregate<Bit> (group-by: (0) aggs: (SUM($1) null, SUM($2) null)) : (#0 shared-int32 orders.o_year, #1 shared-float null, #2 shared-float null) order by: {}, cost est: 567355272, output card: 2
            #9: Project<Bit> ((<0, P$1(32) shared-int32>, <1, P$3(32) shared-float>, <2, CASE($4, $3, SECRET FLOAT) shared-float>)) : (#0 shared-int32 orders.o_year, #1 shared-float volume, #2 shared-float anonymous) order by: {<-1, ASC> }, cost est: 0, output card: 119999
                #8: SortMergeJoin<Bit> (P$0(20) == P$2(20)) : (#0 shared-int32(20) orders.o_orderkey, #1 shared-int32 orders.o_year, #2 shared-int32(20) lineitem.l_orderkey, #3 shared-float volume, #4 shared-bool nation_check) order by: {<-1, ASC> , <0, ASC> , <2, ASC> }, cost est: 2871040962, output card: 119999
                    #-1: Sort<Bit> ({<0, ASC> }) : (#0 shared-int32(20) orders.o_orderkey, #1 shared-int32 orders.o_year) order by: {<0, ASC> }, cost est: 134559408, output card: 30000
                        #3: Project<Bit> ((<0, P$1(20) shared-int32>, <1, P$3(32) shared-int32>)) : (#0 shared-int32(20) orders.o_orderkey, #1 shared-int32 orders.o_year) order by: {<-1, ASC> }, cost est: 0, output card: 30000
                            #2: SortMergeJoin<Bit> (P$0(14) == P$2(14)) : (#0 shared-int32(14) customer.c_custkey, #1 shared-int32(20) orders.o_orderkey, #2 shared-int32(14) orders.o_custkey, #3 shared-int32 orders.o_year) order by: {<-1, ASC> , <0, ASC> , <2, ASC> }, cost est: 411877924, output card: 30000
                                #0: SecureSqlInput<Bit> ("SELECT c_custkey FROM customer c JOIN nation n1 ON c_nationkey = n_nationkey JOIN region ON r_regionkey = n_regionkey WHERE r_name = 'AFRICA' ORDER BY c_custkey", tuple_count=617) : (#0 shared-int32(14) customer.c_custkey) order by: {<0, ASC> }, cost est: 91488, output card: 617
                                #1: SecureSqlInput<Bit> ("SELECT o_orderkey, o_custkey, o_orderyear::INT AS o_year, NOT (o_orderdate >= date '1995-01-01' and o_orderdate < date '1996-12-31') dummy_tag FROM orders ORDER BY o_custkey", tuple_count=30000) : (#0 shared-int32(20) orders.o_orderkey, #1 shared-int32(14) orders.o_custkey, #2 shared-int32 orders.o_year) order by: {<1, ASC> }, cost est: 18739560, output card: 30000
                    #7: Project<Bit> ((<0, P$0(20) shared-int32>, <1, P$2(32) shared-float>, <2, P$4(1) shared-bool>)) : (#0 shared-int32(20) lineitem.l_orderkey, #1 shared-float volume, #2 shared-bool nation_check) order by: {<0, ASC> }, cost est: 0, output card: 119999
                        #6: KeyedJoin<Bit> (P$1(10) == P$3(10)) : (#0 shared-int32(20) lineitem.l_orderkey, #1 shared-int32(10) lineitem.l_suppkey, #2 shared-float volume, #3 shared-int32(10) supplier.s_suppkey, #4 shared-bool nation_check) order by: {<0, ASC> }, cost est: 599995000, output card: 119999
                            #4: SecureSqlInput<Bit> ("SELECT * FROM (SELECT l_orderkey, l_suppkey, l_extendedprice * (1.0 - l_discount) AS volume,        CASE            WHEN p_type = 'LARGE ANODIZED STEEL' AND p_partkey = l_partkey THEN FALSE            ELSE TRUE            END AS dummy_tag FROM lineitem LEFT JOIN part ON p_partkey = l_partkey ORDER BY l_suppkey) to_sort ORDER BY (1)  ASC ", tuple_count=119999) : (#0 shared-int32(20) lineitem.l_orderkey, #1 shared-int32(10) lineitem.l_suppkey, #2 shared-float volume) order by: {<0, ASC> }, cost est: 87062186, output card: 119999
                            #5: SecureSqlInput<Bit> ("SELECT s_suppkey, CASE WHEN n_name = 'KENYA' THEN true ELSE false END AS nation_check FROM supplier JOIN nation ON n_nationkey = s_nationkey ORDER BY s_suppkey", tuple_count=200) : (#0 shared-int32(10) supplier.s_suppkey, #1 shared-bool nation_check) order by: {}, cost est: 0, output card: 200

Cost Optimization Time : 0.559454 sec
Operator #0 SecureSqlInput ran for 21.925000 ms, gate count: 82320 output cardinality: 617, row width=15
Operator #1 SecureSqlInput ran for 1765.281000 ms, gate count: 17999328 output cardinality: 30000, row width=67
Operator #2 SortMergeJoin ran for 41804.978000 ms, gate count: 530206232 output cardinality: 30000, row width=81
Operator #3 Project ran for 7.882000 ms, gate count: 0 output cardinality: 30000, row width=53
Operator #-1 Sort ran for 10882.697000 ms, gate count: 127800960 output cardinality: 30000, row width=53
Operator #4 SecureSqlInput ran for 8879.230000 ms, gate count: 83832336 output cardinality: 119999, row width=63
Operator #5 SecureSqlInput ran for 0.203000 ms, gate count: 0 output cardinality: 200, row width=12
Operator #6 KeyedJoin ran for 57857.883000 ms, gate count: 623994800 output cardinality: 119999, row width=74
Operator #7 Project ran for 105.010000 ms, gate count: 0 output cardinality: 119999, row width=54
Operator #8 SortMergeJoin ran for 242290.803000 ms, gate count: 4251613488 output cardinality: 119999, row width=106
Operator #9 Project ran for 527.276000 ms, gate count: 3839968 output cardinality: 119999, row width=97
Operator #10 NestedLoopAggregate ran for 28260.948000 ms, gate count: 522235648 output cardinality: 2, row width=97
Operator #11 Project ran for 0.514000 ms, gate count: 7616 output cardinality: 2, row width=65
Operator #12 Sort ran for 0.112000 ms, gate count: 100 output cardinality: 2, row width=65
Runtime: 393.781 sec, CPU Time: 335.769 sec, CPU clock ticks: 3.35769e+08, CPU clock ticks per second: 1000000
End-to-end estimated gates: 4.69073e+09. observed gates: 4777696820 gates, relative error (%)=1.82028
[Linux]Peak resident set size: 3998167040 bytes, current memory size: 1640919040 bytes.
Initial Memory: 3998167040 bytes, Peak Memory After Execution: 3998167040 bytes, Memory Usage: 0 bytes
Bandwidth: 212926 Bps
[       OK ] CostOptimizedTest.cost_optimized_tpch_q8 (393854 ms)
[ RUN      ] CostOptimizedTest.cost_optimized_tpch_q9
Connecting to 126.137.1.10 on ports 7658, 65486 as 2
connected
EMP mode: sh2pc, storage mode: column store
Code version: aaab8b1c36f961a50172caf92085acacb0670290
GFlags: --flagfile=	--alice_db=tpch_alice_3000	--alice_host=126.137.1.10	--bob_db=tpch_bob_3000	--ctrl_port=65487	--cutoff=100	--filter=*	--party=2	--port=7659	--storage=column	--unioned_db=tpch_unioned_3000	--validation=true	--log_level=2	--logfile=	

[Linux]Peak resident set size: 3998167040 bytes, current memory size: 1640919040 bytes.
Operator (2). smj cost : 24791210, nlj cost : 42649600, join type : keyed-sort-merge-join
Operator (6). smj cost : 4027011578, nlj cost : 273597720000, join type : keyed-sort-merge-join
Operator (8). smj cost : 7364330800, nlj cost : 35414104880, join type : keyed-sort-merge-join
Operator (10). sma cost : 185998450, nla cost : 33221723150, agg type : sort-merge-aggregate
Original Tree : 
#11: Sort<Bit> ({<0, ASC> , <1, DESC> }) : (#0 shared-varchar(25) nation.nation, #1 shared-int32 o_year, #2 shared-float sum_profit) order by: {<0, ASC> , <1, DESC> }, cost est: 1385772, output card: 175
    #10: SortMergeAggregate<Bit> (group-by: (0, 1) aggs: (SUM($2) sum_profit)) : (#0 shared-varchar(25) nation.nation, #1 shared-int32 o_year, #2 shared-float sum_profit) order by: {<0, ASC> , <1, DESC> }, cost est: 185998450, output card: 175
        #-1: Sort<Bit> ({<0, ASC> , <1, ASC> }) : (#0 shared-varchar(25) nation.nation, #1 shared-int32 o_year, #2 shared-float amount) order by: {<0, ASC> , <1, ASC> }, cost est: 4550494208, output card: 119999
            #9: Project<Bit> ((<0, P$0(200) shared-varchar>, <1, P$8(32) shared-int32>, <2, $7 - ($3 * $6) shared-float>)) : (#0 shared-varchar(25) nation.nation, #1 shared-int32 o_year, #2 shared-float amount) order by: {<-1, ASC> }, cost est: 546835443, output card: 119999
                #8: SortMergeJoin<Bit> ((P$2(10) == P$5(10)) AND (P$1(15) == P$4(15))) : (#0 shared-varchar(25) nation.n_name, #1 shared-int32(15) partsupp.ps_partkey, #2 shared-int32(10) partsupp.ps_suppkey, #3 shared-float partsupp.ps_supplycost, #4 shared-int32(15) lineitem.l_partkey, #5 shared-int32(10) lineitem.l_suppkey, #6 shared-float l_quantity, #7 shared-float volume, #8 shared-int32 o_year) order by: {<-1, ASC> , <2, ASC> , <5, ASC> , <1, ASC> , <4, ASC> }, cost est: 7364330800, output card: 119999
                    #3: Project<Bit> ((<0, P$1(200) shared-varchar>, <1, P$2(15) shared-int32>, <2, P$3(10) shared-int32>, <3, P$4(32) shared-float>)) : (#0 shared-varchar(25) nation.n_name, #1 shared-int32(15) partsupp.ps_partkey, #2 shared-int32(10) partsupp.ps_suppkey, #3 shared-float partsupp.ps_supplycost) order by: {<-1, ASC> }, cost est: 0, output card: 952
                        #2: SortMergeJoin<Bit> (P$0(10) == P$3(10)) : (#0 shared-int32(10) supplier.s_suppkey, #1 shared-varchar(25) nation.n_name, #2 shared-int32(15) partsupp.ps_partkey, #3 shared-int32(10) partsupp.ps_suppkey, #4 shared-float partsupp.ps_supplycost) order by: {<-1, ASC> , <0, ASC> , <3, ASC> }, cost est: 24791210, output card: 952
                            #0: SecureSqlInput<Bit> ("SELECT s_suppkey, n_name FROM supplier JOIN nation ON s_nationkey = n_nationkey ORDER BY s_suppkey", tuple_count=200) : (#0 shared-int32(10) supplier.s_suppkey, #1 shared-varchar(25) nation.n_name) order by: {<0, ASC> }, cost est: 171136, output card: 200
                            #1: SecureSqlInput<Bit> ("SELECT ps_partkey, ps_suppkey, ps_supplycost FROM partsupp JOIN part ON ps_partkey = p_partkey WHERE p_name LIKE '%yellow%' ORDER BY ps_suppkey, ps_partkey", tuple_count=952) : (#0 shared-int32(15) partsupp.ps_partkey, #1 shared-int32(10) partsupp.ps_suppkey, #2 shared-float partsupp.ps_supplycost) order by: {<0, ASC> , <1, ASC> }, cost est: 419101, output card: 952
                    #7: Project<Bit> ((<0, P$1(15) shared-int32>, <1, P$2(10) shared-int32>, <2, P$3(32) shared-float>, <3, P$4(32) shared-float>, <4, P$5(32) shared-int32>)) : (#0 shared-int32(15) lineitem.l_partkey, #1 shared-int32(10) lineitem.l_suppkey, #2 shared-float l_quantity, #3 shared-float volume, #4 shared-int32 o_year) order by: {<-1, ASC> }, cost est: 0, output card: 119999
                        #6: SortMergeJoin<Bit> (P$0(20) == P$6(20)) : (#0 shared-int32(20) lineitem.l_orderkey, #1 shared-int32(15) lineitem.l_partkey, #2 shared-int32(10) lineitem.l_suppkey, #3 shared-float l_quantity, #4 shared-float volume, #5 shared-int32 o_year, #6 shared-int32(20) orders.o_orderkey) order by: {<-1, ASC> , <0, ASC> , <6, ASC> }, cost est: 4027011578, output card: 119999
                            #4: SecureSqlInput<Bit> ("SELECT l_orderkey, l_partkey, l_suppkey, l_quantity::float4, l_extendedprice * (1.0 - l_discount) AS volume FROM lineitem ORDER BY l_orderkey, l_partkey, l_suppkey", tuple_count=119999) : (#0 shared-int32(20) lineitem.l_orderkey, #1 shared-int32(15) lineitem.l_partkey, #2 shared-int32(10) lineitem.l_suppkey, #3 shared-float l_quantity, #4 shared-float volume) order by: {<0, ASC> , <2, ASC> , <1, ASC> }, cost est: 166025564, output card: 119999
                            #5: SecureSqlInput<Bit> ("SELECT EXTRACT('year' FROM o_orderdate)::INT AS o_year, o_orderkey FROM orders ORDER BY o_orderkey", tuple_count=30000) : (#0 shared-int32 o_year, #1 shared-int32(20) orders.o_orderkey) order by: {<1, ASC> }, cost est: 16954840, output card: 30000

Total Plans : 1536
Cost Optimized Plan : 
#10: SortMergeAggregate<Bit> (group-by: (0, 1) aggs: (SUM($2) sum_profit)) : (#0 shared-varchar(25) nation.n_name, #1 shared-int32 o_year, #2 shared-float sum_profit) order by: {<0, ASC> , <1, DESC> }, cost est: 185998450, output card: 175
    #-1: Sort<Bit> ({<0, ASC> , <1, DESC> }) : (#0 shared-varchar(25) nation.n_name, #1 shared-int32 o_year, #2 shared-float anonymous) order by: {<0, ASC> , <1, DESC> }, cost est: 4550494208, output card: 119999
        #9: Project<Bit> ((<0, P$0(200) shared-varchar>, <1, P$8(32) shared-int32>, <2, $7 - ($3 * $6) shared-float>)) : (#0 shared-varchar(25) nation.n_name, #1 shared-int32 o_year, #2 shared-float anonymous) order by: {<-1, ASC> }, cost est: 546835443, output card: 119999
            #8: SortMergeJoin<Bit> ((P$2(10) == P$5(10)) AND (P$1(15) == P$4(15))) : (#0 shared-varchar(25) nation.n_name, #1 shared-int32(15) partsupp.ps_partkey, #2 shared-int32(10) partsupp.ps_suppkey, #3 shared-float partsupp.ps_supplycost, #4 shared-int32(15) lineitem.l_partkey, #5 shared-int32(10) lineitem.l_suppkey, #6 shared-float l_quantity, #7 shared-float volume, #8 shared-int32 o_year) order by: {<-1, ASC> , <2, ASC> , <5, ASC> , <1, ASC> , <4, ASC> }, cost est: 4842311248, output card: 119999
                #-1: Sort<Bit> ({<2, ASC> , <1, ASC> }) : (#0 shared-varchar(25) nation.n_name, #1 shared-int32(15) partsupp.ps_partkey, #2 shared-int32(10) partsupp.ps_suppkey, #3 shared-float partsupp.ps_supplycost) order by: {<2, ASC> , <1, ASC> }, cost est: 7414853, output card: 952
                    #3: Project<Bit> ((<0, P$1(200) shared-varchar>, <1, P$2(15) shared-int32>, <2, P$3(10) shared-int32>, <3, P$4(32) shared-float>)) : (#0 shared-varchar(25) nation.n_name, #1 shared-int32(15) partsupp.ps_partkey, #2 shared-int32(10) partsupp.ps_suppkey, #3 shared-float partsupp.ps_supplycost) order by: {<-1, ASC> }, cost est: 0, output card: 952
                        #2: SortMergeJoin<Bit> (P$0(10) == P$3(10)) : (#0 shared-int32(10) supplier.s_suppkey, #1 shared-varchar(25) nation.n_name, #2 shared-int32(15) partsupp.ps_partkey, #3 shared-int32(10) partsupp.ps_suppkey, #4 shared-float partsupp.ps_supplycost) order by: {<-1, ASC> , <0, ASC> , <3, ASC> }, cost est: 18345255, output card: 952
                            #0: SecureSqlInput<Bit> ("SELECT s_suppkey, n_name FROM supplier JOIN nation ON s_nationkey = n_nationkey ORDER BY s_suppkey", tuple_count=200) : (#0 shared-int32(10) supplier.s_suppkey, #1 shared-varchar(25) nation.n_name) order by: {<0, ASC> }, cost est: 171136, output card: 200
                            #1: SecureSqlInput<Bit> ("SELECT * FROM (SELECT ps_partkey, ps_suppkey, ps_supplycost FROM partsupp JOIN part ON ps_partkey = p_partkey WHERE p_name LIKE '%yellow%' ORDER BY ps_suppkey, ps_partkey) to_sort ORDER BY (2)  ASC ", tuple_count=952) : (#0 shared-int32(15) partsupp.ps_partkey, #1 shared-int32(10) partsupp.ps_suppkey, #2 shared-float partsupp.ps_supplycost) order by: {<1, ASC> }, cost est: 334339, output card: 952
                #-1: Sort<Bit> ({<1, ASC> , <0, ASC> }) : (#0 shared-int32(15) lineitem.l_partkey, #1 shared-int32(10) lineitem.l_suppkey, #2 shared-float l_quantity, #3 shared-float volume, #4 shared-int32 o_year) order by: {<1, ASC> , <0, ASC> }, cost est: 1384146304, output card: 119999
                    #7: Project<Bit> ((<0, P$1(15) shared-int32>, <1, P$2(10) shared-int32>, <2, P$3(32) shared-float>, <3, P$4(32) shared-float>, <4, P$5(32) shared-int32>)) : (#0 shared-int32(15) lineitem.l_partkey, #1 shared-int32(10) lineitem.l_suppkey, #2 shared-float l_quantity, #3 shared-float volume, #4 shared-int32 o_year) order by: {<-1, ASC> }, cost est: 0, output card: 119999
                        #6: SortMergeJoin<Bit> (P$0(20) == P$6(20)) : (#0 shared-int32(20) lineitem.l_orderkey, #1 shared-int32(15) lineitem.l_partkey, #2 shared-int32(10) lineitem.l_suppkey, #3 shared-float l_quantity, #4 shared-float volume, #5 shared-int32 o_year, #6 shared-int32(20) orders.o_orderkey) order by: {<-1, ASC> , <0, ASC> , <6, ASC> }, cost est: 4027011578, output card: 119999
                            #4: SecureSqlInput<Bit> ("SELECT * FROM (SELECT l_orderkey, l_partkey, l_suppkey, l_quantity::float4, l_extendedprice * (1.0 - l_discount) AS volume FROM lineitem ORDER BY l_orderkey, l_partkey, l_suppkey) to_sort ORDER BY (1)  ASC ", tuple_count=119999) : (#0 shared-int32(20) lineitem.l_orderkey, #1 shared-int32(15) lineitem.l_partkey, #2 shared-int32(10) lineitem.l_suppkey, #3 shared-float l_quantity, #4 shared-float volume) order by: {<0, ASC> }, cost est: 134642683, output card: 119999
                            #5: SecureSqlInput<Bit> ("SELECT EXTRACT('year' FROM o_orderdate)::INT AS o_year, o_orderkey FROM orders ORDER BY o_orderkey", tuple_count=30000) : (#0 shared-int32 o_year, #1 shared-int32(20) orders.o_orderkey) order by: {<1, ASC> }, cost est: 16954840, output card: 30000

Cost Optimization Time : 1.73222 sec
Operator #0 SecureSqlInput ran for 18.477000 ms, gate count: 162504 output cardinality: 200, row width=211
Operator #1 SecureSqlInput ran for 35.864000 ms, gate count: 318228 output cardinality: 952, row width=58
Operator #2 SortMergeJoin ran for 1544.551000 ms, gate count: 21073628 output cardinality: 952, row width=268
Operator #3 Project ran for 1.094000 ms, gate count: 0 output cardinality: 952, row width=258
Operator #-1 Sort ran for 613.426000 ms, gate count: 7086368 output cardinality: 952, row width=258
Operator #4 SecureSqlInput ran for 13199.668000 ms, gate count: 130738524 output cardinality: 119999, row width=110
Operator #5 SecureSqlInput ran for 1576.074000 ms, gate count: 16243296 output cardinality: 30000, row width=53
Operator #6 SortMergeJoin ran for 357793.575000 ms, gate count: 4586558596 output cardinality: 119999, row width=162
Operator #7 Project ran for 151.728000 ms, gate count: 0 output cardinality: 119999, row width=122
Operator #-1 Sort ran for 107643.187000 ms, gate count: 1308925468 output cardinality: 119999, row width=122
Operator #8 SortMergeJoin ran for 553484.275000 ms, gate count: 12994084112 output cardinality: 119999, row width=379
Operator #9 Project ran for 41889.252000 ms, gate count: 546835444 output cardinality: 119999, row width=265
Operator #-1 Sort ran for 365961.598000 ms, gate count: 4411797256 output cardinality: 119999, row width=265
Operator #10 SortMergeAggregate ran for 15798.658000 ms, gate count: 182396992 output cardinality: 119999, row width=265
Runtime: 1461.91 sec, CPU Time: 1159.81 sec, CPU clock ticks: 1.15981e+09, CPU clock ticks per second: 1000000
End-to-end estimated gates: 1.57147e+10. observed gates: 18135113804 gates, relative error (%)=13.3468
[Linux]Peak resident set size: 8246063104 bytes, current memory size: 4719972352 bytes.
Initial Memory: 3998167040 bytes, Peak Memory After Execution: 8246063104 bytes, Memory Usage: 4247896064 bytes
Bandwidth: 88980.4 Bps
Failed to match on tuple count 129 vs 128
/home/vaultdb/vaultdb-core-cost-comparison/src/main/cpp/test/mpc/cost_optimized_test.cpp:130: Failure
Expected equality of these values:
  *expected
    Which is: (#0 varchar(25) nation.n_name, #1 int32 orders.o_year, #2 float sum_profit) isEncrypted? false, order by: {<0, ASC> , <1, DESC> }
(ALGERIA                  , 1998, 57541.968750)
(ALGERIA                  , 1997, 40352.226562)
(ALGERIA                  , 1996, 28553.880859)
(ALGERIA                  , 1995, 760.748474)
(ALGERIA                  , 1994, 3560.459473)
(ALGERIA                  , 1993, 134806.921875)
(ARGENTINA                , 1997, 3632.040283)
(ARGENTINA                , 1996, 17728.259766)
(ARGENTINA                , 1995, 26986.142578)
(ARGENTINA                , 1994, 39792.207031)
(ARGENTINA                , 1993, 11622.719727)
(BRAZIL                   , 1998, 5264.498535)
(BRAZIL                   , 1996, 30408.990234)
(BRAZIL                   , 1995, 35118.644531)
(BRAZIL                   , 1994, 21057.994141)
(BRAZIL                   , 1992, 22433.455078)
(CANADA                   , 1996, 1112.123901)
(CANADA                   , 1995, 6326.424805)
(CANADA                   , 1993, -662.154724)
(CANADA                   , 1992, 824.417786)
(CHINA                    , 1998, 5375.052246)
(CHINA                    , 1997, 18529.187500)
(CHINA                    , 1996, 5851.889160)
(CHINA                    , 1995, 21206.753906)
(CHINA                    , 1994, 265951.531250)
(CHINA                    , 1993, 36112.687500)
(CHINA                    , 1992, 38142.277344)
(EGYPT                    , 1998, 53275.496094)
(EGYPT                    , 1997, 105643.468750)
(EGYPT                    , 1996, 68600.265625)
(EGYPT                    , 1995, 76161.257812)
(EGYPT                    , 1994, 83565.835938)
(EGYPT                    , 1992, 75957.898438)
(ETHIOPIA                 , 1998, 2352.882812)
(ETHIOPIA                 , 1997, 68822.398438)
(ETHIOPIA                 , 1996, 139771.687500)
(ETHIOPIA                 , 1995, 13130.244141)
(ETHIOPIA                 , 1994, 73547.265625)
(ETHIOPIA                 , 1993, 103754.421875)
(ETHIOPIA                 , 1992, 33779.308594)
(FRANCE                   , 1998, 75404.359375)
(FRANCE                   , 1997, 29408.150391)
(FRANCE                   , 1996, 31811.488281)
(FRANCE                   , 1995, 37802.843750)
(FRANCE                   , 1994, 90846.632812)
(FRANCE                   , 1993, 7542.125977)
(FRANCE                   , 1992, 28938.947266)
(GERMANY                  , 1997, 18998.882812)
(GERMANY                  , 1996, 61940.863281)
(GERMANY                  , 1994, 54178.476562)
(GERMANY                  , 1993, 22941.933594)
(INDIA                    , 1997, 34082.992188)
(INDIA                    , 1996, 32773.570312)
(INDIA                    , 1995, 78235.632812)
(INDIA                    , 1994, 99080.210938)
(INDONESIA                , 1998, 88759.742188)
(INDONESIA                , 1997, 102327.726562)
(INDONESIA                , 1996, 55765.093750)
(INDONESIA                , 1995, 12814.762695)
(INDONESIA                , 1994, 22191.386719)
(INDONESIA                , 1993, 3078.285645)
(INDONESIA                , 1992, 18181.218750)
(IRAN                     , 1998, 11557.238281)
(IRAN                     , 1997, 27722.013672)
(IRAN                     , 1996, 6350.759766)
(IRAN                     , 1994, 91140.625000)
(IRAN                     , 1993, 9581.722656)
(IRAN                     , 1992, 15728.652344)
(IRAQ                     , 1997, 21969.097656)
(IRAQ                     , 1995, 15575.550781)
(IRAQ                     , 1994, 60081.554688)
(IRAQ                     , 1993, 99867.554688)
(JAPAN                    , 1998, 89472.828125)
(JAPAN                    , 1997, 69462.945312)
(JAPAN                    , 1996, 40146.621094)
(JAPAN                    , 1994, 33794.421875)
(JAPAN                    , 1993, 92209.656250)
(JAPAN                    , 1992, 24995.830078)
(JORDAN                   , 1997, 81961.554688)
(JORDAN                   , 1995, 3690.593506)
(JORDAN                   , 1994, 8024.242676)
(JORDAN                   , 1993, 22819.500000)
(KENYA                    , 1997, 24417.728516)
(KENYA                    , 1994, 25674.285156)
(KENYA                    , 1993, 54288.339844)
(KENYA                    , 1992, 50375.304688)
(MOROCCO                  , 1996, 34800.113281)
(MOROCCO                  , 1995, 21372.343750)
(MOROCCO                  , 1993, 58459.878906)
(MOZAMBIQUE               , 1998, 80594.664062)
(MOZAMBIQUE               , 1997, 25825.582031)
(MOZAMBIQUE               , 1996, 4412.207031)
(MOZAMBIQUE               , 1995, 165433.515625)
(MOZAMBIQUE               , 1994, 58402.925781)
(MOZAMBIQUE               , 1993, 48787.519531)
(MOZAMBIQUE               , 1992, 47031.480469)
(PERU                     , 1998, 10414.284180)
(PERU                     , 1996, 2236.263916)
(ROMANIA                  , 1995, 15471.060547)
(RUSSIA                   , 1998, 121881.890625)
(RUSSIA                   , 1997, 31704.765625)
(RUSSIA                   , 1996, 104390.726562)
(RUSSIA                   , 1995, 62305.742188)
(RUSSIA                   , 1994, 49044.179688)
(RUSSIA                   , 1993, 124048.718750)
(RUSSIA                   , 1992, 69396.164062)
(SAUDI ARABIA             , 1998, 31264.869141)
(SAUDI ARABIA             , 1997, 12577.218750)
(SAUDI ARABIA             , 1996, 31432.027344)
(SAUDI ARABIA             , 1995, 50238.738281)
(SAUDI ARABIA             , 1994, 38646.132812)
(SAUDI ARABIA             , 1993, 39386.578125)
(UNITED KINGDOM           , 1998, 29943.679688)
(UNITED KINGDOM           , 1997, 44174.488281)
(UNITED KINGDOM           , 1996, 25328.253906)
(UNITED KINGDOM           , 1995, 9844.456055)
(UNITED KINGDOM           , 1993, 12563.992188)
(UNITED KINGDOM           , 1992, 16287.484375)
(UNITED STATES            , 1996, 22004.988281)
(UNITED STATES            , 1995, 14703.287109)
(UNITED STATES            , 1994, 31871.205078)
(UNITED STATES            , 1993, 17489.632812)
(UNITED STATES            , 1992, 51596.648438)
(VIETNAM                  , 1998, 17071.500000)
(VIETNAM                  , 1997, 67757.023438)
(VIETNAM                  , 1996, 47168.925781)
(VIETNAM                  , 1994, 13464.675781)
(VIETNAM                  , 1993, 82385.750000)
(VIETNAM                  , 1992, 44338.230469)

  *observed
    Which is: (#0 varchar(25) nation.n_name, #1 int32 o_year, #2 float sum_profit) isEncrypted? false, order by: {<0, ASC> , <1, DESC> }
(ALGERIA                  , 1998, 57541.976562)
(ALGERIA                  , 1997, 40352.226562)
(ALGERIA                  , 1996, 28553.878906)
(ALGERIA                  , 1995, 760.748474)
(ALGERIA                  , 1994, 3560.459229)
(ALGERIA                  , 1993, 134806.921875)
(ARGENTINA                , 1997, 3632.039062)
(ARGENTINA                , 1996, 17728.257812)
(ARGENTINA                , 1995, 26986.142578)
(ARGENTINA                , 1994, 39792.207031)
(ARGENTINA                , 1993, 11622.720703)
(BRAZIL                   , 1998, 5264.498535)
(BRAZIL                   , 1996, 30408.992188)
(BRAZIL                   , 1995, 35118.644531)
(BRAZIL                   , 1994, 21057.994141)
(BRAZIL                   , 1992, 22433.457031)
(CANADA                   , 1996, 1112.125000)
(CANADA                   , 1995, 6326.425781)
(CANADA                   , 1993, -662.154297)
(CANADA                   , 1992, 824.417969)
(CHINA                    , 1998, 5375.051758)
(CHINA                    , 1997, 18529.187500)
(CHINA                    , 1996, 5851.890625)
(CHINA                    , 1995, 21206.753906)
(CHINA                    , 1994, 265951.531250)
(CHINA                    , 1993, 36112.691406)
(CHINA                    , 1992, 38142.273438)
(EGYPT                    , 1998, 53275.492188)
(EGYPT                    , 1997, 105643.468750)
(EGYPT                    , 1996, 68600.265625)
(EGYPT                    , 1995, 76161.250000)
(EGYPT                    , 1994, 83565.835938)
(EGYPT                    , 1992, 75957.898438)
(ETHIOPIA                 , 1998, 2352.882812)
(ETHIOPIA                 , 1997, 68822.390625)
(ETHIOPIA                 , 1996, 139771.687500)
(ETHIOPIA                 , 1995, 13130.244141)
(ETHIOPIA                 , 1994, 73547.265625)
(ETHIOPIA                 , 1993, 103754.414062)
(ETHIOPIA                 , 1992, 33779.308594)
(FRANCE                   , 1998, 75404.359375)
(FRANCE                   , 1997, 29408.152344)
(FRANCE                   , 1996, 31811.488281)
(FRANCE                   , 1995, 37802.843750)
(FRANCE                   , 1994, 90846.625000)
(FRANCE                   , 1993, 7542.125000)
(FRANCE                   , 1992, 28938.945312)
(GERMANY                  , 1997, 18998.882812)
(GERMANY                  , 1996, 61940.867188)
(GERMANY                  , 1994, 54178.476562)
(GERMANY                  , 1993, 22941.935547)
(INDIA                    , 1997, 34082.996094)
(INDIA                    , 1996, 32773.570312)
(INDIA                    , 1995, 78235.625000)
(INDIA                    , 1994, 99080.210938)
(INDONESIA                , 1998, 88759.750000)
(INDONESIA                , 1997, 102327.726562)
(INDONESIA                , 1996, 55765.093750)
(INDONESIA                , 1995, 12814.762695)
(INDONESIA                , 1994, 22191.386719)
(INDONESIA                , 1993, 3078.285645)
(INDONESIA                , 1992, 18181.216797)
(IRAN                     , 1998, 11557.237305)
(IRAN                     , 1997, 27722.011719)
(IRAN                     , 1996, 6350.759766)
(IRAN                     , 1994, 91140.632812)
(IRAN                     , 1993, 9581.722656)
(IRAN                     , 1992, 15728.652344)
(IRAQ                     , 1997, 21969.099609)
(IRAQ                     , 1994, 60081.554688)
(IRAQ                     , 1993, 99867.554688)
(JAPAN                    , 1998, 89472.828125)
(JAPAN                    , 1997, 69462.953125)
(JAPAN                    , 1996, 40146.621094)
(JAPAN                    , 1994, 33794.425781)
(JAPAN                    , 1993, 92209.656250)
(JAPAN                    , 1992, 24995.828125)
(JORDAN                   , 1997, 81961.546875)
(JORDAN                   , 1995, 3690.593750)
(JORDAN                   , 1994, 8024.242676)
(JORDAN                   , 1993, 22819.500000)
(KENYA                    , 1997, 24417.726562)
(KENYA                    , 1994, 25674.285156)
(KENYA                    , 1993, 54288.339844)
(KENYA                    , 1992, 50375.304688)
(MOROCCO                  , 1996, 34800.113281)
(MOROCCO                  , 1995, 21372.343750)
(MOROCCO                  , 1993, 58459.878906)
(MOZAMBIQUE               , 1998, 80594.656250)
(MOZAMBIQUE               , 1997, 25825.582031)
(MOZAMBIQUE               , 1996, 4412.207031)
(MOZAMBIQUE               , 1995, 165433.531250)
(MOZAMBIQUE               , 1994, 58402.929688)
(MOZAMBIQUE               , 1993, 48787.519531)
(MOZAMBIQUE               , 1992, 47031.476562)
(PERU                     , 1998, 10414.283203)
(PERU                     , 1996, 2236.264160)
(ROMANIA                  , 1995, 15471.058594)
(RUSSIA                   , 1998, 121881.882812)
(RUSSIA                   , 1997, 31704.767578)
(RUSSIA                   , 1996, 104390.734375)
(RUSSIA                   , 1995, 62305.742188)
(RUSSIA                   , 1994, 49044.183594)
(RUSSIA                   , 1993, 124048.726562)
(RUSSIA                   , 1992, 69396.156250)
(SAUDI ARABIA             , 1998, 31264.871094)
(SAUDI ARABIA             , 1997, 12577.217773)
(SAUDI ARABIA             , 1996, 31432.027344)
(SAUDI ARABIA             , 1995, 50238.738281)
(SAUDI ARABIA             , 1994, 38646.132812)
(SAUDI ARABIA             , 1993, 39386.582031)
(UNITED KINGDOM           , 1998, 29943.677734)
(UNITED KINGDOM           , 1997, 44174.488281)
(UNITED KINGDOM           , 1996, 25328.253906)
(UNITED KINGDOM           , 1995, 9844.456055)
(UNITED KINGDOM           , 1993, 12563.994141)
(UNITED KINGDOM           , 1992, 16287.484375)
(UNITED STATES            , 1996, 22004.988281)
(UNITED STATES            , 1995, 14703.287109)
(UNITED STATES            , 1994, 31871.201172)
(UNITED STATES            , 1993, 17489.632812)
(UNITED STATES            , 1992, 51596.648438)
(VIETNAM                  , 1998, 17071.501953)
(VIETNAM                  , 1997, 67757.031250)
(VIETNAM                  , 1996, 47168.921875)
(VIETNAM                  , 1994, 13464.676758)
(VIETNAM                  , 1993, 82385.750000)
(VIETNAM                  , 1992, 44338.226562)

[  FAILED  ] CostOptimizedTest.cost_optimized_tpch_q9 (1834075 ms)
[ RUN      ] CostOptimizedTest.cost_optimized_tpch_q18
Connecting to 126.137.1.10 on ports 7654, 65482 as 2
connected
EMP mode: sh2pc, storage mode: column store
Code version: aaab8b1c36f961a50172caf92085acacb0670290
GFlags: --flagfile=	--alice_db=tpch_alice_3000	--alice_host=126.137.1.10	--bob_db=tpch_bob_3000	--ctrl_port=65483--cutoff=100	--filter=*	--party=2	--port=7655	--storage=column	--unioned_db=tpch_unioned_3000	--validation=true	--log_level=2	--logfile=	

[Linux]Peak resident set size: 16515072 bytes, current memory size: 16515072 bytes.
Operator (9). smj cost : 1410026376, nlj cost : 20880000000, join type : keyed-sort-merge-join
Original Tree : 
#11: Sort<Bit> ({<-1, ASC> , <4, DESC> , <3, ASC> }) : (#0 shared-varchar(25) customer.c_name, #1 shared-int32(14) customer.c_custkey, #2 shared-int32(20) order_keys.o_orderkey, #3 shared-int64(28) orders.o_orderdate, #4 shared-float orders.o_totalprice, #5 shared-float sum_qty) order by: {<-1, ASC> , <4, DESC> , <3, ASC> }, cost est: 504037, output card: 100
    #10: Project<Bit> ((<0, P$6(200) shared-varchar>, <1, P$5(14) shared-int32>, <2, P$0(20) shared-int32>, <3, P$3(28) shared-int64>, <4, P$2(32) shared-float>, <5, P$4(32) shared-float>)) : (#0 shared-varchar(25) customer.c_name, #1 shared-int32(14) customer.c_custkey, #2 shared-int32(20) order_keys.o_orderkey, #3 shared-int64(28) orders.o_orderdate, #4 shared-float orders.o_totalprice, #5 shared-float sum_qty) order by: {<-1, ASC> }, cost est: 0, output card: 30000
        #9: SortMergeJoin<Bit> (P$1(14) == P$5(14)) : (#0 shared-int32(20) order_keys.o_orderkey, #1 shared-int32(14) orders.o_custkey, #2 shared-float orders.o_totalprice, #3 shared-int64(28) orders.o_orderdate, #4 shared-float sum_qty, #5 shared-int32(14) customer.c_custkey, #6 shared-varchar(25) customer.c_name) order by: {<-1, ASC> , <1, ASC> , <5, ASC> }, cost est: 1410026376, output card: 30000
            #7: Project<Bit> ((<0, P$0(20) shared-int32>, <1, P$3(14) shared-int32>, <2, P$4(32) shared-float>, <3, P$5(28) shared-int64>, <4, P$1(32) shared-float>)) : (#0 shared-int32(20) order_keys.o_orderkey, #1 shared-int32(14) orders.o_custkey, #2 shared-float orders.o_totalprice, #3 shared-int64(28) orders.o_orderdate, #4 shared-float sum_qty) order by: {<0, ASC> }, cost est: 0, output card: 30000
                #6: MergeJoin<Bit> (no-op) : (#0 shared-int32(20) order_keys.o_orderkey, #1 shared-float sum_qty, #2 shared-int32(20) orders.o_orderkey, #3 shared-int32(14) orders.o_custkey, #4 shared-float orders.o_totalprice, #5 shared-int64(28) orders.o_orderdate) order by: {<0, ASC> }, cost est: 90000, output card: 30000
                    #4: Filter<Bit> (P$1(32) > SECRET FLOAT) : (#0 shared-int32(20) order_keys.o_orderkey, #1 shared-float sum_qty) order by: {<0, ASC> }, cost est: 6390000, output card: 30000
                        #3: Project<Bit> ((<0, P$0(20) shared-int32>, <1, $1 + $3 shared-float>)) : (#0 shared-int32(20) order_keys.o_orderkey, #1 shared-float sum_qty) order by: {<0, ASC> }, cost est: 29580000, output card: 30000
                            #2: MergeJoin<Bit> (no-op) : (#0 shared-int32(20) order_keys.o_orderkey, #1 shared-float sum_qty, #2 shared-int32(20) order_keys.o_orderkey, #3 shared-float sum_qty) order by: {<0, ASC> }, cost est: 90000, output card: 30000
                                #0: SecureSqlInput<Bit> ("WITH all_keys AS (SELECT o_orderkey  FROM order_keys), sum_qtys AS (SELECT l_orderkey, sum(l_quantity) as sum_qty, false AS dummy_tag FROM lineitem GROUP BY l_orderkey ORDER BY l_orderkey) SELECT o_orderkey, COALESCE(sum_qty, 0.0) sum_qty, COALESCE(dummy_tag, true) dummy_tag FROM all_keys LEFT JOIN sum_qtys ON l_orderkey = o_orderkey ORDER BY o_orderkey ", tuple_count=30000) : (#0 shared-int32(20) order_keys.o_orderkey, #1 shared-float sum_qty) order by: {<0, ASC> }, cost est: 0, output card: 30000
                                #1: SecureSqlInput<Bit> ("WITH all_keys AS (SELECT o_orderkey  FROM order_keys), sum_qtys AS (SELECT l_orderkey, sum(l_quantity) as sum_qty, false AS dummy_tag FROM lineitem GROUP BY l_orderkey ORDER BY l_orderkey) SELECT o_orderkey, COALESCE(sum_qty, 0.0) sum_qty, COALESCE(dummy_tag, true) dummy_tag FROM all_keys LEFT JOIN sum_qtys ON l_orderkey = o_orderkey ORDER BY o_orderkey ", tuple_count=30000) : (#0 shared-int32(20) order_keys.o_orderkey, #1 shared-float sum_qty) order by: {<0, ASC> }, cost est: 0, output card: 30000
                    #5: SecureSqlInput<Bit> ("SELECT o_orderkey, o_custkey, o_totalprice, o_orderdate, false dummy_tag FROM orders ORDER BY o_orderkey", tuple_count=30000) : (#0 shared-int32(20) orders.o_orderkey, #1 shared-int32(14) orders.o_custkey, #2 shared-float orders.o_totalprice, #3 shared-int64(28) orders.o_orderdate) order by: {<0, ASC> }, cost est: 26324620, output card: 30000
            #8: SecureSqlInput<Bit> ("SELECT c_custkey, c_name FROM customer ORDER BY c_custkey", tuple_count=3000) : (#0 shared-int32(14) customer.c_custkey, #1 shared-varchar(25) customer.c_name) order by: {<0, ASC> }, cost est: 4019632, output card: 3000

Total Plans : 4
Cost Optimized Plan : 
#11: Sort<Bit> ({<-1, ASC> , <4, DESC> , <3, ASC> }) : (#0 shared-varchar(25) customer.c_name, #1 shared-int32(14) customer.c_custkey, #2 shared-int32(20) order_keys.o_orderkey, #3 shared-int64(28) orders.o_orderdate, #4 shared-float orders.o_totalprice, #5 shared-float sum_qty) order by: {<-1, ASC> , <4, DESC> , <3, ASC> }, cost est: 504037, output card: 100
    #10: Project<Bit> ((<0, P$6(200) shared-varchar>, <1, P$5(14) shared-int32>, <2, P$0(20) shared-int32>, <3, P$3(28) shared-int64>, <4, P$2(32) shared-float>, <5, P$4(32) shared-float>)) : (#0 shared-varchar(25) customer.c_name, #1 shared-int32(14) customer.c_custkey, #2 shared-int32(20) order_keys.o_orderkey, #3 shared-int64(28) orders.o_orderdate, #4 shared-float orders.o_totalprice, #5 shared-float sum_qty) order by: {<-1, ASC> }, cost est: 0, output card: 30000
        #9: SortMergeJoin<Bit> (P$1(14) == P$5(14)) : (#0 shared-int32(20) order_keys.o_orderkey, #1 shared-int32(14) orders.o_custkey, #2 shared-float orders.o_totalprice, #3 shared-int64(28) orders.o_orderdate, #4 shared-float sum_qty, #5 shared-int32(14) customer.c_custkey, #6 shared-varchar(25) customer.c_name) order by: {<-1, ASC> , <1, ASC> , <5, ASC> }, cost est: 971087584, output card: 30000
            #-1: Sort<Bit> ({<1, ASC> }) : (#0 shared-int32(20) order_keys.o_orderkey, #1 shared-int32(14) orders.o_custkey, #2 shared-float orders.o_totalprice, #3 shared-int64(28) orders.o_orderdate, #4 shared-float sum_qty) order by: {<1, ASC> }, cost est: 254954656, output card: 30000
                #7: Project<Bit> ((<0, P$0(20) shared-int32>, <1, P$3(14) shared-int32>, <2, P$4(32) shared-float>, <3, P$5(28) shared-int64>, <4, P$1(32) shared-float>)) : (#0 shared-int32(20) order_keys.o_orderkey, #1 shared-int32(14) orders.o_custkey, #2 shared-float orders.o_totalprice, #3 shared-int64(28) orders.o_orderdate, #4 shared-float sum_qty) order by: {<0, ASC> }, cost est: 0, output card: 30000
                    #6: MergeJoin<Bit> (no-op) : (#0 shared-int32(20) order_keys.o_orderkey, #1 shared-float sum_qty, #2 shared-int32(20) orders.o_orderkey, #3 shared-int32(14) orders.o_custkey, #4 shared-float orders.o_totalprice, #5 shared-int64(28) orders.o_orderdate) order by: {<0, ASC> }, cost est: 90000, output card: 30000
                        #4: Filter<Bit> (P$1(32) > SECRET FLOAT) : (#0 shared-int32(20) order_keys.o_orderkey, #1 shared-float sum_qty) order by: {<0, ASC> }, cost est: 6390000, output card: 30000
                            #3: Project<Bit> ((<0, P$0(20) shared-int32>, <1, $1 + $3 shared-float>)) : (#0 shared-int32(20) order_keys.o_orderkey, #1 shared-float anonymous) order by: {<0, ASC> }, cost est: 29580000, output card: 30000
                                #2: MergeJoin<Bit> (no-op) : (#0 shared-int32(20) order_keys.o_orderkey, #1 shared-float sum_qty, #2 shared-int32(20) order_keys.o_orderkey, #3 shared-float sum_qty) order by: {<0, ASC> }, cost est: 90000, output card: 30000
                                    #0: SecureSqlInput<Bit> ("WITH all_keys AS (SELECT o_orderkey  FROM order_keys), sum_qtys AS (SELECT l_orderkey, sum(l_quantity) as sum_qty, false AS dummy_tag FROM lineitem GROUP BY l_orderkey ORDER BY l_orderkey) SELECT o_orderkey, COALESCE(sum_qty, 0.0) sum_qty, COALESCE(dummy_tag, true) dummy_tag FROM all_keys LEFT JOIN sum_qtys ON l_orderkey = o_orderkey ORDER BY o_orderkey ", tuple_count=30000) : (#0 shared-int32(20) order_keys.o_orderkey, #1 shared-float sum_qty) order by: {<0, ASC> }, cost est: 0, output card: 30000
                                    #1: SecureSqlInput<Bit> ("WITH all_keys AS (SELECT o_orderkey  FROM order_keys), sum_qtys AS (SELECT l_orderkey, sum(l_quantity) as sum_qty, false AS dummy_tag FROM lineitem GROUP BY l_orderkey ORDER BY l_orderkey) SELECT o_orderkey, COALESCE(sum_qty, 0.0) sum_qty, COALESCE(dummy_tag, true) dummy_tag FROM all_keys LEFT JOIN sum_qtys ON l_orderkey = o_orderkey ORDER BY o_orderkey ", tuple_count=30000) : (#0 shared-int32(20) order_keys.o_orderkey, #1 shared-float sum_qty) order by: {<0, ASC> }, cost est: 0, output card: 30000
                        #5: SecureSqlInput<Bit> ("SELECT o_orderkey, o_custkey, o_totalprice, o_orderdate, false dummy_tag FROM orders ORDER BY o_orderkey", tuple_count=30000) : (#0 shared-int32(20) orders.o_orderkey, #1 shared-int32(14) orders.o_custkey, #2 shared-float orders.o_totalprice, #3 shared-int64(28) orders.o_orderdate) order by: {<0, ASC> }, cost est: 26324620, output card: 30000
            #8: SecureSqlInput<Bit> ("SELECT c_custkey, c_name FROM customer ORDER BY c_custkey", tuple_count=3000) : (#0 shared-int32(14) customer.c_custkey, #1 shared-varchar(25) customer.c_name) order by: {<0, ASC> }, cost est: 4019632, output card: 3000

Cost Optimization Time : 0.004667 sec
Operator #0 SecureSqlInput ran for 59.915000 ms, gate count: 0 output cardinality: 30000, row width=53
Operator #1 SecureSqlInput ran for 107.312000 ms, gate count: 0 output cardinality: 30000, row width=53
Operator #2 MergeJoin ran for 60.316000 ms, gate count: 60000 output cardinality: 30000, row width=105
Operator #3 Project ran for 2397.705000 ms, gate count: 29580000 output cardinality: 30000, row width=53
Operator #4 Filter ran for 522.610000 ms, gate count: 6420000 output cardinality: 30000, row width=53
Operator #5 SecureSqlInput ran for 2706.145000 ms, gate count: 25462464 output cardinality: 30000, row width=95
Operator #6 MergeJoin ran for 74.979000 ms, gate count: 60000 output cardinality: 30000, row width=147
Operator #7 Project ran for 15.071000 ms, gate count: 0 output cardinality: 30000, row width=127
Operator #-1 Sort ran for 21495.587000 ms, gate count: 245239680 output cardinality: 30000, row width=127
Operator #8 SecureSqlInput ran for 382.598000 ms, gate count: 3870440 output cardinality: 3000, row width=215
Operator #9 SortMergeJoin ran for 104261.333000 ms, gate count: 1598416328 output cardinality: 30000, row width=341
Operator #10 Project ran for 83.079000 ms, gate count: 0 output cardinality: 30000, row width=327
Operator #11 Sort ran for 51137.056000 ms, gate count: 677325600 output cardinality: 100, row width=327
Runtime: 183.688 sec, CPU Time: 140.153 sec, CPU clock ticks: 1.40153e+08, CPU clock ticks per second: 1000000
End-to-end estimated gates: 1.29304e+09. observed gates: 2275741928 gates, relative error (%)=43.1816
[Linux]Peak resident set size: 910700544 bytes, current memory size: 459124736 bytes.
Initial Memory: 16515072 bytes, Peak Memory After Execution: 910700544 bytes, Memory Usage: 894185472 bytes
Bandwidth: 342744 Bps
[       OK ] CostOptimizedTest.cost_optimized_tpch_q18 (184371 ms)
