[==========] Running 36 tests from 1 test suite.
[----------] Global test environment set-up.
[----------] 36 tests from SecureJoinAggCostComparisonTest
[ RUN      ] SecureJoinAggCostComparisonTest.test_10_2_sma
Connecting to 126.137.1.10 on ports 43455, 65470 as 2
connected
EMP mode: sh2pc, storage mode: column store
Code version: c5e64911af7158b541d1d04eebe5dae0b27dad38
GFlags: --flagfile=	--alice_db=tpch_alice_15000_join_cost	--alice_host=126.137.1.10	--bob_db=tpch_bob_15000_join_cost	--ctrl_port=65471	--filter=*	--party=2	--port=43456	--storage=column	--unioned_db=tpch_unioned_15000	--validation=true	--log_level=2	--logfile=	

Operator #-1 SecureSqlInput ran for 0.173000 ms, gate count: 0 output cardinality: 10, row width=177
Operator #-1 Sort ran for 2.960000 ms, gate count: 6404 output cardinality: 10, row width=177
compare and swap cost 199
compare and swap cost 199
Operator #-1 SortMergeAggregate ran for 0.613000 ms, gate count: 9904 output cardinality: 10, row width=53
SMA per_row_cost :  1163
SMA per_row_cost :  1163
Input cardinality: 10, output card: 2
Performing Sort Merge Agg
Observed gate count: 9904.613000
Runtime: 3.573000
[       OK ] SecureJoinAggCostComparisonTest.test_10_2_sma (2984 ms)
[ RUN      ] SecureJoinAggCostComparisonTest.test_10_2_nla
Connecting to 126.137.1.10 on ports 43456, 65471 as 2
connected
EMP mode: sh2pc, storage mode: column store
Code version: c5e64911af7158b541d1d04eebe5dae0b27dad38
GFlags: --flagfile=	--alice_db=tpch_alice_15000_join_cost	--alice_host=126.137.1.10	--bob_db=tpch_bob_15000_join_cost	--ctrl_port=65472	--filter=*	--party=2	--port=43457	--storage=column	--unioned_db=tpch_unioned_15000	--validation=true	--log_level=2	--logfile=	

Operator #-1 SecureSqlInput ran for 0.167000 ms, gate count: 0 output cardinality: 10, row width=177
Operator #-1 NestedLoopAggregate ran for 3.291000 ms, gate count: 22180 output cardinality: 2, row width=53
NLA per_row_cost :  1200
NLA per_row_cost :  1200
Operator #-1 Sort ran for 0.087000 ms, gate count: 72 output cardinality: 2, row width=53
compare and swap cost 75
compare and swap cost 75
Input cardinality: 10, output card: 2
Performing Nested Loop Agg
Observed gate count: 22180
Runtime: 3.291000
Failed to match on tuple count 3 vs 2
/home/vaultdb/vaultdb-core-cost-comparison/src/main/cpp/test/mpc/secure_join_agg_cost_comparison_test.cpp:233: Failure
Expected equality of these values:
  *expected
    Which is: (#0 varchar(1) lineitem.l_returnflag, #1 varchar(1) lineitem.l_linestatus, #2 float sum_qty, #3 int64 count_order) isEncrypted? false, order by: {<0, ASC> , <1, ASC> }
(A, F, 27.000000, 1)
(N, O, 183.000000, 7)
(R, F, 94.000000, 2)

  *observed
    Which is: (#0 varchar(1) lineitem.l_returnflag, #1 varchar(1) lineitem.l_linestatus, #2 float sum_qty, #3 int64 count_order) isEncrypted? false, order by: {<0, ASC> , <1, ASC> }
(N, O, 183.000000, 7)
(R, F, 94.000000, 2)

[  FAILED  ] SecureJoinAggCostComparisonTest.test_10_2_nla (246 ms)
[ RUN      ] SecureJoinAggCostComparisonTest.test_10_4_sma
Connecting to 126.137.1.10 on ports 43457, 65472 as 2
connected
EMP mode: sh2pc, storage mode: column store
Code version: c5e64911af7158b541d1d04eebe5dae0b27dad38
GFlags: --flagfile=	--alice_db=tpch_alice_15000_join_cost	--alice_host=126.137.1.10	--bob_db=tpch_bob_15000_join_cost	--ctrl_port=65473	--filter=*	--party=2	--port=43458	--storage=column	--unioned_db=tpch_unioned_15000	--validation=true	--log_level=2	--logfile=	

Operator #-1 SecureSqlInput ran for 0.167000 ms, gate count: 0 output cardinality: 10, row width=177
Operator #-1 Sort ran for 2.382000 ms, gate count: 6404 output cardinality: 10, row width=177
compare and swap cost 199
compare and swap cost 199
Operator #-1 SortMergeAggregate ran for 0.671000 ms, gate count: 9904 output cardinality: 10, row width=53
SMA per_row_cost :  1163
SMA per_row_cost :  1163
Input cardinality: 10, output card: 4
Performing Sort Merge Agg
Observed gate count: 9904.671000
Runtime: 3.053000
[       OK ] SecureJoinAggCostComparisonTest.test_10_4_sma (249 ms)
[ RUN      ] SecureJoinAggCostComparisonTest.test_10_4_nla
Connecting to 126.137.1.10 on ports 43458, 65473 as 2
connected
EMP mode: sh2pc, storage mode: column store
Code version: c5e64911af7158b541d1d04eebe5dae0b27dad38
GFlags: --flagfile=	--alice_db=tpch_alice_15000_join_cost	--alice_host=126.137.1.10	--bob_db=tpch_bob_15000_join_cost	--ctrl_port=65474	--filter=*	--party=2	--port=43459	--storage=column	--unioned_db=tpch_unioned_15000	--validation=true	--log_level=2	--logfile=	

Operator #-1 SecureSqlInput ran for 0.176000 ms, gate count: 0 output cardinality: 10, row width=177
Operator #-1 NestedLoopAggregate ran for 4.894000 ms, gate count: 44360 output cardinality: 4, row width=53
NLA per_row_cost :  1200
NLA per_row_cost :  1200
Operator #-1 Sort ran for 0.122000 ms, gate count: 420 output cardinality: 4, row width=53
compare and swap cost 75
compare and swap cost 75
Input cardinality: 10, output card: 4
Performing Nested Loop Agg
Observed gate count: 44360
Runtime: 4.894000
[       OK ] SecureJoinAggCostComparisonTest.test_10_4_nla (251 ms)
[ RUN      ] SecureJoinAggCostComparisonTest.test_10_8_sma
Connecting to 126.137.1.10 on ports 43459, 65474 as 2
connected
EMP mode: sh2pc, storage mode: column store
Code version: c5e64911af7158b541d1d04eebe5dae0b27dad38
GFlags: --flagfile=	--alice_db=tpch_alice_15000_join_cost	--alice_host=126.137.1.10	--bob_db=tpch_bob_15000_join_cost	--ctrl_port=65475	--filter=*	--party=2	--port=43460	--storage=column	--unioned_db=tpch_unioned_15000	--validation=true	--log_level=2	--logfile=	

Operator #-1 SecureSqlInput ran for 0.185000 ms, gate count: 0 output cardinality: 10, row width=177
Operator #-1 Sort ran for 2.299000 ms, gate count: 6404 output cardinality: 10, row width=177
compare and swap cost 199
compare and swap cost 199
Operator #-1 SortMergeAggregate ran for 0.681000 ms, gate count: 9904 output cardinality: 10, row width=53
SMA per_row_cost :  1163
SMA per_row_cost :  1163
Input cardinality: 10, output card: 8
Performing Sort Merge Agg
Observed gate count: 9904.681000
Runtime: 2.980000
[       OK ] SecureJoinAggCostComparisonTest.test_10_8_sma (247 ms)
[ RUN      ] SecureJoinAggCostComparisonTest.test_10_8_nla
Connecting to 126.137.1.10 on ports 43460, 65475 as 2
connected
EMP mode: sh2pc, storage mode: column store
Code version: c5e64911af7158b541d1d04eebe5dae0b27dad38
GFlags: --flagfile=	--alice_db=tpch_alice_15000_join_cost	--alice_host=126.137.1.10	--bob_db=tpch_bob_15000_join_cost	--ctrl_port=65476	--filter=*	--party=2	--port=43461	--storage=column	--unioned_db=tpch_unioned_15000	--validation=true	--log_level=2	--logfile=	

Operator #-1 SecureSqlInput ran for 0.163000 ms, gate count: 0 output cardinality: 10, row width=177
Operator #-1 NestedLoopAggregate ran for 9.485000 ms, gate count: 88720 output cardinality: 8, row width=53
NLA per_row_cost :  1200
NLA per_row_cost :  1200
Operator #-1 Sort ran for 0.229000 ms, gate count: 1680 output cardinality: 8, row width=53
compare and swap cost 75
compare and swap cost 75
Input cardinality: 10, output card: 8
Performing Nested Loop Agg
Observed gate count: 88720
Runtime: 9.485000
[       OK ] SecureJoinAggCostComparisonTest.test_10_8_nla (255 ms)
[ RUN      ] SecureJoinAggCostComparisonTest.test_100_2_sma
Connecting to 126.137.1.10 on ports 43461, 65476 as 2
connected
EMP mode: sh2pc, storage mode: column store
Code version: c5e64911af7158b541d1d04eebe5dae0b27dad38
GFlags: --flagfile=	--alice_db=tpch_alice_15000_join_cost	--alice_host=126.137.1.10	--bob_db=tpch_bob_15000_join_cost	--ctrl_port=65477	--filter=*	--party=2	--port=43462	--storage=column	--unioned_db=tpch_unioned_15000	--validation=true	--log_level=2	--logfile=	

Operator #-1 SecureSqlInput ran for 0.744000 ms, gate count: 0 output cardinality: 100, row width=177
Operator #-1 Sort ran for 21.592000 ms, gate count: 231636 output cardinality: 100, row width=177
compare and swap cost 199
compare and swap cost 199
Operator #-1 SortMergeAggregate ran for 7.919000 ms, gate count: 109232 output cardinality: 100, row width=56
SMA per_row_cost :  1169
SMA per_row_cost :  1169
Input cardinality: 100, output card: 2
Performing Sort Merge Agg
Observed gate count: 109239.919000
Runtime: 29.511000
[       OK ] SecureJoinAggCostComparisonTest.test_100_2_sma (284 ms)
[ RUN      ] SecureJoinAggCostComparisonTest.test_100_2_nla
Connecting to 126.137.1.10 on ports 43462, 65477 as 2
connected
EMP mode: sh2pc, storage mode: column store
Code version: c5e64911af7158b541d1d04eebe5dae0b27dad38
GFlags: --flagfile=	--alice_db=tpch_alice_15000_join_cost	--alice_host=126.137.1.10	--bob_db=tpch_bob_15000_join_cost	--ctrl_port=65478	--filter=*	--party=2	--port=43463	--storage=column	--unioned_db=tpch_unioned_15000	--validation=true	--log_level=2	--logfile=	

Operator #-1 SecureSqlInput ran for 0.607000 ms, gate count: 0 output cardinality: 100, row width=177
Operator #-1 NestedLoopAggregate ran for 16.411000 ms, gate count: 223600 output cardinality: 2, row width=56
NLA per_row_cost :  1209
NLA per_row_cost :  1209
Operator #-1 Sort ran for 0.099000 ms, gate count: 76 output cardinality: 2, row width=56
compare and swap cost 78
compare and swap cost 78
Input cardinality: 100, output card: 2
Performing Nested Loop Agg
Observed gate count: 223600
Runtime: 16.411000
Failed to match on tuple count 3 vs 2
/home/vaultdb/vaultdb-core-cost-comparison/src/main/cpp/test/mpc/secure_join_agg_cost_comparison_test.cpp:233: Failure
Expected equality of these values:
  *expected
    Which is: (#0 varchar(1) lineitem.l_returnflag, #1 varchar(1) lineitem.l_linestatus, #2 float sum_qty, #3 int64 count_order) isEncrypted? false, order by: {<0, ASC> , <1, ASC> }
(A, F, 665.000000, 25)
(N, O, 1447.000000, 54)
(R, F, 409.000000, 16)

  *observed
    Which is: (#0 varchar(1) lineitem.l_returnflag, #1 varchar(1) lineitem.l_linestatus, #2 float sum_qty, #3 int64 count_order) isEncrypted? false, order by: {<0, ASC> , <1, ASC> }
(A, F, 665.000000, 25)
(N, O, 1447.000000, 54)

[  FAILED  ] SecureJoinAggCostComparisonTest.test_100_2_nla (263 ms)
[ RUN      ] SecureJoinAggCostComparisonTest.test_100_4_sma
Connecting to 126.137.1.10 on ports 43463, 65478 as 2
connected
EMP mode: sh2pc, storage mode: column store
Code version: c5e64911af7158b541d1d04eebe5dae0b27dad38
GFlags: --flagfile=	--alice_db=tpch_alice_15000_join_cost	--alice_host=126.137.1.10	--bob_db=tpch_bob_15000_join_cost	--ctrl_port=65479	--filter=*	--party=2	--port=43464	--storage=column	--unioned_db=tpch_unioned_15000	--validation=true	--log_level=2	--logfile=	

Operator #-1 SecureSqlInput ran for 0.626000 ms, gate count: 0 output cardinality: 100, row width=177
Operator #-1 Sort ran for 24.552000 ms, gate count: 231636 output cardinality: 100, row width=177
compare and swap cost 199
compare and swap cost 199
Operator #-1 SortMergeAggregate ran for 9.347000 ms, gate count: 109232 output cardinality: 100, row width=56
SMA per_row_cost :  1169
SMA per_row_cost :  1169
Input cardinality: 100, output card: 4
Performing Sort Merge Agg
Observed gate count: 109241.347000
Runtime: 33.899000
[       OK ] SecureJoinAggCostComparisonTest.test_100_4_sma (289 ms)
[ RUN      ] SecureJoinAggCostComparisonTest.test_100_4_nla
Connecting to 126.137.1.10 on ports 43464, 65479 as 2
connected
EMP mode: sh2pc, storage mode: column store
Code version: c5e64911af7158b541d1d04eebe5dae0b27dad38
GFlags: --flagfile=	--alice_db=tpch_alice_15000_join_cost	--alice_host=126.137.1.10	--bob_db=tpch_bob_15000_join_cost	--ctrl_port=65480	--filter=*	--party=2	--port=43465	--storage=column	--unioned_db=tpch_unioned_15000	--validation=true	--log_level=2	--logfile=	

Operator #-1 SecureSqlInput ran for 0.594000 ms, gate count: 0 output cardinality: 100, row width=177
Operator #-1 NestedLoopAggregate ran for 32.863000 ms, gate count: 447200 output cardinality: 4, row width=56
NLA per_row_cost :  1209
NLA per_row_cost :  1209
Operator #-1 Sort ran for 0.132000 ms, gate count: 440 output cardinality: 4, row width=56
compare and swap cost 78
compare and swap cost 78
Input cardinality: 100, output card: 4
Performing Nested Loop Agg
Observed gate count: 447200
Runtime: 32.863000
[       OK ] SecureJoinAggCostComparisonTest.test_100_4_nla (280 ms)
[ RUN      ] SecureJoinAggCostComparisonTest.test_100_8_sma
Connecting to 126.137.1.10 on ports 43465, 65480 as 2
connected
EMP mode: sh2pc, storage mode: column store
Code version: c5e64911af7158b541d1d04eebe5dae0b27dad38
GFlags: --flagfile=	--alice_db=tpch_alice_15000_join_cost	--alice_host=126.137.1.10	--bob_db=tpch_bob_15000_join_cost	--ctrl_port=65481	--filter=*	--party=2	--port=43466	--storage=column	--unioned_db=tpch_unioned_15000	--validation=true	--log_level=2	--logfile=	

Operator #-1 SecureSqlInput ran for 0.625000 ms, gate count: 0 output cardinality: 100, row width=177
Operator #-1 Sort ran for 22.874000 ms, gate count: 231636 output cardinality: 100, row width=177
compare and swap cost 199
compare and swap cost 199
Operator #-1 SortMergeAggregate ran for 8.865000 ms, gate count: 109232 output cardinality: 100, row width=56
SMA per_row_cost :  1169
SMA per_row_cost :  1169
Input cardinality: 100, output card: 8
Performing Sort Merge Agg
Observed gate count: 109240.865000
Runtime: 31.739000
[       OK ] SecureJoinAggCostComparisonTest.test_100_8_sma (285 ms)
[ RUN      ] SecureJoinAggCostComparisonTest.test_100_8_nla
Connecting to 126.137.1.10 on ports 43466, 65481 as 2
connected
EMP mode: sh2pc, storage mode: column store
Code version: c5e64911af7158b541d1d04eebe5dae0b27dad38
GFlags: --flagfile=	--alice_db=tpch_alice_15000_join_cost	--alice_host=126.137.1.10	--bob_db=tpch_bob_15000_join_cost	--ctrl_port=65482	--filter=*	--party=2	--port=43467	--storage=column	--unioned_db=tpch_unioned_15000	--validation=true	--log_level=2	--logfile=	

Operator #-1 SecureSqlInput ran for 0.625000 ms, gate count: 0 output cardinality: 100, row width=177
Operator #-1 NestedLoopAggregate ran for 67.516000 ms, gate count: 894400 output cardinality: 8, row width=56
NLA per_row_cost :  1209
NLA per_row_cost :  1209
Operator #-1 Sort ran for 0.223000 ms, gate count: 1752 output cardinality: 8, row width=56
compare and swap cost 78
compare and swap cost 78
Input cardinality: 100, output card: 8
Performing Nested Loop Agg
Observed gate count: 894400
Runtime: 67.516000
[       OK ] SecureJoinAggCostComparisonTest.test_100_8_nla (314 ms)
[ RUN      ] SecureJoinAggCostComparisonTest.test_1000_2_sma
Connecting to 126.137.1.10 on ports 43467, 65482 as 2
connected
EMP mode: sh2pc, storage mode: column store
Code version: c5e64911af7158b541d1d04eebe5dae0b27dad38
GFlags: --flagfile=	--alice_db=tpch_alice_15000_join_cost	--alice_host=126.137.1.10	--bob_db=tpch_bob_15000_join_cost	--ctrl_port=65483	--filter=*	--party=2	--port=43468	--storage=column	--unioned_db=tpch_unioned_15000	--validation=true	--log_level=2	--logfile=	

Operator #-1 SecureSqlInput ran for 8.210000 ms, gate count: 0 output cardinality: 1000, row width=177
Operator #-1 Sort ran for 400.168000 ms, gate count: 5234896 output cardinality: 1000, row width=177
compare and swap cost 199
compare and swap cost 199
Operator #-1 SortMergeAggregate ran for 72.255000 ms, gate count: 1107924 output cardinality: 1000, row width=59
SMA per_row_cost :  1175
SMA per_row_cost :  1175
Input cardinality: 1000, output card: 2
Performing Sort Merge Agg
Observed gate count: 1107996.255000
Runtime: 472.423000
[       OK ] SecureJoinAggCostComparisonTest.test_1000_2_sma (921 ms)
[ RUN      ] SecureJoinAggCostComparisonTest.test_1000_2_nla
Connecting to 126.137.1.10 on ports 43468, 65483 as 2
connected
EMP mode: sh2pc, storage mode: column store
Code version: c5e64911af7158b541d1d04eebe5dae0b27dad38
GFlags: --flagfile=	--alice_db=tpch_alice_15000_join_cost	--alice_host=126.137.1.10	--bob_db=tpch_bob_15000_join_cost	--ctrl_port=65484	--filter=*	--party=2	--port=43469	--storage=column	--unioned_db=tpch_unioned_15000	--validation=true	--log_level=2	--logfile=	

Operator #-1 SecureSqlInput ran for 6.809000 ms, gate count: 0 output cardinality: 1000, row width=177
Operator #-1 NestedLoopAggregate ran for 168.203000 ms, gate count: 2254000 output cardinality: 2, row width=59
NLA per_row_cost :  1218
NLA per_row_cost :  1218
Operator #-1 Sort ran for 0.097000 ms, gate count: 76 output cardinality: 2, row width=59
compare and swap cost 81
compare and swap cost 81
Input cardinality: 1000, output card: 2
Performing Nested Loop Agg
Observed gate count: 2254000
Runtime: 168.203000
Failed to match on tuple count 4 vs 2
/home/vaultdb/vaultdb-core-cost-comparison/src/main/cpp/test/mpc/secure_join_agg_cost_comparison_test.cpp:233: Failure
Expected equality of these values:
  *expected
    Which is: (#0 varchar(1) lineitem.l_returnflag, #1 varchar(1) lineitem.l_linestatus, #2 float sum_qty, #3 int64 count_order) isEncrypted? false, order by: {<0, ASC> , <1, ASC> }
(A, F, 6536.000000, 258)
(N, F, 299.000000, 10)
(N, O, 11887.000000, 469)
(R, F, 6013.000000, 241)

  *observed
    Which is: (#0 varchar(1) lineitem.l_returnflag, #1 varchar(1) lineitem.l_linestatus, #2 float sum_qty, #3 int64 count_order) isEncrypted? false, order by: {<0, ASC> , <1, ASC> }
(A, F, 6536.000000, 258)
(N, F, 299.000000, 10)

[  FAILED  ] SecureJoinAggCostComparisonTest.test_1000_2_nla (422 ms)
[ RUN      ] SecureJoinAggCostComparisonTest.test_1000_4_sma
Connecting to 126.137.1.10 on ports 43469, 65484 as 2
connected
EMP mode: sh2pc, storage mode: column store
Code version: c5e64911af7158b541d1d04eebe5dae0b27dad38
GFlags: --flagfile=	--alice_db=tpch_alice_15000_join_cost	--alice_host=126.137.1.10	--bob_db=tpch_bob_15000_join_cost	--ctrl_port=65485	--filter=*	--party=2	--port=43470	--storage=column	--unioned_db=tpch_unioned_15000	--validation=true	--log_level=2	--logfile=	

Operator #-1 SecureSqlInput ran for 6.959000 ms, gate count: 0 output cardinality: 1000, row width=177
Operator #-1 Sort ran for 403.512000 ms, gate count: 5234896 output cardinality: 1000, row width=177
compare and swap cost 199
compare and swap cost 199
Operator #-1 SortMergeAggregate ran for 79.484000 ms, gate count: 1107924 output cardinality: 1000, row width=59
SMA per_row_cost :  1175
SMA per_row_cost :  1175
Input cardinality: 1000, output card: 4
Performing Sort Merge Agg
Observed gate count: 1108003.484000
Runtime: 482.996000
[       OK ] SecureJoinAggCostComparisonTest.test_1000_4_sma (932 ms)
[ RUN      ] SecureJoinAggCostComparisonTest.test_1000_4_nla
Connecting to 126.137.1.10 on ports 43470, 65485 as 2
connected
EMP mode: sh2pc, storage mode: column store
Code version: c5e64911af7158b541d1d04eebe5dae0b27dad38
GFlags: --flagfile=	--alice_db=tpch_alice_15000_join_cost	--alice_host=126.137.1.10	--bob_db=tpch_bob_15000_join_cost	--ctrl_port=65486	--filter=*	--party=2	--port=43471	--storage=column	--unioned_db=tpch_unioned_15000	--validation=true	--log_level=2	--logfile=	

Operator #-1 SecureSqlInput ran for 7.047000 ms, gate count: 0 output cardinality: 1000, row width=177
Operator #-1 NestedLoopAggregate ran for 327.605000 ms, gate count: 4508000 output cardinality: 4, row width=59
NLA per_row_cost :  1218
NLA per_row_cost :  1218
Operator #-1 Sort ran for 0.132000 ms, gate count: 456 output cardinality: 4, row width=59
compare and swap cost 81
compare and swap cost 81
Input cardinality: 1000, output card: 4
Performing Nested Loop Agg
Observed gate count: 4508000
Runtime: 327.605000
[       OK ] SecureJoinAggCostComparisonTest.test_1000_4_nla (585 ms)
[ RUN      ] SecureJoinAggCostComparisonTest.test_1000_8_sma
Connecting to 126.137.1.10 on ports 43471, 65486 as 2
connected
EMP mode: sh2pc, storage mode: column store
Code version: c5e64911af7158b541d1d04eebe5dae0b27dad38
GFlags: --flagfile=	--alice_db=tpch_alice_15000_join_cost	--alice_host=126.137.1.10	--bob_db=tpch_bob_15000_join_cost	--ctrl_port=65487	--filter=*	--party=2	--port=43472	--storage=column	--unioned_db=tpch_unioned_15000	--validation=true	--log_level=2	--logfile=	

Operator #-1 SecureSqlInput ran for 6.892000 ms, gate count: 0 output cardinality: 1000, row width=177
Operator #-1 Sort ran for 407.543000 ms, gate count: 5234896 output cardinality: 1000, row width=177
compare and swap cost 199
compare and swap cost 199
Operator #-1 SortMergeAggregate ran for 76.079000 ms, gate count: 1107924 output cardinality: 1000, row width=59
SMA per_row_cost :  1175
SMA per_row_cost :  1175
Input cardinality: 1000, output card: 8
Performing Sort Merge Agg
Observed gate count: 1108000.079000
Runtime: 483.622000
[       OK ] SecureJoinAggCostComparisonTest.test_1000_8_sma (933 ms)
[ RUN      ] SecureJoinAggCostComparisonTest.test_1000_8_nla
Connecting to 126.137.1.10 on ports 43472, 65487 as 2
connected
EMP mode: sh2pc, storage mode: column store
Code version: c5e64911af7158b541d1d04eebe5dae0b27dad38
GFlags: --flagfile=	--alice_db=tpch_alice_15000_join_cost	--alice_host=126.137.1.10	--bob_db=tpch_bob_15000_join_cost	--ctrl_port=65488	--filter=*	--party=2	--port=43473	--storage=column	--unioned_db=tpch_unioned_15000	--validation=true	--log_level=2	--logfile=	

Operator #-1 SecureSqlInput ran for 6.946000 ms, gate count: 0 output cardinality: 1000, row width=177
Operator #-1 NestedLoopAggregate ran for 651.866000 ms, gate count: 9016000 output cardinality: 8, row width=59
NLA per_row_cost :  1218
NLA per_row_cost :  1218
Operator #-1 Sort ran for 0.229000 ms, gate count: 1824 output cardinality: 8, row width=59
compare and swap cost 81
compare and swap cost 81
Input cardinality: 1000, output card: 8
Performing Nested Loop Agg
Observed gate count: 9016000
Runtime: 651.866000
[       OK ] SecureJoinAggCostComparisonTest.test_1000_8_nla (910 ms)
[ RUN      ] SecureJoinAggCostComparisonTest.test_10000_2_sma
Connecting to 126.137.1.10 on ports 43473, 65488 as 2
connected
EMP mode: sh2pc, storage mode: column store
Code version: c5e64911af7158b541d1d04eebe5dae0b27dad38
GFlags: --flagfile=	--alice_db=tpch_alice_15000_join_cost	--alice_host=126.137.1.10	--bob_db=tpch_bob_15000_join_cost	--ctrl_port=65489	--filter=*	--party=2	--port=43474	--storage=column	--unioned_db=tpch_unioned_15000	--validation=true	--log_level=2	--logfile=	

Operator #-1 SecureSqlInput ran for 83.912000 ms, gate count: 0 output cardinality: 10000, row width=177
Operator #-1 Sort ran for 6717.420000 ms, gate count: 88057376 output cardinality: 10000, row width=177
compare and swap cost 199
compare and swap cost 199
Operator #-1 SortMergeAggregate ran for 804.244000 ms, gate count: 11168916 output cardinality: 10000, row width=63
SMA per_row_cost :  1183
SMA per_row_cost :  1183
Input cardinality: 10000, output card: 2
Performing Sort Merge Agg
Observed gate count: 11169720.244000
Runtime: 7521.664000
[       OK ] SecureJoinAggCostComparisonTest.test_10000_2_sma (11217 ms)
[ RUN      ] SecureJoinAggCostComparisonTest.test_10000_2_nla
Connecting to 126.137.1.10 on ports 43474, 65489 as 2
connected
EMP mode: sh2pc, storage mode: column store
Code version: c5e64911af7158b541d1d04eebe5dae0b27dad38
GFlags: --flagfile=	--alice_db=tpch_alice_15000_join_cost	--alice_host=126.137.1.10	--bob_db=tpch_bob_15000_join_cost	--ctrl_port=65490	--filter=*	--party=2	--port=43475	--storage=column	--unioned_db=tpch_unioned_15000	--validation=true	--log_level=2	--logfile=	

Operator #-1 SecureSqlInput ran for 78.231000 ms, gate count: 0 output cardinality: 10000, row width=177
Operator #-1 NestedLoopAggregate ran for 1503.802000 ms, gate count: 22780000 output cardinality: 2, row width=63
NLA per_row_cost :  1230
NLA per_row_cost :  1230
Operator #-1 Sort ran for 0.103000 ms, gate count: 80 output cardinality: 2, row width=63
compare and swap cost 85
compare and swap cost 85
Input cardinality: 10000, output card: 2
Performing Nested Loop Agg
Observed gate count: 22780000
Runtime: 1503.802000
Failed to match on tuple count 4 vs 2
/home/vaultdb/vaultdb-core-cost-comparison/src/main/cpp/test/mpc/secure_join_agg_cost_comparison_test.cpp:233: Failure
Expected equality of these values:
  *expected
    Which is: (#0 varchar(1) lineitem.l_returnflag, #1 varchar(1) lineitem.l_linestatus, #2 float sum_qty, #3 int64 count_order) isEncrypted? false, order by: {<0, ASC> , <1, ASC> }
(A, F, 61294.000000, 2434)
(N, F, 1852.000000, 70)
(N, O, 124183.000000, 4828)
(R, F, 62210.000000, 2415)

  *observed
    Which is: (#0 varchar(1) lineitem.l_returnflag, #1 varchar(1) lineitem.l_linestatus, #2 float sum_qty, #3 int64 count_order) isEncrypted? false, order by: {<0, ASC> , <1, ASC> }
(A, F, 61294.000000, 2434)
(N, F, 1852.000000, 70)

[  FAILED  ] SecureJoinAggCostComparisonTest.test_10000_2_nla (1865 ms)
[ RUN      ] SecureJoinAggCostComparisonTest.test_10000_4_sma
Connecting to 126.137.1.10 on ports 43475, 65490 as 2
connected
EMP mode: sh2pc, storage mode: column store
Code version: c5e64911af7158b541d1d04eebe5dae0b27dad38
GFlags: --flagfile=	--alice_db=tpch_alice_15000_join_cost	--alice_host=126.137.1.10	--bob_db=tpch_bob_15000_join_cost	--ctrl_port=65491	--filter=*	--party=2	--port=43476	--storage=column	--unioned_db=tpch_unioned_15000	--validation=true	--log_level=2	--logfile=	

Operator #-1 SecureSqlInput ran for 72.094000 ms, gate count: 0 output cardinality: 10000, row width=177
Operator #-1 Sort ran for 6708.325000 ms, gate count: 88057376 output cardinality: 10000, row width=177
compare and swap cost 199
compare and swap cost 199
Operator #-1 SortMergeAggregate ran for 812.098000 ms, gate count: 11168916 output cardinality: 10000, row width=63
SMA per_row_cost :  1183
SMA per_row_cost :  1183
Input cardinality: 10000, output card: 4
Performing Sort Merge Agg
Observed gate count: 11169728.098000
Runtime: 7520.423000
[       OK ] SecureJoinAggCostComparisonTest.test_10000_4_sma (11222 ms)
[ RUN      ] SecureJoinAggCostComparisonTest.test_10000_4_nla
Connecting to 126.137.1.10 on ports 43476, 65491 as 2
connected
EMP mode: sh2pc, storage mode: column store
Code version: c5e64911af7158b541d1d04eebe5dae0b27dad38
GFlags: --flagfile=	--alice_db=tpch_alice_15000_join_cost	--alice_host=126.137.1.10	--bob_db=tpch_bob_15000_join_cost	--ctrl_port=65492	--filter=*	--party=2	--port=43477	--storage=column	--unioned_db=tpch_unioned_15000	--validation=true	--log_level=2	--logfile=	

Operator #-1 SecureSqlInput ran for 76.659000 ms, gate count: 0 output cardinality: 10000, row width=177
Operator #-1 NestedLoopAggregate ran for 3268.470000 ms, gate count: 45560000 output cardinality: 4, row width=63
NLA per_row_cost :  1230
NLA per_row_cost :  1230
Operator #-1 Sort ran for 0.139000 ms, gate count: 480 output cardinality: 4, row width=63
compare and swap cost 85
compare and swap cost 85
Input cardinality: 10000, output card: 4
Performing Nested Loop Agg
Observed gate count: 45560000
Runtime: 3268.470000
[       OK ] SecureJoinAggCostComparisonTest.test_10000_4_nla (3632 ms)
[ RUN      ] SecureJoinAggCostComparisonTest.test_10000_8_sma
Connecting to 126.137.1.10 on ports 43477, 65492 as 2
connected
EMP mode: sh2pc, storage mode: column store
Code version: c5e64911af7158b541d1d04eebe5dae0b27dad38
GFlags: --flagfile=	--alice_db=tpch_alice_15000_join_cost	--alice_host=126.137.1.10	--bob_db=tpch_bob_15000_join_cost	--ctrl_port=65493	--filter=*	--party=2	--port=43478	--storage=column	--unioned_db=tpch_unioned_15000	--validation=true	--log_level=2	--logfile=	

Operator #-1 SecureSqlInput ran for 75.171000 ms, gate count: 0 output cardinality: 10000, row width=177
Operator #-1 Sort ran for 6753.856000 ms, gate count: 88057376 output cardinality: 10000, row width=177
compare and swap cost 199
compare and swap cost 199
Operator #-1 SortMergeAggregate ran for 827.139000 ms, gate count: 11168916 output cardinality: 10000, row width=63
SMA per_row_cost :  1183
SMA per_row_cost :  1183
Input cardinality: 10000, output card: 8
Performing Sort Merge Agg
Observed gate count: 11169743.139000
Runtime: 7580.995000
[       OK ] SecureJoinAggCostComparisonTest.test_10000_8_sma (11318 ms)
[ RUN      ] SecureJoinAggCostComparisonTest.test_10000_8_nla
Connecting to 126.137.1.10 on ports 43478, 65493 as 2
connected
EMP mode: sh2pc, storage mode: column store
Code version: c5e64911af7158b541d1d04eebe5dae0b27dad38
GFlags: --flagfile=	--alice_db=tpch_alice_15000_join_cost	--alice_host=126.137.1.10	--bob_db=tpch_bob_15000_join_cost	--ctrl_port=65494	--filter=*	--party=2	--port=43479	--storage=column	--unioned_db=tpch_unioned_15000	--validation=true	--log_level=2	--logfile=	

Operator #-1 SecureSqlInput ran for 78.277000 ms, gate count: 0 output cardinality: 10000, row width=177
Operator #-1 NestedLoopAggregate ran for 6816.038000 ms, gate count: 91120000 output cardinality: 8, row width=63
NLA per_row_cost :  1230
NLA per_row_cost :  1230
Operator #-1 Sort ran for 0.265000 ms, gate count: 1920 output cardinality: 8, row width=63
compare and swap cost 85
compare and swap cost 85
Input cardinality: 10000, output card: 8
Performing Nested Loop Agg
Observed gate count: 91120000
Runtime: 6816.038000
[       OK ] SecureJoinAggCostComparisonTest.test_10000_8_nla (7186 ms)
[ RUN      ] SecureJoinAggCostComparisonTest.test_100000_2_sma
Connecting to 126.137.1.10 on ports 43479, 65494 as 2
connected
EMP mode: sh2pc, storage mode: column store
Code version: c5e64911af7158b541d1d04eebe5dae0b27dad38
GFlags: --flagfile=	--alice_db=tpch_alice_15000_join_cost	--alice_host=126.137.1.10	--bob_db=tpch_bob_15000_join_cost	--ctrl_port=65495	--filter=*	--party=2	--port=43480	--storage=column	--unioned_db=tpch_unioned_15000	--validation=true	--log_level=2	--logfile=	

Operator #-1 SecureSqlInput ran for 965.387000 ms, gate count: 0 output cardinality: 100000, row width=177
Operator #-1 Sort ran for 105256.467000 ms, gate count: 1374783328 output cardinality: 100000, row width=177
compare and swap cost 199
compare and swap cost 199
Operator #-1 SortMergeAggregate ran for 8428.254000 ms, gate count: 112298912 output cardinality: 100000, row width=66
SMA per_row_cost :  1189
SMA per_row_cost :  1189
Input cardinality: 100000, output card: 2
Performing Sort Merge Agg
Observed gate count: 112307340.254000
Runtime: 113684.721000
[       OK ] SecureJoinAggCostComparisonTest.test_100000_2_sma (168937 ms)
[ RUN      ] SecureJoinAggCostComparisonTest.test_100000_2_nla
Connecting to 126.137.1.10 on ports 43480, 65495 as 2
connected
EMP mode: sh2pc, storage mode: column store
Code version: c5e64911af7158b541d1d04eebe5dae0b27dad38
GFlags: --flagfile=	--alice_db=tpch_alice_15000_join_cost	--alice_host=126.137.1.10	--bob_db=tpch_bob_15000_join_cost	--ctrl_port=65496	--filter=*	--party=2	--port=43481	--storage=column	--unioned_db=tpch_unioned_15000	--validation=true	--log_level=2	--logfile=	

Operator #-1 SecureSqlInput ran for 941.714000 ms, gate count: 0 output cardinality: 100000, row width=177
Operator #-1 NestedLoopAggregate ran for 16075.632000 ms, gate count: 229600000 output cardinality: 2, row width=66
NLA per_row_cost :  1239
NLA per_row_cost :  1239
Operator #-1 Sort ran for 0.131000 ms, gate count: 84 output cardinality: 2, row width=66
compare and swap cost 88
compare and swap cost 88
Input cardinality: 100000, output card: 2
Performing Nested Loop Agg
Observed gate count: 229600000
Runtime: 16075.632000
Failed to match on tuple count 4 vs 2
/home/vaultdb/vaultdb-core-cost-comparison/src/main/cpp/test/mpc/secure_join_agg_cost_comparison_test.cpp:233: Failure
Expected equality of these values:
  *expected
    Which is: (#0 varchar(1) lineitem.l_returnflag, #1 varchar(1) lineitem.l_linestatus, #2 float sum_qty, #3 int64 count_order) isEncrypted? false, order by: {<0, ASC> , <1, ASC> }
(A, F, 629003.000000, 24578)
(N, F, 15338.000000, 589)
(N, O, 1213665.000000, 47698)
(R, F, 625965.000000, 24514)

  *observed
    Which is: (#0 varchar(1) lineitem.l_returnflag, #1 varchar(1) lineitem.l_linestatus, #2 float sum_qty, #3 int64 count_order) isEncrypted? false, order by: {<0, ASC> , <1, ASC> }
(A, F, 629003.000000, 24578)
(N, F, 15338.000000, 589)

[  FAILED  ] SecureJoinAggCostComparisonTest.test_100000_2_nla (17691 ms)
[ RUN      ] SecureJoinAggCostComparisonTest.test_100000_4_sma
Connecting to 126.137.1.10 on ports 43481, 65496 as 2
connected
EMP mode: sh2pc, storage mode: column store
Code version: c5e64911af7158b541d1d04eebe5dae0b27dad38
GFlags: --flagfile=	--alice_db=tpch_alice_15000_join_cost	--alice_host=126.137.1.10	--bob_db=tpch_bob_15000_join_cost	--ctrl_port=65497	--filter=*	--party=2	--port=43482	--storage=column	--unioned_db=tpch_unioned_15000	--validation=true	--log_level=2	--logfile=	

Operator #-1 SecureSqlInput ran for 927.597000 ms, gate count: 0 output cardinality: 100000, row width=177
Operator #-1 Sort ran for 105431.838000 ms, gate count: 1374783328 output cardinality: 100000, row width=177
compare and swap cost 199
compare and swap cost 199
Operator #-1 SortMergeAggregate ran for 8381.366000 ms, gate count: 112298912 output cardinality: 100000, row width=66
SMA per_row_cost :  1189
SMA per_row_cost :  1189
Input cardinality: 100000, output card: 4
Performing Sort Merge Agg
Observed gate count: 112307293.366000
Runtime: 113813.204000
[       OK ] SecureJoinAggCostComparisonTest.test_100000_4_sma (168882 ms)
[ RUN      ] SecureJoinAggCostComparisonTest.test_100000_4_nla
Connecting to 126.137.1.10 on ports 43482, 65497 as 2
connected
EMP mode: sh2pc, storage mode: column store
Code version: c5e64911af7158b541d1d04eebe5dae0b27dad38
GFlags: --flagfile=	--alice_db=tpch_alice_15000_join_cost	--alice_host=126.137.1.10	--bob_db=tpch_bob_15000_join_cost	--ctrl_port=65498	--filter=*	--party=2	--port=43483	--storage=column	--unioned_db=tpch_unioned_15000	--validation=true	--log_level=2	--logfile=	

Operator #-1 SecureSqlInput ran for 946.298000 ms, gate count: 0 output cardinality: 100000, row width=177
Operator #-1 NestedLoopAggregate ran for 32046.741000 ms, gate count: 459200000 output cardinality: 4, row width=66
NLA per_row_cost :  1239
NLA per_row_cost :  1239
Operator #-1 Sort ran for 0.175000 ms, gate count: 500 output cardinality: 4, row width=66
compare and swap cost 88
compare and swap cost 88
Input cardinality: 100000, output card: 4
Performing Nested Loop Agg
Observed gate count: 459200000
Runtime: 32046.741000
[       OK ] SecureJoinAggCostComparisonTest.test_100000_4_nla (33644 ms)
[ RUN      ] SecureJoinAggCostComparisonTest.test_100000_8_sma
Connecting to 126.137.1.10 on ports 43483, 65498 as 2
connected
EMP mode: sh2pc, storage mode: column store
Code version: c5e64911af7158b541d1d04eebe5dae0b27dad38
GFlags: --flagfile=	--alice_db=tpch_alice_15000_join_cost	--alice_host=126.137.1.10	--bob_db=tpch_bob_15000_join_cost	--ctrl_port=65499	--filter=*	--party=2	--port=43484	--storage=column	--unioned_db=tpch_unioned_15000	--validation=true	--log_level=2	--logfile=	

Operator #-1 SecureSqlInput ran for 943.421000 ms, gate count: 0 output cardinality: 100000, row width=177
Operator #-1 Sort ran for 105517.312000 ms, gate count: 1374783328 output cardinality: 100000, row width=177
compare and swap cost 199
compare and swap cost 199
Operator #-1 SortMergeAggregate ran for 8459.003000 ms, gate count: 112298912 output cardinality: 100000, row width=66
SMA per_row_cost :  1189
SMA per_row_cost :  1189
Input cardinality: 100000, output card: 8
Performing Sort Merge Agg
Observed gate count: 112307371.003000
Runtime: 113976.315000
[       OK ] SecureJoinAggCostComparisonTest.test_100000_8_sma (169542 ms)
[ RUN      ] SecureJoinAggCostComparisonTest.test_100000_8_nla
Connecting to 126.137.1.10 on ports 43484, 65499 as 2
connected
EMP mode: sh2pc, storage mode: column store
Code version: c5e64911af7158b541d1d04eebe5dae0b27dad38
GFlags: --flagfile=	--alice_db=tpch_alice_15000_join_cost	--alice_host=126.137.1.10	--bob_db=tpch_bob_15000_join_cost	--ctrl_port=65500	--filter=*	--party=2	--port=43485	--storage=column	--unioned_db=tpch_unioned_15000	--validation=true	--log_level=2	--logfile=	

Operator #-1 SecureSqlInput ran for 944.642000 ms, gate count: 0 output cardinality: 100000, row width=177
Operator #-1 NestedLoopAggregate ran for 75177.892000 ms, gate count: 918400000 output cardinality: 8, row width=66
NLA per_row_cost :  1239
NLA per_row_cost :  1239
Operator #-1 Sort ran for 0.286000 ms, gate count: 1992 output cardinality: 8, row width=66
compare and swap cost 88
compare and swap cost 88
Input cardinality: 100000, output card: 8
Performing Nested Loop Agg
Observed gate count: 918400000
Runtime: 75177.892000
[       OK ] SecureJoinAggCostComparisonTest.test_100000_8_nla (76773 ms)
[ RUN      ] SecureJoinAggCostComparisonTest.test_1000000_2_sma
Connecting to 126.137.1.10 on ports 43485, 65500 as 2
connected
EMP mode: sh2pc, storage mode: column store
Code version: c5e64911af7158b541d1d04eebe5dae0b27dad38
GFlags: --flagfile=	--alice_db=tpch_alice_15000_join_cost	--alice_host=126.137.1.10	--bob_db=tpch_bob_15000_join_cost	--ctrl_port=65501	--filter=*	--party=2	--port=43486	--storage=column	--unioned_db=tpch_unioned_15000	--validation=true	--log_level=2	--logfile=	

Operator #-1 SecureSqlInput ran for 5858.473000 ms, gate count: 0 output cardinality: 600572, row width=177
Operator #-1 Sort ran for 838541.307000 ms, gate count: 10954355500 output cardinality: 600572, row width=177
compare and swap cost 199
compare and swap cost 199
Operator #-1 SortMergeAggregate ran for 51942.283000 ms, gate count: 678044692 output cardinality: 600572, row width=69
SMA per_row_cost :  1195
SMA per_row_cost :  1195
Input cardinality: 600572, output card: 2
Performing Sort Merge Agg
Observed gate count: 678096634.283000
Runtime: 890483.590000
[       OK ] SecureJoinAggCostComparisonTest.test_1000000_2_sma (1340181 ms)
[ RUN      ] SecureJoinAggCostComparisonTest.test_1000000_2_nla
Connecting to 126.137.1.10 on ports 43486, 65501 as 2
connected
EMP mode: sh2pc, storage mode: column store
Code version: c5e64911af7158b541d1d04eebe5dae0b27dad38
GFlags: --flagfile=	--alice_db=tpch_alice_15000_join_cost	--alice_host=126.137.1.10	--bob_db=tpch_bob_15000_join_cost	--ctrl_port=65502	--filter=*	--party=2	--port=43487	--storage=column	--unioned_db=tpch_unioned_15000	--validation=true	--log_level=2	--logfile=	

Operator #-1 SecureSqlInput ran for 5860.618000 ms, gate count: 0 output cardinality: 600572, row width=177
Operator #-1 NestedLoopAggregate ran for 103046.361000 ms, gate count: 1389723608 output cardinality: 2, row width=69
NLA per_row_cost :  1248
NLA per_row_cost :  1248
Operator #-1 Sort ran for 0.144000 ms, gate count: 88 output cardinality: 2, row width=69
compare and swap cost 91
compare and swap cost 91
Input cardinality: 600572, output card: 2
Performing Nested Loop Agg
Observed gate count: 1389723608
Runtime: 103046.361000
Failed to match on tuple count 4 vs 2
/home/vaultdb/vaultdb-core-cost-comparison/src/main/cpp/test/mpc/secure_join_agg_cost_comparison_test.cpp:233: Failure
Expected equality of these values:
  *expected
    Which is: (#0 varchar(1) lineitem.l_returnflag, #1 varchar(1) lineitem.l_linestatus, #2 float sum_qty, #3 int64 count_order) isEncrypted? false, order by: {<0, ASC> , <1, ASC> }
(A, F, 3774200.000000, 147790)
(N, F, 95257.000000, 3765)
(N, O, 7285768.000000, 285202)
(R, F, 3785523.000000, 148301)

  *observed
    Which is: (#0 varchar(1) lineitem.l_returnflag, #1 varchar(1) lineitem.l_linestatus, #2 float sum_qty, #3 int64 count_order) isEncrypted? false, order by: {<0, ASC> , <1, ASC> }
(A, F, 3774200.000000, 147790)
(N, F, 95257.000000, 3765)

[  FAILED  ] SecureJoinAggCostComparisonTest.test_1000000_2_nla (111511 ms)
[ RUN      ] SecureJoinAggCostComparisonTest.test_1000000_4_sma
Connecting to 126.137.1.10 on ports 43487, 65502 as 2
connected
EMP mode: sh2pc, storage mode: column store
Code version: c5e64911af7158b541d1d04eebe5dae0b27dad38
GFlags: --flagfile=	--alice_db=tpch_alice_15000_join_cost	--alice_host=126.137.1.10	--bob_db=tpch_bob_15000_join_cost	--ctrl_port=65503	--filter=*	--party=2	--port=43488	--storage=column	--unioned_db=tpch_unioned_15000	--validation=true	--log_level=2	--logfile=	

Operator #-1 SecureSqlInput ran for 5853.913000 ms, gate count: 0 output cardinality: 600572, row width=177
Operator #-1 Sort ran for 851076.816000 ms, gate count: 10954355500 output cardinality: 600572, row width=177
compare and swap cost 199
compare and swap cost 199
Operator #-1 SortMergeAggregate ran for 52190.399000 ms, gate count: 678044692 output cardinality: 600572, row width=69
SMA per_row_cost :  1195
SMA per_row_cost :  1195
Input cardinality: 600572, output card: 4
Performing Sort Merge Agg
Observed gate count: 678096882.399000
Runtime: 903267.215000
[       OK ] SecureJoinAggCostComparisonTest.test_1000000_4_sma (1353639 ms)
[ RUN      ] SecureJoinAggCostComparisonTest.test_1000000_4_nla
Connecting to 126.137.1.10 on ports 43488, 65503 as 2
connected
EMP mode: sh2pc, storage mode: column store
Code version: c5e64911af7158b541d1d04eebe5dae0b27dad38
GFlags: --flagfile=	--alice_db=tpch_alice_15000_join_cost	--alice_host=126.137.1.10	--bob_db=tpch_bob_15000_join_cost	--ctrl_port=65504	--filter=*	--party=2	--port=43489	--storage=column	--unioned_db=tpch_unioned_15000	--validation=true	--log_level=2	--logfile=	

Operator #-1 SecureSqlInput ran for 5990.469000 ms, gate count: 0 output cardinality: 600572, row width=177
Operator #-1 NestedLoopAggregate ran for 203160.175000 ms, gate count: 2779447216 output cardinality: 4, row width=69
NLA per_row_cost :  1248
NLA per_row_cost :  1248
Operator #-1 Sort ran for 0.191000 ms, gate count: 516 output cardinality: 4, row width=69
compare and swap cost 91
compare and swap cost 91
Input cardinality: 600572, output card: 4
Performing Nested Loop Agg
Observed gate count: 2779447216
Runtime: 203160.175000
[       OK ] SecureJoinAggCostComparisonTest.test_1000000_4_nla (211632 ms)
[ RUN      ] SecureJoinAggCostComparisonTest.test_1000000_8_sma
Connecting to 126.137.1.10 on ports 43489, 65504 as 2
connected
EMP mode: sh2pc, storage mode: column store
Code version: c5e64911af7158b541d1d04eebe5dae0b27dad38
GFlags: --flagfile=	--alice_db=tpch_alice_15000_join_cost	--alice_host=126.137.1.10	--bob_db=tpch_bob_15000_join_cost	--ctrl_port=65505	--filter=*	--party=2	--port=43490	--storage=column	--unioned_db=tpch_unioned_15000	--validation=true	--log_level=2	--logfile=	

Operator #-1 SecureSqlInput ran for 5842.222000 ms, gate count: 0 output cardinality: 600572, row width=177
Operator #-1 Sort ran for 841386.494000 ms, gate count: 10954355500 output cardinality: 600572, row width=177
compare and swap cost 199
compare and swap cost 199
Operator #-1 SortMergeAggregate ran for 52722.533000 ms, gate count: 678044692 output cardinality: 600572, row width=69
SMA per_row_cost :  1195
SMA per_row_cost :  1195
Input cardinality: 600572, output card: 8
Performing Sort Merge Agg
Observed gate count: 678097414.533000
Runtime: 894109.027000
[       OK ] SecureJoinAggCostComparisonTest.test_1000000_8_sma (1348093 ms)
[ RUN      ] SecureJoinAggCostComparisonTest.test_1000000_8_nla
Connecting to 126.137.1.10 on ports 43490, 65505 as 2
connected
EMP mode: sh2pc, storage mode: column store
Code version: c5e64911af7158b541d1d04eebe5dae0b27dad38
GFlags: --flagfile=	--alice_db=tpch_alice_15000_join_cost	--alice_host=126.137.1.10	--bob_db=tpch_bob_15000_join_cost	--ctrl_port=65506	--filter=*	--party=2	--port=43491	--storage=column	--unioned_db=tpch_unioned_15000	--validation=true	--log_level=2	--logfile=	

Operator #-1 SecureSqlInput ran for 5919.595000 ms, gate count: 0 output cardinality: 600572, row width=177
Operator #-1 NestedLoopAggregate ran for 412353.830000 ms, gate count: 5558894432 output cardinality: 8, row width=69
NLA per_row_cost :  1248
NLA per_row_cost :  1248
Operator #-1 Sort ran for 0.305000 ms, gate count: 2064 output cardinality: 8, row width=69
compare and swap cost 91
compare and swap cost 91
Input cardinality: 600572, output card: 8
Performing Nested Loop Agg
Observed gate count: 5558894432
Runtime: 412353.830000
[       OK ] SecureJoinAggCostComparisonTest.test_1000000_8_nla (420745 ms)
[----------] 36 tests from SecureJoinAggCostComparisonTest (5478378 ms total)

[----------] Global test environment tear-down
[==========] 36 tests from 1 test suite ran. (5478378 ms total)
[  PASSED  ] 30 tests.
[  FAILED  ] 6 tests, listed below:
[  FAILED  ] SecureJoinAggCostComparisonTest.test_10_2_nla
[  FAILED  ] SecureJoinAggCostComparisonTest.test_100_2_nla
[  FAILED  ] SecureJoinAggCostComparisonTest.test_1000_2_nla
[  FAILED  ] SecureJoinAggCostComparisonTest.test_10000_2_nla
[  FAILED  ] SecureJoinAggCostComparisonTest.test_100000_2_nla
[  FAILED  ] SecureJoinAggCostComparisonTest.test_1000000_2_nla

 6 FAILED TESTS
