[==========] Running 6 tests from 1 test suite.
[----------] Global test environment set-up.
[----------] 6 tests from SecureKeyedJoinTest
[ RUN      ] SecureKeyedJoinTest.test_tpch_q3_customer_orders
Received storage flag of row
Connecting to 129.105.61.184 on ports 43442, 65458 as 2
connected
Connected!
Operator #-1 SecureSqlInput ran for 9212.68 ms,  gate count: 20703184 output cardinality: 9869, row width=98
Operator #-1 SecureSqlInput ran for 170.781 ms,  gate count: 262396 output cardinality: 999, row width=15
Operator #-1 KeyedJoin ran for 91765.5 ms,  gate count: 315492192 output cardinality: 9869, row width=112
[       OK ] SecureKeyedJoinTest.test_tpch_q3_customer_orders (103808 ms)
[ RUN      ] SecureKeyedJoinTest.test_tpch_q3_customer_orders_no_bit_packing
Received storage flag of row
Connecting to 129.105.61.184 on ports 43443, 65458 as 2
connected
Connected!
Operator #-1 SecureSqlInput ran for 8937.25 ms,  gate count: 31113116 output cardinality: 9869, row width=161
Operator #-1 SecureSqlInput ran for 148.593 ms,  gate count: 487476 output cardinality: 999, row width=33
Operator #-1 KeyedJoin ran for 351730 ms,  gate count: 1271827900 output cardinality: 9869, row width=193
[       OK ] SecureKeyedJoinTest.test_tpch_q3_customer_orders_no_bit_packing (363390 ms)
[ RUN      ] SecureKeyedJoinTest.test_tpch_q3_lineitem_orders
Received storage flag of row
Connecting to 129.105.61.184 on ports 43444, 65458 as 2
connected
Connected!
Operator #-1 SecureSqlInput ran for 4784.72 ms,  gate count: 1233628 output cardinality: 9869, row width=98
Operator #-1 SecureSqlInput ran for 4748.82 ms,  gate count: 1226016 output cardinality: 39549, row width=56
Operator #-1 KeyedJoin ran for 1.32262e+07 ms,  gate count: 48398326044 output cardinality: 39549, row width=153
Operator #-1 Sort ran for 120.446 ms,  gate count: 0 output cardinality: 1077, row width=232
[       OK ] SecureKeyedJoinTest.test_tpch_q3_lineitem_orders (13248135 ms)
[ RUN      ] SecureKeyedJoinTest.test_tpch_q3_lineitem_orders_no_bit_packing
Received storage flag of row
Connecting to 129.105.61.184 on ports 43445, 65458 as 2
connected
Connected!
Operator #-1 SecureSqlInput ran for 1228.09 ms,  gate count: 0 output cardinality: 9869, row width=161
Operator #-1 SecureSqlInput ran for 479.835 ms,  gate count: 0 output cardinality: 39549, row width=65
Operator #-1 KeyedJoin ran for 2.74229e+07 ms,  gate count: 100309433820 output cardinality: 39549, row width=225
Operator #-1 Sort ran for 118.176 ms,  gate count: 0 output cardinality: 1077, row width=232
[       OK ] SecureKeyedJoinTest.test_tpch_q3_lineitem_orders_no_bit_packing (27437178 ms)
[ RUN      ] SecureKeyedJoinTest.test_tpch_q3_lineitem_orders_customer
Received storage flag of row
Connecting to 129.105.61.184 on ports 43446, 65458 as 2
connected
Connected!
Operator #-1 SecureSqlInput ran for 6169.94 ms,  gate count: 1226020 output cardinality: 39549, row width=56
Operator #-1 SecureSqlInput ran for 3599.44 ms,  gate count: 1233624 output cardinality: 9869, row width=98
Operator #-1 SecureSqlInput ran for 113.964 ms,  gate count: 30972 output cardinality: 999, row width=15
Operator #-1 KeyedJoin ran for 89435.6 ms,  gate count: 315492192 output cardinality: 9869, row width=112
Operator #-1 KeyedJoin ran for 1.4846e+07 ms,  gate count: 53862653176 output cardinality: 39549, row width=167
Operator #-1 Sort ran for 14.611 ms,  gate count: 0 output cardinality: 221, row width=264
[       OK ] SecureKeyedJoinTest.test_tpch_q3_lineitem_orders_customer (14953339 ms)
[ RUN      ] SecureKeyedJoinTest.test_tpch_q3_lineitem_orders_customer_no_bit_packing
Received storage flag of row
Connecting to 129.105.61.184 on ports 43447, 65458 as 2
connected
Connected!
Operator #-1 SecureSqlInput ran for 1400.79 ms,  gate count: 0 output cardinality: 39549, row width=65
Operator #-1 SecureSqlInput ran for 302.775 ms,  gate count: 0 output cardinality: 9869, row width=161
Operator #-1 SecureSqlInput ran for 53.375 ms,  gate count: 0 output cardinality: 999, row width=33
Operator #-1 KeyedJoin ran for 358265 ms,  gate count: 1271827900 output cardinality: 9869, row width=193
Operator #-1 KeyedJoin ran for 3.11383e+07 ms,  gate count: 112799324408 output cardinality: 39549, row width=257
Operator #-1 Sort ran for 14.015 ms,  gate count: 0 output cardinality: 221, row width=264
[       OK ] SecureKeyedJoinTest.test_tpch_q3_lineitem_orders_customer_no_bit_packing (31506245 ms)
[----------] 6 tests from SecureKeyedJoinTest (87612099 ms total)

[----------] Global test environment tear-down
[==========] 6 tests from 1 test suite ran. (87612099 ms total)
[  PASSED  ] 6 tests.
