[==========] Running 10 tests from 1 test suite.
[----------] Global test environment set-up.
[----------] 10 tests from SecureJoinAggCostComparisonTest
[ RUN      ] SecureJoinAggCostComparisonTest.test_tpch_q3_orders_lineitem_100_1_sort_merge_join
Connecting to 127.0.0.1 on ports 43455, 65470 as 1
connected
EMP mode: sh2pc, storage mode: column store
Code version: 
GFlags: --flagfile=	--alice_db=tpch_alice_15000_join_cost	--alice_host=127.0.0.1	--bob_db=tpch_bob_15000_join_cost	--ctrl_port=65471	--filter=*	--party=1	--port=43456	--storage=column	--unioned_db=tpch_unioned_15000	--validation=true	--log_level=2	--logfile=	

left child : 100 , right child : 10000
compare and swap cost 95
compare and swap cost 202
SMJ Cost 108370107
Operator #-1 SecureSqlInput ran for 2.971000 ms, gate count: 22436 output cardinality: 100, row width=50
Operator #-1 SecureSqlInput ran for 456.661000 ms, gate count: 4780992 output cardinality: 10000, row width=53
Operator #-1 SortMergeJoin ran for 10428.809000 ms, gate count: 126233400 output cardinality: 10000, row width=102
compare and swap cost 95
compare and swap cost 202
compare and swap cost 95
compare and swap cost 202
Operator #-1 Sort ran for 5994.589000 ms, gate count: 71615120 output cardinality: 10000, row width=102
compare and swap cost 160
compare and swap cost 160
Performing Sort Merge Join
Observed gate count: 126233400
Runtime: 10428.809000
[       OK ] SecureJoinAggCostComparisonTest.test_tpch_q3_orders_lineitem_100_1_sort_merge_join (27971 ms)
[ RUN      ] SecureJoinAggCostComparisonTest.test_tpch_q3_orders_lineitem_100_1_nested_loop_join
Connecting to 127.0.0.1 on ports 43456, 65471 as 1
connected
EMP mode: sh2pc, storage mode: column store
Code version: 
GFlags: --flagfile=	--alice_db=tpch_alice_15000_join_cost	--alice_host=127.0.0.1	--bob_db=tpch_bob_15000_join_cost	--ctrl_port=65472	--filter=*	--party=1	--port=43457	--storage=column	--unioned_db=tpch_unioned_15000	--validation=true	--log_level=2	--logfile=	

left child : 100 , right child : 10000
NLJ Cost 73000000
Operator #-1 SecureSqlInput ran for 2.889000 ms, gate count: 22436 output cardinality: 100, row width=50
Operator #-1 SecureSqlInput ran for 462.052000 ms, gate count: 4780992 output cardinality: 10000, row width=53
Operator #-1 KeyedJoin ran for 5417.716000 ms, gate count: 74000000 output cardinality: 10000, row width=102
Operator #-1 Sort ran for 5905.794000 ms, gate count: 71615120 output cardinality: 10000, row width=102
compare and swap cost 160
compare and swap cost 160
Performing Nested Loop Join
Observed gate count: 74000000
Runtime: 5417.716000
[       OK ] SecureJoinAggCostComparisonTest.test_tpch_q3_orders_lineitem_100_1_nested_loop_join (18100 ms)
[ RUN      ] SecureJoinAggCostComparisonTest.test_tpch_q3_orders_lineitem_50_1_sort_merge_join
Connecting to 127.0.0.1 on ports 43457, 65472 as 1
connected
EMP mode: sh2pc, storage mode: column store
Code version: 
GFlags: --flagfile=	--alice_db=tpch_alice_15000_join_cost	--alice_host=127.0.0.1	--bob_db=tpch_bob_15000_join_cost	--ctrl_port=65473	--filter=*	--party=1	--port=43458	--storage=column	--unioned_db=tpch_unioned_15000	--validation=true	--log_level=2	--logfile=	

left child : 200 , right child : 10000
compare and swap cost 95
compare and swap cost 202
SMJ Cost 109808852
Operator #-1 SecureSqlInput ran for 6.101000 ms, gate count: 51972 output cardinality: 200, row width=50
Operator #-1 SecureSqlInput ran for 419.280000 ms, gate count: 4780992 output cardinality: 10000, row width=53
Operator #-1 SortMergeJoin ran for 10720.330000 ms, gate count: 127130128 output cardinality: 10000, row width=102
compare and swap cost 95
compare and swap cost 202
compare and swap cost 95
compare and swap cost 202
Operator #-1 Sort ran for 6039.271000 ms, gate count: 71615120 output cardinality: 10000, row width=102
compare and swap cost 160
compare and swap cost 160
Performing Sort Merge Join
Observed gate count: 127130128
Runtime: 10720.330000
[       OK ] SecureJoinAggCostComparisonTest.test_tpch_q3_orders_lineitem_50_1_sort_merge_join (23736 ms)
[ RUN      ] SecureJoinAggCostComparisonTest.test_tpch_q3_orders_lineitem_50_1_nested_loop_join
Connecting to 127.0.0.1 on ports 43458, 65473 as 1
connected
EMP mode: sh2pc, storage mode: column store
Code version: 
GFlags: --flagfile=	--alice_db=tpch_alice_15000_join_cost	--alice_host=127.0.0.1	--bob_db=tpch_bob_15000_join_cost	--ctrl_port=65474	--filter=*	--party=1	--port=43459	--storage=column	--unioned_db=tpch_unioned_15000	--validation=true	--log_level=2	--logfile=	

left child : 200 , right child : 10000
NLJ Cost 146000000
Operator #-1 SecureSqlInput ran for 6.094000 ms, gate count: 51972 output cardinality: 200, row width=50
Operator #-1 SecureSqlInput ran for 452.071000 ms, gate count: 4780992 output cardinality: 10000, row width=53
Operator #-1 KeyedJoin ran for 10862.109000 ms, gate count: 148000000 output cardinality: 10000, row width=102
Operator #-1 Sort ran for 5905.934000 ms, gate count: 71615120 output cardinality: 10000, row width=102
compare and swap cost 160
compare and swap cost 160
Performing Nested Loop Join
Observed gate count: 148000000
Runtime: 10862.109000
[       OK ] SecureJoinAggCostComparisonTest.test_tpch_q3_orders_lineitem_50_1_nested_loop_join (23553 ms)
[ RUN      ] SecureJoinAggCostComparisonTest.test_tpch_q3_orders_lineitem_10_1_sort_merge_join
Connecting to 127.0.0.1 on ports 43459, 65474 as 1
connected
EMP mode: sh2pc, storage mode: column store
Code version: 
GFlags: --flagfile=	--alice_db=tpch_alice_15000_join_cost	--alice_host=127.0.0.1	--bob_db=tpch_bob_15000_join_cost	--ctrl_port=65475	--filter=*	--party=1	--port=43460	--storage=column	--unioned_db=tpch_unioned_15000	--validation=true	--log_level=2	--logfile=	

left child : 1000 , right child : 10000
compare and swap cost 95
compare and swap cost 202
SMJ Cost 124486325
Operator #-1 SecureSqlInput ran for 33.487000 ms, gate count: 350172 output cardinality: 1000, row width=50
Operator #-1 SecureSqlInput ran for 428.112000 ms, gate count: 4780992 output cardinality: 10000, row width=53
Operator #-1 SortMergeJoin ran for 10843.894000 ms, gate count: 134197904 output cardinality: 10000, row width=102
compare and swap cost 95
compare and swap cost 202
compare and swap cost 95
compare and swap cost 202
Operator #-1 Sort ran for 6045.818000 ms, gate count: 71615120 output cardinality: 10000, row width=102
compare and swap cost 160
compare and swap cost 160
Performing Sort Merge Join
Observed gate count: 134197904
Runtime: 10843.894000
[       OK ] SecureJoinAggCostComparisonTest.test_tpch_q3_orders_lineitem_10_1_sort_merge_join (24121 ms)
[ RUN      ] SecureJoinAggCostComparisonTest.test_tpch_q3_orders_lineitem_10_1_nested_loop_join
Connecting to 127.0.0.1 on ports 43460, 65475 as 1
connected
EMP mode: sh2pc, storage mode: column store
Code version: 
GFlags: --flagfile=	--alice_db=tpch_alice_15000_join_cost	--alice_host=127.0.0.1	--bob_db=tpch_bob_15000_join_cost	--ctrl_port=65476	--filter=*	--party=1	--port=43461	--storage=column	--unioned_db=tpch_unioned_15000	--validation=true	--log_level=2	--logfile=	

left child : 1000 , right child : 10000
NLJ Cost 730000000
Operator #-1 SecureSqlInput ran for 36.518000 ms, gate count: 350172 output cardinality: 1000, row width=50
Operator #-1 SecureSqlInput ran for 459.402000 ms, gate count: 4780992 output cardinality: 10000, row width=53
Operator #-1 KeyedJoin ran for 54387.367000 ms, gate count: 740000000 output cardinality: 10000, row width=102
Operator #-1 Sort ran for 5967.147000 ms, gate count: 71615120 output cardinality: 10000, row width=102
compare and swap cost 160
compare and swap cost 160
Performing Nested Loop Join
Observed gate count: 740000000
Runtime: 54387.367000
[       OK ] SecureJoinAggCostComparisonTest.test_tpch_q3_orders_lineitem_10_1_nested_loop_join (67560 ms)
[ RUN      ] SecureJoinAggCostComparisonTest.test_tpch_q3_orders_lineitem_5_1_sort_merge_join
Connecting to 127.0.0.1 on ports 43461, 65476 as 1
connected
EMP mode: sh2pc, storage mode: column store
Code version: 
GFlags: --flagfile=	--alice_db=tpch_alice_15000_join_cost	--alice_host=127.0.0.1	--bob_db=tpch_bob_15000_join_cost	--ctrl_port=65477	--filter=*	--party=1	--port=43462	--storage=column	--unioned_db=tpch_unioned_15000	--validation=true	--log_level=2	--logfile=	

left child : 2000 , right child : 10000
compare and swap cost 95
compare and swap cost 202
SMJ Cost 146263644
Operator #-1 SecureSqlInput ran for 78.277000 ms, gate count: 771344 output cardinality: 2000, row width=50
Operator #-1 SecureSqlInput ran for 457.875000 ms, gate count: 4780992 output cardinality: 10000, row width=53
Operator #-1 SortMergeJoin ran for 11909.308000 ms, gate count: 144869868 output cardinality: 10000, row width=102
compare and swap cost 95
compare and swap cost 202
compare and swap cost 95
compare and swap cost 202
Operator #-1 Sort ran for 5993.929000 ms, gate count: 71615120 output cardinality: 10000, row width=102
compare and swap cost 160
compare and swap cost 160
Performing Sort Merge Join
Observed gate count: 144869868
Runtime: 11909.308000
[       OK ] SecureJoinAggCostComparisonTest.test_tpch_q3_orders_lineitem_5_1_sort_merge_join (25507 ms)
[ RUN      ] SecureJoinAggCostComparisonTest.test_tpch_q3_orders_lineitem_5_1_nested_loop_join
Connecting to 127.0.0.1 on ports 43462, 65477 as 1
connected
EMP mode: sh2pc, storage mode: column store
Code version: 
GFlags: --flagfile=	--alice_db=tpch_alice_15000_join_cost	--alice_host=127.0.0.1	--bob_db=tpch_bob_15000_join_cost	--ctrl_port=65478	--filter=*	--party=1	--port=43463	--storage=column	--unioned_db=tpch_unioned_15000	--validation=true	--log_level=2	--logfile=	

left child : 2000 , right child : 10000
NLJ Cost 1460000000
Operator #-1 SecureSqlInput ran for 78.766000 ms, gate count: 771344 output cardinality: 2000, row width=50
Operator #-1 SecureSqlInput ran for 453.867000 ms, gate count: 4780992 output cardinality: 10000, row width=53
Operator #-1 KeyedJoin ran for 108757.433000 ms, gate count: 1480000000 output cardinality: 10000, row width=102
Operator #-1 Sort ran for 5894.779000 ms, gate count: 71615120 output cardinality: 10000, row width=102
compare and swap cost 160
compare and swap cost 160
Performing Nested Loop Join
Observed gate count: 1480000000
Runtime: 108757.433000
[       OK ] SecureJoinAggCostComparisonTest.test_tpch_q3_orders_lineitem_5_1_nested_loop_join (122190 ms)
[ RUN      ] SecureJoinAggCostComparisonTest.test_tpch_q3_orders_lineitem_1_1_nested_loop_join
Connecting to 127.0.0.1 on ports 43463, 65478 as 1
connected
EMP mode: sh2pc, storage mode: column store
Code version: 
GFlags: --flagfile=	--alice_db=tpch_alice_15000_join_cost	--alice_host=127.0.0.1	--bob_db=tpch_bob_15000_join_cost	--ctrl_port=65479	--filter=*	--party=1	--port=43464	--storage=column	--unioned_db=tpch_unioned_15000	--validation=true	--log_level=2	--logfile=	

left child : 10000 , right child : 10000
NLJ Cost 7300000000
Operator #-1 SecureSqlInput ran for 427.603000 ms, gate count: 4587168 output cardinality: 10000, row width=50
Operator #-1 SecureSqlInput ran for 458.950000 ms, gate count: 4780992 output cardinality: 10000, row width=53
Operator #-1 KeyedJoin ran for 552760.689000 ms, gate count: 7400000000 output cardinality: 10000, row width=102
Operator #-1 Sort ran for 6029.542000 ms, gate count: 71615120 output cardinality: 10000, row width=102
compare and swap cost 160
compare and swap cost 160
Performing Nested Loop Join
Observed gate count: 7400000000
Runtime: 552760.689000
[       OK ] SecureJoinAggCostComparisonTest.test_tpch_q3_orders_lineitem_1_1_nested_loop_join (567051 ms)
[ RUN      ] SecureJoinAggCostComparisonTest.test_tpch_q3_orders_lineitem_1_1_sort_merge_join
Connecting to 127.0.0.1 on ports 43464, 65479 as 1
connected
EMP mode: sh2pc, storage mode: column store
Code version: 
GFlags: --flagfile=	--alice_db=tpch_alice_15000_join_cost	--alice_host=127.0.0.1	--bob_db=tpch_bob_15000_join_cost	--ctrl_port=65480	--filter=*	--party=1	--port=43465	--storage=column	--unioned_db=tpch_unioned_15000	--validation=true	--log_level=2	--logfile=	

left child : 10000 , right child : 10000
compare and swap cost 96
compare and swap cost 203
SMJ Cost 367379660
Operator #-1 SecureSqlInput ran for 437.786000 ms, gate count: 4587168 output cardinality: 10000, row width=50
Operator #-1 SecureSqlInput ran for 468.002000 ms, gate count: 4780992 output cardinality: 10000, row width=53
Operator #-1 SortMergeJoin ran for 19778.917000 ms, gate count: 242992944 output cardinality: 10000, row width=102
compare and swap cost 96
compare and swap cost 203
compare and swap cost 96
compare and swap cost 203
Operator #-1 Sort ran for 5944.264000 ms, gate count: 71615120 output cardinality: 10000, row width=102
compare and swap cost 160
compare and swap cost 160
Performing Sort Merge Join
Observed gate count: 242992944
Runtime: 19778.917000
[       OK ] SecureJoinAggCostComparisonTest.test_tpch_q3_orders_lineitem_1_1_sort_merge_join (33822 ms)
[----------] 10 tests from SecureJoinAggCostComparisonTest (933615 ms total)

[----------] Global test environment tear-down
[==========] 10 tests from 1 test suite ran. (933615 ms total)
[  PASSED  ] 10 tests.
