[==========] Running 6 tests from 1 test suite.
[----------] Global test environment set-up.
[----------] 6 tests from SecureKeyedJoinTest
[ RUN      ] SecureKeyedJoinTest.test_tpch_q3_customer_orders
Received storage flag of row
Connecting to 129.105.61.184 on ports 43442, 65458 as 2
connected
Connected!
Operator #-1 SecureSqlInput ran for 258.991 ms,  gate count: 67920 output cardinality: 66, row width=98
Operator #-1 SecureSqlInput ran for 3.453 ms,  gate count: 892 output cardinality: 9, row width=15
Operator #-1 KeyedJoin ran for 18.841 ms,  gate count: 19008 output cardinality: 66, row width=112
[       OK ] SecureKeyedJoinTest.test_tpch_q3_customer_orders (522 ms)
[ RUN      ] SecureKeyedJoinTest.test_tpch_q3_customer_orders_no_bit_packing
Received storage flag of row
Connecting to 129.105.61.184 on ports 43443, 65458 as 2
connected
Connected!
Operator #-1 SecureSqlInput ran for 177.378 ms,  gate count: 95356 output cardinality: 66, row width=161
Operator #-1 SecureSqlInput ran for 1.26 ms,  gate count: 1288 output cardinality: 9, row width=33
Operator #-1 KeyedJoin ran for 33.597 ms,  gate count: 76624 output cardinality: 66, row width=193
[       OK ] SecureKeyedJoinTest.test_tpch_q3_customer_orders_no_bit_packing (400 ms)
[ RUN      ] SecureKeyedJoinTest.test_tpch_q3_lineitem_orders
Received storage flag of row
Connecting to 129.105.61.184 on ports 43444, 65458 as 2
connected
Connected!
Operator #-1 SecureSqlInput ran for 193.559 ms,  gate count: 8252 output cardinality: 66, row width=98
Operator #-1 SecureSqlInput ran for 46.647 ms,  gate count: 7904 output cardinality: 255, row width=56
Operator #-1 KeyedJoin ran for 582.46 ms,  gate count: 2086920 output cardinality: 255, row width=153
Operator #-1 Sort ran for 0.241 ms,  gate count: 0 output cardinality: 6, row width=232
[       OK ] SecureKeyedJoinTest.test_tpch_q3_lineitem_orders (1099 ms)
[ RUN      ] SecureKeyedJoinTest.test_tpch_q3_lineitem_orders_no_bit_packing
Received storage flag of row
Connecting to 129.105.61.184 on ports 43445, 65458 as 2
connected
Connected!
Operator #-1 SecureSqlInput ran for 155.478 ms,  gate count: 0 output cardinality: 66, row width=161
Operator #-1 SecureSqlInput ran for 5.482 ms,  gate count: 0 output cardinality: 255, row width=65
Operator #-1 KeyedJoin ran for 1184.51 ms,  gate count: 4325312 output cardinality: 255, row width=225
Operator #-1 Sort ran for 0.107 ms,  gate count: 0 output cardinality: 6, row width=232
[       OK ] SecureKeyedJoinTest.test_tpch_q3_lineitem_orders_no_bit_packing (1613 ms)
[ RUN      ] SecureKeyedJoinTest.test_tpch_q3_lineitem_orders_customer
Received storage flag of row
Connecting to 129.105.61.184 on ports 43446, 65458 as 2
connected
Connected!
Operator #-1 SecureSqlInput ran for 208.538 ms,  gate count: 7908 output cardinality: 255, row width=56
Operator #-1 SecureSqlInput ran for 37.817 ms,  gate count: 8248 output cardinality: 66, row width=98
Operator #-1 SecureSqlInput ran for 1.647 ms,  gate count: 280 output cardinality: 9, row width=15
Operator #-1 KeyedJoin ran for 27.093 ms,  gate count: 19008 output cardinality: 66, row width=112
Operator #-1 KeyedJoin ran for 649.814 ms,  gate count: 2322540 output cardinality: 255, row width=167
Operator #-1 Sort ran for 0.007 ms,  gate count: 0 output cardinality: 0, row width=264
[       OK ] SecureKeyedJoinTest.test_tpch_q3_lineitem_orders_customer (1179 ms)
[ RUN      ] SecureKeyedJoinTest.test_tpch_q3_lineitem_orders_customer_no_bit_packing
Received storage flag of row
Connecting to 129.105.61.184 on ports 43447, 65458 as 2
connected
Connected!
Operator #-1 SecureSqlInput ran for 173.109 ms,  gate count: 0 output cardinality: 255, row width=65
Operator #-1 SecureSqlInput ran for 5.717 ms,  gate count: 0 output cardinality: 66, row width=161
Operator #-1 SecureSqlInput ran for 2.797 ms,  gate count: 0 output cardinality: 9, row width=33
Operator #-1 KeyedJoin ran for 42.204 ms,  gate count: 76628 output cardinality: 66, row width=193
Operator #-1 KeyedJoin ran for 1323.86 ms,  gate count: 4863868 output cardinality: 255, row width=257
Operator #-1 Sort ran for 0.005 ms,  gate count: 0 output cardinality: 0, row width=264
[       OK ] SecureKeyedJoinTest.test_tpch_q3_lineitem_orders_customer_no_bit_packing (1769 ms)
[----------] 6 tests from SecureKeyedJoinTest (6585 ms total)

[----------] Global test environment tear-down
[==========] 6 tests from 1 test suite ran. (6585 ms total)
[  PASSED  ] 6 tests.
