[==========] Running 6 tests from 1 test suite.
[----------] Global test environment set-up.
[----------] 6 tests from SecureKeyedJoinTest
[ RUN      ] SecureKeyedJoinTest.test_tpch_q3_customer_orders
Received storage flag of row
Connecting to 127.0.0.1 on ports 43442, 65458 as 1
connected
Connected!
Operator #-1 SecureSqlInput ran for 50.622 ms,  gate count: 67920 output cardinality: 66, row width=98
Operator #-1 SecureSqlInput ran for 11.159 ms,  gate count: 892 output cardinality: 9, row width=15
Operator #-1 KeyedJoin ran for 9.193 ms,  gate count: 19008 output cardinality: 66, row width=112
[       OK ] SecureKeyedJoinTest.test_tpch_q3_customer_orders (1479 ms)
[ RUN      ] SecureKeyedJoinTest.test_tpch_q3_customer_orders_no_bit_packing
Received storage flag of row
Connecting to 127.0.0.1 on ports 43443, 65458 as 1
connected
Connected!
Operator #-1 SecureSqlInput ran for 29.314 ms,  gate count: 95356 output cardinality: 66, row width=161
Operator #-1 SecureSqlInput ran for 9.408 ms,  gate count: 1288 output cardinality: 9, row width=33
Operator #-1 KeyedJoin ran for 23.76 ms,  gate count: 76624 output cardinality: 66, row width=193
[       OK ] SecureKeyedJoinTest.test_tpch_q3_customer_orders_no_bit_packing (400 ms)
[ RUN      ] SecureKeyedJoinTest.test_tpch_q3_lineitem_orders
Received storage flag of row
Connecting to 127.0.0.1 on ports 43444, 65458 as 1
connected
Connected!
Operator #-1 SecureSqlInput ran for 33.052 ms,  gate count: 8252 output cardinality: 66, row width=98
Operator #-1 SecureSqlInput ran for 46.654 ms,  gate count: 7904 output cardinality: 255, row width=56
Operator #-1 KeyedJoin ran for 565.85 ms,  gate count: 2086920 output cardinality: 255, row width=153
Operator #-1 Sort ran for 0.293 ms,  gate count: 0 output cardinality: 6, row width=232
[       OK ] SecureKeyedJoinTest.test_tpch_q3_lineitem_orders (1100 ms)
[ RUN      ] SecureKeyedJoinTest.test_tpch_q3_lineitem_orders_no_bit_packing
Received storage flag of row
Connecting to 127.0.0.1 on ports 43445, 65458 as 1
connected
Connected!
Operator #-1 SecureSqlInput ran for 3.058 ms,  gate count: 0 output cardinality: 66, row width=161
Operator #-1 SecureSqlInput ran for 6.942 ms,  gate count: 0 output cardinality: 255, row width=65
Operator #-1 KeyedJoin ran for 1163.06 ms,  gate count: 4325312 output cardinality: 255, row width=225
Operator #-1 Sort ran for 0.226 ms,  gate count: 0 output cardinality: 6, row width=232
[       OK ] SecureKeyedJoinTest.test_tpch_q3_lineitem_orders_no_bit_packing (1613 ms)
[ RUN      ] SecureKeyedJoinTest.test_tpch_q3_lineitem_orders_customer
Received storage flag of row
Connecting to 127.0.0.1 on ports 43446, 65458 as 1
connected
Connected!
Operator #-1 SecureSqlInput ran for 39.445 ms,  gate count: 7908 output cardinality: 255, row width=56
Operator #-1 SecureSqlInput ran for 37.836 ms,  gate count: 8248 output cardinality: 66, row width=98
Operator #-1 SecureSqlInput ran for 1.643 ms,  gate count: 280 output cardinality: 9, row width=15
Operator #-1 KeyedJoin ran for 9.459 ms,  gate count: 19008 output cardinality: 66, row width=112
Operator #-1 KeyedJoin ran for 645.792 ms,  gate count: 2322540 output cardinality: 255, row width=167
Operator #-1 Sort ran for 0.008 ms,  gate count: 0 output cardinality: 0, row width=264
[       OK ] SecureKeyedJoinTest.test_tpch_q3_lineitem_orders_customer (1179 ms)
[ RUN      ] SecureKeyedJoinTest.test_tpch_q3_lineitem_orders_customer_no_bit_packing
Received storage flag of row
Connecting to 127.0.0.1 on ports 43447, 65458 as 1
connected
Connected!
Operator #-1 SecureSqlInput ran for 5.657 ms,  gate count: 0 output cardinality: 255, row width=65
Operator #-1 SecureSqlInput ran for 5.988 ms,  gate count: 0 output cardinality: 66, row width=161
Operator #-1 SecureSqlInput ran for 0.351 ms,  gate count: 0 output cardinality: 9, row width=33
Operator #-1 KeyedJoin ran for 27.046 ms,  gate count: 76628 output cardinality: 66, row width=193
Operator #-1 KeyedJoin ran for 1314.47 ms,  gate count: 4863868 output cardinality: 255, row width=257
Operator #-1 Sort ran for 0.012 ms,  gate count: 0 output cardinality: 0, row width=264
[       OK ] SecureKeyedJoinTest.test_tpch_q3_lineitem_orders_customer_no_bit_packing (1769 ms)
[----------] 6 tests from SecureKeyedJoinTest (7542 ms total)

[----------] Global test environment tear-down
[==========] 6 tests from 1 test suite ran. (7542 ms total)
[  PASSED  ] 6 tests.
