Note: Google Test filter = *.test_tpch_q3_customer_orders
[==========] Running 1 test from 1 test suite.
[----------] Global test environment set-up.
[----------] 1 test from OMPCBlockNestedLoopJoinTest
[ RUN      ] OMPCBlockNestedLoopJoinTest.test_tpch_q3_customer_orders
Connecting on ports 6424, 5134 as 3
party 3 connected to TP
party 3 connected to GB
party 3 connected to TP
party 3 connected to GB
initializing cot
setup finished! takes 1139.51ms to finish setup
Memory usage of backend setup: [Linux]Peak resident set size: 1408892928 bytes, current memory size: 1364529152 bytes.
1408892928
EMP mode: outsourced, storage mode: packed wires
Code version: 3004e111012358914487c401197c86a5bc28341a
GFlags: --flagfile=	--ctrl_port=65450	--cutoff=5	--empty_db=tpch_empty	--filter=*.test_tpch_q3_customer_orders	--input_party=10086	--input_size=l	--page_cnt=50	--party=3	--port=43443	--storage=wire_packed	--unioned_db=tpch_unioned_150	--unpacked_page_size_bits=2048	--validation=false	--wire_path=wires	--log_level=2	--logfile=	

After setup: [Linux]Peak resident set size: 1408892928 bytes, current memory size: 1370820608 bytes.
1408892928
Operator #-1 StoredTableScan ran for 3.835000 ms, gate count: 0 output cardinality: 1500, row width=161
Operator #-1 StoredTableScan ran for 0.960000 ms, gate count: 0 output cardinality: 150, row width=33
extension finished! takes 918.442ms to extend lpn
extension finished! takes 856.658ms to extend lpn
extension finished! takes 866.586ms to extend lpn
Operator #-1 BlockNestedLoopJoin ran for 15095.368000 ms, gate count: 15075000 output cardinality: 1500, row width=193
querying time: 15.1003s
[Linux]Peak resident set size: 1730560000 bytes, current memory size: 1730560000 bytes.
party 3 send 2896169472 bytes to party 1
party 3 send 15456 bytes to TP 
total AND gate: 15075000
total pack call: 3
total unpack call: 54
total packed wire: 6144
total unpacked wire: 110592
[       OK ] OMPCBlockNestedLoopJoinTest.test_tpch_q3_customer_orders (19220 ms)
[----------] 1 test from OMPCBlockNestedLoopJoinTest (19220 ms total)

[----------] Global test environment tear-down
[==========] 1 test from 1 test suite ran. (19220 ms total)
[  PASSED  ] 1 test.
Buffer pool requests: 2025360 hit rate: 2025306/2025360: 0.999973, pack calls: 0 unpack calls: 54 pinned pages: 0

