Note: Google Test filter = *.test_tpch_q3_customer_orders
[==========] Running 1 test from 1 test suite.
[----------] Global test environment set-up.
[----------] 1 test from OMPCBlockNestedLoopJoinTest
[ RUN      ] OMPCBlockNestedLoopJoinTest.test_tpch_q3_customer_orders
Connecting on ports 6424, 5134 as 10086
TP connected to 1
TP connected to 2
TP connected to 3
TP connected to 1
TP connected to 2
TP connected to 3
initializing cot
setup finished! takes 653.671ms to finish setup
Memory usage of backend setup: [Linux]Peak resident set size: 68026368 bytes, current memory size: 30818304 bytes.
68026368
EMP mode: outsourced, storage mode: packed wires
Code version: 495fecf6e17483d9dc8e02d4eb08a7b903d179fb
GFlags: --flagfile=	--ctrl_port=65450	--cutoff=5	--empty_db=tpch_empty	--filter=*.test_tpch_q3_customer_orders	--input_party=10086	--input_size=l	--page_cnt=50	--party=10086	--port=43443	--storage=wire_packed	--unioned_db=tpch_unioned_150	--unpacked_page_size_bits=2048	--validation=false	--wire_path=wires	--log_level=2	--logfile=	

After setup: [Linux]Peak resident set size: 68026368 bytes, current memory size: 50741248 bytes.
68026368
Operator #-1 StoredTableScan ran for 606.787000 ms, gate count: 0 output cardinality: 1500, row width=161
Operator #-1 StoredTableScan ran for 1.232000 ms, gate count: 0 output cardinality: 150, row width=33
extension finished! takes 74.118ms to extend lpn
extension finished! takes 66.983ms to extend lpn
extension finished! takes 66.909ms to extend lpn
Operator #-1 BlockNestedLoopJoin ran for 14351.953000 ms, gate count: 15075000 output cardinality: 1500, row width=193
querying time: 14.9601s
[Linux]Peak resident set size: 98807808 bytes, current memory size: 98807808 bytes.
TP send 15595876 bytes to party 1
TP send 15595843 bytes to party 2
TP send 15595843 bytes to party 3
total AND gate: 15075000
total pack call: 3
total unpack call: 54
total packed wire: 6144
total unpacked wire: 110592
[       OK ] OMPCBlockNestedLoopJoinTest.test_tpch_q3_customer_orders (15655 ms)
[----------] 1 test from OMPCBlockNestedLoopJoinTest (15655 ms total)

[----------] Global test environment tear-down
[==========] 1 test from 1 test suite ran. (15655 ms total)
[  PASSED  ] 1 test.
Buffer pool requests: 2025360 hit rate: 2025306/2025360: 0.999973, pack calls: 0 unpack calls: 54 pinned pages: 0

