Note: Google Test filter = *.test_tpch_q3_customer_orders
[==========] Running 1 test from 1 test suite.
[----------] Global test environment set-up.
[----------] 1 test from OMPCBlockNestedLoopJoinTest
[ RUN      ] OMPCBlockNestedLoopJoinTest.test_tpch_q3_customer_orders
Connecting on ports 5434, 6545 as 3
party 3 connected to TP
party 3 connected to GB
party 3 connected to TP
party 3 connected to GB
initializing cot
setup finished! takes 1050.49ms to finish setup
Memory usage of backend setup: [Linux]Peak resident set size: 1408892928 bytes, current memory size: 1364303872 bytes.
1408892928
EMP mode: outsourced, storage mode: packed wires
Code version: 2e3a99422b349bb24b3af68ab6c800cd228629b2
GFlags: --flagfile=	--ctrl_port=65450	--cutoff=5	--empty_db=tpch_empty	--filter=*.test_tpch_q3_customer_orders	--input_party=10086	--input_size=l	--page_cnt=800	--party=3	--port=43443	--storage=wire_packed	--unioned_db=tpch_unioned_600	--unpacked_page_size_bits=2048	--validation=false	--wire_path=wires	--log_level=2	--logfile=	

After setup: [Linux]Peak resident set size: 1462738944 bytes, current memory size: 1462738944 bytes.
1462738944
Operator #-1 StoredTableScan ran for 5.016000 ms, gate count: 0 output cardinality: 6000, row width=161
Operator #-1 StoredTableScan ran for 1.192000 ms, gate count: 0 output cardinality: 600, row width=33
extension finished! takes 869.836ms to extend lpn
extension finished! takes 815.71ms to extend lpn
extension finished! takes 790.249ms to extend lpn
extension finished! takes 791.943ms to extend lpn
extension finished! takes 791.902ms to extend lpn
extension finished! takes 791.839ms to extend lpn
extension finished! takes 788.654ms to extend lpn
extension finished! takes 794.579ms to extend lpn
extension finished! takes 790.92ms to extend lpn
extension finished! takes 808.866ms to extend lpn
extension finished! takes 814.343ms to extend lpn
extension finished! takes 800.013ms to extend lpn
extension finished! takes 797.861ms to extend lpn
extension finished! takes 791.298ms to extend lpn
extension finished! takes 805.987ms to extend lpn
extension finished! takes 810.864ms to extend lpn
extension finished! takes 819.95ms to extend lpn
extension finished! takes 796.918ms to extend lpn
extension finished! takes 799.186ms to extend lpn
extension finished! takes 798.587ms to extend lpn
extension finished! takes 803.667ms to extend lpn
extension finished! takes 792.667ms to extend lpn
extension finished! takes 802.244ms to extend lpn
extension finished! takes 812.683ms to extend lpn
extension finished! takes 818.435ms to extend lpn
extension finished! takes 810.578ms to extend lpn
extension finished! takes 804.65ms to extend lpn
extension finished! takes 800.946ms to extend lpn
extension finished! takes 810.229ms to extend lpn
extension finished! takes 794.768ms to extend lpn
extension finished! takes 804.667ms to extend lpn
extension finished! takes 806.856ms to extend lpn
extension finished! takes 806.62ms to extend lpn
extension finished! takes 795.696ms to extend lpn
extension finished! takes 806.995ms to extend lpn
extension finished! takes 807.292ms to extend lpn
extension finished! takes 811.029ms to extend lpn
extension finished! takes 803.519ms to extend lpn
extension finished! takes 801.401ms to extend lpn
extension finished! takes 796.613ms to extend lpn
extension finished! takes 798.136ms to extend lpn
extension finished! takes 786.845ms to extend lpn
extension finished! takes 811.443ms to extend lpn
extension finished! takes 803.477ms to extend lpn
extension finished! takes 802.77ms to extend lpn
extension finished! takes 795.72ms to extend lpn
extension finished! takes 800.619ms to extend lpn
extension finished! takes 808.009ms to extend lpn
Operator #-1 BlockNestedLoopJoin ran for 187948.396000 ms, gate count: 241200000 output cardinality: 6000, row width=193
querying time: 187.955s
[Linux]Peak resident set size: 1880825856 bytes, current memory size: 1880793088 bytes.
total tuple comparison time: 73.5832s
total packing time: 0.006692s
total unpacking time: 6.45254s
total disk read bytes: 255552 Bytes, 0.255552 MB
total disk write bytes: 0 Bytes, 0 MB
total disk read time: 4.8e-05s
total disk write time: 0s
average disk read speed: 5324MB/s
average disk write speed: 0MB/s
total runtime (tup comp + (un)packing + disk I/Os): 80s
party 3 send 46317117440 bytes to party 1
party 3 send 56528 bytes to TP 
total AND gate: 241200000
total pack call: 3
total unpack call: 205
total packed wire: 6144
total unpacked wire: 419840
[       OK ] OMPCBlockNestedLoopJoinTest.test_tpch_q3_customer_orders (190764 ms)
[----------] 1 test from OMPCBlockNestedLoopJoinTest (190764 ms total)

[----------] Global test environment tear-down
[==========] 1 test from 1 test suite ran. (190764 ms total)
[  PASSED  ] 1 test.
Buffer pool requests: 32400805 hit rate: 32400600/32400805: 0.999994, pack calls: 0 unpack calls: 205 pinned pages: 0

