[==========] Running 12 tests from 1 test suite.
[----------] Global test environment set-up.
[----------] 12 tests from BaselineComparisonTest
[ RUN      ] BaselineComparisonTest.baseline_tpch_q18
Connecting to 127.0.0.1 on ports 7654, 65482 as 1
connected
EMP mode: sh2pc, storage mode: column store
Code version: 121a0e598752ec8865361fc5f7ca84b0e5839ba9
GFlags: --flagfile=	--alice_db=tpch_alice_5	--alice_host=127.0.0.1	--bob_db=tpch_bob_5	--ctrl_port=65483	--cutoff=100	--filter=*	--party=1	--port=7655	--storage=column	--unioned_db=tpch_unioned_5	--validation=true	--log_level=2	--logfile=	

[Linux]Peak resident set size: 16646144 bytes, current memory size: 16646144 bytes.
#14: Sort<Bit> ({<-1, ASC> , <4, DESC> , <3, ASC> }) : (#0 shared-varchar(25) customer.c_name, #1 shared-int32(14) customer.c_custkey, #2 shared-int32(20) orders.o_orderkey, #3 shared-int64(28) orders.o_orderdate, #4 shared-float orders.o_totalprice, #5 shared-float sum_qty) order by: {<-1, ASC> , <4, DESC> , <3, ASC> }, cost est: 504037, output card: 100
    #13: SortMergeAggregate<Bit> (group-by: (0, 1, 2, 3, 4) aggs: (SUM($5) sum_qty)) : (#0 shared-varchar(25) customer.c_name, #1 shared-int32(14) customer.c_custkey, #2 shared-int32(20) orders.o_orderkey, #3 shared-int64(28) orders.o_orderdate, #4 shared-float orders.o_totalprice, #5 shared-float sum_qty) order by: {<0, ASC> , <1, ASC> , <2, ASC> , <3, ASC> , <4, ASC> }, cost est: 655200000, output card: 390000
        #-1: Sort<Bit> ({<0, ASC> , <1, ASC> , <2, ASC> , <3, ASC> , <4, ASC> }) : (#0 shared-varchar(25) customer.c_name, #1 shared-int32(14) customer.c_custkey, #2 shared-int32(20) orders.o_orderkey, #3 shared-int64(28) orders.o_orderdate, #4 shared-float orders.o_totalprice, #5 shared-float l_quantity) order by: {<0, ASC> , <1, ASC> , <2, ASC> , <3, ASC> , <4, ASC> }, cost est: 22542725120, output card: 390000
            #12: Project<Bit> ((<0, P$6(200) shared-varchar>, <1, P$5(14) shared-int32>, <2, P$0(20) shared-int32>, <3, P$3(28) shared-int64>, <4, P$2(32) shared-float>, <5, P$4(32) shared-float>)) : (#0 shared-varchar(25) customer.c_name, #1 shared-int32(14) customer.c_custkey, #2 shared-int32(20) orders.o_orderkey, #3 shared-int64(28) orders.o_orderdate, #4 shared-float orders.o_totalprice, #5 shared-float l_quantity) order by: {}, cost est: 0, output card: 390000
                #11: BasicJoin<Bit> (P$1(14) == P$5(14)) : (#0 shared-int32(20) orders.o_orderkey, #1 shared-int32(14) orders.o_custkey, #2 shared-float orders.o_totalprice, #3 shared-int64(28) orders.o_orderdate, #4 shared-float l_quantity, #5 shared-int32(14) customer.c_custkey, #6 shared-varchar(25) customer.c_name) order by: {}, cost est: 7020000, output card: 390000
                    #9: Project<Bit> ((<0, P$2(20) shared-int32>, <1, P$3(14) shared-int32>, <2, P$4(32) shared-float>, <3, P$5(28) shared-int64>, <4, P$1(32) shared-float>)) : (#0 shared-int32(20) orders.o_orderkey, #1 shared-int32(14) orders.o_custkey, #2 shared-float orders.o_totalprice, #3 shared-int64(28) orders.o_orderdate, #4 shared-float l_quantity) order by: {}, cost est: 0, output card: 39000
                        #8: BasicJoin<Bit> (P$0(20) == P$2(20)) : (#0 shared-int32(20) lineitem.L2.l_orderkey, #1 shared-float sum_qty, #2 shared-int32(20) orders.o_orderkey, #3 shared-int32(14) orders.o_custkey, #4 shared-float orders.o_totalprice, #5 shared-int64(28) orders.o_orderdate) order by: {<0, ASC> }, cost est: 936000, output card: 39000
                            #6: Project<Bit> ((<0, P$0(20) shared-int32>, <1, P$1(32) shared-float>)) : (#0 shared-int32(20) lineitem.L2.l_orderkey, #1 shared-float sum_qty) order by: {<0, ASC> }, cost est: 0, output card: 390
                                #5: KeyedJoin<Bit> (P$0(20) == P$2(20)) : (#0 shared-int32(20) lineitem.l_orderkey, #1 shared-float sum_qty, #2 shared-int32(20) lineitem.l_orderkey) order by: {<0, ASC> }, cost est: 6692400, output card: 390
                                    #3: Filter<Bit> (P$1(32) > SECRET FLOAT) : (#0 shared-int32(20) lineitem.l_orderkey, #1 shared-float sum_qty) order by: {<0, ASC> }, cost est: 83070, output card: 390
                                        #2: SortMergeAggregate<Bit> (group-by: (0) aggs: (SUM($1) sum_qty)) : (#0 shared-int32(20) lineitem.l_orderkey, #1 shared-float sum_qty) order by: {<0, ASC> }, cost est: 439920, output card: 390
                                            #1: Sort<Bit> ({<0, ASC> }) : (#0 shared-int32(20) lineitem.l_orderkey, #1 shared-float lineitem.l_quantity) order by: {<0, ASC> }, cost est: 612758, output card: 390
                                                #0: SecureSqlInput<Bit> ("SELECT l_orderkey, l_quantity FROM lineitem", tuple_count=390) : (#0 shared-int32(20) lineitem.l_orderkey, #1 shared-float lineitem.l_quantity) order by: {}, cost est: 0, output card: 390
                                    #4: SecureSqlInput<Bit> ("SELECT L2.l_orderkey FROM lineitem L2", tuple_count=390) : (#0 shared-int32(20) lineitem.l_orderkey) order by: {}, cost est: 0, output card: 390
                            #7: SecureSqlInput<Bit> ("SELECT o_orderkey, o_custkey, o_totalprice, o_orderdate FROM orders", tuple_count=100) : (#0 shared-int32(20) orders.o_orderkey, #1 shared-int32(14) orders.o_custkey, #2 shared-float orders.o_totalprice, #3 shared-int64(28) orders.o_orderdate) order by: {}, cost est: 0, output card: 100
                    #10: SecureSqlInput<Bit> ("SELECT c_custkey, c_name FROM customer", tuple_count=10) : (#0 shared-int32(14) customer.c_custkey, #1 shared-varchar(25) customer.c_name) order by: {}, cost est: 0, output card: 10

Operator #0 SecureSqlInput ran for 1.229000 ms, gate count: 0 output cardinality: 390, row width=53
Operator #1 Sort ran for 50.228000 ms, gate count: 567360 output cardinality: 390, row width=53
Operator #2 SortMergeAggregate ran for 30.751000 ms, gate count: 426764 output cardinality: 390, row width=53
Operator #3 Filter ran for 6.840000 ms, gate count: 83460 output cardinality: 390, row width=53
Operator #4 SecureSqlInput ran for 2.281000 ms, gate count: 0 output cardinality: 390, row width=21
Operator #5 KeyedJoin ran for 564.246000 ms, gate count: 6844500 output cardinality: 390, row width=73
Operator #6 Project ran for 0.167000 ms, gate count: 0 output cardinality: 390, row width=53
Operator #7 SecureSqlInput ran for 3.584000 ms, gate count: 0 output cardinality: 100, row width=95
Operator #8 BasicJoin ran for 174.989000 ms, gate count: 897000 output cardinality: 39000, row width=147
Operator #9 Project ran for 50.926000 ms, gate count: 0 output cardinality: 39000, row width=127
Operator #10 SecureSqlInput ran for 54.275000 ms, gate count: 0 output cardinality: 10, row width=215
Operator #11 BasicJoin ran for 2982.463000 ms, gate count: 6630000 output cardinality: 390000, row width=341
Operator #12 Project ran for 1990.454000 ms, gate count: 0 output cardinality: 390000, row width=327
Operator #-1 Sort ran for 1878125.816000 ms, gate count: 21502467360 output cardinality: 390000, row width=327
Operator #13 SortMergeAggregate ran for 64039.993000 ms, gate count: 714868200 output cardinality: 390000, row width=327
Operator #14 Sort ran for 1077925.752000 ms, gate count: 13500583200 output cardinality: 100, row width=327
Runtime: 3026.8 sec, CPU Time: 3000.84 sec, CPU clock ticks: 3.00084e+09, CPU clock ticks per second: 1000000
End-to-end estimated gates: 2.32142e+10. observed gates: 35733367844 gates, relative error (%)=35.0349
[Linux]Peak resident set size: 8660230144 bytes, current memory size: 2095710208 bytes.
Initial Memory: 16646144 bytes, Peak Memory After Execution: 8660230144 bytes, Memory Usage: 8643584000 bytes
Bandwidth: 3.77781e+08 Bps
[       OK ] BaselineComparisonTest.baseline_tpch_q18 (3032829 ms)
[ RUN      ] BaselineComparisonTest.rewrite_rules_tpch_q18
Connecting to 127.0.0.1 on ports 7655, 65483 as 1
connected
EMP mode: sh2pc, storage mode: column store
Code version: 121a0e598752ec8865361fc5f7ca84b0e5839ba9
GFlags: --flagfile=	--alice_db=tpch_alice_5	--alice_host=127.0.0.1	--bob_db=tpch_bob_5	--ctrl_port=65484	--cutoff=100	--filter=*	--party=1	--port=7656	--storage=column	--unioned_db=tpch_unioned_5	--validation=true	--log_level=2	--logfile=	

[Linux]Peak resident set size: 8660230144 bytes, current memory size: 2094252032 bytes.
#13: Sort<Bit> ({<-1, ASC> , <4, DESC> , <3, ASC> }) : (#0 shared-varchar(25) customer.c_name, #1 shared-int32(14) customer.c_custkey, #2 shared-int32(20) orders.o_orderkey, #3 shared-int64(28) orders.o_orderdate, #4 shared-float orders.o_totalprice, #5 shared-float sum_qty) order by: {<-1, ASC> , <4, DESC> , <3, ASC> }, cost est: 504037, output card: 100
    #12: SortMergeAggregate<Bit> (group-by: (0, 1, 2, 3, 4) aggs: (SUM($5) sum_qty)) : (#0 shared-varchar(25) customer.c_name, #1 shared-int32(14) customer.c_custkey, #2 shared-int32(20) orders.o_orderkey, #3 shared-int64(28) orders.o_orderdate, #4 shared-float orders.o_totalprice, #5 shared-float sum_qty) order by: {<0, ASC> , <1, ASC> , <2, ASC> , <3, ASC> , <4, ASC> }, cost est: 655200000, output card: 390000
        #-1: Sort<Bit> ({<0, ASC> , <1, ASC> , <2, ASC> , <3, ASC> , <4, ASC> }) : (#0 shared-varchar(25) customer.c_name, #1 shared-int32(14) customer.c_custkey, #2 shared-int32(20) orders.o_orderkey, #3 shared-int64(28) orders.o_orderdate, #4 shared-float orders.o_totalprice, #5 shared-float l_quantity) order by: {<0, ASC> , <1, ASC> , <2, ASC> , <3, ASC> , <4, ASC> }, cost est: 22542725120, output card: 390000
            #11: Project<Bit> ((<0, P$6(200) shared-varchar>, <1, P$5(14) shared-int32>, <2, P$0(20) shared-int32>, <3, P$3(28) shared-int64>, <4, P$2(32) shared-float>, <5, P$4(32) shared-float>)) : (#0 shared-varchar(25) customer.c_name, #1 shared-int32(14) customer.c_custkey, #2 shared-int32(20) orders.o_orderkey, #3 shared-int64(28) orders.o_orderdate, #4 shared-float orders.o_totalprice, #5 shared-float l_quantity) order by: {<2, ASC> }, cost est: 0, output card: 390000
                #10: BasicJoin<Bit> (P$1(14) == P$5(14)) : (#0 shared-int32(20) orders.o_orderkey, #1 shared-int32(14) orders.o_custkey, #2 shared-float orders.o_totalprice, #3 shared-int64(28) orders.o_orderdate, #4 shared-float sum_qty, #5 shared-int32(14) customer.c_custkey, #6 shared-varchar(25) customer.c_name) order by: {<0, ASC> }, cost est: 7020000, output card: 390000
                    #8: Project<Bit> ((<0, P$2(20) shared-int32>, <1, P$3(14) shared-int32>, <2, P$4(32) shared-float>, <3, P$5(28) shared-int64>, <4, P$1(32) shared-float>)) : (#0 shared-int32(20) orders.o_orderkey, #1 shared-int32(14) orders.o_custkey, #2 shared-float orders.o_totalprice, #3 shared-int64(28) orders.o_orderdate, #4 shared-float sum_qty) order by: {}, cost est: 0, output card: 39000
                        #7: BasicJoin<Bit> (P$0(20) == P$2(20)) : (#0 shared-int32(20) lineitem.L2.l_orderkey, #1 shared-float sum_qty, #2 shared-int32(20) orders.o_orderkey, #3 shared-int32(14) orders.o_custkey, #4 shared-float orders.o_totalprice, #5 shared-int64(28) orders.o_orderdate) order by: {<0, ASC> }, cost est: 936000, output card: 39000
                            #5: Project<Bit> ((<0, P$2(20) shared-int32>, <1, P$1(32) shared-float>)) : (#0 shared-int32(20) lineitem.L2.l_orderkey, #1 shared-float sum_qty) order by: {}, cost est: 0, output card: 390
                                #4: KeyedJoin<Bit> (P$0(20) == P$2(20)) : (#0 shared-int32(20) lineitem.l_orderkey, #1 shared-float sum_qty, #2 shared-int32(20) lineitem.l_orderkey) order by: {<0, ASC> , <2, ASC> }, cost est: 6692400, output card: 390
                                    #2: Filter<Bit> (P$1(32) > SECRET FLOAT) : (#0 shared-int32(20) lineitem.l_orderkey, #1 shared-float sum_qty) order by: {<0, ASC> }, cost est: 83070, output card: 390
                                        #1: SortMergeAggregate<Bit> (group-by: (0) aggs: (SUM($1) sum_qty)) : (#0 shared-int32(20) lineitem.l_orderkey, #1 shared-float sum_qty) order by: {<0, ASC> }, cost est: 439920, output card: 390
                                            #0: SecureSqlInput<Bit> ("SELECT l_orderkey, l_quantity FROM lineitem ORDER BY l_orderkey", tuple_count=390) : (#0 shared-int32(20) lineitem.l_orderkey, #1 shared-float lineitem.l_quantity) order by: {<0, ASC> }, cost est: 127528, output card: 390
                                    #3: SecureSqlInput<Bit> ("SELECT L2.l_orderkey FROM lineitem L2 ORDER BY L2.l_orderkey", tuple_count=390) : (#0 shared-int32(20) lineitem.l_orderkey) order by: {<0, ASC> }, cost est: 73832, output card: 390
                            #6: SecureSqlInput<Bit> ("SELECT o_orderkey, o_custkey, o_totalprice, o_orderdate FROM orders ORDER BY o_orderkey", tuple_count=100) : (#0 shared-int32(20) orders.o_orderkey, #1 shared-int32(14) orders.o_custkey, #2 shared-float orders.o_totalprice, #3 shared-int64(28) orders.o_orderdate) order by: {<0, ASC> }, cost est: 39176, output card: 100
                    #9: SecureSqlInput<Bit> ("SELECT c_custkey, c_name FROM customer ORDER BY c_custkey", tuple_count=10) : (#0 shared-int32(14) customer.c_custkey, #1 shared-varchar(25) customer.c_name) order by: {<0, ASC> }, cost est: 3712, output card: 10

Operator #0 SecureSqlInput ran for 15.025000 ms, gate count: 119808 output cardinality: 390, row width=53
Operator #1 SortMergeAggregate ran for 37.530000 ms, gate count: 426764 output cardinality: 390, row width=53
Operator #2 Filter ran for 6.507000 ms, gate count: 83460 output cardinality: 390, row width=53
Operator #3 SecureSqlInput ran for 10.312000 ms, gate count: 68000 output cardinality: 390, row width=21
Operator #4 KeyedJoin ran for 653.118000 ms, gate count: 6844500 output cardinality: 390, row width=73
Operator #5 Project ran for 0.101000 ms, gate count: 0 output cardinality: 390, row width=53
Operator #6 SecureSqlInput ran for 7.567000 ms, gate count: 36656 output cardinality: 100, row width=95
Operator #7 BasicJoin ran for 169.635000 ms, gate count: 897000 output cardinality: 39000, row width=147
Operator #8 Project ran for 53.526000 ms, gate count: 0 output cardinality: 39000, row width=127
Operator #9 SecureSqlInput ran for 54.195000 ms, gate count: 3448 output cardinality: 10, row width=215
Operator #10 BasicJoin ran for 3083.864000 ms, gate count: 6630000 output cardinality: 390000, row width=341
Operator #11 Project ran for 2087.727000 ms, gate count: 0 output cardinality: 390000, row width=327
Operator #-1 Sort ran for 1974470.967000 ms, gate count: 21502467360 output cardinality: 390000, row width=327
Operator #12 SortMergeAggregate ran for 66256.594000 ms, gate count: 714868200 output cardinality: 390000, row width=327
Operator #13 Sort ran for 1084572.756000 ms, gate count: 13500583200 output cardinality: 100, row width=327
Runtime: 3131.78 sec, CPU Time: 3107.1 sec, CPU clock ticks: 3.1071e+09, CPU clock ticks per second: 1000000
End-to-end estimated gates: 2.32138e+10. observed gates: 35733028396 gates, relative error (%)=35.0353
[Linux]Peak resident set size: 10705510400 bytes, current memory size: 4140990464 bytes.
Initial Memory: 8660230144 bytes, Peak Memory After Execution: 10705510400 bytes, Memory Usage: 2045280256 bytes
Bandwidth: 3.65114e+08 Bps
[       OK ] BaselineComparisonTest.rewrite_rules_tpch_q18 (3137242 ms)
[ RUN      ] BaselineComparisonTest.baseline_tpch_q1
Connecting to 127.0.0.1 on ports 7656, 65484 as 1
connected
EMP mode: sh2pc, storage mode: column store
Code version: 121a0e598752ec8865361fc5f7ca84b0e5839ba9
GFlags: --flagfile=	--alice_db=tpch_alice_5	--alice_host=127.0.0.1	--bob_db=tpch_bob_5	--ctrl_port=65485	--cutoff=100	--filter=*	--party=1	--port=7657	--storage=column	--unioned_db=tpch_unioned_5	--validation=true	--log_level=2	--logfile=	

[Linux]Peak resident set size: 10705510400 bytes, current memory size: 4140990464 bytes.
#3: Sort<Bit> ({<0, ASC> , <1, ASC> }) : (#0 shared-varchar(1) lineitem.l_returnflag, #1 shared-varchar(1) lineitem.l_linestatus, #2 shared-float sum_qty, #3 shared-float sum_base_price, #4 shared-float sum_disc_price, #5 shared-float sum_charge, #6 shared-float avg_qty, #7 shared-float avg_price, #8 shared-float avg_disc, #9 shared-int64(9) count_order) order by: {<0, ASC> , <1, ASC> }, cost est: 2193030, output card: 390
    #2: SortMergeAggregate<Bit> (group-by: (0, 1) aggs: (SUM($2) sum_qty, SUM($3) sum_base_price, SUM($5) sum_disc_price, SUM($6) sum_charge, AVG($2) avg_qty, AVG($3) avg_price, AVG($4) avg_disc, COUNT(*) count_order)) : (#0 shared-varchar(1) lineitem.l_returnflag, #1 shared-varchar(1) lineitem.l_linestatus, #2 shared-float sum_qty, #3 shared-float sum_base_price, #4 shared-float sum_disc_price, #5 shared-float sum_charge, #6 shared-float avg_qty, #7 shared-float avg_price, #8 shared-float avg_disc, #9 shared-int64(9) count_order) order by: {<0, ASC> , <1, ASC> }, cost est: 8683740, output card: 390
        #-1: Sort<Bit> ({<0, ASC> , <1, ASC> }) : (#0 shared-varchar(1) lineitem.l_returnflag, #1 shared-varchar(1) lineitem.l_linestatus, #2 shared-float lineitem.l_quantity, #3 shared-float lineitem.l_extendedprice, #4 shared-float lineitem.l_discount, #5 shared-float disc_price, #6 shared-float charge) order by: {<0, ASC> , <1, ASC> }, cost est: 1604460, output card: 390
            #1: Project<Bit> ((<0, P$4(8) shared-varchar>, <1, P$5(8) shared-varchar>, <2, P$0(32) shared-float>, <3, P$1(32) shared-float>, <4, P$2(32) shared-float>, <5, $1 * (SECRET FLOAT - $2) shared-float>, <6, ($1 * (SECRET FLOAT - $2)) * (SECRET FLOAT + $3) shared-float>)) : (#0 shared-varchar(1) lineitem.l_returnflag, #1 shared-varchar(1) lineitem.l_linestatus, #2 shared-float lineitem.l_quantity, #3 shared-float lineitem.l_extendedprice, #4 shared-float lineitem.l_discount, #5 shared-float disc_price, #6 shared-float charge) order by: {}, cost est: 8886150, output card: 390
                #0: SecureSqlInput<Bit> ("SELECT l_quantity, l_extendedprice, l_discount, l_tax, l_returnflag, l_linestatus, NOT l_shipdate <= DATE '1998-08-03' AS dummy_tag FROM lineitem", tuple_count=390) : (#0 shared-float lineitem.l_quantity, #1 shared-float lineitem.l_extendedprice, #2 shared-float lineitem.l_discount, #3 shared-float lineitem.l_tax, #4 shared-varchar(1) lineitem.l_returnflag, #5 shared-varchar(1) lineitem.l_linestatus) order by: {}, cost est: 0, output card: 390

Operator #0 SecureSqlInput ran for 3.283000 ms, gate count: 0 output cardinality: 390, row width=145
Operator #1 Project ran for 394.986000 ms, gate count: 5331692 output cardinality: 390, row width=177
Operator #-1 Sort ran for 117.284000 ms, gate count: 1487396 output cardinality: 390, row width=177
Operator #2 SortMergeAggregate ran for 576.270000 ms, gate count: 8563524 output cardinality: 390, row width=250
Operator #3 Sort ran for 161.531000 ms, gate count: 2047088 output cardinality: 390, row width=250
Runtime: 1.30027 sec, CPU Time: 1.25082 sec, CPU clock ticks: 1.25082e+06, CPU clock ticks per second: 1000000
End-to-end estimated gates: 2.13674e+07. observed gates: 17429700 gates, relative error (%)=22.5918
[Linux]Peak resident set size: 10705510400 bytes, current memory size: 4141383680 bytes.
Initial Memory: 10705510400 bytes, Peak Memory After Execution: 10705510400 bytes, Memory Usage: 0 bytes
Bandwidth: 4.2895e+08 Bps
Comparing on idx 0 with (A, F, 1337.000000, 1917697.875000, 1813475.125000, 1884115.250000, 26.215687, 37601.917969, 0.051373, 51) (dummy=0)
          !=            (A, F, 2674.000000, 3835395.750000, 3626950.750000, 3768230.750000, 26.215687, 37601.917969, 0.051373, 102) (dummy=0)
    Failed to match!
/home/vaultdb/vaultdb-core-cost-comparison/src/main/cpp/test/mpc/baseline_comparison_test.cpp:116: Failure
Expected equality of these values:
  *expected
    Which is: (#0 varchar(1) lineitem.l_returnflag, #1 varchar(1) lineitem.l_linestatus, #2 float sum_qty, #3 float sum_base_price, #4 float sum_disc_price, #5 float sum_charge, #6 float avg_qty, #7 float avg_price, #8 float avg_disc, #9 int64 count_order) isEncrypted? false, order by: {<0, ASC> , <1, ASC> }
(A, F, 1337.000000, 1917697.875000, 1813475.125000, 1884115.250000, 26.215687, 37601.917969, 0.051373, 51)
(N, O, 2590.000000, 3707158.500000, 3529865.000000, 3674249.750000, 25.900000, 37071.585938, 0.048600, 100)
(R, F, 1037.000000, 1503491.625000, 1422472.000000, 1470954.250000, 26.589743, 38551.066406, 0.047949, 39)

  *observed
    Which is: (#0 varchar(1) lineitem.l_returnflag, #1 varchar(1) lineitem.l_linestatus, #2 float sum_qty, #3 float sum_base_price, #4 float sum_disc_price, #5 float sum_charge, #6 float avg_qty, #7 float avg_price, #8 float avg_disc, #9 int64 count_order) isEncrypted? false, order by: {<0, ASC> , <1, ASC> }
(A, F, 2674.000000, 3835395.750000, 3626950.750000, 3768230.750000, 26.215687, 37601.917969, 0.051373, 102)
(N, O, 5180.000000, 7414317.500000, 7059730.500000, 7348502.000000, 25.900000, 37071.585938, 0.048600, 200)
(R, F, 2074.000000, 3006983.500000, 2844944.500000, 2941908.500000, 26.589743, 38551.070312, 0.047949, 78)

[  FAILED  ] BaselineComparisonTest.baseline_tpch_q1 (1761 ms)
[ RUN      ] BaselineComparisonTest.baseline_tpch_q3
Connecting to 127.0.0.1 on ports 7657, 65485 as 1
connected
EMP mode: sh2pc, storage mode: column store
Code version: 121a0e598752ec8865361fc5f7ca84b0e5839ba9
GFlags: --flagfile=	--alice_db=tpch_alice_5	--alice_host=127.0.0.1	--bob_db=tpch_bob_5	--ctrl_port=65486	--cutoff=100	--filter=*	--party=1	--port=7658	--storage=column	--unioned_db=tpch_unioned_5	--validation=true	--log_level=2	--logfile=	

[Linux]Peak resident set size: 10705510400 bytes, current memory size: 4141383680 bytes.
#10: Project<Bit> ((<0, P$0(20) shared-int32>, <1, P$3(32) shared-float>, <2, P$1(28) shared-int64>, <3, P$2(32) shared-int32>)) : (#0 shared-int32(20) orders.o_orderkey, #1 shared-float revenue, #2 shared-int64(28) orders.o_orderdate, #3 shared-int32 orders.o_shippriority) order by: {<-1, ASC> , <1, DESC> , <2, ASC> }, cost est: 0, output card: 10
    #9: Sort<Bit> ({<-1, ASC> , <3, DESC> , <1, ASC> }) : (#0 shared-int32(20) orders.o_orderkey, #1 shared-int64(28) orders.o_orderdate, #2 shared-int32 orders.o_shippriority, #3 shared-float revenue) order by: {<-1, ASC> , <3, DESC> , <1, ASC> }, cost est: 6568, output card: 10
        #8: SortMergeAggregate<Bit> (group-by: (0, 1, 2) aggs: (SUM($3) revenue)) : (#0 shared-int32(20) orders.o_orderkey, #1 shared-int64(28) orders.o_orderdate, #2 shared-int32 orders.o_shippriority, #3 shared-float revenue) order by: {<0, ASC> , <1, ASC> , <2, ASC> }, cost est: 487500000, output card: 390000
            #-1: Sort<Bit> ({<0, ASC> , <1, ASC> , <2, ASC> }) : (#0 shared-int32(20) orders.o_orderkey, #1 shared-int64(28) orders.o_orderdate, #2 shared-int32 orders.o_shippriority, #3 shared-float revenue) order by: {<0, ASC> , <1, ASC> , <2, ASC> }, cost est: 7159796224, output card: 390000
                #7: Project<Bit> ((<0, P$0(20) shared-int32>, <1, P$1(28) shared-int64>, <2, P$2(32) shared-int32>, <3, P$4(32) shared-float>)) : (#0 shared-int32(20) orders.o_orderkey, #1 shared-int64(28) orders.o_orderdate, #2 shared-int32 orders.o_shippriority, #3 shared-float revenue) order by: {}, cost est: 0, output card: 390000
                    #6: BasicJoin<Bit> (P$0(20) == P$3(20)) : (#0 shared-int32(20) orders.o_orderkey, #1 shared-int64(28) orders.o_orderdate, #2 shared-int32 orders.o_shippriority, #3 shared-int32(20) lineitem.l_orderkey, #4 shared-float revenue) order by: {}, cost est: 9360000, output card: 390000
                        #3: Project<Bit> ((<0, P$0(20) shared-int32>, <1, P$2(28) shared-int64>, <2, P$3(32) shared-int32>)) : (#0 shared-int32(20) orders.o_orderkey, #1 shared-int64(28) orders.o_orderdate, #2 shared-int32 orders.o_shippriority) order by: {}, cost est: 0, output card: 1000
                            #2: BasicJoin<Bit> (P$1(14) == P$4(14)) : (#0 shared-int32(20) orders.o_orderkey, #1 shared-int32(14) orders.o_custkey, #2 shared-int64(28) orders.o_orderdate, #3 shared-int32 orders.o_shippriority, #4 shared-int32(14) customer.c_custkey) order by: {}, cost est: 18000, output card: 1000
                                #0: SecureSqlInput<Bit> ("SELECT o_orderkey, o_custkey, o_orderdate, o_shippriority, NOT o_orderdate < DATE '1995-03-25' AS dummy_tag FROM orders", tuple_count=100) : (#0 shared-int32(20) orders.o_orderkey, #1 shared-int32(14) orders.o_custkey, #2 shared-int64(28) orders.o_orderdate, #3 shared-int32 orders.o_shippriority) order by: {}, cost est: 0, output card: 100
                                #1: SecureSqlInput<Bit> ("SELECT c_custkey, NOT c_mktsegment = 'HOUSEHOLD' AS dummy_tag FROM customer", tuple_count=10) : (#0 shared-int32(14) customer.c_custkey) order by: {}, cost est: 0, output card: 10
                        #5: Project<Bit> ((<0, P$0(20) shared-int32>, <1, $1 * (SECRET FLOAT - $2) shared-float>)) : (#0 shared-int32(20) lineitem.l_orderkey, #1 shared-float revenue) order by: {}, cost est: 1777230, output card: 390
                            #4: SecureSqlInput<Bit> ("SELECT l_orderkey, l_extendedprice, l_discount, NOT l_shipdate > DATE '1995-03-25' AS dummy_tag FROM lineitem", tuple_count=390) : (#0 shared-int32(20) lineitem.l_orderkey, #1 shared-float lineitem.l_extendedprice, #2 shared-float lineitem.l_discount) order by: {}, cost est: 0, output card: 390

Operator #0 SecureSqlInput ran for 0.496000 ms, gate count: 0 output cardinality: 100, row width=95
Operator #1 SecureSqlInput ran for 0.122000 ms, gate count: 0 output cardinality: 10, row width=15
Operator #2 BasicJoin ran for 2.131000 ms, gate count: 17000 output cardinality: 1000, row width=109
Operator #3 Project ran for 0.248000 ms, gate count: 0 output cardinality: 1000, row width=81
Operator #4 SecureSqlInput ran for 4.131000 ms, gate count: 0 output cardinality: 390, row width=85
Operator #5 Project ran for 126.560000 ms, gate count: 1777232 output cardinality: 390, row width=53
Operator #6 BasicJoin ran for 2560.740000 ms, gate count: 8970000 output cardinality: 390000, row width=133
Operator #7 Project ran for 699.913000 ms, gate count: 0 output cardinality: 390000, row width=113
Operator #-1 Sort ran for 605697.596000 ms, gate count: 6691230720 output cardinality: 390000, row width=113
Operator #8 SortMergeAggregate ran for 38716.946000 ms, gate count: 476188812 output cardinality: 390000, row width=113
Operator #9 Sort ran for 538236.046000 ms, gate count: 6119534880 output cardinality: 10, row width=113
Operator #10 Project ran for 0.037000 ms, gate count: 0 output cardinality: 10, row width=113
Runtime: 1186.19 sec, CPU Time: 1175.49 sec, CPU clock ticks: 1.17549e+09, CPU clock ticks per second: 1000000
End-to-end estimated gates: 7.65846e+09. observed gates: 13297718644 gates, relative error (%)=42.4077
[Linux]Peak resident set size: 10705510400 bytes, current memory size: 4153864192 bytes.
Initial Memory: 10705510400 bytes, Peak Memory After Execution: 10705510400 bytes, Memory Usage: 0 bytes
Bandwidth: 3.58733e+08 Bps
[       OK ] BaselineComparisonTest.baseline_tpch_q3 (1188142 ms)
[ RUN      ] BaselineComparisonTest.baseline_tpch_q5
Connecting to 127.0.0.1 on ports 7658, 65486 as 1
connected
EMP mode: sh2pc, storage mode: column store
Code version: 121a0e598752ec8865361fc5f7ca84b0e5839ba9
GFlags: --flagfile=	--alice_db=tpch_alice_5	--alice_host=127.0.0.1	--bob_db=tpch_bob_5	--ctrl_port=65487	--cutoff=100	--filter=*	--party=1	--port=7659	--storage=column	--unioned_db=tpch_unioned_5	--validation=true	--log_level=2	--logfile=	

[Linux]Peak resident set size: 10705510400 bytes, current memory size: 4153864192 bytes.
#12: Sort<Bit> ({<1, DESC> }) : (#0 shared-varchar(25) nation.n_name, #1 shared-float revenue) order by: {<1, DESC> }, cost est: 3290860544, output card: 156000
    #11: SortMergeAggregate<Bit> (group-by: (0) aggs: (SUM($1) revenue)) : (#0 shared-varchar(25) nation.n_name, #1 shared-float revenue) order by: {<0, ASC> }, cost est: 231816000, output card: 156000
        #-1: Sort<Bit> ({<0, ASC> }) : (#0 shared-varchar(25) nation.n_name, #1 shared-float revenue) order by: {<0, ASC> }, cost est: 5353787904, output card: 156000
            #10: Project<Bit> ((<0, P$5(200) shared-varchar>, <1, P$1(32) shared-float>)) : (#0 shared-varchar(25) nation.n_name, #1 shared-float revenue) order by: {}, cost est: 0, output card: 156000
                #9: BasicJoin<Bit> ((P$0(5) == P$4(5)) AND (P$2(14) == P$3(14))) : (#0 shared-int32(5) supplier.c_nationkey, #1 shared-float revenue, #2 shared-int32(14) orders.o_custkey, #3 shared-int32(14) customer.c_custkey, #4 shared-int32(5) customer.c_nationkey, #5 shared-varchar(25) nation.n_name) order by: {}, cost est: 5772000, output card: 156000
                    #7: Project<Bit> ((<0, P$0(5) shared-int32>, <1, P$2(32) shared-float>, <2, P$4(14) shared-int32>)) : (#0 shared-int32(5) supplier.c_nationkey, #1 shared-float revenue, #2 shared-int32(14) orders.o_custkey) order by: {}, cost est: 0, output card: 39000
                        #6: BasicJoin<Bit> (P$1(20) == P$3(20)) : (#0 shared-int32(5) supplier.s_nationkey, #1 shared-int32(20) lineitem.l_orderkey, #2 shared-float revenue, #3 shared-int32(20) orders.o_orderkey, #4 shared-int32(14) orders.o_custkey) order by: {}, cost est: 936000, output card: 39000
                            #4: Project<Bit> ((<0, P$1(5) shared-int32>, <1, P$2(20) shared-int32>, <2, P$4(32) shared-float>)) : (#0 shared-int32(5) supplier.s_nationkey, #1 shared-int32(20) lineitem.l_orderkey, #2 shared-float revenue) order by: {}, cost est: 0, output card: 390
                                #3: BasicJoin<Bit> (P$0(10) == P$3(10)) : (#0 shared-int32(10) supplier.s_suppkey, #1 shared-int32(5) supplier.s_nationkey, #2 shared-int32(20) lineitem.l_orderkey, #3 shared-int32(10) lineitem.l_suppkey, #4 shared-float revenue) order by: {}, cost est: 5460, output card: 390
                                    #0: SecureSqlInput<Bit> ("SELECT s_suppkey, s_nationkey FROM supplier JOIN nation ON s_nationkey = n_nationkey JOIN region ON n_regionkey = r_regionkey WHERE r_name = 'MIDDLE EAST '", tuple_count=1) : (#0 shared-int32(10) supplier.s_suppkey, #1 shared-int32(5) supplier.s_nationkey) order by: {}, cost est: 0, output card: 1
                                    #2: Project<Bit> ((<0, P$0(20) shared-int32>, <1, P$1(10) shared-int32>, <2, $2 * (SECRET FLOAT - $3) shared-float>)) : (#0 shared-int32(20) lineitem.l_orderkey, #1 shared-int32(10) lineitem.l_suppkey, #2 shared-float revenue) order by: {}, cost est: 1777230, output card: 390
                                        #1: SecureSqlInput<Bit> ("SELECT l_orderkey, l_suppkey, l_extendedprice, l_discount FROM lineitem", tuple_count=390) : (#0 shared-int32(20) lineitem.l_orderkey, #1 shared-int32(10) lineitem.l_suppkey, #2 shared-float lineitem.l_extendedprice, #3 shared-float lineitem.l_discount) order by: {}, cost est: 0, output card: 390
                            #5: SecureSqlInput<Bit> ("SELECT o_orderkey, o_custkey, NOT (o_orderdate >= DATE '1993-01-01' AND o_orderdate < DATE '1994-01-01') AS dummy_tag FROM orders", tuple_count=100) : (#0 shared-int32(20) orders.o_orderkey, #1 shared-int32(14) orders.o_custkey) order by: {}, cost est: 0, output card: 100
                    #8: SecureSqlInput<Bit> ("SELECT t2.c_custkey, t2.c_nationkey, t1.n_name FROM (SELECT r_regionkey, r_name FROM region WHERE r_name = 'MIDDLE EAST ') AS t0 INNER JOIN (SELECT n_nationkey, n_name, n_regionkey FROM nation) AS t1 ON t0.r_regionkey = t1.n_regionkey INNER JOIN (SELECT c_custkey, c_nationkey FROM customer) AS t2 ON t1.n_nationkey = t2.c_nationkey ORDER BY t2.c_custkey ASC", tuple_count=4) : (#0 shared-int32(14) customer.c_custkey, #1 shared-int32(5) customer.c_nationkey, #2 shared-varchar(25) nation.n_name) order by: {}, cost est: 0, output card: 4

Operator #0 SecureSqlInput ran for 0.156000 ms, gate count: 0 output cardinality: 1, row width=16
Operator #1 SecureSqlInput ran for 2.318000 ms, gate count: 0 output cardinality: 390, row width=95
Operator #2 Project ran for 134.014000 ms, gate count: 1777232 output cardinality: 390, row width=63
Operator #3 BasicJoin ran for 0.657000 ms, gate count: 5068 output cardinality: 390, row width=78
Operator #4 Project ran for 0.041000 ms, gate count: 0 output cardinality: 390, row width=58
Operator #5 SecureSqlInput ran for 2.028000 ms, gate count: 0 output cardinality: 100, row width=35
Operator #6 BasicJoin ran for 123.242000 ms, gate count: 897000 output cardinality: 39000, row width=92
Operator #7 Project ran for 23.438000 ms, gate count: 0 output cardinality: 39000, row width=52
Operator #8 SecureSqlInput ran for 25.013000 ms, gate count: 0 output cardinality: 4, row width=220
Operator #9 BasicJoin ran for 1120.533000 ms, gate count: 3744000 output cardinality: 156000, row width=271
Operator #10 Project ran for 577.345000 ms, gate count: 0 output cardinality: 156000, row width=233
Operator #-1 Sort ran for 436552.305000 ms, gate count: 5142163936 output cardinality: 156000, row width=233
Operator #11 SortMergeAggregate ran for 20037.326000 ms, gate count: 226978580 output cardinality: 156000, row width=233
Operator #12 Sort ran for 244361.066000 ms, gate count: 3171304864 output cardinality: 156000, row width=233
Runtime: 703.099 sec, CPU Time: 695.148 sec, CPU clock ticks: 6.95148e+08, CPU clock ticks per second: 1000000
End-to-end estimated gates: 8.88496e+09. observed gates: 8546870680 gates, relative error (%)=3.95565
[Linux]Peak resident set size: 10705510400 bytes, current memory size: 4738854912 bytes.
Initial Memory: 10705510400 bytes, Peak Memory After Execution: 10705510400 bytes, Memory Usage: 0 bytes
Bandwidth: 3.88992e+08 Bps
[       OK ] BaselineComparisonTest.baseline_tpch_q5 (956200 ms)
[ RUN      ] BaselineComparisonTest.baseline_tpch_q8
Connecting to 127.0.0.1 on ports 7659, 65487 as 1
connected
EMP mode: sh2pc, storage mode: column store
Code version: 121a0e598752ec8865361fc5f7ca84b0e5839ba9
GFlags: --flagfile=	--alice_db=tpch_alice_5	--alice_host=127.0.0.1	--bob_db=tpch_bob_5	--ctrl_port=65488	--cutoff=100	--filter=*	--party=1	--port=7660	--storage=column	--unioned_db=tpch_unioned_5	--validation=true	--log_level=2	--logfile=	

[Linux]Peak resident set size: 10705510400 bytes, current memory size: 4738772992 bytes.
#13: Sort<Bit> ({<0, ASC> }) : (#0 shared-int32 orders.o_year, #1 shared-float mkt_share) order by: {<0, ASC> }, cost est: 546686848, output card: 78000
    #12: Project<Bit> ((<0, P$0(32) shared-int32>, <1, $2 / $1 shared-float>)) : (#0 shared-int32 orders.o_year, #1 shared-float mkt_share) order by: {<0, ASC> }, cost est: 297102000, output card: 78000
        #11: SortMergeAggregate<Bit> (group-by: (0) aggs: (SUM($1) null, SUM($2) null)) : (#0 shared-int32 orders.o_year, #1 shared-float null, #2 shared-float null) order by: {<0, ASC> }, cost est: 179400000, output card: 78000
            #-1: Sort<Bit> ({<0, ASC> }) : (#0 shared-int32 orders.o_year, #1 shared-float volume, #2 shared-float selected_volume) order by: {<0, ASC> }, cost est: 721626624, output card: 78000
                #10: Project<Bit> ((<0, P$0(32) shared-int32>, <1, P$2(32) shared-float>, <2, CASE($4, $2, SECRET FLOAT) shared-float>)) : (#0 shared-int32 orders.o_year, #1 shared-float volume, #2 shared-float selected_volume) order by: {}, cost est: 0, output card: 78000
                    #9: BasicJoin<Bit> (P$1(10) == P$3(10)) : (#0 shared-int32 orders.o_year, #1 shared-int32(10) lineitem.l_suppkey, #2 shared-float volume, #3 shared-int32(10) supplier.s_suppkey, #4 shared-bool nation_check) order by: {}, cost est: 1092000, output card: 78000
                        #7: Project<Bit> ((<0, P$1(32) shared-int32>, <1, P$3(10) shared-int32>, <2, P$4(32) shared-float>)) : (#0 shared-int32 orders.o_year, #1 shared-int32(10) lineitem.l_suppkey, #2 shared-float volume) order by: {}, cost est: 0, output card: 78000
                            #6: BasicJoin<Bit> (P$0(20) == P$2(20)) : (#0 shared-int32(20) orders.o_orderkey, #1 shared-int32 orders.o_year, #2 shared-int32(20) lineitem.l_orderkey, #3 shared-int32(10) lineitem.l_suppkey, #4 shared-float revenue) order by: {}, cost est: 1872000, output card: 78000
                                #3: Project<Bit> ((<0, P$1(20) shared-int32>, <1, P$3(32) shared-int32>)) : (#0 shared-int32(20) orders.o_orderkey, #1 shared-int32 orders.o_year) order by: {}, cost est: 0, output card: 200
                                    #2: BasicJoin<Bit> (P$0(14) == P$2(14)) : (#0 shared-int32(14) customer.c_custkey, #1 shared-int32(20) orders.o_orderkey, #2 shared-int32(14) orders.o_custkey, #3 shared-int32 orders.o_year) order by: {}, cost est: 3600, output card: 200
                                        #0: SecureSqlInput<Bit> ("SELECT c_custkey FROM customer c JOIN nation n1 ON c_nationkey = n_nationkey JOIN region ON r_regionkey = n_regionkey WHERE r_name = 'AFRICA'", tuple_count=2) : (#0 shared-int32(14) customer.c_custkey) order by: {}, cost est: 0, output card: 2
                                        #1: SecureSqlInput<Bit> ("SELECT o_orderkey, o_custkey, o_orderyear::INT AS o_year, NOT (o_orderdate >= date '1995-01-01' and o_orderdate < date '1996-12-31') dummy_tag FROM orders", tuple_count=100) : (#0 shared-int32(20) orders.o_orderkey, #1 shared-int32(14) orders.o_custkey, #2 shared-int32 orders.o_year) order by: {}, cost est: 0, output card: 100
                                #5: Project<Bit> ((<0, P$0(20) shared-int32>, <1, P$1(10) shared-int32>, <2, $2 * (SECRET FLOAT - $3) shared-float>)) : (#0 shared-int32(20) lineitem.l_orderkey, #1 shared-int32(10) lineitem.l_suppkey, #2 shared-float revenue) order by: {}, cost est: 1777230, output card: 390
                                    #4: SecureSqlInput<Bit> ("SELECT l_orderkey, l_suppkey, l_extendedprice, l_discount,        CASE            WHEN p_type = 'LARGE ANODIZED STEEL' AND p_partkey = l_partkey THEN FALSE            ELSE TRUE            END AS dummy_tag FROM lineitem LEFT JOIN part ON p_partkey = l_partkey", tuple_count=390) : (#0 shared-int32(20) lineitem.l_orderkey, #1 shared-int32(10) lineitem.l_suppkey, #2 shared-float lineitem.l_extendedprice, #3 shared-float lineitem.l_discount) order by: {}, cost est: 0, output card: 390
                        #8: SecureSqlInput<Bit> ("SELECT s_suppkey, CASE WHEN n_name = 'KENYA' THEN true ELSE false END AS nation_check FROM supplier JOIN nation ON n_nationkey = s_nationkey", tuple_count=1) : (#0 shared-int32(10) supplier.s_suppkey, #1 shared-bool nation_check) order by: {}, cost est: 0, output card: 1

Operator #0 SecureSqlInput ran for 0.191000 ms, gate count: 0 output cardinality: 2, row width=15
Operator #1 SecureSqlInput ran for 0.416000 ms, gate count: 0 output cardinality: 100, row width=67
Operator #2 BasicJoin ran for 0.423000 ms, gate count: 3400 output cardinality: 200, row width=81
Operator #3 Project ran for 0.023000 ms, gate count: 0 output cardinality: 200, row width=53
Operator #4 SecureSqlInput ran for 2.926000 ms, gate count: 0 output cardinality: 390, row width=95
Operator #5 Project ran for 137.673000 ms, gate count: 1777232 output cardinality: 390, row width=63
Operator #6 BasicJoin ran for 396.875000 ms, gate count: 1794000 output cardinality: 78000, row width=115
Operator #7 Project ran for 82.923000 ms, gate count: 0 output cardinality: 78000, row width=75
Operator #8 SecureSqlInput ran for 86.334000 ms, gate count: 0 output cardinality: 1, row width=12
Operator #9 BasicJoin ran for 225.838000 ms, gate count: 1014000 output cardinality: 78000, row width=86
Operator #10 Project ran for 465.447000 ms, gate count: 2496000 output cardinality: 78000, row width=97
Operator #-1 Sort ran for 57968.845000 ms, gate count: 684515520 output cardinality: 78000, row width=97
Operator #11 SortMergeAggregate ran for 12315.921000 ms, gate count: 169179896 output cardinality: 78000, row width=97
Operator #12 Project ran for 17888.211000 ms, gate count: 297102000 output cardinality: 78000, row width=65
Operator #13 Sort ran for 40916.281000 ms, gate count: 516019392 output cardinality: 78000, row width=65
Runtime: 130.666 sec, CPU Time: 126.29 sec, CPU clock ticks: 1.2629e+08, CPU clock ticks per second: 1000000
End-to-end estimated gates: 1.74956e+09. observed gates: 1673901440 gates, relative error (%)=4.51991
[Linux]Peak resident set size: 10705510400 bytes, current memory size: 4781756416 bytes.
Initial Memory: 10705510400 bytes, Peak Memory After Execution: 10705510400 bytes, Memory Usage: 0 bytes
Bandwidth: 4.09936e+08 Bps
[       OK ] BaselineComparisonTest.baseline_tpch_q8 (179382 ms)
[ RUN      ] BaselineComparisonTest.baseline_tpch_q9
Connecting to 127.0.0.1 on ports 7660, 65488 as 1
connected
EMP mode: sh2pc, storage mode: column store
Code version: 121a0e598752ec8865361fc5f7ca84b0e5839ba9
GFlags: --flagfile=	--alice_db=tpch_alice_5	--alice_host=127.0.0.1	--bob_db=tpch_bob_5	--ctrl_port=65489	--cutoff=100	--filter=*	--party=1	--port=7661	--storage=column	--unioned_db=tpch_unioned_5	--validation=true	--log_level=2	--logfile=	

[Linux]Peak resident set size: 10705510400 bytes, current memory size: 4781756416 bytes.
#12: Sort<Bit> ({<0, ASC> , <1, DESC> }) : (#0 shared-varchar(25) nation.nation, #1 shared-int32 amount, #2 shared-float sum_profit) order by: {<0, ASC> , <1, DESC> }, cost est: 30591485952, output card: 624000
    #11: SortMergeAggregate<Bit> (group-by: (0, 1) aggs: (SUM($2) sum_profit)) : (#0 shared-varchar(25) nation.nation, #1 shared-int32 amount, #2 shared-float sum_profit) order by: {<0, ASC> , <1, ASC> }, cost est: 967200000, output card: 624000
        #-1: Sort<Bit> ({<0, ASC> , <1, ASC> }) : (#0 shared-varchar(25) nation.nation, #1 shared-int32 amount, #2 shared-float o_year) order by: {<0, ASC> , <1, ASC> }, cost est: 30591485952, output card: 624000
            #10: Project<Bit> ((<0, P$0(200) shared-varchar>, <1, P$3(32) shared-int32>, <2, P$2(32) shared-float>)) : (#0 shared-varchar(25) nation.nation, #1 shared-int32 amount, #2 shared-float o_year) order by: {}, cost est: 0, output card: 624000
                #9: BasicJoin<Bit> (P$1(20) == P$4(20)) : (#0 shared-varchar(25) nation.nation, #1 shared-int32(20) lineitem.l_orderkey, #2 shared-float amount, #3 shared-int32 o_year, #4 shared-int32(20) orders.o_orderkey) order by: {}, cost est: 14976000, output card: 624000
                    #7: Project<Bit> ((<0, P$0(200) shared-varchar>, <1, P$4(20) shared-int32>, <2, $8 - ($3 * $7) shared-float>)) : (#0 shared-varchar(25) nation.nation, #1 shared-int32(20) lineitem.l_orderkey, #2 shared-float amount) order by: {}, cost est: 28435680, output card: 6240
                        #6: BasicJoin<Bit> ((P$2(10) == P$6(10)) AND (P$1(15) == P$5(15))) : (#0 shared-varchar(25) nation.n_name, #1 shared-int32(15) partsupp.ps_partkey, #2 shared-int32(10) partsupp.ps_suppkey, #3 shared-float partsupp.ps_supplycost, #4 shared-int32(20) lineitem.l_orderkey, #5 shared-int32(15) lineitem.l_partkey, #6 shared-int32(10) lineitem.l_suppkey, #7 shared-float l_quantity, #8 shared-float revenue) order by: {}, cost est: 330720, output card: 6240
                            #3: Project<Bit> ((<0, P$1(200) shared-varchar>, <1, P$2(15) shared-int32>, <2, P$3(10) shared-int32>, <3, P$4(32) shared-float>)) : (#0 shared-varchar(25) nation.n_name, #1 shared-int32(15) partsupp.ps_partkey, #2 shared-int32(10) partsupp.ps_suppkey, #3 shared-float partsupp.ps_supplycost) order by: {}, cost est: 0, output card: 16
                                #2: BasicJoin<Bit> (P$0(10) == P$3(10)) : (#0 shared-int32(10) supplier.s_suppkey, #1 shared-varchar(25) nation.n_name, #2 shared-int32(15) partsupp.ps_partkey, #3 shared-int32(10) partsupp.ps_suppkey, #4 shared-float partsupp.ps_supplycost) order by: {}, cost est: 224, output card: 16
                                    #0: SecureSqlInput<Bit> ("SELECT s_suppkey, n_name FROM supplier JOIN nation ON s_nationkey = n_nationkey", tuple_count=1) : (#0 shared-int32(10) supplier.s_suppkey, #1 shared-varchar(25) nation.n_name) order by: {}, cost est: 0, output card: 1
                                    #1: SecureSqlInput<Bit> ("SELECT ps_partkey, ps_suppkey, ps_supplycost FROM partsupp JOIN part ON ps_partkey = p_partkey WHERE p_name LIKE '%yellow%'", tuple_count=16) : (#0 shared-int32(15) partsupp.ps_partkey, #1 shared-int32(10) partsupp.ps_suppkey, #2 shared-float partsupp.ps_supplycost) order by: {}, cost est: 0, output card: 16
                            #5: Project<Bit> ((<0, P$0(20) shared-int32>, <1, P$1(15) shared-int32>, <2, P$2(10) shared-int32>, <3, P$3(32) shared-float>, <4, $4 * (SECRET FLOAT - $5) shared-float>)) : (#0 shared-int32(20) lineitem.l_orderkey, #1 shared-int32(15) lineitem.l_partkey, #2 shared-int32(10) lineitem.l_suppkey, #3 shared-float l_quantity, #4 shared-float revenue) order by: {}, cost est: 1777230, output card: 390
                                #4: SecureSqlInput<Bit> ("SELECT l_orderkey, l_partkey, l_suppkey, l_quantity::float4, l_extendedprice, l_discount FROM lineitem", tuple_count=390) : (#0 shared-int32(20) lineitem.l_orderkey, #1 shared-int32(15) lineitem.l_partkey, #2 shared-int32(10) lineitem.l_suppkey, #3 shared-float l_quantity, #4 shared-float lineitem.l_extendedprice, #5 shared-float lineitem.l_discount) order by: {}, cost est: 0, output card: 390
                    #8: SecureSqlInput<Bit> ("SELECT EXTRACT('year' FROM o_orderdate)::INT AS o_year, o_orderkey FROM orders", tuple_count=100) : (#0 shared-int32 o_year, #1 shared-int32(20) orders.o_orderkey) order by: {}, cost est: 0, output card: 100

Operator #0 SecureSqlInput ran for 0.140000 ms, gate count: 0 output cardinality: 1, row width=211
Operator #1 SecureSqlInput ran for 0.172000 ms, gate count: 0 output cardinality: 16, row width=58
Operator #2 BasicJoin ran for 0.050000 ms, gate count: 208 output cardinality: 16, row width=268
Operator #3 Project ran for 0.014000 ms, gate count: 0 output cardinality: 16, row width=258
Operator #4 SecureSqlInput ran for 3.131000 ms, gate count: 0 output cardinality: 390, row width=142
Operator #5 Project ran for 130.205000 ms, gate count: 1777232 output cardinality: 390, row width=110
Operator #6 BasicJoin ran for 56.182000 ms, gate count: 187200 output cardinality: 6240, row width=367
Operator #7 Project ran for 2088.261000 ms, gate count: 28435680 output cardinality: 6240, row width=253
Operator #8 SecureSqlInput ran for 2.143000 ms, gate count: 0 output cardinality: 100, row width=53
Operator #9 BasicJoin ran for 4724.214000 ms, gate count: 14352000 output cardinality: 624000, row width=305
Operator #10 Project ran for 2643.678000 ms, gate count: 0 output cardinality: 624000, row width=265
Operator #-1 Sort ran for 2562652.435000 ms, gate count: 29316056832 output cardinality: 624000, row width=265
Operator #11 SortMergeAggregate ran for 85105.964000 ms, gate count: 948478512 output cardinality: 624000, row width=265
Operator #12 Sort ran for 2521186.196000 ms, gate count: 29354744832 output cardinality: 624000, row width=265
Runtime: 5179.08 sec, CPU Time: 5141.74 sec, CPU clock ticks: 5.14174e+09, CPU clock ticks per second: 1000000
End-to-end estimated gates: 6.21957e+10. observed gates: 59664032496 gates, relative error (%)=4.24319
[Linux]Peak resident set size: 16738402304 bytes, current memory size: 7473324032 bytes.
Initial Memory: 10705510400 bytes, Peak Memory After Execution: 16738402304 bytes, Memory Usage: 6032891904 bytes
Bandwidth: 3.68647e+08 Bps
[       OK ] BaselineComparisonTest.baseline_tpch_q9 (7740790 ms)
[ RUN      ] BaselineComparisonTest.rewrite_rules_tpch_q1
Connecting to 127.0.0.1 on ports 7661, 65489 as 1
connected
EMP mode: sh2pc, storage mode: column store
Code version: 121a0e598752ec8865361fc5f7ca84b0e5839ba9
GFlags: --flagfile=	--alice_db=tpch_alice_5	--alice_host=127.0.0.1	--bob_db=tpch_bob_5	--ctrl_port=65490	--cutoff=100	--filter=*	--party=1	--port=7662	--storage=column	--unioned_db=tpch_unioned_5	--validation=true	--log_level=2	--logfile=	

[Linux]Peak resident set size: 19398258688 bytes, current memory size: 7447494656 bytes.
#3: Project<Bit> ((<0, P$0(8) shared-varchar>, <1, P$1(8) shared-varchar>, <2, $2 + $15 shared-float>, <3, $3 + $16 shared-float>, <4, $4 + $17 shared-float>, <5, $5 + $18 shared-float>, <6, ($6 + $19) / ($7 + $20) shared-float>, <7, ($8 + $21) / ($9 + $22) shared-float>, <8, ($10 + $23) / ($11 + $24) shared-float>, <9, $12 + $25 shared-int64>)) : (#0 shared-varchar(1) l_returnflag, #1 shared-varchar(1) l_linestatus, #2 shared-float sum_qty, #3 shared-float sum_base_price, #4 shared-float sum_disc_price, #5 shared-float sum_charge, #6 shared-float avg_qty, #7 shared-float avg_price, #8 shared-float avg_disc, #9 shared-int64 count_order) order by: {<0, ASC> , <1, ASC> }, cost est: 9215908, output card: 338
    #2: MergeJoin<Bit> (no-op) : (#0 shared-varchar(1) l_returnflag, #1 shared-varchar(1) l_linestatus, #2 shared-float sum_qty, #3 shared-float sum_base_price, #4 shared-float sum_disc_price, #5 shared-float sum_charge, #6 shared-float avg_qty_sum, #7 shared-float avg_qty_cnt, #8 shared-float avg_price_sum, #9 shared-float avg_price_cnt, #10 shared-float avg_discount_sum, #11 shared-float avg_discount_cnt, #12 shared-int64 cnt, #13 shared-varchar(1) l_returnflag, #14 shared-varchar(1) l_linestatus, #15 shared-float sum_qty, #16 shared-float sum_base_price, #17 shared-float sum_disc_price, #18 shared-float sum_charge, #19 shared-float avg_qty_sum, #20 shared-float avg_qty_cnt, #21 shared-float avg_price_sum, #22 shared-float avg_price_cnt, #23 shared-float avg_discount_sum, #24 shared-float avg_discount_cnt, #25 shared-int64 cnt) order by: {<0, ASC> , <1, ASC> }, cost est: 1014, output card: 338
        #0: SecureSqlInput<Bit> ("WITH output_domain AS (
    SELECT  *
    FROM (VALUES('R'::char(1), 'F'::char(1)), ('A', 'F'), ('N', 'F'), ('R', 'O'), ('A', 'O'), ('N', 'O')) AS li(l_returnflag, l_linestatus)
    ORDER BY l_returnflag, l_linestatus),
     partial_aggs AS (
         SELECT l_returnflag, l_linestatus, SUM(l_quantity) sum_qty, SUM(l_extendedprice) sum_base_price,
                SUM(l_extendedprice*(1-l_discount)) sum_disc_price, SUM(l_extendedprice*(1-l_discount)*(1+l_tax)) sum_charge,
                SUM(l_quantity) avg_qty_sum, COUNT(l_quantity)::FLOAT4 avg_qty_cnt,
                 SUM(l_extendedprice) avg_price_sum, COUNT(l_extendedprice)::FLOAT4 avg_price_cnt,
                 SUM(l_discount) avg_discount_sum, COUNT(l_discount)::FLOAT4 avg_discount_cnt, COUNT(*) cnt
         FROM lineitem
         WHERE l_shipdate  <= date '1998-08-03'
         GROUP BY l_returnflag, l_linestatus
         ORDER BY l_returnflag, l_linestatus)
SELECT o.l_returnflag, o.l_linestatus, COALESCE(sum_qty, 0) sum_qty, COALESCE(sum_base_price, 0) sum_base_price, COALESCE(sum_disc_price, 0) sum_disc_price, COALESCE(sum_charge, 0) sum_charge, COALESCE(avg_qty_sum, 0) avg_qty_sum, COALESCE(avg_qty_cnt, 0) avg_qty_cnt,  COALESCE(avg_price_sum, 0) avg_price_sum, COALESCE(avg_price_cnt, 0) avg_price_cnt,  COALESCE(avg_discount_sum, 0) avg_discount_sum, COALESCE(avg_discount_cnt, 0) avg_discount_cnt,  COALESCE(cnt, 0)::BIGINT cnt, CASE WHEN p.l_returnflag IS NULL THEN true ELSE false END AS dummy_tag
FROM output_domain o LEFT JOIN partial_aggs p ON o.l_returnflag = p.l_returnflag AND o.l_linestatus = p.l_linestatus
ORDER BY o.l_returnflag, o.l_linestatus", tuple_count=338) : (#0 shared-varchar(1) l_returnflag, #1 shared-varchar(1) l_linestatus, #2 shared-float sum_qty, #3 shared-float sum_base_price, #4 shared-float sum_disc_price, #5 shared-float sum_charge, #6 shared-float avg_qty_sum, #7 shared-float avg_qty_cnt, #8 shared-float avg_price_sum, #9 shared-float avg_price_cnt, #10 shared-float avg_discount_sum, #11 shared-float avg_discount_cnt, #12 shared-int64 cnt) order by: {<0, ASC> , <1, ASC> }, cost est: 600237, output card: 338
        #1: SecureSqlInput<Bit> ("WITH output_domain AS (
    SELECT  *
    FROM (VALUES('R'::char(1), 'F'::char(1)), ('A', 'F'), ('N', 'F'), ('R', 'O'), ('A', 'O'), ('N', 'O')) AS li(l_returnflag, l_linestatus)
    ORDER BY l_returnflag, l_linestatus),
     partial_aggs AS (
         SELECT l_returnflag, l_linestatus, SUM(l_quantity) sum_qty, SUM(l_extendedprice) sum_base_price,
                SUM(l_extendedprice*(1-l_discount)) sum_disc_price, SUM(l_extendedprice*(1-l_discount)*(1+l_tax)) sum_charge,
                SUM(l_quantity) avg_qty_sum, COUNT(l_quantity)::FLOAT4 avg_qty_cnt,
                 SUM(l_extendedprice) avg_price_sum, COUNT(l_extendedprice)::FLOAT4 avg_price_cnt,
                 SUM(l_discount) avg_discount_sum, COUNT(l_discount)::FLOAT4 avg_discount_cnt, COUNT(*) cnt
         FROM lineitem
         WHERE l_shipdate  <= date '1998-08-03'
         GROUP BY l_returnflag, l_linestatus
         ORDER BY l_returnflag, l_linestatus)
SELECT o.l_returnflag, o.l_linestatus, COALESCE(sum_qty, 0) sum_qty, COALESCE(sum_base_price, 0) sum_base_price, COALESCE(sum_disc_price, 0) sum_disc_price, COALESCE(sum_charge, 0) sum_charge, COALESCE(avg_qty_sum, 0) avg_qty_sum, COALESCE(avg_qty_cnt, 0) avg_qty_cnt,  COALESCE(avg_price_sum, 0) avg_price_sum, COALESCE(avg_price_cnt, 0) avg_price_cnt,  COALESCE(avg_discount_sum, 0) avg_discount_sum, COALESCE(avg_discount_cnt, 0) avg_discount_cnt,  COALESCE(cnt, 0)::BIGINT cnt, CASE WHEN p.l_returnflag IS NULL THEN true ELSE false END AS dummy_tag
FROM output_domain o LEFT JOIN partial_aggs p ON o.l_returnflag = p.l_returnflag AND o.l_linestatus = p.l_linestatus
ORDER BY o.l_returnflag, o.l_linestatus", tuple_count=338) : (#0 shared-varchar(1) l_returnflag, #1 shared-varchar(1) l_linestatus, #2 shared-float sum_qty, #3 shared-float sum_base_price, #4 shared-float sum_disc_price, #5 shared-float sum_charge, #6 shared-float avg_qty_sum, #7 shared-float avg_qty_cnt, #8 shared-float avg_price_sum, #9 shared-float avg_price_cnt, #10 shared-float avg_discount_sum, #11 shared-float avg_discount_cnt, #12 shared-int64 cnt) order by: {<0, ASC> , <1, ASC> }, cost est: 0, output card: 338

Operator #0 SecureSqlInput ran for 3.102000 ms, gate count: 0 output cardinality: 338, row width=401
Operator #1 SecureSqlInput ran for 3.152000 ms, gate count: 0 output cardinality: 338, row width=401
Operator #2 MergeJoin ran for 1.306000 ms, gate count: 676 output cardinality: 338, row width=801
Operator #3 Project ran for 493.061000 ms, gate count: 7216300 output cardinality: 338, row width=305
Runtime: 0.683144 sec, CPU Time: 0.504162 sec, CPU clock ticks: 504162, CPU clock ticks per second: 1000000
End-to-end estimated gates: 9.81716e+06. observed gates: 7216976 gates, relative error (%)=36.0287
[Linux]Peak resident set size: 19398258688 bytes, current memory size: 7447494656 bytes.
Initial Memory: 19398258688 bytes, Peak Memory After Execution: 19398258688 bytes, Memory Usage: 0 bytes
Bandwidth: 3.38059e+08 Bps
Comparing on idx 0 with (A, F, 1337.000000, 1917697.875000, 1813475.125000, 1884115.250000, 26.215687, 37601.917969, 0.051373, 51) (dummy=0)
          !=            (A, F, 2674.000000, 3835395.750000, 3626950.250000, 3768230.500000, 26.215687, 37601.917969, 0.051373, 102) (dummy=0)
    Failed to match!
/home/vaultdb/vaultdb-core-cost-comparison/src/main/cpp/test/mpc/baseline_comparison_test.cpp:116: Failure
Expected equality of these values:
  *expected
    Which is: (#0 varchar(1) lineitem.l_returnflag, #1 varchar(1) lineitem.l_linestatus, #2 float sum_qty, #3 float sum_base_price, #4 float sum_disc_price, #5 float sum_charge, #6 float avg_qty, #7 float avg_price, #8 float avg_disc, #9 int64 count_order) isEncrypted? false, order by: {<0, ASC> , <1, ASC> }
(A, F, 1337.000000, 1917697.875000, 1813475.125000, 1884115.250000, 26.215687, 37601.917969, 0.051373, 51)
(N, O, 2590.000000, 3707158.500000, 3529865.000000, 3674249.750000, 25.900000, 37071.585938, 0.048600, 100)
(R, F, 1037.000000, 1503491.625000, 1422472.000000, 1470954.250000, 26.589743, 38551.066406, 0.047949, 39)

  *observed
    Which is: (#0 varchar(1) l_returnflag, #1 varchar(1) l_linestatus, #2 float sum_qty, #3 float sum_base_price, #4 float sum_disc_price, #5 float sum_charge, #6 float avg_qty, #7 float avg_price, #8 float avg_disc, #9 int64 count_order) isEncrypted? false, order by: {<0, ASC> , <1, ASC> }
(A, F, 2674.000000, 3835395.750000, 3626950.250000, 3768230.500000, 26.215687, 37601.917969, 0.051373, 102)
(N, O, 5180.000000, 7414317.000000, 7059730.000000, 7348499.500000, 25.900000, 37071.585938, 0.048600, 200)
(R, F, 2074.000000, 3006983.250000, 2844944.000000, 2941908.500000, 26.589743, 38551.066406, 0.047949, 78)

[  FAILED  ] BaselineComparisonTest.rewrite_rules_tpch_q1 (1250 ms)
[ RUN      ] BaselineComparisonTest.rewrite_rules_tpch_q3
Connecting to 127.0.0.1 on ports 7662, 65490 as 1
connected
EMP mode: sh2pc, storage mode: column store
Code version: 121a0e598752ec8865361fc5f7ca84b0e5839ba9
GFlags: --flagfile=	--alice_db=tpch_alice_5	--alice_host=127.0.0.1	--bob_db=tpch_bob_5	--ctrl_port=65491	--cutoff=100	--filter=*	--party=1	--port=7663	--storage=column	--unioned_db=tpch_unioned_5	--validation=true	--log_level=2	--logfile=	

[Linux]Peak resident set size: 19398258688 bytes, current memory size: 7447494656 bytes.
#9: Project<Bit> ((<0, P$0(20) shared-int32>, <1, P$3(32) shared-float>, <2, P$1(28) shared-int64>, <3, P$2(32) shared-int32>)) : (#0 shared-int32(20) orders.o_orderkey, #1 shared-float revenue, #2 shared-int64(28) orders.o_orderdate, #3 shared-int32 orders.o_shippriority) order by: {<-1, ASC> , <1, DESC> , <2, ASC> }, cost est: 0, output card: 10
    #8: Sort<Bit> ({<-1, ASC> , <3, DESC> , <1, ASC> }) : (#0 shared-int32(20) orders.o_orderkey, #1 shared-int64(28) orders.o_orderdate, #2 shared-int32 orders.o_shippriority, #3 shared-float revenue) order by: {<-1, ASC> , <3, DESC> , <1, ASC> }, cost est: 6568, output card: 10
        #7: SortMergeAggregate<Bit> (group-by: (0, 1, 2) aggs: (SUM($3) revenue)) : (#0 shared-int32(20) orders.o_orderkey, #1 shared-int64(28) orders.o_orderdate, #2 shared-int32 orders.o_shippriority, #3 shared-float revenue) order by: {<0, ASC> }, cost est: 487500000, output card: 390000
            #6: Project<Bit> ((<0, P$0(20) shared-int32>, <1, P$1(28) shared-int64>, <2, P$2(32) shared-int32>, <3, P$4(32) shared-float>)) : (#0 shared-int32(20) orders.o_orderkey, #1 shared-int64(28) orders.o_orderdate, #2 shared-int32 orders.o_shippriority, #3 shared-float revenue) order by: {<0, ASC> }, cost est: 0, output card: 390000
                #5: BasicJoin<Bit> (P$0(20) == P$3(20)) : (#0 shared-int32(20) orders.o_orderkey, #1 shared-int64(28) orders.o_orderdate, #2 shared-int32 orders.o_shippriority, #3 shared-int32(20) lineitem.l_orderkey, #4 shared-float revenue) order by: {<0, ASC> }, cost est: 9360000, output card: 390000
                    #3: Project<Bit> ((<0, P$0(20) shared-int32>, <1, P$2(28) shared-int64>, <2, P$3(32) shared-int32>)) : (#0 shared-int32(20) orders.o_orderkey, #1 shared-int64(28) orders.o_orderdate, #2 shared-int32 orders.o_shippriority) order by: {}, cost est: 0, output card: 1000
                        #2: BasicJoin<Bit> (P$1(14) == P$4(14)) : (#0 shared-int32(20) orders.o_orderkey, #1 shared-int32(14) orders.o_custkey, #2 shared-int64(28) orders.o_orderdate, #3 shared-int32 orders.o_shippriority, #4 shared-int32(14) customer.c_custkey) order by: {<1, ASC> , <0, ASC> }, cost est: 18000, output card: 1000
                            #0: SecureSqlInput<Bit> ("SELECT o_orderkey, o_custkey, o_orderdate, o_shippriority, NOT o_orderdate < DATE '1995-03-25' AS dummy_tag FROM orders ORDER BY o_custkey", tuple_count=100) : (#0 shared-int32(20) orders.o_orderkey, #1 shared-int32(14) orders.o_custkey, #2 shared-int64(28) orders.o_orderdate, #3 shared-int32 orders.o_shippriority) order by: {<1, ASC> }, cost est: 37184, output card: 100
                            #1: SecureSqlInput<Bit> ("SELECT c_custkey, NOT c_mktsegment = 'HOUSEHOLD' AS dummy_tag FROM customer ORDER BY c_custkey", tuple_count=10) : (#0 shared-int32(14) customer.c_custkey) order by: {<0, ASC> }, cost est: 512, output card: 10
                    #4: SecureSqlInput<Bit> ("SELECT l_orderkey, l_extendedprice * (1 - l_discount) AS revenue, NOT l_shipdate > DATE '1995-03-25' AS dummy_tag FROM lineitem ORDER BY l_orderkey", tuple_count=390) : (#0 shared-int32(20) lineitem.l_orderkey, #1 shared-float revenue) order by: {<0, ASC> }, cost est: 127528, output card: 390

Operator #0 SecureSqlInput ran for 4.521000 ms, gate count: 34760 output cardinality: 100, row width=95
Operator #1 SecureSqlInput ran for 1.352000 ms, gate count: 452 output cardinality: 10, row width=15
Operator #2 BasicJoin ran for 2.143000 ms, gate count: 17000 output cardinality: 1000, row width=109
Operator #3 Project ran for 0.320000 ms, gate count: 0 output cardinality: 1000, row width=81
Operator #4 SecureSqlInput ran for 15.264000 ms, gate count: 119804 output cardinality: 390, row width=53
Operator #5 BasicJoin ran for 1820.356000 ms, gate count: 8970000 output cardinality: 390000, row width=133
Operator #6 Project ran for 689.278000 ms, gate count: 0 output cardinality: 390000, row width=113
Operator #7 SortMergeAggregate ran for 36868.550000 ms, gate count: 476188812 output cardinality: 390000, row width=113
Operator #8 Sort ran for 543890.984000 ms, gate count: 6119534880 output cardinality: 10, row width=113
Operator #9 Project ran for 0.032000 ms, gate count: 0 output cardinality: 10, row width=113
Runtime: 583.433 sec, CPU Time: 579.188 sec, CPU clock ticks: 5.79188e+08, CPU clock ticks per second: 1000000
End-to-end estimated gates: 4.9705e+08. observed gates: 6604865708 gates, relative error (%)=92.4745
[Linux]Peak resident set size: 19398258688 bytes, current memory size: 7464837120 bytes.
Initial Memory: 19398258688 bytes, Peak Memory After Execution: 19398258688 bytes, Memory Usage: 0 bytes
Bandwidth: 3.62262e+08 Bps
[       OK ] BaselineComparisonTest.rewrite_rules_tpch_q3 (585468 ms)
[ RUN      ] BaselineComparisonTest.rewrite_rules_tpch_q5
Connecting to 127.0.0.1 on ports 7663, 65491 as 1
connected
EMP mode: sh2pc, storage mode: column store
Code version: 121a0e598752ec8865361fc5f7ca84b0e5839ba9
GFlags: --flagfile=	--alice_db=tpch_alice_5	--alice_host=127.0.0.1	--bob_db=tpch_bob_5	--ctrl_port=65492	--cutoff=100	--filter=*	--party=1	--port=7664	--storage=column	--unioned_db=tpch_unioned_5	--validation=true	--log_level=2	--logfile=	

[Linux]Peak resident set size: 19398258688 bytes, current memory size: 7464837120 bytes.
#11: Sort<Bit> ({<1, DESC> }) : (#0 shared-varchar(25) nation.n_name, #1 shared-float revenue) order by: {<1, DESC> }, cost est: 3290860544, output card: 156000
    #10: SortMergeAggregate<Bit> (group-by: (0) aggs: (SUM($1) revenue)) : (#0 shared-varchar(25) nation.n_name, #1 shared-float revenue) order by: {<0, ASC> }, cost est: 231816000, output card: 156000
        #-1: Sort<Bit> ({<0, ASC> }) : (#0 shared-varchar(25) nation.n_name, #1 shared-float revenue) order by: {<0, ASC> }, cost est: 5353787904, output card: 156000
            #9: Project<Bit> ((<0, P$5(200) shared-varchar>, <1, P$1(32) shared-float>)) : (#0 shared-varchar(25) nation.n_name, #1 shared-float revenue) order by: {}, cost est: 0, output card: 156000
                #8: BasicJoin<Bit> ((P$0(5) == P$4(5)) AND (P$2(14) == P$3(14))) : (#0 shared-int32(5) supplier.c_nationkey, #1 shared-float revenue, #2 shared-int32(14) orders.o_custkey, #3 shared-int32(14) customer.c_custkey, #4 shared-int32(5) customer.c_nationkey, #5 shared-varchar(25) nation.n_name) order by: {<0, ASC> , <0, ASC> }, cost est: 5772000, output card: 156000
                    #6: Project<Bit> ((<0, P$0(5) shared-int32>, <1, P$2(32) shared-float>, <2, P$4(14) shared-int32>)) : (#0 shared-int32(5) supplier.c_nationkey, #1 shared-float revenue, #2 shared-int32(14) orders.o_custkey) order by: {<0, ASC> }, cost est: 0, output card: 39000
                        #5: BasicJoin<Bit> (P$1(20) == P$3(20)) : (#0 shared-int32(5) supplier.s_nationkey, #1 shared-int32(20) lineitem.l_orderkey, #2 shared-float revenue, #3 shared-int32(20) orders.o_orderkey, #4 shared-int32(14) orders.o_custkey) order by: {<0, ASC> }, cost est: 936000, output card: 39000
                            #3: Project<Bit> ((<0, P$1(5) shared-int32>, <1, P$2(20) shared-int32>, <2, P$4(32) shared-float>)) : (#0 shared-int32(5) supplier.s_nationkey, #1 shared-int32(20) lineitem.l_orderkey, #2 shared-float revenue) order by: {}, cost est: 0, output card: 390
                                #2: BasicJoin<Bit> (P$0(10) == P$3(10)) : (#0 shared-int32(10) supplier.s_suppkey, #1 shared-int32(5) supplier.s_nationkey, #2 shared-int32(20) lineitem.l_orderkey, #3 shared-int32(10) lineitem.l_suppkey, #4 shared-float revenue) order by: {<0, ASC> , <1, ASC> }, cost est: 5460, output card: 390
                                    #0: SecureSqlInput<Bit> ("SELECT s_suppkey, s_nationkey FROM supplier JOIN nation ON s_nationkey = n_nationkey JOIN region ON n_regionkey = r_regionkey WHERE r_name = 'MIDDLE EAST' ORDER BY s_suppkey", tuple_count=1) : (#0 shared-int32(10) supplier.s_suppkey, #1 shared-int32(5) supplier.s_nationkey) order by: {<0, ASC> }, cost est: 0, output card: 1
                                    #1: SecureSqlInput<Bit> ("SELECT l_orderkey, l_suppkey, l_extendedprice * (1 - l_discount) AS revenue FROM lineitem ORDER BY l_suppkey", tuple_count=390) : (#0 shared-int32(20) lineitem.l_orderkey, #1 shared-int32(10) lineitem.l_suppkey, #2 shared-float revenue) order by: {<1, ASC> }, cost est: 127528, output card: 390
                            #4: SecureSqlInput<Bit> ("SELECT o_orderkey, o_custkey, NOT (o_orderdate >= DATE '1993-01-01' AND o_orderdate < DATE '1994-01-01') AS dummy_tag FROM orders ORDER BY o_orderkey", tuple_count=100) : (#0 shared-int32(20) orders.o_orderkey, #1 shared-int32(14) orders.o_custkey) order by: {<0, ASC> }, cost est: 19256, output card: 100
                    #7: SecureSqlInput<Bit> ("SELECT t2.c_custkey, t2.c_nationkey, t1.n_name FROM (SELECT r_regionkey, r_name FROM region WHERE r_name = 'MIDDLE EAST') AS t0 INNER JOIN (SELECT n_nationkey, n_name, n_regionkey FROM nation) AS t1 ON t0.r_regionkey = t1.n_regionkey INNER JOIN (SELECT c_custkey, c_nationkey FROM customer) AS t2 ON t1.n_nationkey = t2.c_nationkey ORDER BY t2.c_custkey ASC", tuple_count=4) : (#0 shared-int32(14) customer.c_custkey, #1 shared-int32(5) customer.c_nationkey, #2 shared-varchar(25) nation.n_name) order by: {<0, ASC> }, cost est: 948, output card: 4

Operator #0 SecureSqlInput ran for 0.142000 ms, gate count: 0 output cardinality: 1, row width=16
Operator #1 SecureSqlInput ran for 11.926000 ms, gate count: 119808 output cardinality: 390, row width=63
Operator #2 BasicJoin ran for 0.634000 ms, gate count: 5068 output cardinality: 390, row width=78
Operator #3 Project ran for 0.051000 ms, gate count: 0 output cardinality: 390, row width=58
Operator #4 SecureSqlInput ran for 3.817000 ms, gate count: 17696 output cardinality: 100, row width=35
Operator #5 BasicJoin ran for 127.573000 ms, gate count: 897000 output cardinality: 39000, row width=92
Operator #6 Project ran for 23.494000 ms, gate count: 0 output cardinality: 39000, row width=52
Operator #7 SecureSqlInput ran for 25.754000 ms, gate count: 940 output cardinality: 4, row width=220
Operator #8 BasicJoin ran for 1124.532000 ms, gate count: 3744000 output cardinality: 156000, row width=271
Operator #9 Project ran for 584.360000 ms, gate count: 0 output cardinality: 156000, row width=233
Operator #-1 Sort ran for 438368.758000 ms, gate count: 5142163936 output cardinality: 156000, row width=233
Operator #10 SortMergeAggregate ran for 20191.869000 ms, gate count: 226978580 output cardinality: 156000, row width=233
Operator #11 Sort ran for 243613.038000 ms, gate count: 3171304864 output cardinality: 156000, row width=233
Runtime: 704.201 sec, CPU Time: 696.028 sec, CPU clock ticks: 6.96028e+08, CPU clock ticks per second: 1000000
End-to-end estimated gates: 8.88333e+09. observed gates: 8545231892 gates, relative error (%)=3.95652
[Linux]Peak resident set size: 19398258688 bytes, current memory size: 8044212224 bytes.
Initial Memory: 19398258688 bytes, Peak Memory After Execution: 19398258688 bytes, Memory Usage: 0 bytes
Bandwidth: 3.88309e+08 Bps
[       OK ] BaselineComparisonTest.rewrite_rules_tpch_q5 (955972 ms)
[ RUN      ] BaselineComparisonTest.rewrite_rules_tpch_q8
Connecting to 127.0.0.1 on ports 7664, 65492 as 1
connected
EMP mode: sh2pc, storage mode: column store
Code version: 121a0e598752ec8865361fc5f7ca84b0e5839ba9
GFlags: --flagfile=	--alice_db=tpch_alice_5	--alice_host=127.0.0.1	--bob_db=tpch_bob_5	--ctrl_port=65493	--cutoff=100	--filter=*	--party=1	--port=7665	--storage=column	--unioned_db=tpch_unioned_5	--validation=true	--log_level=2	--logfile=	

[Linux]Peak resident set size: 19398258688 bytes, current memory size: 8044212224 bytes.
#12: Sort<Bit> ({<0, ASC> }) : (#0 shared-int32 orders.o_year, #1 shared-float mkt_share) order by: {<0, ASC> }, cost est: 546686848, output card: 78000
    #11: Project<Bit> ((<0, P$0(32) shared-int32>, <1, $2 / $1 shared-float>)) : (#0 shared-int32 orders.o_year, #1 shared-float mkt_share) order by: {<0, ASC> }, cost est: 297102000, output card: 78000
        #10: SortMergeAggregate<Bit> (group-by: (0) aggs: (SUM($1) null, SUM($2) null)) : (#0 shared-int32 orders.o_year, #1 shared-float null, #2 shared-float null) order by: {<0, ASC> }, cost est: 179400000, output card: 78000
            #9: Project<Bit> ((<0, P$0(32) shared-int32>, <1, P$2(32) shared-float>, <2, CASE($4, $2, SECRET FLOAT) shared-float>)) : (#0 shared-int32 orders.o_year, #1 shared-float volume, #2 shared-float selected_volume) order by: {<0, ASC> }, cost est: 0, output card: 78000
                #8: BasicJoin<Bit> (P$1(10) == P$3(10)) : (#0 shared-int32 orders.o_year, #1 shared-int32(10) lineitem.l_suppkey, #2 shared-float volume, #3 shared-int32(10) supplier.s_suppkey, #4 shared-bool nation_check) order by: {<0, ASC> }, cost est: 1092000, output card: 78000
                    #6: Project<Bit> ((<0, P$1(32) shared-int32>, <1, P$3(10) shared-int32>, <2, P$4(32) shared-float>)) : (#0 shared-int32 orders.o_year, #1 shared-int32(10) lineitem.l_suppkey, #2 shared-float volume) order by: {}, cost est: 0, output card: 78000
                        #5: BasicJoin<Bit> (P$0(20) == P$2(20)) : (#0 shared-int32(20) orders.o_orderkey, #1 shared-int32 orders.o_year, #2 shared-int32(20) lineitem.l_orderkey, #3 shared-int32(10) lineitem.l_suppkey, #4 shared-float volume) order by: {<0, ASC> }, cost est: 1872000, output card: 78000
                            #3: Project<Bit> ((<0, P$1(20) shared-int32>, <1, P$3(32) shared-int32>)) : (#0 shared-int32(20) orders.o_orderkey, #1 shared-int32 orders.o_year) order by: {}, cost est: 0, output card: 200
                                #2: BasicJoin<Bit> (P$0(14) == P$2(14)) : (#0 shared-int32(14) customer.c_custkey, #1 shared-int32(20) orders.o_orderkey, #2 shared-int32(14) orders.o_custkey, #3 shared-int32 orders.o_year) order by: {<0, ASC> , <1, ASC> }, cost est: 3600, output card: 200
                                    #0: SecureSqlInput<Bit> ("SELECT c_custkey FROM customer c JOIN nation n1 ON c_nationkey = n_nationkey JOIN region ON r_regionkey = n_regionkey WHERE r_name = 'AFRICA' ORDER BY c_custkey", tuple_count=2) : (#0 shared-int32(14) customer.c_custkey) order by: {<0, ASC> }, cost est: 32, output card: 2
                                    #1: SecureSqlInput<Bit> ("SELECT o_orderkey, o_custkey, o_orderyear::INT AS o_year, NOT (o_orderdate >= date '1995-01-01' and o_orderdate < date '1996-12-31') dummy_tag FROM orders ORDER BY o_custkey", tuple_count=100) : (#0 shared-int32(20) orders.o_orderkey, #1 shared-int32(14) orders.o_custkey, #2 shared-int32 orders.o_year) order by: {<1, ASC> }, cost est: 27888, output card: 100
                            #4: SecureSqlInput<Bit> ("SELECT l_orderkey, l_suppkey, l_extendedprice * (1.0 - l_discount) AS volume,        CASE            WHEN p_type = 'LARGE ANODIZED STEEL' AND p_partkey = l_partkey THEN FALSE            ELSE TRUE            END AS dummy_tag FROM lineitem LEFT JOIN part ON p_partkey = l_partkey ORDER BY l_orderkey", tuple_count=390) : (#0 shared-int32(20) lineitem.l_orderkey, #1 shared-int32(10) lineitem.l_suppkey, #2 shared-float volume) order by: {<0, ASC> }, cost est: 144308, output card: 390
                    #7: SecureSqlInput<Bit> ("SELECT s_suppkey, CASE WHEN n_name = 'KENYA' THEN true ELSE false END AS nation_check FROM supplier JOIN nation ON n_nationkey = s_nationkey ORDER BY s_suppkey", tuple_count=1) : (#0 shared-int32(10) supplier.s_suppkey, #1 shared-bool nation_check) order by: {<0, ASC> }, cost est: 0, output card: 1

Operator #0 SecureSqlInput ran for 0.235000 ms, gate count: 32 output cardinality: 2, row width=15
Operator #1 SecureSqlInput ran for 2.872000 ms, gate count: 25912 output cardinality: 100, row width=67
Operator #2 BasicJoin ran for 0.481000 ms, gate count: 3400 output cardinality: 200, row width=81
Operator #3 Project ran for 0.059000 ms, gate count: 0 output cardinality: 200, row width=53
Operator #4 SecureSqlInput ran for 16.206000 ms, gate count: 135996 output cardinality: 390, row width=63
Operator #5 BasicJoin ran for 307.882000 ms, gate count: 1794000 output cardinality: 78000, row width=115
Operator #6 Project ran for 87.757000 ms, gate count: 0 output cardinality: 78000, row width=75
Operator #7 SecureSqlInput ran for 94.316000 ms, gate count: 0 output cardinality: 1, row width=12
Operator #8 BasicJoin ran for 189.167000 ms, gate count: 1014000 output cardinality: 78000, row width=86
Operator #9 Project ran for 488.761000 ms, gate count: 2496000 output cardinality: 78000, row width=97
Operator #10 SortMergeAggregate ran for 12540.481000 ms, gate count: 169179896 output cardinality: 78000, row width=97
Operator #11 Project ran for 20579.238000 ms, gate count: 297102000 output cardinality: 78000, row width=65
Operator #12 Sort ran for 47379.365000 ms, gate count: 516019392 output cardinality: 78000, row width=65
Runtime: 81.7382 sec, CPU Time: 81.0415 sec, CPU clock ticks: 8.10415e+07, CPU clock ticks per second: 1000000
End-to-end estimated gates: 1.02633e+09. observed gates: 987770628 gates, relative error (%)=3.90355
[Linux]Peak resident set size: 19398258688 bytes, current memory size: 8086568960 bytes.
Initial Memory: 19398258688 bytes, Peak Memory After Execution: 19398258688 bytes, Memory Usage: 0 bytes
Bandwidth: 3.86706e+08 Bps
[       OK ] BaselineComparisonTest.rewrite_rules_tpch_q8 (131508 ms)
[ RUN      ] BaselineComparisonTest.rewrite_rules_tpch_q9
Connecting to 127.0.0.1 on ports 7665, 65493 as 1
connected
EMP mode: sh2pc, storage mode: column store
Code version: 121a0e598752ec8865361fc5f7ca84b0e5839ba9
GFlags: --flagfile=	--alice_db=tpch_alice_5	--alice_host=127.0.0.1	--bob_db=tpch_bob_5	--ctrl_port=65494	--cutoff=100	--filter=*	--party=1	--port=7666	--storage=column	--unioned_db=tpch_unioned_5	--validation=true	--log_level=2	--logfile=	

[Linux]Peak resident set size: 19398258688 bytes, current memory size: 8086568960 bytes.
#11: Sort<Bit> ({<0, ASC> , <1, DESC> }) : (#0 shared-varchar(25) nation.nation, #1 shared-int32 amount, #2 shared-float sum_profit) order by: {<0, ASC> , <1, DESC> }, cost est: 30591485952, output card: 624000
    #10: SortMergeAggregate<Bit> (group-by: (0, 1) aggs: (SUM($2) sum_profit)) : (#0 shared-varchar(25) nation.nation, #1 shared-int32 amount, #2 shared-float sum_profit) order by: {<0, ASC> , <1, DESC> }, cost est: 967200000, output card: 624000
        #-1: Sort<Bit> ({<0, ASC> , <1, ASC> }) : (#0 shared-varchar(25) nation.nation, #1 shared-int32 amount, #2 shared-float o_year) order by: {<0, ASC> , <1, ASC> }, cost est: 30591485952, output card: 624000
            #9: Project<Bit> ((<0, P$0(200) shared-varchar>, <1, P$3(32) shared-int32>, <2, P$2(32) shared-float>)) : (#0 shared-varchar(25) nation.nation, #1 shared-int32 amount, #2 shared-float o_year) order by: {}, cost est: 0, output card: 624000
                #8: BasicJoin<Bit> (P$1(20) == P$4(20)) : (#0 shared-varchar(25) nation.nation, #1 shared-int32(20) lineitem.l_orderkey, #2 shared-float amount, #3 shared-int32 o_year, #4 shared-int32(20) orders.o_orderkey) order by: {<1, ASC> }, cost est: 14976000, output card: 624000
                    #6: Project<Bit> ((<0, P$0(200) shared-varchar>, <1, P$4(20) shared-int32>, <2, $8 - ($3 * $7) shared-float>)) : (#0 shared-varchar(25) nation.nation, #1 shared-int32(20) lineitem.l_orderkey, #2 shared-float amount) order by: {}, cost est: 28435680, output card: 6240
                        #5: BasicJoin<Bit> ((P$2(10) == P$6(10)) AND (P$1(15) == P$5(15))) : (#0 shared-varchar(25) nation.n_name, #1 shared-int32(15) partsupp.ps_partkey, #2 shared-int32(10) partsupp.ps_suppkey, #3 shared-float partsupp.ps_supplycost, #4 shared-int32(20) lineitem.l_orderkey, #5 shared-int32(15) lineitem.l_partkey, #6 shared-int32(10) lineitem.l_suppkey, #7 shared-float l_quantity, #8 shared-float volume) order by: {<2, ASC> , <1, ASC> }, cost est: 330720, output card: 6240
                            #3: Project<Bit> ((<0, P$1(200) shared-varchar>, <1, P$2(15) shared-int32>, <2, P$3(10) shared-int32>, <3, P$4(32) shared-float>)) : (#0 shared-varchar(25) nation.n_name, #1 shared-int32(15) partsupp.ps_partkey, #2 shared-int32(10) partsupp.ps_suppkey, #3 shared-float partsupp.ps_supplycost) order by: {}, cost est: 0, output card: 16
                                #2: BasicJoin<Bit> (P$0(10) == P$3(10)) : (#0 shared-int32(10) supplier.s_suppkey, #1 shared-varchar(25) nation.n_name, #2 shared-int32(15) partsupp.ps_partkey, #3 shared-int32(10) partsupp.ps_suppkey, #4 shared-float partsupp.ps_supplycost) order by: {<0, ASC> , <1, ASC> }, cost est: 224, output card: 16
                                    #0: SecureSqlInput<Bit> ("SELECT s_suppkey, n_name FROM supplier JOIN nation ON s_nationkey = n_nationkey ORDER BY s_suppkey", tuple_count=1) : (#0 shared-int32(10) supplier.s_suppkey, #1 shared-varchar(25) nation.n_name) order by: {<0, ASC> }, cost est: 0, output card: 1
                                    #1: SecureSqlInput<Bit> ("SELECT ps_partkey, ps_suppkey, ps_supplycost FROM partsupp JOIN part ON ps_partkey = p_partkey WHERE p_name LIKE '%yellow%' ORDER BY ps_suppkey", tuple_count=16) : (#0 shared-int32(15) partsupp.ps_partkey, #1 shared-int32(10) partsupp.ps_suppkey, #2 shared-float partsupp.ps_supplycost) order by: {<1, ASC> }, cost est: 2272, output card: 16
                            #4: SecureSqlInput<Bit> ("SELECT l_orderkey, l_partkey, l_suppkey, l_quantity::float4, l_extendedprice * (1.0 - l_discount) AS volume FROM lineitem ORDER BY l_suppkey, l_partkey", tuple_count=390) : (#0 shared-int32(20) lineitem.l_orderkey, #1 shared-int32(15) lineitem.l_partkey, #2 shared-int32(10) lineitem.l_suppkey, #3 shared-float l_quantity, #4 shared-float volume) order by: {<2, ASC> , <1, ASC> }, cost est: 236598, output card: 390
                    #7: SecureSqlInput<Bit> ("SELECT EXTRACT('year' FROM o_orderdate)::INT AS o_year, o_orderkey FROM orders ORDER BY o_orderkey", tuple_count=100) : (#0 shared-int32 o_year, #1 shared-int32(20) orders.o_orderkey) order by: {<1, ASC> }, cost est: 25232, output card: 100

Operator #0 SecureSqlInput ran for 0.145000 ms, gate count: 0 output cardinality: 1, row width=211
Operator #1 SecureSqlInput ran for 0.498000 ms, gate count: 2208 output cardinality: 16, row width=58
Operator #2 BasicJoin ran for 0.047000 ms, gate count: 208 output cardinality: 16, row width=268
Operator #3 Project ran for 0.012000 ms, gate count: 0 output cardinality: 16, row width=258
Operator #4 SecureSqlInput ran for 23.734000 ms, gate count: 220184 output cardinality: 390, row width=110
Operator #5 BasicJoin ran for 45.707000 ms, gate count: 187200 output cardinality: 6240, row width=367
Operator #6 Project ran for 2107.756000 ms, gate count: 28435680 output cardinality: 6240, row width=253
Operator #7 SecureSqlInput ran for 4.103000 ms, gate count: 23384 output cardinality: 100, row width=53
Operator #8 BasicJoin ran for 4675.674000 ms, gate count: 14352000 output cardinality: 624000, row width=305
Operator #9 Project ran for 2658.340000 ms, gate count: 0 output cardinality: 624000, row width=265
Operator #-1 Sort ran for 2498291.706000 ms, gate count: 29316056832 output cardinality: 624000, row width=265
Operator #10 SortMergeAggregate ran for 83831.726000 ms, gate count: 948478512 output cardinality: 624000, row width=265
Operator #11 Sort ran for 2521597.605000 ms, gate count: 29354744832 output cardinality: 624000, row width=265
Runtime: 5113.62 sec, CPU Time: 5075.84 sec, CPU clock ticks: 5.07584e+09, CPU clock ticks per second: 1000000
End-to-end estimated gates: 6.21942e+10. observed gates: 59662501040 gates, relative error (%)=4.24334
[Linux]Peak resident set size: 20043866112 bytes, current memory size: 10778787840 bytes.
Initial Memory: 19398258688 bytes, Peak Memory After Execution: 20043866112 bytes, Memory Usage: 645607424 bytes
Bandwidth: 3.73356e+08 Bps
[       OK ] BaselineComparisonTest.rewrite_rules_tpch_q9 (7684399 ms)
[----------] 12 tests from BaselineComparisonTest (25594950 ms total)

[----------] Global test environment tear-down
[==========] 12 tests from 1 test suite ran. (25594951 ms total)
[  PASSED  ] 10 tests.
[  FAILED  ] 2 tests, listed below:
[  FAILED  ] BaselineComparisonTest.baseline_tpch_q1
[  FAILED  ] BaselineComparisonTest.rewrite_rules_tpch_q1

 2 FAILED TESTS
