[==========] Running 12 tests from 1 test suite.
[----------] Global test environment set-up.
[----------] 12 tests from BaselineComparisonTest
[ RUN      ] BaselineComparisonTest.baseline_tpch_q1
Connecting to 127.0.0.1 on ports 7654, 65482 as 1
connected
EMP mode: sh2pc, storage mode: column store
Code version: 347abcddae268e1c73adf62dffb79533f3d5f8ab
GFlags: --flagfile=	--alice_db=tpch_alice_5	--alice_host=127.0.0.1	--bob_db=tpch_bob_5	--ctrl_port=65483	--cutoff=100	--filter=*	--party=1	--port=7655	--storage=column	--unioned_db=tpch_unioned_5	--validation=true	--log_level=2	--logfile=	

[Linux]Peak resident set size: 16515072 bytes, current memory size: 16515072 bytes.
#3: Sort<Bit> ({<0, ASC> , <1, ASC> }) : (#0 shared-varchar(1) lineitem.l_returnflag, #1 shared-varchar(1) lineitem.l_linestatus, #2 shared-float sum_qty, #3 shared-float sum_base_price, #4 shared-float sum_disc_price, #5 shared-float sum_charge, #6 shared-float avg_qty, #7 shared-float avg_price, #8 shared-float avg_disc, #9 shared-int64(9) count_order) order by: {<0, ASC> , <1, ASC> }, cost est: 2193030, output card: 390
    #2: SortMergeAggregate<Bit> (group-by: (0, 1) aggs: (SUM($2) sum_qty, SUM($3) sum_base_price, SUM($5) sum_disc_price, SUM($6) sum_charge, AVG($2) avg_qty, AVG($3) avg_price, AVG($4) avg_disc, COUNT(*) count_order)) : (#0 shared-varchar(1) lineitem.l_returnflag, #1 shared-varchar(1) lineitem.l_linestatus, #2 shared-float sum_qty, #3 shared-float sum_base_price, #4 shared-float sum_disc_price, #5 shared-float sum_charge, #6 shared-float avg_qty, #7 shared-float avg_price, #8 shared-float avg_disc, #9 shared-int64(9) count_order) order by: {<0, ASC> , <1, ASC> }, cost est: 8683740, output card: 390
        #-1: Sort<Bit> ({<0, ASC> , <1, ASC> }) : (#0 shared-varchar(1) lineitem.l_returnflag, #1 shared-varchar(1) lineitem.l_linestatus, #2 shared-float lineitem.l_quantity, #3 shared-float lineitem.l_extendedprice, #4 shared-float lineitem.l_discount, #5 shared-float disc_price, #6 shared-float charge) order by: {<0, ASC> , <1, ASC> }, cost est: 1604460, output card: 390
            #1: Project<Bit> ((<0, P$4(8) shared-varchar>, <1, P$5(8) shared-varchar>, <2, P$0(32) shared-float>, <3, P$1(32) shared-float>, <4, P$2(32) shared-float>, <5, $1 * (SECRET FLOAT - $2) shared-float>, <6, ($1 * (SECRET FLOAT - $2)) * (SECRET FLOAT + $3) shared-float>)) : (#0 shared-varchar(1) lineitem.l_returnflag, #1 shared-varchar(1) lineitem.l_linestatus, #2 shared-float lineitem.l_quantity, #3 shared-float lineitem.l_extendedprice, #4 shared-float lineitem.l_discount, #5 shared-float disc_price, #6 shared-float charge) order by: {}, cost est: 8886150, output card: 390
                #0: SecureSqlInput<Bit> ("SELECT l_quantity, l_extendedprice, l_discount, l_tax, l_returnflag, l_linestatus, NOT l_shipdate <= DATE '1998-08-03' AS dummy_tag FROM lineitem ORDER BY l_returnflag, l_linestatus, l_orderkey, l_linenumber;", tuple_count=390) : (#0 shared-float lineitem.l_quantity, #1 shared-float lineitem.l_extendedprice, #2 shared-float lineitem.l_discount, #3 shared-float lineitem.l_tax, #4 shared-varchar(1) lineitem.l_returnflag, #5 shared-varchar(1) lineitem.l_linestatus) order by: {}, cost est: 0, output card: 390

Operator #0 SecureSqlInput ran for 3.874000 ms, gate count: 0 output cardinality: 390, row width=145
Operator #1 Project ran for 485.131000 ms, gate count: 5331692 output cardinality: 390, row width=177
Operator #-1 Sort ran for 144.703000 ms, gate count: 1487396 output cardinality: 390, row width=177
Operator #2 SortMergeAggregate ran for 731.188000 ms, gate count: 8563524 output cardinality: 390, row width=250
Operator #3 Sort ran for 196.672000 ms, gate count: 2047088 output cardinality: 390, row width=250
Runtime: 1.60834 sec, CPU Time: 1.56215 sec, CPU clock ticks: 1.56215e+06, CPU clock ticks per second: 1000000
End-to-end estimated gates: 2.13674e+07. observed gates: 17429700 gates, relative error (%)=22.5918
[Linux]Peak resident set size: 24887296 bytes, current memory size: 23425024 bytes.
Initial Memory: 16515072 bytes, Peak Memory After Execution: 24887296 bytes, Memory Usage: 8372224 bytes
Bandwidth: 3.46786e+08 Bps
Comparing on idx 0 with (A, F, 1337.000000, 1917697.875000, 1813475.125000, 1884115.250000, 26.215687, 37601.917969, 0.051373, 51) (dummy=0)
          !=            (A, F, 2674.000000, 3835395.500000, 3626950.750000, 3768231.000000, 26.215687, 37601.917969, 0.051373, 102) (dummy=0)
    Failed to match!
/home/vaultdb/vaultdb-core-cost-comparison/src/main/cpp/test/mpc/baseline_comparison_test.cpp:115: Failure
Expected equality of these values:
  *expected
    Which is: (#0 varchar(1) lineitem.l_returnflag, #1 varchar(1) lineitem.l_linestatus, #2 float sum_qty, #3 float sum_base_price, #4 float sum_disc_price, #5 float sum_charge, #6 float avg_qty, #7 float avg_price, #8 float avg_disc, #9 int64 count_order) isEncrypted? false, order by: {<0, ASC> , <1, ASC> }
(A, F, 1337.000000, 1917697.875000, 1813475.125000, 1884115.250000, 26.215687, 37601.917969, 0.051373, 51)
(N, O, 2590.000000, 3707158.500000, 3529865.000000, 3674249.750000, 25.900000, 37071.585938, 0.048600, 100)
(R, F, 1037.000000, 1503491.625000, 1422472.000000, 1470954.250000, 26.589743, 38551.066406, 0.047949, 39)

  *observed
    Which is: (#0 varchar(1) lineitem.l_returnflag, #1 varchar(1) lineitem.l_linestatus, #2 float sum_qty, #3 float sum_base_price, #4 float sum_disc_price, #5 float sum_charge, #6 float avg_qty, #7 float avg_price, #8 float avg_disc, #9 int64 count_order) isEncrypted? false, order by: {<0, ASC> , <1, ASC> }
(A, F, 2674.000000, 3835395.500000, 3626950.750000, 3768231.000000, 26.215687, 37601.917969, 0.051373, 102)
(N, O, 5180.000000, 7414320.500000, 7059732.000000, 7348500.500000, 25.900000, 37071.601562, 0.048600, 200)
(R, F, 2074.000000, 3006983.250000, 2844944.250000, 2941908.500000, 26.589743, 38551.066406, 0.047949, 78)

[  FAILED  ] BaselineComparisonTest.baseline_tpch_q1 (6455 ms)
[ RUN      ] BaselineComparisonTest.baseline_tpch_q3
Connecting to 127.0.0.1 on ports 7655, 65483 as 1
connected
EMP mode: sh2pc, storage mode: column store
Code version: d797d9ee6e8bffe6b6f99b583fed56961b43d506
GFlags: --flagfile=	--alice_db=tpch_alice_5	--alice_host=127.0.0.1	--bob_db=tpch_bob_5	--ctrl_port=65484	--cutoff=100	--filter=*	--party=1	--port=7656	--storage=column	--unioned_db=tpch_unioned_5	--validation=true	--log_level=2	--logfile=	

[Linux]Peak resident set size: 26497024 bytes, current memory size: 21893120 bytes.
#9: Project<Bit> ((<0, P$0(20) shared-int32>, <1, P$3(32) shared-float>, <2, P$1(28) shared-int64>, <3, P$2(32) shared-int32>)) : (#0 shared-int32(20) orders.o_orderkey, #1 shared-float revenue, #2 shared-int64(28) orders.o_orderdate, #3 shared-int32 orders.o_shippriority) order by: {<-1, ASC> , <1, DESC> , <2, ASC> }, cost est: 0, output card: 10
    #8: Sort<Bit> ({<-1, ASC> , <3, DESC> , <1, ASC> }) : (#0 shared-int32(20) orders.o_orderkey, #1 shared-int64(28) orders.o_orderdate, #2 shared-int32 orders.o_shippriority, #3 shared-float revenue) order by: {<-1, ASC> , <3, DESC> , <1, ASC> }, cost est: 6568, output card: 10
        #7: SortMergeAggregate<Bit> (group-by: (0, 1, 2) aggs: (SUM($3) revenue)) : (#0 shared-int32(20) orders.o_orderkey, #1 shared-int64(28) orders.o_orderdate, #2 shared-int32 orders.o_shippriority, #3 shared-float revenue) order by: {<0, ASC> }, cost est: 487500, output card: 390
            #-1: Sort<Bit> ({<0, ASC> , <1, ASC> , <2, ASC> }) : (#0 shared-int32(20) orders.o_orderkey, #1 shared-int64(28) orders.o_orderdate, #2 shared-int32 orders.o_shippriority, #3 shared-float revenue) order by: {<0, ASC> , <1, ASC> , <2, ASC> }, cost est: 1628647, output card: 390
                #6: Project<Bit> ((<0, P$0(20) shared-int32>, <1, P$1(28) shared-int64>, <2, P$2(32) shared-int32>, <3, P$4(32) shared-float>)) : (#0 shared-int32(20) orders.o_orderkey, #1 shared-int64(28) orders.o_orderdate, #2 shared-int32 orders.o_shippriority, #3 shared-float revenue) order by: {}, cost est: 0, output card: 390
                    #5: KeyedJoin<Bit> (P$0(20) == P$3(20)) : (#0 shared-int32(20) orders.o_orderkey, #1 shared-int64(28) orders.o_orderdate, #2 shared-int32 orders.o_shippriority, #3 shared-int32(20) lineitem.l_orderkey, #4 shared-float revenue) order by: {}, cost est: 4056000, output card: 390
                        #3: Project<Bit> ((<0, P$0(20) shared-int32>, <1, P$2(28) shared-int64>, <2, P$3(32) shared-int32>)) : (#0 shared-int32(20) orders.o_orderkey, #1 shared-int64(28) orders.o_orderdate, #2 shared-int32 orders.o_shippriority) order by: {}, cost est: 0, output card: 100
                            #2: KeyedJoin<Bit> (P$1(14) == P$4(14)) : (#0 shared-int32(20) orders.o_orderkey, #1 shared-int32(14) orders.o_custkey, #2 shared-int64(28) orders.o_orderdate, #3 shared-int32 orders.o_shippriority, #4 shared-int32(14) customer.c_custkey) order by: {}, cost est: 32000, output card: 100
                                #0: SecureSqlInput<Bit> ("SELECT o_orderkey, o_custkey, o_orderdate, o_shippriority, NOT o_orderdate < DATE '1995-03-25' AS dummy_tag FROM orders ORDER BY o_orderkey, o_orderdate, o_shippriority", tuple_count=100) : (#0 shared-int32(20) orders.o_orderkey, #1 shared-int32(14) orders.o_custkey, #2 shared-int64(28) orders.o_orderdate, #3 shared-int32 orders.o_shippriority) order by: {}, cost est: 0, output card: 100
                                #1: SecureSqlInput<Bit> ("SELECT c_custkey, NOT c_mktsegment = 'HOUSEHOLD' AS dummy_tag FROM customer ORDER BY c_custkey", tuple_count=10) : (#0 shared-int32(14) customer.c_custkey) order by: {}, cost est: 0, output card: 10
                        #4: SecureSqlInput<Bit> ("SELECT l_orderkey, l_extendedprice * (1 - l_discount) AS revenue, NOT l_shipdate > DATE '1995-03-25' AS dummy_tag FROM lineitem ORDER BY l_orderkey", tuple_count=390) : (#0 shared-int32(20) lineitem.l_orderkey, #1 shared-float revenue) order by: {}, cost est: 0, output card: 390

Operator #0 SecureSqlInput ran for 0.514000 ms, gate count: 0 output cardinality: 100, row width=95
Operator #1 SecureSqlInput ran for 0.161000 ms, gate count: 0 output cardinality: 10, row width=15
Operator #2 KeyedJoin ran for 2.926000 ms, gate count: 33000 output cardinality: 100, row width=109
Operator #3 Project ran for 0.048000 ms, gate count: 0 output cardinality: 100, row width=81
Operator #4 SecureSqlInput ran for 3.093000 ms, gate count: 0 output cardinality: 390, row width=53
Operator #5 KeyedJoin ran for 359.312000 ms, gate count: 4095000 output cardinality: 390, row width=133
Operator #6 Project ran for 0.299000 ms, gate count: 0 output cardinality: 390, row width=113
Operator #-1 Sort ran for 161.389000 ms, gate count: 1487400 output cardinality: 390, row width=113
Operator #7 SortMergeAggregate ran for 42.067000 ms, gate count: 475000 output cardinality: 390, row width=113
Operator #8 Sort ran for 145.673000 ms, gate count: 1398532 output cardinality: 10, row width=113
Operator #9 Project ran for 0.012000 ms, gate count: 0 output cardinality: 10, row width=113
Runtime: 0.744964 sec, CPU Time: 0.715501 sec, CPU clock ticks: 715501, CPU clock ticks per second: 1000000
End-to-end estimated gates: 6.21072e+06. observed gates: 7488932 gates, relative error (%)=17.0681
[Linux]Peak resident set size: 26497024 bytes, current memory size: 23728128 bytes.
Initial Memory: 26497024 bytes, Peak Memory After Execution: 26497024 bytes, Memory Usage: 0 bytes
Bandwidth: 3.21688e+08 Bps
[       OK ] BaselineComparisonTest.baseline_tpch_q3 (898 ms)
[ RUN      ] BaselineComparisonTest.baseline_tpch_q5
Connecting to 127.0.0.1 on ports 7656, 65484 as 1
connected
EMP mode: sh2pc, storage mode: column store
Code version: d797d9ee6e8bffe6b6f99b583fed56961b43d506
GFlags: --flagfile=	--alice_db=tpch_alice_5	--alice_host=127.0.0.1	--bob_db=tpch_bob_5	--ctrl_port=65485	--cutoff=100	--filter=*	--party=1	--port=7657	--storage=column	--unioned_db=tpch_unioned_5	--validation=true	--log_level=2	--logfile=	

[Linux]Peak resident set size: 26497024 bytes, current memory size: 23728128 bytes.
#11: Sort<Bit> ({<1, DESC> }) : (#0 shared-varchar(25) nation.n_name, #1 shared-float revenue) order by: {<1, DESC> }, cost est: 3290860544, output card: 156000
    #10: SortMergeAggregate<Bit> (group-by: (0) aggs: (SUM($1) revenue)) : (#0 shared-varchar(25) nation.n_name, #1 shared-float revenue) order by: {<0, ASC> }, cost est: 231816000, output card: 156000
        #-1: Sort<Bit> ({<0, ASC> }) : (#0 shared-varchar(25) nation.n_name, #1 shared-float revenue) order by: {<0, ASC> }, cost est: 5353787904, output card: 156000
            #9: Project<Bit> ((<0, P$5(200) shared-varchar>, <1, P$1(32) shared-float>)) : (#0 shared-varchar(25) nation.n_name, #1 shared-float revenue) order by: {}, cost est: 0, output card: 156000
                #8: BasicJoin<Bit> ((P$0(5) == P$4(5)) AND (P$2(14) == P$3(14))) : (#0 shared-int32(5) supplier.c_nationkey, #1 shared-float revenue, #2 shared-int32(14) orders.o_custkey, #3 shared-int32(14) customer.c_custkey, #4 shared-int32(5) customer.c_nationkey, #5 shared-varchar(25) nation.n_name) order by: {}, cost est: 5772000, output card: 156000
                    #6: Project<Bit> ((<0, P$0(5) shared-int32>, <1, P$2(32) shared-float>, <2, P$4(14) shared-int32>)) : (#0 shared-int32(5) supplier.c_nationkey, #1 shared-float revenue, #2 shared-int32(14) orders.o_custkey) order by: {}, cost est: 0, output card: 39000
                        #5: BasicJoin<Bit> (P$1(20) == P$3(20)) : (#0 shared-int32(5) supplier.s_nationkey, #1 shared-int32(20) lineitem.l_orderkey, #2 shared-float revenue, #3 shared-int32(20) orders.o_orderkey, #4 shared-int32(14) orders.o_custkey) order by: {}, cost est: 936000, output card: 39000
                            #3: Project<Bit> ((<0, P$1(5) shared-int32>, <1, P$2(20) shared-int32>, <2, P$4(32) shared-float>)) : (#0 shared-int32(5) supplier.s_nationkey, #1 shared-int32(20) lineitem.l_orderkey, #2 shared-float revenue) order by: {}, cost est: 0, output card: 390
                                #2: BasicJoin<Bit> (P$0(10) == P$3(10)) : (#0 shared-int32(10) supplier.s_suppkey, #1 shared-int32(5) supplier.s_nationkey, #2 shared-int32(20) lineitem.l_orderkey, #3 shared-int32(10) lineitem.l_suppkey, #4 shared-float revenue) order by: {}, cost est: 5460, output card: 390
                                    #0: SecureSqlInput<Bit> ("SELECT s_suppkey, s_nationkey FROM supplier JOIN nation ON s_nationkey = n_nationkey JOIN region ON n_regionkey = r_regionkey WHERE r_name = 'MIDDLE EAST ' ORDER BY s_suppkey", tuple_count=1) : (#0 shared-int32(10) supplier.s_suppkey, #1 shared-int32(5) supplier.s_nationkey) order by: {}, cost est: 0, output card: 1
                                    #1: SecureSqlInput<Bit> ("SELECT l_orderkey, l_suppkey, l_extendedprice * (1 - l_discount) AS revenue FROM lineitem ORDER BY l_orderkey", tuple_count=390) : (#0 shared-int32(20) lineitem.l_orderkey, #1 shared-int32(10) lineitem.l_suppkey, #2 shared-float revenue) order by: {}, cost est: 0, output card: 390
                            #4: SecureSqlInput<Bit> ("SELECT o_orderkey, o_custkey, NOT (o_orderdate >= DATE '1993-01-01' AND o_orderdate < DATE '1994-01-01') AS dummy_tag FROM orders ORDER BY o_orderkey, o_custkey, o_orderdate", tuple_count=100) : (#0 shared-int32(20) orders.o_orderkey, #1 shared-int32(14) orders.o_custkey) order by: {}, cost est: 0, output card: 100
                    #7: SecureSqlInput<Bit> ("SELECT t2.c_custkey, t2.c_nationkey, t1.n_name FROM (SELECT r_regionkey, r_name FROM region WHERE r_name = 'MIDDLE EAST ') AS t0 INNER JOIN (SELECT n_nationkey, n_name, n_regionkey FROM nation) AS t1 ON t0.r_regionkey = t1.n_regionkey INNER JOIN (SELECT c_custkey, c_nationkey FROM customer) AS t2 ON t1.n_nationkey = t2.c_nationkey ORDER BY t2.c_custkey ASC", tuple_count=4) : (#0 shared-int32(14) customer.c_custkey, #1 shared-int32(5) customer.c_nationkey, #2 shared-varchar(25) nation.n_name) order by: {}, cost est: 0, output card: 4

Operator #0 SecureSqlInput ran for 0.132000 ms, gate count: 0 output cardinality: 1, row width=16
Operator #1 SecureSqlInput ran for 1.234000 ms, gate count: 0 output cardinality: 390, row width=63
Operator #2 BasicJoin ran for 0.667000 ms, gate count: 5072 output cardinality: 390, row width=78
Operator #3 Project ran for 0.080000 ms, gate count: 0 output cardinality: 390, row width=58
Operator #4 SecureSqlInput ran for 1.814000 ms, gate count: 0 output cardinality: 100, row width=35
Operator #5 BasicJoin ran for 159.225000 ms, gate count: 897000 output cardinality: 39000, row width=92
Operator #6 Project ran for 24.134000 ms, gate count: 0 output cardinality: 39000, row width=52
Operator #7 SecureSqlInput ran for 27.211000 ms, gate count: 0 output cardinality: 4, row width=220
Operator #8 BasicJoin ran for 1203.346000 ms, gate count: 3744000 output cardinality: 156000, row width=271
Operator #9 Project ran for 589.990000 ms, gate count: 0 output cardinality: 156000, row width=233
Operator #-1 Sort ran for 510408.095000 ms, gate count: 5142163936 output cardinality: 156000, row width=233
Operator #10 SortMergeAggregate ran for 23549.935000 ms, gate count: 226978576 output cardinality: 156000, row width=233
Operator #11 Sort ran for 290233.056000 ms, gate count: 3171304864 output cardinality: 156000, row width=233
Runtime: 826.324 sec, CPU Time: 818.143 sec, CPU clock ticks: 8.18143e+08, CPU clock ticks per second: 1000000
End-to-end estimated gates: 8.88318e+09. observed gates: 8545093448 gates, relative error (%)=3.95647
[Linux]Peak resident set size: 2792042496 bytes, current memory size: 635506688 bytes.
Initial Memory: 26497024 bytes, Peak Memory After Execution: 2792042496 bytes, Memory Usage: 2765545472 bytes
Bandwidth: 3.30915e+08 Bps
[       OK ] BaselineComparisonTest.baseline_tpch_q5 (1128224 ms)
[ RUN      ] BaselineComparisonTest.baseline_tpch_q8
Connecting to 127.0.0.1 on ports 7657, 65485 as 1
connected
EMP mode: sh2pc, storage mode: column store
Code version: d797d9ee6e8bffe6b6f99b583fed56961b43d506
GFlags: --flagfile=	--alice_db=tpch_alice_5	--alice_host=127.0.0.1	--bob_db=tpch_bob_5	--ctrl_port=65486	--cutoff=100	--filter=*	--party=1	--port=7658	--storage=column	--unioned_db=tpch_unioned_5	--validation=true	--log_level=2	--logfile=	

[Linux]Peak resident set size: 3371040768 bytes, current memory size: 635506688 bytes.
#13: Sort<Bit> ({<0, ASC> }) : (#0 shared-int32 orders.o_year, #1 shared-float mkt_share) order by: {<0, ASC> }, cost est: 546686848, output card: 78000
    #12: Project<Bit> ((<0, P$0(32) shared-int32>, <1, $2 / $1 shared-float>)) : (#0 shared-int32 orders.o_year, #1 shared-float mkt_share) order by: {<0, ASC> }, cost est: 297102000, output card: 78000
        #11: SortMergeAggregate<Bit> (group-by: (0) aggs: (SUM($1) null, SUM($2) null)) : (#0 shared-int32 orders.o_year, #1 shared-float null, #2 shared-float null) order by: {<0, ASC> }, cost est: 179400000, output card: 78000
            #-1: Sort<Bit> ({<0, ASC> }) : (#0 shared-int32 orders.o_year, #1 shared-float volume, #2 shared-float selected_volume) order by: {<0, ASC> }, cost est: 721626624, output card: 78000
                #10: Project<Bit> ((<0, P$0(32) shared-int32>, <1, P$2(32) shared-float>, <2, CASE($4, $2, SECRET FLOAT) shared-float>)) : (#0 shared-int32 orders.o_year, #1 shared-float volume, #2 shared-float selected_volume) order by: {}, cost est: 0, output card: 78000
                    #9: BasicJoin<Bit> (P$1(10) == P$3(10)) : (#0 shared-int32 orders.o_year, #1 shared-int32(10) lineitem.l_suppkey, #2 shared-float volume, #3 shared-int32(10) supplier.s_suppkey, #4 shared-bool nation_check) order by: {}, cost est: 1092000, output card: 78000
                        #7: Project<Bit> ((<0, P$1(32) shared-int32>, <1, P$3(10) shared-int32>, <2, P$4(32) shared-float>)) : (#0 shared-int32 orders.o_year, #1 shared-int32(10) lineitem.l_suppkey, #2 shared-float volume) order by: {}, cost est: 0, output card: 78000
                            #6: BasicJoin<Bit> (P$0(20) == P$2(20)) : (#0 shared-int32(20) orders.o_orderkey, #1 shared-int32 orders.o_year, #2 shared-int32(20) lineitem.l_orderkey, #3 shared-int32(10) lineitem.l_suppkey, #4 shared-float revenue) order by: {}, cost est: 1872000, output card: 78000
                                #3: Project<Bit> ((<0, P$1(20) shared-int32>, <1, P$3(32) shared-int32>)) : (#0 shared-int32(20) orders.o_orderkey, #1 shared-int32 orders.o_year) order by: {}, cost est: 0, output card: 200
                                    #2: BasicJoin<Bit> (P$0(14) == P$2(14)) : (#0 shared-int32(14) customer.c_custkey, #1 shared-int32(20) orders.o_orderkey, #2 shared-int32(14) orders.o_custkey, #3 shared-int32 orders.o_year) order by: {}, cost est: 3600, output card: 200
                                        #0: SecureSqlInput<Bit> ("SELECT c_custkey FROM customer c JOIN nation n1 ON c_nationkey = n_nationkey JOIN region ON r_regionkey = n_regionkey WHERE r_name = 'AFRICA' ORDER BY c_custkey", tuple_count=2) : (#0 shared-int32(14) customer.c_custkey) order by: {}, cost est: 0, output card: 2
                                        #1: SecureSqlInput<Bit> ("SELECT o_orderkey, o_custkey, o_orderyear::INT AS o_year, NOT (o_orderdate >= date '1995-01-01' and o_orderdate < date '1996-12-31') dummy_tag FROM orders ORDER BY o_year, o_orderkey", tuple_count=100) : (#0 shared-int32(20) orders.o_orderkey, #1 shared-int32(14) orders.o_custkey, #2 shared-int32 orders.o_year) order by: {}, cost est: 0, output card: 100
                                #5: Project<Bit> ((<0, P$0(20) shared-int32>, <1, P$1(10) shared-int32>, <2, $2 * (SECRET FLOAT - $3) shared-float>)) : (#0 shared-int32(20) lineitem.l_orderkey, #1 shared-int32(10) lineitem.l_suppkey, #2 shared-float revenue) order by: {}, cost est: 1777230, output card: 390
                                    #4: SecureSqlInput<Bit> ("SELECT l_orderkey, l_suppkey, l_extendedprice, l_discount,        CASE            WHEN p_type = 'LARGE ANODIZED STEEL' AND p_partkey = l_partkey THEN FALSE            ELSE TRUE            END AS dummy_tag FROM lineitem LEFT JOIN part ON p_partkey = l_partkey ORDER BY l_orderkey", tuple_count=390) : (#0 shared-int32(20) lineitem.l_orderkey, #1 shared-int32(10) lineitem.l_suppkey, #2 shared-float lineitem.l_extendedprice, #3 shared-float lineitem.l_discount) order by: {}, cost est: 0, output card: 390
                        #8: SecureSqlInput<Bit> ("SELECT s_suppkey, CASE WHEN n_name = 'KENYA' THEN true ELSE false END AS nation_check FROM supplier JOIN nation ON n_nationkey = s_nationkey ORDER BY s_suppkey", tuple_count=1) : (#0 shared-int32(10) supplier.s_suppkey, #1 shared-bool nation_check) order by: {}, cost est: 0, output card: 1

Operator #0 SecureSqlInput ran for 0.151000 ms, gate count: 0 output cardinality: 2, row width=15
Operator #1 SecureSqlInput ran for 0.389000 ms, gate count: 0 output cardinality: 100, row width=67
Operator #2 BasicJoin ran for 0.435000 ms, gate count: 3400 output cardinality: 200, row width=81
Operator #3 Project ran for 0.028000 ms, gate count: 0 output cardinality: 200, row width=53
Operator #4 SecureSqlInput ran for 3.788000 ms, gate count: 0 output cardinality: 390, row width=95
Operator #5 Project ran for 161.056000 ms, gate count: 1777232 output cardinality: 390, row width=63
Operator #6 BasicJoin ran for 454.345000 ms, gate count: 1794000 output cardinality: 78000, row width=115
Operator #7 Project ran for 92.015000 ms, gate count: 0 output cardinality: 78000, row width=75
Operator #8 SecureSqlInput ran for 95.540000 ms, gate count: 0 output cardinality: 1, row width=12
Operator #9 BasicJoin ran for 224.260000 ms, gate count: 1014000 output cardinality: 78000, row width=86
Operator #10 Project ran for 463.504000 ms, gate count: 2496000 output cardinality: 78000, row width=97
Operator #-1 Sort ran for 67244.870000 ms, gate count: 684515520 output cardinality: 78000, row width=97
Operator #11 SortMergeAggregate ran for 14809.487000 ms, gate count: 169179896 output cardinality: 78000, row width=97
Operator #12 Project ran for 16954.616000 ms, gate count: 297102000 output cardinality: 78000, row width=65
Operator #13 Sort ran for 52617.623000 ms, gate count: 516019392 output cardinality: 78000, row width=65
Runtime: 153.203 sec, CPU Time: 150.669 sec, CPU clock ticks: 1.50669e+08, CPU clock ticks per second: 1000000
End-to-end estimated gates: 1.74956e+09. observed gates: 1673901440 gates, relative error (%)=4.51991
[Linux]Peak resident set size: 3371040768 bytes, current memory size: 715911168 bytes.
Initial Memory: 3371040768 bytes, Peak Memory After Execution: 3371040768 bytes, Memory Usage: 0 bytes
Bandwidth: 3.49633e+08 Bps
[       OK ] BaselineComparisonTest.baseline_tpch_q8 (208956 ms)
[ RUN      ] BaselineComparisonTest.baseline_tpch_q9
Connecting to 127.0.0.1 on ports 7658, 65486 as 1
connected
EMP mode: sh2pc, storage mode: column store
Code version: d797d9ee6e8bffe6b6f99b583fed56961b43d506
GFlags: --flagfile=	--alice_db=tpch_alice_5	--alice_host=127.0.0.1	--bob_db=tpch_bob_5	--ctrl_port=65487	--cutoff=100	--filter=*	--party=1	--port=7659	--storage=column	--unioned_db=tpch_unioned_5	--validation=true	--log_level=2	--logfile=	

[Linux]Peak resident set size: 3371040768 bytes, current memory size: 715911168 bytes.
#11: Sort<Bit> ({<0, ASC> , <1, DESC> }) : (#0 shared-varchar(25) nation.nation, #1 shared-int32 amount, #2 shared-float sum_profit) order by: {<0, ASC> , <1, DESC> }, cost est: 30591485952, output card: 624000
    #10: SortMergeAggregate<Bit> (group-by: (0, 1) aggs: (SUM($2) sum_profit)) : (#0 shared-varchar(25) nation.nation, #1 shared-int32 amount, #2 shared-float sum_profit) order by: {<0, ASC> , <1, DESC> }, cost est: 967200000, output card: 624000
        #-1: Sort<Bit> ({<0, ASC> , <1, ASC> }) : (#0 shared-varchar(25) nation.nation, #1 shared-int32 amount, #2 shared-float o_year) order by: {<0, ASC> , <1, ASC> }, cost est: 30591485952, output card: 624000
            #9: Project<Bit> ((<0, P$0(200) shared-varchar>, <1, P$3(32) shared-int32>, <2, P$2(32) shared-float>)) : (#0 shared-varchar(25) nation.nation, #1 shared-int32 amount, #2 shared-float o_year) order by: {}, cost est: 0, output card: 624000
                #8: BasicJoin<Bit> (P$1(20) == P$4(20)) : (#0 shared-varchar(25) nation.nation, #1 shared-int32(20) lineitem.l_orderkey, #2 shared-float amount, #3 shared-int32 o_year, #4 shared-int32(20) orders.o_orderkey) order by: {}, cost est: 14976000, output card: 624000
                    #6: Project<Bit> ((<0, P$0(200) shared-varchar>, <1, P$4(20) shared-int32>, <2, $8 - ($3 * $7) shared-float>)) : (#0 shared-varchar(25) nation.nation, #1 shared-int32(20) lineitem.l_orderkey, #2 shared-float amount) order by: {}, cost est: 28435680, output card: 6240
                        #5: BasicJoin<Bit> ((P$2(10) == P$6(10)) AND (P$1(15) == P$5(15))) : (#0 shared-varchar(25) nation.n_name, #1 shared-int32(15) partsupp.ps_partkey, #2 shared-int32(10) partsupp.ps_suppkey, #3 shared-float partsupp.ps_supplycost, #4 shared-int32(20) lineitem.l_orderkey, #5 shared-int32(15) lineitem.l_partkey, #6 shared-int32(10) lineitem.l_suppkey, #7 shared-float l_quantity, #8 shared-float volume) order by: {}, cost est: 330720, output card: 6240
                            #3: Project<Bit> ((<0, P$1(200) shared-varchar>, <1, P$2(15) shared-int32>, <2, P$3(10) shared-int32>, <3, P$4(32) shared-float>)) : (#0 shared-varchar(25) nation.n_name, #1 shared-int32(15) partsupp.ps_partkey, #2 shared-int32(10) partsupp.ps_suppkey, #3 shared-float partsupp.ps_supplycost) order by: {}, cost est: 0, output card: 16
                                #2: BasicJoin<Bit> (P$0(10) == P$3(10)) : (#0 shared-int32(10) supplier.s_suppkey, #1 shared-varchar(25) nation.n_name, #2 shared-int32(15) partsupp.ps_partkey, #3 shared-int32(10) partsupp.ps_suppkey, #4 shared-float partsupp.ps_supplycost) order by: {}, cost est: 224, output card: 16
                                    #0: SecureSqlInput<Bit> ("SELECT s_suppkey, n_name FROM supplier JOIN nation ON s_nationkey = n_nationkey ORDER BY n_name, s_suppkey", tuple_count=1) : (#0 shared-int32(10) supplier.s_suppkey, #1 shared-varchar(25) nation.n_name) order by: {}, cost est: 0, output card: 1
                                    #1: SecureSqlInput<Bit> ("SELECT ps_partkey, ps_suppkey, ps_supplycost FROM partsupp JOIN part ON ps_partkey = p_partkey WHERE p_name LIKE '%yellow%' ORDER BY ps_suppkey, ps_partkey", tuple_count=16) : (#0 shared-int32(15) partsupp.ps_partkey, #1 shared-int32(10) partsupp.ps_suppkey, #2 shared-float partsupp.ps_supplycost) order by: {}, cost est: 0, output card: 16
                            #4: SecureSqlInput<Bit> ("SELECT l_orderkey, l_partkey, l_suppkey, l_quantity::float4, l_extendedprice * (1.0 - l_discount) AS volume FROM lineitem ORDER BY l_orderkey, l_partkey, l_suppkey", tuple_count=390) : (#0 shared-int32(20) lineitem.l_orderkey, #1 shared-int32(15) lineitem.l_partkey, #2 shared-int32(10) lineitem.l_suppkey, #3 shared-float l_quantity, #4 shared-float volume) order by: {}, cost est: 0, output card: 390
                    #7: SecureSqlInput<Bit> ("SELECT EXTRACT('year' FROM o_orderdate)::INT AS o_year, o_orderkey FROM orders ORDER BY o_orderkey", tuple_count=100) : (#0 shared-int32 o_year, #1 shared-int32(20) orders.o_orderkey) order by: {}, cost est: 0, output card: 100

Operator #0 SecureSqlInput ran for 0.138000 ms, gate count: 0 output cardinality: 1, row width=211
Operator #1 SecureSqlInput ran for 0.171000 ms, gate count: 0 output cardinality: 16, row width=58
Operator #2 BasicJoin ran for 0.051000 ms, gate count: 208 output cardinality: 16, row width=268
Operator #3 Project ran for 0.014000 ms, gate count: 0 output cardinality: 16, row width=258
Operator #4 SecureSqlInput ran for 2.786000 ms, gate count: 0 output cardinality: 390, row width=110
Operator #5 BasicJoin ran for 38.405000 ms, gate count: 187200 output cardinality: 6240, row width=367
Operator #6 Project ran for 2526.912000 ms, gate count: 28435680 output cardinality: 6240, row width=253
Operator #7 SecureSqlInput ran for 1.916000 ms, gate count: 0 output cardinality: 100, row width=53
Operator #8 BasicJoin ran for 4890.777000 ms, gate count: 14352000 output cardinality: 624000, row width=305
Operator #9 Project ran for 2681.906000 ms, gate count: 0 output cardinality: 624000, row width=265
Operator #-1 Sort ran for 2928164.051000 ms, gate count: 29316056832 output cardinality: 624000, row width=265
Operator #10 SortMergeAggregate ran for 99169.646000 ms, gate count: 948478512 output cardinality: 624000, row width=265
Operator #11 Sort ran for 2928209.908000 ms, gate count: 29354744832 output cardinality: 624000, row width=265
Runtime: 5966.08 sec, CPU Time: 5928.73 sec, CPU clock ticks: 5.92873e+09, CPU clock ticks per second: 1000000
End-to-end estimated gates: 6.21939e+10. observed gates: 59662255264 gates, relative error (%)=4.24332
[Linux]Peak resident set size: 12641607680 bytes, current memory size: 3376529408 bytes.
Initial Memory: 3371040768 bytes, Peak Memory After Execution: 12641607680 bytes, Memory Usage: 9270566912 bytes
Bandwidth: 3.20008e+08 Bps
[       OK ] BaselineComparisonTest.baseline_tpch_q9 (8933416 ms)
[ RUN      ] BaselineComparisonTest.baseline_tpch_q18
Connecting to 127.0.0.1 on ports 7654, 65482 as 1
connected
EMP mode: sh2pc, storage mode: column store
Code version: 89958fe64f6ef5df09b68b8d0d6a900976d028f4
GFlags: --flagfile=	--alice_db=tpch_alice_5	--alice_host=127.0.0.1	--bob_db=tpch_bob_5	--ctrl_port=65483	--cutoff=100	--filter=*	--party=1	--port=7655	--storage=column	--unioned_db=tpch_unioned_5	--validation=true	--log_level=2	--logfile=	

[Linux]Peak resident set size: 16777216 bytes, current memory size: 16777216 bytes.
#15: Sort<Bit> ({<-1, ASC> , <4, DESC> , <3, ASC> }) : (#0 shared-varchar(25) customer.c_name, #1 shared-int32(14) customer.c_custkey, #2 shared-int32(20) orders.o_orderkey, #3 shared-int64(28) orders.o_orderdate, #4 shared-float orders.o_totalprice, #5 shared-float sum_qty) order by: {<-1, ASC> , <4, DESC> , <3, ASC> }, cost est: 504037, output card: 100
    #14: SortMergeAggregate<Bit> (group-by: (0, 1, 2, 3, 4) aggs: (SUM($5) sum_qty)) : (#0 shared-varchar(25) customer.c_name, #1 shared-int32(14) customer.c_custkey, #2 shared-int32(20) orders.o_orderkey, #3 shared-int64(28) orders.o_orderdate, #4 shared-float orders.o_totalprice, #5 shared-float sum_qty) order by: {<0, ASC> , <1, ASC> , <2, ASC> , <3, ASC> , <4, ASC> }, cost est: 655200000, output card: 390000
        #-1: Sort<Bit> ({<0, ASC> , <1, ASC> , <2, ASC> , <3, ASC> , <4, ASC> }) : (#0 shared-varchar(25) customer.c_name, #1 shared-int32(14) customer.c_custkey, #2 shared-int32(20) orders.o_orderkey, #3 shared-int64(28) orders.o_orderdate, #4 shared-float orders.o_totalprice, #5 shared-float lineitem.l_quantity) order by: {<0, ASC> , <1, ASC> , <2, ASC> , <3, ASC> , <4, ASC> }, cost est: 22542725120, output card: 390000
            #13: Project<Bit> ((<0, P$6(200) shared-varchar>, <1, P$5(14) shared-int32>, <2, P$0(20) shared-int32>, <3, P$3(28) shared-int64>, <4, P$2(32) shared-float>, <5, P$4(32) shared-float>)) : (#0 shared-varchar(25) customer.c_name, #1 shared-int32(14) customer.c_custkey, #2 shared-int32(20) orders.o_orderkey, #3 shared-int64(28) orders.o_orderdate, #4 shared-float orders.o_totalprice, #5 shared-float lineitem.l_quantity) order by: {}, cost est: 0, output card: 390000
                #12: BasicJoin<Bit> (P$1(14) == P$5(14)) : (#0 shared-int32(20) orders.o_orderkey, #1 shared-int32(14) orders.o_custkey, #2 shared-float orders.o_totalprice, #3 shared-int64(28) orders.o_orderdate, #4 shared-float lineitem.l_quantity, #5 shared-int32(14) customer.c_custkey, #6 shared-varchar(25) customer.c_name) order by: {}, cost est: 7020000, output card: 390000
                    #10: Project<Bit> ((<0, P$2(20) shared-int32>, <1, P$3(14) shared-int32>, <2, P$4(32) shared-float>, <3, P$5(28) shared-int64>, <4, P$1(32) shared-float>)) : (#0 shared-int32(20) orders.o_orderkey, #1 shared-int32(14) orders.o_custkey, #2 shared-float orders.o_totalprice, #3 shared-int64(28) orders.o_orderdate, #4 shared-float lineitem.l_quantity) order by: {}, cost est: 0, output card: 39000
                        #9: BasicJoin<Bit> (P$0(20) == P$2(20)) : (#0 shared-int32(20) lineitem.L2.l_orderkey, #1 shared-float lineitem.L2.l_quantity, #2 shared-int32(20) orders.o_orderkey, #3 shared-int32(14) orders.o_custkey, #4 shared-float orders.o_totalprice, #5 shared-int64(28) orders.o_orderdate) order by: {}, cost est: 936000, output card: 39000
                            #7: Project<Bit> ((<0, P$1(20) shared-int32>, <1, P$2(32) shared-float>)) : (#0 shared-int32(20) lineitem.L2.l_orderkey, #1 shared-float lineitem.L2.l_quantity) order by: {}, cost est: 0, output card: 390
                                #6: KeyedJoin<Bit> (P$0(20) == P$1(20)) : (#0 shared-int32(20) lineitem.l_orderkey, #1 shared-int32(20) lineitem.l_orderkey, #2 shared-float lineitem.l_quantity) order by: {<0, ASC> }, cost est: 11559600, output card: 390
                                    #4: Project<Bit> ((<0, P$0(20) shared-int32>)) : (#0 shared-int32(20) lineitem.l_orderkey) order by: {<0, ASC> }, cost est: 0, output card: 390
                                        #3: Filter<Bit> (P$1(32) > SECRET FLOAT) : (#0 shared-int32(20) lineitem.l_orderkey, #1 shared-float null) order by: {<0, ASC> }, cost est: 83070, output card: 390
                                            #2: SortMergeAggregate<Bit> (group-by: (0) aggs: (SUM($1) null)) : (#0 shared-int32(20) lineitem.l_orderkey, #1 shared-float null) order by: {<0, ASC> }, cost est: 439920, output card: 390
                                                #1: Sort<Bit> ({<0, ASC> }) : (#0 shared-int32(20) lineitem.l_orderkey, #1 shared-float lineitem.l_quantity) order by: {<0, ASC> }, cost est: 612758, output card: 390
                                                    #0: SecureSqlInput<Bit> ("SELECT l_orderkey, l_quantity FROM lineitem ORDER BY l_orderkey", tuple_count=390) : (#0 shared-int32(20) lineitem.l_orderkey, #1 shared-float lineitem.l_quantity) order by: {}, cost est: 0, output card: 390
                                    #5: SecureSqlInput<Bit> ("SELECT L2.l_orderkey, L2.l_quantity FROM lineitem L2 ORDER BY L2.l_orderkey", tuple_count=390) : (#0 shared-int32(20) lineitem.l_orderkey, #1 shared-float lineitem.l_quantity) order by: {}, cost est: 0, output card: 390
                            #8: SecureSqlInput<Bit> ("SELECT o_orderkey, o_custkey, o_totalprice, o_orderdate FROM orders ORDER BY o_orderkey, o_custkey", tuple_count=100) : (#0 shared-int32(20) orders.o_orderkey, #1 shared-int32(14) orders.o_custkey, #2 shared-float orders.o_totalprice, #3 shared-int64(28) orders.o_orderdate) order by: {}, cost est: 0, output card: 100
                    #11: SecureSqlInput<Bit> ("SELECT c_custkey, c_name FROM customer ORDER BY c_custkey", tuple_count=10) : (#0 shared-int32(14) customer.c_custkey, #1 shared-varchar(25) customer.c_name) order by: {}, cost est: 0, output card: 10

Operator #0 SecureSqlInput ran for 1.220000 ms, gate count: 0 output cardinality: 390, row width=53
Operator #1 Sort ran for 51.890000 ms, gate count: 567360 output cardinality: 390, row width=53
Operator #2 SortMergeAggregate ran for 35.256000 ms, gate count: 426764 output cardinality: 390, row width=53
Operator #3 Filter ran for 6.095000 ms, gate count: 83460 output cardinality: 390, row width=53
Operator #4 Project ran for 0.025000 ms, gate count: 0 output cardinality: 390, row width=21
Operator #5 SecureSqlInput ran for 3.427000 ms, gate count: 0 output cardinality: 390, row width=53
Operator #6 KeyedJoin ran for 1012.223000 ms, gate count: 11711700 output cardinality: 390, row width=73
Operator #7 Project ran for 0.092000 ms, gate count: 0 output cardinality: 390, row width=53
Operator #8 SecureSqlInput ran for 2.044000 ms, gate count: 0 output cardinality: 100, row width=95
Operator #9 BasicJoin ran for 191.027000 ms, gate count: 897000 output cardinality: 39000, row width=147
Operator #10 Project ran for 57.175000 ms, gate count: 0 output cardinality: 39000, row width=127
Operator #11 SecureSqlInput ran for 60.472000 ms, gate count: 0 output cardinality: 10, row width=215
Operator #12 BasicJoin ran for 3116.916000 ms, gate count: 6630000 output cardinality: 390000, row width=341
Operator #13 Project ran for 2084.919000 ms, gate count: 0 output cardinality: 390000, row width=327
Operator #-1 Sort ran for 2085944.107000 ms, gate count: 21502467360 output cardinality: 390000, row width=327
Operator #14 SortMergeAggregate ran for 71809.923000 ms, gate count: 714868200 output cardinality: 390000, row width=327
Operator #15 Sort ran for 1186468.866000 ms, gate count: 13500583200 output cardinality: 100, row width=327
Runtime: 3351.16 sec, CPU Time: 3326.16 sec, CPU clock ticks: 3.32616e+09, CPU clock ticks per second: 1000000
End-to-end estimated gates: 2.32191e+10. observed gates: 35738235044 gates, relative error (%)=35.0301
[Linux]Peak resident set size: 8660066304 bytes, current memory size: 2095595520 bytes.
Initial Memory: 16777216 bytes, Peak Memory After Execution: 8660066304 bytes, Memory Usage: 8643289088 bytes
Bandwidth: 3.41262e+08 Bps
[       OK ] BaselineComparisonTest.baseline_tpch_q18 (3362781 ms)
[ RUN      ] BaselineComparisonTest.rewrite_rules_tpch_q1
Connecting to 127.0.0.1 on ports 7655, 65483 as 1
connected
EMP mode: sh2pc, storage mode: column store
Code version: 89958fe64f6ef5df09b68b8d0d6a900976d028f4
GFlags: --flagfile=	--alice_db=tpch_alice_5	--alice_host=127.0.0.1	--bob_db=tpch_bob_5	--ctrl_port=65484	--cutoff=100	--filter=*	--party=1	--port=7656	--storage=column	--unioned_db=tpch_unioned_5	--validation=true	--log_level=2	--logfile=	

[Linux]Peak resident set size: 8660066304 bytes, current memory size: 2094137344 bytes.
#3: Project<Bit> ((<0, P$0(8) shared-varchar>, <1, P$1(8) shared-varchar>, <2, $2 + $15 shared-float>, <3, $3 + $16 shared-float>, <4, $4 + $17 shared-float>, <5, $5 + $18 shared-float>, <6, ($6 + $19) / ($7 + $20) shared-float>, <7, ($8 + $21) / ($9 + $22) shared-float>, <8, ($10 + $23) / ($11 + $24) shared-float>, <9, $12 + $25 shared-int64>)) : (#0 shared-varchar(1) l_returnflag, #1 shared-varchar(1) l_linestatus, #2 shared-float sum_qty, #3 shared-float sum_base_price, #4 shared-float sum_disc_price, #5 shared-float sum_charge, #6 shared-float avg_qty, #7 shared-float avg_price, #8 shared-float avg_disc, #9 shared-int64 count_order) order by: {<0, ASC> , <1, ASC> }, cost est: 5316870, output card: 195
    #2: MergeJoin<Bit> (no-op) : (#0 shared-varchar(1) l_returnflag, #1 shared-varchar(1) l_linestatus, #2 shared-float sum_qty, #3 shared-float sum_base_price, #4 shared-float sum_disc_price, #5 shared-float sum_charge, #6 shared-float avg_qty_sum, #7 shared-float avg_qty_cnt, #8 shared-float avg_price_sum, #9 shared-float avg_price_cnt, #10 shared-float avg_discount_sum, #11 shared-float avg_discount_cnt, #12 shared-int64 cnt, #13 shared-varchar(1) l_returnflag, #14 shared-varchar(1) l_linestatus, #15 shared-float sum_qty, #16 shared-float sum_base_price, #17 shared-float sum_disc_price, #18 shared-float sum_charge, #19 shared-float avg_qty_sum, #20 shared-float avg_qty_cnt, #21 shared-float avg_price_sum, #22 shared-float avg_price_cnt, #23 shared-float avg_discount_sum, #24 shared-float avg_discount_cnt, #25 shared-int64 cnt) order by: {<0, ASC> , <1, ASC> }, cost est: 585, output card: 195
        #0: SecureSqlInput<Bit> ("WITH output_domain AS (
    SELECT  *
    FROM (VALUES('R'::char(1), 'F'::char(1)), ('A', 'F'), ('N', 'F'), ('R', 'O'), ('A', 'O'), ('N', 'O')) AS li(l_returnflag, l_linestatus)
    ORDER BY l_returnflag, l_linestatus),
     partial_aggs AS (
         SELECT l_returnflag, l_linestatus, SUM(l_quantity) sum_qty, SUM(l_extendedprice) sum_base_price,
                SUM(l_extendedprice*(1-l_discount)) sum_disc_price, SUM(l_extendedprice*(1-l_discount)*(1+l_tax)) sum_charge,
                SUM(l_quantity) avg_qty_sum, COUNT(l_quantity)::FLOAT4 avg_qty_cnt,
                 SUM(l_extendedprice) avg_price_sum, COUNT(l_extendedprice)::FLOAT4 avg_price_cnt,
                 SUM(l_discount) avg_discount_sum, COUNT(l_discount)::FLOAT4 avg_discount_cnt, COUNT(*) cnt
         FROM lineitem
         WHERE l_shipdate  <= date '1998-08-03'
         GROUP BY l_returnflag, l_linestatus
         ORDER BY l_returnflag, l_linestatus)
SELECT o.l_returnflag, o.l_linestatus, COALESCE(sum_qty, 0) sum_qty, COALESCE(sum_base_price, 0) sum_base_price, COALESCE(sum_disc_price, 0) sum_disc_price, COALESCE(sum_charge, 0) sum_charge, COALESCE(avg_qty_sum, 0) avg_qty_sum, COALESCE(avg_qty_cnt, 0) avg_qty_cnt,  COALESCE(avg_price_sum, 0) avg_price_sum, COALESCE(avg_price_cnt, 0) avg_price_cnt,  COALESCE(avg_discount_sum, 0) avg_discount_sum, COALESCE(avg_discount_cnt, 0) avg_discount_cnt,  COALESCE(cnt, 0)::BIGINT cnt, CASE WHEN p.l_returnflag IS NULL THEN true ELSE false END AS dummy_tag
FROM output_domain o LEFT JOIN partial_aggs p ON o.l_returnflag = p.l_returnflag AND o.l_linestatus = p.l_linestatus
ORDER BY o.l_returnflag, o.l_linestatus", tuple_count=195) : (#0 shared-varchar(1) l_returnflag, #1 shared-varchar(1) l_linestatus, #2 shared-float sum_qty, #3 shared-float sum_base_price, #4 shared-float sum_disc_price, #5 shared-float sum_charge, #6 shared-float avg_qty_sum, #7 shared-float avg_qty_cnt, #8 shared-float avg_price_sum, #9 shared-float avg_price_cnt, #10 shared-float avg_discount_sum, #11 shared-float avg_discount_cnt, #12 shared-int64 cnt) order by: {<0, ASC> , <1, ASC> }, cost est: 313443, output card: 195
        #1: SecureSqlInput<Bit> ("WITH output_domain AS (
    SELECT  *
    FROM (VALUES('R'::char(1), 'F'::char(1)), ('A', 'F'), ('N', 'F'), ('R', 'O'), ('A', 'O'), ('N', 'O')) AS li(l_returnflag, l_linestatus)
    ORDER BY l_returnflag, l_linestatus),
     partial_aggs AS (
         SELECT l_returnflag, l_linestatus, SUM(l_quantity) sum_qty, SUM(l_extendedprice) sum_base_price,
                SUM(l_extendedprice*(1-l_discount)) sum_disc_price, SUM(l_extendedprice*(1-l_discount)*(1+l_tax)) sum_charge,
                SUM(l_quantity) avg_qty_sum, COUNT(l_quantity)::FLOAT4 avg_qty_cnt,
                 SUM(l_extendedprice) avg_price_sum, COUNT(l_extendedprice)::FLOAT4 avg_price_cnt,
                 SUM(l_discount) avg_discount_sum, COUNT(l_discount)::FLOAT4 avg_discount_cnt, COUNT(*) cnt
         FROM lineitem
         WHERE l_shipdate  <= date '1998-08-03'
         GROUP BY l_returnflag, l_linestatus
         ORDER BY l_returnflag, l_linestatus)
SELECT o.l_returnflag, o.l_linestatus, COALESCE(sum_qty, 0) sum_qty, COALESCE(sum_base_price, 0) sum_base_price, COALESCE(sum_disc_price, 0) sum_disc_price, COALESCE(sum_charge, 0) sum_charge, COALESCE(avg_qty_sum, 0) avg_qty_sum, COALESCE(avg_qty_cnt, 0) avg_qty_cnt,  COALESCE(avg_price_sum, 0) avg_price_sum, COALESCE(avg_price_cnt, 0) avg_price_cnt,  COALESCE(avg_discount_sum, 0) avg_discount_sum, COALESCE(avg_discount_cnt, 0) avg_discount_cnt,  COALESCE(cnt, 0)::BIGINT cnt, CASE WHEN p.l_returnflag IS NULL THEN true ELSE false END AS dummy_tag
FROM output_domain o LEFT JOIN partial_aggs p ON o.l_returnflag = p.l_returnflag AND o.l_linestatus = p.l_linestatus
ORDER BY o.l_returnflag, o.l_linestatus", tuple_count=195) : (#0 shared-varchar(1) l_returnflag, #1 shared-varchar(1) l_linestatus, #2 shared-float sum_qty, #3 shared-float sum_base_price, #4 shared-float sum_disc_price, #5 shared-float sum_charge, #6 shared-float avg_qty_sum, #7 shared-float avg_qty_cnt, #8 shared-float avg_price_sum, #9 shared-float avg_price_cnt, #10 shared-float avg_discount_sum, #11 shared-float avg_discount_cnt, #12 shared-int64 cnt) order by: {<0, ASC> , <1, ASC> }, cost est: 0, output card: 195

Operator #0 SecureSqlInput ran for 1.809000 ms, gate count: 0 output cardinality: 195, row width=401
Operator #1 SecureSqlInput ran for 1.817000 ms, gate count: 0 output cardinality: 195, row width=401
Operator #2 MergeJoin ran for 0.762000 ms, gate count: 392 output cardinality: 195, row width=801
Operator #3 Project ran for 349.116000 ms, gate count: 4163248 output cardinality: 195, row width=305
Runtime: 0.443765 sec, CPU Time: 0.355468 sec, CPU clock ticks: 355468, CPU clock ticks per second: 1000000
End-to-end estimated gates: 5.6309e+06. observed gates: 4163640 gates, relative error (%)=35.2398
[Linux]Peak resident set size: 8660066304 bytes, current memory size: 2094268416 bytes.
Initial Memory: 8660066304 bytes, Peak Memory After Execution: 8660066304 bytes, Memory Usage: 0 bytes
Bandwidth: 3.00241e+08 Bps
Comparing on idx 0 with (A, F, 1337.000000, 1917697.875000, 1813475.125000, 1884115.250000, 26.215687, 37601.917969, 0.051373, 51) (dummy=0)
          !=            (A, F, 2674.000000, 3835395.750000, 3626950.250000, 3768230.500000, 26.215687, 37601.917969, 0.051373, 102) (dummy=0)
    Failed to match!
/home/vaultdb/vaultdb-core-cost-comparison/src/main/cpp/test/mpc/baseline_comparison_test.cpp:115: Failure
Expected equality of these values:
  *expected
    Which is: (#0 varchar(1) lineitem.l_returnflag, #1 varchar(1) lineitem.l_linestatus, #2 float sum_qty, #3 float sum_base_price, #4 float sum_disc_price, #5 float sum_charge, #6 float avg_qty, #7 float avg_price, #8 float avg_disc, #9 int64 count_order) isEncrypted? false, order by: {<0, ASC> , <1, ASC> }
(A, F, 1337.000000, 1917697.875000, 1813475.125000, 1884115.250000, 26.215687, 37601.917969, 0.051373, 51)
(N, O, 2590.000000, 3707158.500000, 3529865.000000, 3674249.750000, 25.900000, 37071.585938, 0.048600, 100)
(R, F, 1037.000000, 1503491.625000, 1422472.000000, 1470954.250000, 26.589743, 38551.066406, 0.047949, 39)

  *observed
    Which is: (#0 varchar(1) l_returnflag, #1 varchar(1) l_linestatus, #2 float sum_qty, #3 float sum_base_price, #4 float sum_disc_price, #5 float sum_charge, #6 float avg_qty, #7 float avg_price, #8 float avg_disc, #9 int64 count_order) isEncrypted? false, order by: {<0, ASC> , <1, ASC> }
(A, F, 2674.000000, 3835395.750000, 3626950.250000, 3768230.500000, 26.215687, 37601.917969, 0.051373, 102)
(N, O, 5180.000000, 7414317.000000, 7059730.000000, 7348499.500000, 25.900000, 37071.585938, 0.048600, 200)
(R, F, 2074.000000, 3006983.250000, 2844944.000000, 2941908.500000, 26.589743, 38551.066406, 0.047949, 78)

[  FAILED  ] BaselineComparisonTest.rewrite_rules_tpch_q1 (881 ms)
[ RUN      ] BaselineComparisonTest.rewrite_rules_tpch_q3
Connecting to 127.0.0.1 on ports 7661, 65489 as 1
connected
EMP mode: sh2pc, storage mode: column store
Code version: d797d9ee6e8bffe6b6f99b583fed56961b43d506
GFlags: --flagfile=	--alice_db=tpch_alice_5	--alice_host=127.0.0.1	--bob_db=tpch_bob_5	--ctrl_port=65490	--cutoff=100	--filter=*	--party=1	--port=7662	--storage=column	--unioned_db=tpch_unioned_5	--validation=true	--log_level=2	--logfile=	

[Linux]Peak resident set size: 15307456512 bytes, current memory size: 3533651968 bytes.
#9: Project<Bit> ((<0, P$0(20) shared-int32>, <1, P$3(32) shared-float>, <2, P$1(28) shared-int64>, <3, P$2(32) shared-int32>)) : (#0 shared-int32(20) orders.o_orderkey, #1 shared-float revenue, #2 shared-int64(28) orders.o_orderdate, #3 shared-int32 orders.o_shippriority) order by: {<-1, ASC> , <1, DESC> , <2, ASC> }, cost est: 0, output card: 10
    #8: Sort<Bit> ({<-1, ASC> , <3, DESC> , <1, ASC> }) : (#0 shared-int32(20) orders.o_orderkey, #1 shared-int64(28) orders.o_orderdate, #2 shared-int32 orders.o_shippriority, #3 shared-float revenue) order by: {<-1, ASC> , <3, DESC> , <1, ASC> }, cost est: 6568, output card: 10
        #7: SortMergeAggregate<Bit> (group-by: (0, 1, 2) aggs: (SUM($3) revenue)) : (#0 shared-int32(20) orders.o_orderkey, #1 shared-int64(28) orders.o_orderdate, #2 shared-int32 orders.o_shippriority, #3 shared-float revenue) order by: {<0, ASC> }, cost est: 487500000, output card: 390000
            #-1: Sort<Bit> ({<0, ASC> , <1, ASC> , <2, ASC> }) : (#0 shared-int32(20) orders.o_orderkey, #1 shared-int64(28) orders.o_orderdate, #2 shared-int32 orders.o_shippriority, #3 shared-float revenue) order by: {<0, ASC> , <1, ASC> , <2, ASC> }, cost est: 7159796224, output card: 390000
                #6: Project<Bit> ((<0, P$0(20) shared-int32>, <1, P$1(28) shared-int64>, <2, P$2(32) shared-int32>, <3, P$4(32) shared-float>)) : (#0 shared-int32(20) orders.o_orderkey, #1 shared-int64(28) orders.o_orderdate, #2 shared-int32 orders.o_shippriority, #3 shared-float revenue) order by: {}, cost est: 0, output card: 390000
                    #5: BasicJoin<Bit> (P$0(20) == P$3(20)) : (#0 shared-int32(20) orders.o_orderkey, #1 shared-int64(28) orders.o_orderdate, #2 shared-int32 orders.o_shippriority, #3 shared-int32(20) lineitem.l_orderkey, #4 shared-float revenue) order by: {}, cost est: 9360000, output card: 390000
                        #3: Project<Bit> ((<0, P$0(20) shared-int32>, <1, P$2(28) shared-int64>, <2, P$3(32) shared-int32>)) : (#0 shared-int32(20) orders.o_orderkey, #1 shared-int64(28) orders.o_orderdate, #2 shared-int32 orders.o_shippriority) order by: {}, cost est: 0, output card: 1000
                            #2: BasicJoin<Bit> (P$1(14) == P$4(14)) : (#0 shared-int32(20) orders.o_orderkey, #1 shared-int32(14) orders.o_custkey, #2 shared-int64(28) orders.o_orderdate, #3 shared-int32 orders.o_shippriority, #4 shared-int32(14) customer.c_custkey) order by: {}, cost est: 18000, output card: 1000
                                #0: SecureSqlInput<Bit> ("SELECT o_orderkey, o_custkey, o_orderdate, o_shippriority, NOT o_orderdate < DATE '1995-03-25' AS dummy_tag FROM orders ORDER BY o_orderkey, o_orderdate, o_shippriority", tuple_count=100) : (#0 shared-int32(20) orders.o_orderkey, #1 shared-int32(14) orders.o_custkey, #2 shared-int64(28) orders.o_orderdate, #3 shared-int32 orders.o_shippriority) order by: {}, cost est: 0, output card: 100
                                #1: SecureSqlInput<Bit> ("SELECT c_custkey, NOT c_mktsegment = 'HOUSEHOLD' AS dummy_tag FROM customer ORDER BY c_custkey", tuple_count=10) : (#0 shared-int32(14) customer.c_custkey) order by: {}, cost est: 0, output card: 10
                        #4: SecureSqlInput<Bit> ("SELECT l_orderkey, l_extendedprice * (1 - l_discount) AS revenue, NOT l_shipdate > DATE '1995-03-25' AS dummy_tag FROM lineitem ORDER BY l_orderkey", tuple_count=390) : (#0 shared-int32(20) lineitem.l_orderkey, #1 shared-float revenue) order by: {}, cost est: 0, output card: 390

Operator #0 SecureSqlInput ran for 0.504000 ms, gate count: 0 output cardinality: 100, row width=95
Operator #1 SecureSqlInput ran for 0.154000 ms, gate count: 0 output cardinality: 10, row width=15
Operator #2 BasicJoin ran for 2.160000 ms, gate count: 17000 output cardinality: 1000, row width=109
Operator #3 Project ran for 0.270000 ms, gate count: 0 output cardinality: 1000, row width=81
Operator #4 SecureSqlInput ran for 3.326000 ms, gate count: 0 output cardinality: 390, row width=53
Operator #5 BasicJoin ran for 1944.836000 ms, gate count: 8970000 output cardinality: 390000, row width=133
Operator #6 Project ran for 722.416000 ms, gate count: 0 output cardinality: 390000, row width=113
Operator #-1 Sort ran for 699476.626000 ms, gate count: 6691230720 output cardinality: 390000, row width=113
Operator #7 SortMergeAggregate ran for 46040.226000 ms, gate count: 476188812 output cardinality: 390000, row width=113
Operator #8 Sort ran for 624195.386000 ms, gate count: 6119534880 output cardinality: 10, row width=113
Operator #9 Project ran for 0.031000 ms, gate count: 0 output cardinality: 10, row width=113
Runtime: 1372.53 sec, CPU Time: 1362.45 sec, CPU clock ticks: 1.36245e+09, CPU clock ticks per second: 1000000
End-to-end estimated gates: 7.65668e+09. observed gates: 13295941412 gates, relative error (%)=42.4134
[Linux]Peak resident set size: 15307456512 bytes, current memory size: 3533557760 bytes.
Initial Memory: 15307456512 bytes, Peak Memory After Execution: 15307456512 bytes, Memory Usage: 0 bytes
Bandwidth: 3.0999e+08 Bps
[       OK ] BaselineComparisonTest.rewrite_rules_tpch_q3 (1374516 ms)
[ RUN      ] BaselineComparisonTest.rewrite_rules_tpch_q5
Connecting to 127.0.0.1 on ports 7656, 65484 as 1
connected
EMP mode: sh2pc, storage mode: column store
Code version: 89958fe64f6ef5df09b68b8d0d6a900976d028f4
GFlags: --flagfile=	--alice_db=tpch_alice_5	--alice_host=127.0.0.1	--bob_db=tpch_bob_5	--ctrl_port=65485	--cutoff=100	--filter=*	--party=1	--port=7657	--storage=column	--unioned_db=tpch_unioned_5	--validation=true	--log_level=2	--logfile=	

[Linux]Peak resident set size: 8660066304 bytes, current memory size: 2094268416 bytes.
#11: Sort<Bit> ({<1, DESC> }) : (#0 shared-varchar(25) nation.n_name, #1 shared-float revenue) order by: {<1, DESC> }, cost est: 3290860544, output card: 156000
    #10: SortMergeAggregate<Bit> (group-by: (0) aggs: (SUM($1) revenue)) : (#0 shared-varchar(25) nation.n_name, #1 shared-float revenue) order by: {<0, ASC> }, cost est: 231816000, output card: 156000
        #-1: Sort<Bit> ({<0, ASC> }) : (#0 shared-varchar(25) nation.n_name, #1 shared-float revenue) order by: {<0, ASC> }, cost est: 5353787904, output card: 156000
            #9: Project<Bit> ((<0, P$5(200) shared-varchar>, <1, P$1(32) shared-float>)) : (#0 shared-varchar(25) nation.n_name, #1 shared-float revenue) order by: {}, cost est: 0, output card: 156000
                #8: BasicJoin<Bit> ((P$0(5) == P$4(5)) AND (P$2(14) == P$3(14))) : (#0 shared-int32(5) supplier.c_nationkey, #1 shared-float revenue, #2 shared-int32(14) orders.o_custkey, #3 shared-int32(14) customer.c_custkey, #4 shared-int32(5) customer.c_nationkey, #5 shared-varchar(25) nation.n_name) order by: {}, cost est: 5772000, output card: 156000
                    #6: Project<Bit> ((<0, P$0(5) shared-int32>, <1, P$2(32) shared-float>, <2, P$4(14) shared-int32>)) : (#0 shared-int32(5) supplier.c_nationkey, #1 shared-float revenue, #2 shared-int32(14) orders.o_custkey) order by: {}, cost est: 0, output card: 39000
                        #5: BasicJoin<Bit> (P$1(20) == P$3(20)) : (#0 shared-int32(5) supplier.s_nationkey, #1 shared-int32(20) lineitem.l_orderkey, #2 shared-float revenue, #3 shared-int32(20) orders.o_orderkey, #4 shared-int32(14) orders.o_custkey) order by: {}, cost est: 936000, output card: 39000
                            #3: Project<Bit> ((<0, P$1(5) shared-int32>, <1, P$2(20) shared-int32>, <2, P$4(32) shared-float>)) : (#0 shared-int32(5) supplier.s_nationkey, #1 shared-int32(20) lineitem.l_orderkey, #2 shared-float revenue) order by: {}, cost est: 0, output card: 390
                                #2: BasicJoin<Bit> (P$0(10) == P$3(10)) : (#0 shared-int32(10) supplier.s_suppkey, #1 shared-int32(5) supplier.s_nationkey, #2 shared-int32(20) lineitem.l_orderkey, #3 shared-int32(10) lineitem.l_suppkey, #4 shared-float revenue) order by: {}, cost est: 5460, output card: 390
                                    #0: SecureSqlInput<Bit> ("SELECT s_suppkey, s_nationkey FROM supplier JOIN nation ON s_nationkey = n_nationkey JOIN region ON n_regionkey = r_regionkey WHERE r_name = 'MIDDLE EAST' ORDER BY s_suppkey", tuple_count=1) : (#0 shared-int32(10) supplier.s_suppkey, #1 shared-int32(5) supplier.s_nationkey) order by: {}, cost est: 0, output card: 1
                                    #1: SecureSqlInput<Bit> ("SELECT l_orderkey, l_suppkey, l_extendedprice * (1 - l_discount) AS revenue FROM lineitem ORDER BY l_orderkey", tuple_count=390) : (#0 shared-int32(20) lineitem.l_orderkey, #1 shared-int32(10) lineitem.l_suppkey, #2 shared-float revenue) order by: {}, cost est: 0, output card: 390
                            #4: SecureSqlInput<Bit> ("SELECT o_orderkey, o_custkey, NOT (o_orderdate >= DATE '1993-01-01' AND o_orderdate < DATE '1994-01-01') AS dummy_tag FROM orders ORDER BY o_orderkey, o_custkey, o_orderdate", tuple_count=100) : (#0 shared-int32(20) orders.o_orderkey, #1 shared-int32(14) orders.o_custkey) order by: {}, cost est: 0, output card: 100
                    #7: SecureSqlInput<Bit> ("SELECT t2.c_custkey, t2.c_nationkey, t1.n_name FROM (SELECT r_regionkey, r_name FROM region WHERE r_name = 'MIDDLE EAST') AS t0 INNER JOIN (SELECT n_nationkey, n_name, n_regionkey FROM nation) AS t1 ON t0.r_regionkey = t1.n_regionkey INNER JOIN (SELECT c_custkey, c_nationkey FROM customer) AS t2 ON t1.n_nationkey = t2.c_nationkey ORDER BY t2.c_custkey ASC", tuple_count=4) : (#0 shared-int32(14) customer.c_custkey, #1 shared-int32(5) customer.c_nationkey, #2 shared-varchar(25) nation.n_name) order by: {}, cost est: 0, output card: 4

Operator #0 SecureSqlInput ran for 0.132000 ms, gate count: 0 output cardinality: 1, row width=16
Operator #1 SecureSqlInput ran for 1.257000 ms, gate count: 0 output cardinality: 390, row width=63
Operator #2 BasicJoin ran for 0.639000 ms, gate count: 5072 output cardinality: 390, row width=78
Operator #3 Project ran for 0.043000 ms, gate count: 0 output cardinality: 390, row width=58
Operator #4 SecureSqlInput ran for 1.173000 ms, gate count: 0 output cardinality: 100, row width=35
Operator #5 BasicJoin ran for 141.328000 ms, gate count: 897000 output cardinality: 39000, row width=92
Operator #6 Project ran for 24.855000 ms, gate count: 0 output cardinality: 39000, row width=52
Operator #7 SecureSqlInput ran for 26.450000 ms, gate count: 0 output cardinality: 4, row width=220
Operator #8 BasicJoin ran for 1160.816000 ms, gate count: 3744000 output cardinality: 156000, row width=271
Operator #9 Project ran for 591.183000 ms, gate count: 0 output cardinality: 156000, row width=233
Operator #-1 Sort ran for 489855.503000 ms, gate count: 5142163936 output cardinality: 156000, row width=233
Operator #10 SortMergeAggregate ran for 23023.258000 ms, gate count: 226978576 output cardinality: 156000, row width=233
Operator #11 Sort ran for 272883.293000 ms, gate count: 3171304864 output cardinality: 156000, row width=233
Runtime: 787.834 sec, CPU Time: 779.785 sec, CPU clock ticks: 7.79785e+08, CPU clock ticks per second: 1000000
End-to-end estimated gates: 8.88318e+09. observed gates: 8545093448 gates, relative error (%)=3.95647
[Linux]Peak resident set size: 8660066304 bytes, current memory size: 2654953472 bytes.
Initial Memory: 8660066304 bytes, Peak Memory After Execution: 8660066304 bytes, Memory Usage: 0 bytes
Bandwidth: 3.47082e+08 Bps
[       OK ] BaselineComparisonTest.rewrite_rules_tpch_q5 (1069268 ms)
[ RUN      ] BaselineComparisonTest.rewrite_rules_tpch_q8
Connecting to 127.0.0.1 on ports 7663, 65491 as 1
connected
EMP mode: sh2pc, storage mode: column store
Code version: d797d9ee6e8bffe6b6f99b583fed56961b43d506
GFlags: --flagfile=	--alice_db=tpch_alice_5	--alice_host=127.0.0.1	--bob_db=tpch_bob_5	--ctrl_port=65492	--cutoff=100	--filter=*	--party=1	--port=7664	--storage=column	--unioned_db=tpch_unioned_5	--validation=true	--log_level=2	--logfile=	

[Linux]Peak resident set size: 15307456512 bytes, current memory size: 3533557760 bytes.
#12: Sort<Bit> ({<0, ASC> }) : (#0 shared-int32 orders.o_year, #1 shared-float mkt_share) order by: {<0, ASC> }, cost est: 546686848, output card: 78000
    #11: Project<Bit> ((<0, P$0(32) shared-int32>, <1, $2 / $1 shared-float>)) : (#0 shared-int32 orders.o_year, #1 shared-float mkt_share) order by: {<0, ASC> }, cost est: 297102000, output card: 78000
        #10: SortMergeAggregate<Bit> (group-by: (0) aggs: (SUM($1) null, SUM($2) null)) : (#0 shared-int32 orders.o_year, #1 shared-float null, #2 shared-float null) order by: {<0, ASC> }, cost est: 179400000, output card: 78000
            #-1: Sort<Bit> ({<0, ASC> }) : (#0 shared-int32 orders.o_year, #1 shared-float volume, #2 shared-float selected_volume) order by: {<0, ASC> }, cost est: 721626624, output card: 78000
                #9: Project<Bit> ((<0, P$0(32) shared-int32>, <1, P$2(32) shared-float>, <2, CASE($4, $2, SECRET FLOAT) shared-float>)) : (#0 shared-int32 orders.o_year, #1 shared-float volume, #2 shared-float selected_volume) order by: {}, cost est: 0, output card: 78000
                    #8: BasicJoin<Bit> (P$1(10) == P$3(10)) : (#0 shared-int32 orders.o_year, #1 shared-int32(10) lineitem.l_suppkey, #2 shared-float volume, #3 shared-int32(10) supplier.s_suppkey, #4 shared-bool nation_check) order by: {}, cost est: 1092000, output card: 78000
                        #6: Project<Bit> ((<0, P$1(32) shared-int32>, <1, P$3(10) shared-int32>, <2, P$4(32) shared-float>)) : (#0 shared-int32 orders.o_year, #1 shared-int32(10) lineitem.l_suppkey, #2 shared-float volume) order by: {}, cost est: 0, output card: 78000
                            #5: BasicJoin<Bit> (P$0(20) == P$2(20)) : (#0 shared-int32(20) orders.o_orderkey, #1 shared-int32 orders.o_year, #2 shared-int32(20) lineitem.l_orderkey, #3 shared-int32(10) lineitem.l_suppkey, #4 shared-float volume) order by: {}, cost est: 1872000, output card: 78000
                                #3: Project<Bit> ((<0, P$1(20) shared-int32>, <1, P$3(32) shared-int32>)) : (#0 shared-int32(20) orders.o_orderkey, #1 shared-int32 orders.o_year) order by: {}, cost est: 0, output card: 200
                                    #2: BasicJoin<Bit> (P$0(14) == P$2(14)) : (#0 shared-int32(14) customer.c_custkey, #1 shared-int32(20) orders.o_orderkey, #2 shared-int32(14) orders.o_custkey, #3 shared-int32 orders.o_year) order by: {}, cost est: 3600, output card: 200
                                        #0: SecureSqlInput<Bit> ("SELECT c_custkey FROM customer c JOIN nation n1 ON c_nationkey = n_nationkey JOIN region ON r_regionkey = n_regionkey WHERE r_name = 'AFRICA' ORDER BY c_custkey", tuple_count=2) : (#0 shared-int32(14) customer.c_custkey) order by: {}, cost est: 0, output card: 2
                                        #1: SecureSqlInput<Bit> ("SELECT o_orderkey, o_custkey, o_orderyear::INT AS o_year, NOT (o_orderdate >= date '1995-01-01' and o_orderdate < date '1996-12-31') dummy_tag FROM orders ORDER BY o_year, o_orderkey", tuple_count=100) : (#0 shared-int32(20) orders.o_orderkey, #1 shared-int32(14) orders.o_custkey, #2 shared-int32 orders.o_year) order by: {}, cost est: 0, output card: 100
                                #4: SecureSqlInput<Bit> ("SELECT l_orderkey, l_suppkey, l_extendedprice * (1.0 - l_discount) AS volume,        CASE            WHEN p_type = 'LARGE ANODIZED STEEL' AND p_partkey = l_partkey THEN FALSE            ELSE TRUE            END AS dummy_tag FROM lineitem LEFT JOIN part ON p_partkey = l_partkey ORDER BY l_orderkey", tuple_count=390) : (#0 shared-int32(20) lineitem.l_orderkey, #1 shared-int32(10) lineitem.l_suppkey, #2 shared-float volume) order by: {}, cost est: 0, output card: 390
                        #7: SecureSqlInput<Bit> ("SELECT s_suppkey, CASE WHEN n_name = 'KENYA' THEN true ELSE false END AS nation_check FROM supplier JOIN nation ON n_nationkey = s_nationkey ORDER BY s_suppkey", tuple_count=1) : (#0 shared-int32(10) supplier.s_suppkey, #1 shared-bool nation_check) order by: {}, cost est: 0, output card: 1

Operator #0 SecureSqlInput ran for 0.163000 ms, gate count: 0 output cardinality: 2, row width=15
Operator #1 SecureSqlInput ran for 0.483000 ms, gate count: 0 output cardinality: 100, row width=67
Operator #2 BasicJoin ran for 0.413000 ms, gate count: 3400 output cardinality: 200, row width=81
Operator #3 Project ran for 0.047000 ms, gate count: 0 output cardinality: 200, row width=53
Operator #4 SecureSqlInput ran for 1.860000 ms, gate count: 0 output cardinality: 390, row width=63
Operator #5 BasicJoin ran for 336.891000 ms, gate count: 1794000 output cardinality: 78000, row width=115
Operator #6 Project ran for 89.027000 ms, gate count: 0 output cardinality: 78000, row width=75
Operator #7 SecureSqlInput ran for 93.752000 ms, gate count: 0 output cardinality: 1, row width=12
Operator #8 BasicJoin ran for 237.813000 ms, gate count: 1014000 output cardinality: 78000, row width=86
Operator #9 Project ran for 517.848000 ms, gate count: 2496000 output cardinality: 78000, row width=97
Operator #-1 Sort ran for 67886.931000 ms, gate count: 684515520 output cardinality: 78000, row width=97
Operator #10 SortMergeAggregate ran for 14976.935000 ms, gate count: 169179896 output cardinality: 78000, row width=97
Operator #11 Project ran for 16700.756000 ms, gate count: 297102000 output cardinality: 78000, row width=65
Operator #12 Sort ran for 53242.859000 ms, gate count: 516019392 output cardinality: 78000, row width=65
Runtime: 154.155 sec, CPU Time: 152.139 sec, CPU clock ticks: 1.52139e+08, CPU clock ticks per second: 1000000
End-to-end estimated gates: 1.74778e+09. observed gates: 1672124208 gates, relative error (%)=4.52472
[Linux]Peak resident set size: 15307456512 bytes, current memory size: 3614117888 bytes.
Initial Memory: 15307456512 bytes, Peak Memory After Execution: 15307456512 bytes, Memory Usage: 0 bytes
Bandwidth: 3.47106e+08 Bps
[       OK ] BaselineComparisonTest.rewrite_rules_tpch_q8 (210551 ms)
[ RUN      ] BaselineComparisonTest.rewrite_rules_tpch_q9
Connecting to 127.0.0.1 on ports 7664, 65492 as 1
connected
EMP mode: sh2pc, storage mode: column store
Code version: d797d9ee6e8bffe6b6f99b583fed56961b43d506
GFlags: --flagfile=	--alice_db=tpch_alice_5	--alice_host=127.0.0.1	--bob_db=tpch_bob_5	--ctrl_port=65493	--cutoff=100	--filter=*	--party=1	--port=7665	--storage=column	--unioned_db=tpch_unioned_5	--validation=true	--log_level=2	--logfile=	

[Linux]Peak resident set size: 15307456512 bytes, current memory size: 3614117888 bytes.
#11: Sort<Bit> ({<0, ASC> , <1, DESC> }) : (#0 shared-varchar(25) nation.nation, #1 shared-int32 amount, #2 shared-float sum_profit) order by: {<0, ASC> , <1, DESC> }, cost est: 30591485952, output card: 624000
    #10: SortMergeAggregate<Bit> (group-by: (0, 1) aggs: (SUM($2) sum_profit)) : (#0 shared-varchar(25) nation.nation, #1 shared-int32 amount, #2 shared-float sum_profit) order by: {<0, ASC> , <1, DESC> }, cost est: 967200000, output card: 624000
        #-1: Sort<Bit> ({<0, ASC> , <1, ASC> }) : (#0 shared-varchar(25) nation.nation, #1 shared-int32 amount, #2 shared-float o_year) order by: {<0, ASC> , <1, ASC> }, cost est: 30591485952, output card: 624000
            #9: Project<Bit> ((<0, P$0(200) shared-varchar>, <1, P$3(32) shared-int32>, <2, P$2(32) shared-float>)) : (#0 shared-varchar(25) nation.nation, #1 shared-int32 amount, #2 shared-float o_year) order by: {}, cost est: 0, output card: 624000
                #8: BasicJoin<Bit> (P$1(20) == P$4(20)) : (#0 shared-varchar(25) nation.nation, #1 shared-int32(20) lineitem.l_orderkey, #2 shared-float amount, #3 shared-int32 o_year, #4 shared-int32(20) orders.o_orderkey) order by: {}, cost est: 14976000, output card: 624000
                    #6: Project<Bit> ((<0, P$0(200) shared-varchar>, <1, P$4(20) shared-int32>, <2, $8 - ($3 * $7) shared-float>)) : (#0 shared-varchar(25) nation.nation, #1 shared-int32(20) lineitem.l_orderkey, #2 shared-float amount) order by: {}, cost est: 28435680, output card: 6240
                        #5: BasicJoin<Bit> ((P$2(10) == P$6(10)) AND (P$1(15) == P$5(15))) : (#0 shared-varchar(25) nation.n_name, #1 shared-int32(15) partsupp.ps_partkey, #2 shared-int32(10) partsupp.ps_suppkey, #3 shared-float partsupp.ps_supplycost, #4 shared-int32(20) lineitem.l_orderkey, #5 shared-int32(15) lineitem.l_partkey, #6 shared-int32(10) lineitem.l_suppkey, #7 shared-float l_quantity, #8 shared-float volume) order by: {}, cost est: 330720, output card: 6240
                            #3: Project<Bit> ((<0, P$1(200) shared-varchar>, <1, P$2(15) shared-int32>, <2, P$3(10) shared-int32>, <3, P$4(32) shared-float>)) : (#0 shared-varchar(25) nation.n_name, #1 shared-int32(15) partsupp.ps_partkey, #2 shared-int32(10) partsupp.ps_suppkey, #3 shared-float partsupp.ps_supplycost) order by: {}, cost est: 0, output card: 16
                                #2: BasicJoin<Bit> (P$0(10) == P$3(10)) : (#0 shared-int32(10) supplier.s_suppkey, #1 shared-varchar(25) nation.n_name, #2 shared-int32(15) partsupp.ps_partkey, #3 shared-int32(10) partsupp.ps_suppkey, #4 shared-float partsupp.ps_supplycost) order by: {}, cost est: 224, output card: 16
                                    #0: SecureSqlInput<Bit> ("SELECT s_suppkey, n_name FROM supplier JOIN nation ON s_nationkey = n_nationkey ORDER BY n_name, s_suppkey", tuple_count=1) : (#0 shared-int32(10) supplier.s_suppkey, #1 shared-varchar(25) nation.n_name) order by: {}, cost est: 0, output card: 1
                                    #1: SecureSqlInput<Bit> ("SELECT ps_partkey, ps_suppkey, ps_supplycost FROM partsupp JOIN part ON ps_partkey = p_partkey WHERE p_name LIKE '%yellow%' ORDER BY ps_suppkey, ps_partkey", tuple_count=16) : (#0 shared-int32(15) partsupp.ps_partkey, #1 shared-int32(10) partsupp.ps_suppkey, #2 shared-float partsupp.ps_supplycost) order by: {}, cost est: 0, output card: 16
                            #4: SecureSqlInput<Bit> ("SELECT l_orderkey, l_partkey, l_suppkey, l_quantity::float4, l_extendedprice * (1.0 - l_discount) AS volume FROM lineitem ORDER BY l_orderkey, l_partkey, l_suppkey", tuple_count=390) : (#0 shared-int32(20) lineitem.l_orderkey, #1 shared-int32(15) lineitem.l_partkey, #2 shared-int32(10) lineitem.l_suppkey, #3 shared-float l_quantity, #4 shared-float volume) order by: {}, cost est: 0, output card: 390
                    #7: SecureSqlInput<Bit> ("SELECT EXTRACT('year' FROM o_orderdate)::INT AS o_year, o_orderkey FROM orders ORDER BY o_orderkey", tuple_count=100) : (#0 shared-int32 o_year, #1 shared-int32(20) orders.o_orderkey) order by: {}, cost est: 0, output card: 100

Operator #0 SecureSqlInput ran for 0.142000 ms, gate count: 0 output cardinality: 1, row width=211
Operator #1 SecureSqlInput ran for 0.183000 ms, gate count: 0 output cardinality: 16, row width=58
Operator #2 BasicJoin ran for 0.050000 ms, gate count: 208 output cardinality: 16, row width=268
Operator #3 Project ran for 0.013000 ms, gate count: 0 output cardinality: 16, row width=258
Operator #4 SecureSqlInput ran for 2.687000 ms, gate count: 0 output cardinality: 390, row width=110
Operator #5 BasicJoin ran for 35.142000 ms, gate count: 187200 output cardinality: 6240, row width=367
Operator #6 Project ran for 2550.271000 ms, gate count: 28435680 output cardinality: 6240, row width=253
Operator #7 SecureSqlInput ran for 1.593000 ms, gate count: 0 output cardinality: 100, row width=53
Operator #8 BasicJoin ran for 4921.196000 ms, gate count: 14352000 output cardinality: 624000, row width=305
Operator #9 Project ran for 2690.414000 ms, gate count: 0 output cardinality: 624000, row width=265
Operator #-1 Sort ran for 2913486.798000 ms, gate count: 29316056832 output cardinality: 624000, row width=265
Operator #10 SortMergeAggregate ran for 98756.115000 ms, gate count: 948478512 output cardinality: 624000, row width=265
Operator #11 Sort ran for 2917353.079000 ms, gate count: 29354744832 output cardinality: 624000, row width=265
Runtime: 5940.18 sec, CPU Time: 5902.58 sec, CPU clock ticks: 5.90258e+09, CPU clock ticks per second: 1000000
End-to-end estimated gates: 6.21939e+10. observed gates: 59662255264 gates, relative error (%)=4.24332
[Linux]Peak resident set size: 15510102016 bytes, current memory size: 6244818944 bytes.
Initial Memory: 15307456512 bytes, Peak Memory After Execution: 15510102016 bytes, Memory Usage: 202645504 bytes
Bandwidth: 3.21403e+08 Bps
[       OK ] BaselineComparisonTest.rewrite_rules_tpch_q9 (8898227 ms)
[ RUN      ] BaselineComparisonTest.rewrite_rules_tpch_q18
Connecting to 127.0.0.1 on ports 7657, 65485 as 1
connected
EMP mode: sh2pc, storage mode: column store
Code version: 89958fe64f6ef5df09b68b8d0d6a900976d028f4
GFlags: --flagfile=	--alice_db=tpch_alice_5	--alice_host=127.0.0.1	--bob_db=tpch_bob_5	--ctrl_port=65486	--cutoff=100	--filter=*	--party=1	--port=7658	--storage=column	--unioned_db=tpch_unioned_5	--validation=true	--log_level=2	--logfile=	

[Linux]Peak resident set size: 8660066304 bytes, current memory size: 2662391808 bytes.
#14: Sort<Bit> ({<-1, ASC> , <4, DESC> , <3, ASC> }) : (#0 shared-varchar(25) customer.c_name, #1 shared-int32(14) customer.c_custkey, #2 shared-int32(20) orders.o_orderkey, #3 shared-int64(28) orders.o_orderdate, #4 shared-float orders.o_totalprice, #5 shared-float sum_qty) order by: {<-1, ASC> , <4, DESC> , <3, ASC> }, cost est: 504037, output card: 100
    #13: SortMergeAggregate<Bit> (group-by: (0, 1, 2, 3, 4) aggs: (SUM($5) sum_qty)) : (#0 shared-varchar(25) customer.c_name, #1 shared-int32(14) customer.c_custkey, #2 shared-int32(20) orders.o_orderkey, #3 shared-int64(28) orders.o_orderdate, #4 shared-float orders.o_totalprice, #5 shared-float sum_qty) order by: {<0, ASC> , <1, ASC> , <2, ASC> , <3, ASC> , <4, ASC> }, cost est: 655200000, output card: 390000
        #-1: Sort<Bit> ({<0, ASC> , <1, ASC> , <2, ASC> , <3, ASC> , <4, ASC> }) : (#0 shared-varchar(25) customer.c_name, #1 shared-int32(14) customer.c_custkey, #2 shared-int32(20) orders.o_orderkey, #3 shared-int64(28) orders.o_orderdate, #4 shared-float orders.o_totalprice, #5 shared-float lineitem.l_quantity) order by: {<0, ASC> , <1, ASC> , <2, ASC> , <3, ASC> , <4, ASC> }, cost est: 22542725120, output card: 390000
            #12: Project<Bit> ((<0, P$6(200) shared-varchar>, <1, P$5(14) shared-int32>, <2, P$0(20) shared-int32>, <3, P$3(28) shared-int64>, <4, P$2(32) shared-float>, <5, P$4(32) shared-float>)) : (#0 shared-varchar(25) customer.c_name, #1 shared-int32(14) customer.c_custkey, #2 shared-int32(20) orders.o_orderkey, #3 shared-int64(28) orders.o_orderdate, #4 shared-float orders.o_totalprice, #5 shared-float lineitem.l_quantity) order by: {}, cost est: 0, output card: 390000
                #11: BasicJoin<Bit> (P$1(14) == P$5(14)) : (#0 shared-int32(20) orders.o_orderkey, #1 shared-int32(14) orders.o_custkey, #2 shared-float orders.o_totalprice, #3 shared-int64(28) orders.o_orderdate, #4 shared-float lineitem.l_quantity, #5 shared-int32(14) customer.c_custkey, #6 shared-varchar(25) customer.c_name) order by: {}, cost est: 7020000, output card: 390000
                    #9: Project<Bit> ((<0, P$2(20) shared-int32>, <1, P$3(14) shared-int32>, <2, P$4(32) shared-float>, <3, P$5(28) shared-int64>, <4, P$1(32) shared-float>)) : (#0 shared-int32(20) orders.o_orderkey, #1 shared-int32(14) orders.o_custkey, #2 shared-float orders.o_totalprice, #3 shared-int64(28) orders.o_orderdate, #4 shared-float lineitem.l_quantity) order by: {}, cost est: 0, output card: 39000
                        #8: BasicJoin<Bit> (P$0(20) == P$2(20)) : (#0 shared-int32(20) lineitem.L2.l_orderkey, #1 shared-float lineitem.L2.l_quantity, #2 shared-int32(20) orders.o_orderkey, #3 shared-int32(14) orders.o_custkey, #4 shared-float orders.o_totalprice, #5 shared-int64(28) orders.o_orderdate) order by: {}, cost est: 936000, output card: 39000
                            #6: Project<Bit> ((<0, P$1(20) shared-int32>, <1, P$2(32) shared-float>)) : (#0 shared-int32(20) lineitem.L2.l_orderkey, #1 shared-float lineitem.L2.l_quantity) order by: {}, cost est: 0, output card: 390
                                #5: KeyedJoin<Bit> (P$0(20) == P$1(20)) : (#0 shared-int32(20) lineitem.l_orderkey, #1 shared-int32(20) lineitem.l_orderkey, #2 shared-float lineitem.l_quantity) order by: {<0, ASC> }, cost est: 11559600, output card: 390
                                    #3: Project<Bit> ((<0, P$0(20) shared-int32>)) : (#0 shared-int32(20) lineitem.l_orderkey) order by: {<0, ASC> }, cost est: 0, output card: 390
                                        #2: Filter<Bit> (P$1(32) > SECRET FLOAT) : (#0 shared-int32(20) lineitem.l_orderkey, #1 shared-float sum_qty) order by: {<0, ASC> }, cost est: 83070, output card: 390
                                            #1: SortMergeAggregate<Bit> (group-by: (0) aggs: (SUM($1) sum_qty)) : (#0 shared-int32(20) lineitem.l_orderkey, #1 shared-float sum_qty) order by: {<0, ASC> }, cost est: 439920, output card: 390
                                                #0: SecureSqlInput<Bit> ("SELECT l_orderkey, l_quantity FROM lineitem ORDER BY l_orderkey", tuple_count=390) : (#0 shared-int32(20) lineitem.l_orderkey, #1 shared-float lineitem.l_quantity) order by: {<0, ASC> }, cost est: 127528, output card: 390
                                    #4: SecureSqlInput<Bit> ("SELECT L2.l_orderkey, L2.l_quantity FROM lineitem L2 ORDER BY L2.l_orderkey", tuple_count=390) : (#0 shared-int32(20) lineitem.l_orderkey, #1 shared-float lineitem.l_quantity) order by: {}, cost est: 0, output card: 390
                            #7: SecureSqlInput<Bit> ("SELECT o_orderkey, o_custkey, o_totalprice, o_orderdate FROM orders ORDER BY o_orderkey, o_custkey", tuple_count=100) : (#0 shared-int32(20) orders.o_orderkey, #1 shared-int32(14) orders.o_custkey, #2 shared-float orders.o_totalprice, #3 shared-int64(28) orders.o_orderdate) order by: {}, cost est: 0, output card: 100
                    #10: SecureSqlInput<Bit> ("SELECT c_custkey, c_name FROM customer ORDER BY c_custkey", tuple_count=10) : (#0 shared-int32(14) customer.c_custkey, #1 shared-varchar(25) customer.c_name) order by: {}, cost est: 0, output card: 10

Operator #0 SecureSqlInput ran for 12.426000 ms, gate count: 119808 output cardinality: 390, row width=53
Operator #1 SortMergeAggregate ran for 37.990000 ms, gate count: 426764 output cardinality: 390, row width=53
Operator #2 Filter ran for 8.536000 ms, gate count: 83460 output cardinality: 390, row width=53
Operator #3 Project ran for 0.031000 ms, gate count: 0 output cardinality: 390, row width=21
Operator #4 SecureSqlInput ran for 3.810000 ms, gate count: 0 output cardinality: 390, row width=53
Operator #5 KeyedJoin ran for 1013.053000 ms, gate count: 11711700 output cardinality: 390, row width=73
Operator #6 Project ran for 0.106000 ms, gate count: 0 output cardinality: 390, row width=53
Operator #7 SecureSqlInput ran for 2.075000 ms, gate count: 0 output cardinality: 100, row width=95
Operator #8 BasicJoin ran for 177.497000 ms, gate count: 897000 output cardinality: 39000, row width=147
Operator #9 Project ran for 53.021000 ms, gate count: 0 output cardinality: 39000, row width=127
Operator #10 SecureSqlInput ran for 54.013000 ms, gate count: 0 output cardinality: 10, row width=215
Operator #11 BasicJoin ran for 3068.465000 ms, gate count: 6630000 output cardinality: 390000, row width=341
Operator #12 Project ran for 1982.041000 ms, gate count: 0 output cardinality: 390000, row width=327
Operator #-1 Sort ran for 2085814.236000 ms, gate count: 21502467360 output cardinality: 390000, row width=327
Operator #13 SortMergeAggregate ran for 72037.187000 ms, gate count: 714868200 output cardinality: 390000, row width=327
Operator #14 Sort ran for 1189001.750000 ms, gate count: 13500583200 output cardinality: 100, row width=327
Runtime: 3353.57 sec, CPU Time: 3328.98 sec, CPU clock ticks: 3.32898e+09, CPU clock ticks per second: 1000000
End-to-end estimated gates: 2.32186e+10. observed gates: 35737787492 gates, relative error (%)=35.0307
[Linux]Peak resident set size: 11290972160 bytes, current memory size: 4726452224 bytes.
Initial Memory: 8660066304 bytes, Peak Memory After Execution: 11290972160 bytes, Memory Usage: 2630905856 bytes
Bandwidth: 3.41012e+08 Bps
[       OK ] BaselineComparisonTest.rewrite_rules_tpch_q18 (3358997 ms)
[----------] 12 tests from BaselineComparisonTest (20774901 ms total)

[----------] Global test environment tear-down
[==========] 12 tests from 1 test suite ran. (20774901 ms total)
[  PASSED  ] 12 tests
